<?xml version="1.0" encoding="UTF-8"?>
<testsuite xmlns:xsi="http://www.w3.org/2001/XMLSchema-instance" xsi:noNamespaceSchemaLocation="https://maven.apache.org/surefire/maven-surefire-plugin/xsd/surefire-test-report.xsd" name="TestSuite" time="39.187" tests="18" errors="0" skipped="16" failures="2">
  <properties>
    <property name="java.specification.version" value="21"/>
    <property name="sun.jnu.encoding" value="UTF-8"/>
    <property name="java.class.path" value="/Users/gabrielaconde/Documents/Core/iOSCoreAutomation-master/target/test-classes:/Users/gabrielaconde/Documents/Core/iOSCoreAutomation-master/target/classes:/Users/gabrielaconde/.m2/repository/io/appium/java-client/8.6.0/java-client-8.6.0.jar:/Users/gabrielaconde/.m2/repository/org/seleniumhq/selenium/selenium-api/4.13.0/selenium-api-4.13.0.jar:/Users/gabrielaconde/.m2/repository/org/seleniumhq/selenium/selenium-remote-driver/4.13.0/selenium-remote-driver-4.13.0.jar:/Users/gabrielaconde/.m2/repository/com/google/auto/service/auto-service-annotations/1.1.1/auto-service-annotations-1.1.1.jar:/Users/gabrielaconde/.m2/repository/com/google/guava/guava/32.1.2-jre/guava-32.1.2-jre.jar:/Users/gabrielaconde/.m2/repository/com/google/guava/failureaccess/1.0.1/failureaccess-1.0.1.jar:/Users/gabrielaconde/.m2/repository/com/google/guava/listenablefuture/9999.0-empty-to-avoid-conflict-with-guava/listenablefuture-9999.0-empty-to-avoid-conflict-with-guava.jar:/Users/gabrielaconde/.m2/repository/org/checkerframework/checker-qual/3.33.0/checker-qual-3.33.0.jar:/Users/gabrielaconde/.m2/repository/com/google/errorprone/error_prone_annotations/2.18.0/error_prone_annotations-2.18.0.jar:/Users/gabrielaconde/.m2/repository/com/google/j2objc/j2objc-annotations/2.8/j2objc-annotations-2.8.jar:/Users/gabrielaconde/.m2/repository/io/netty/netty-buffer/4.1.96.Final/netty-buffer-4.1.96.Final.jar:/Users/gabrielaconde/.m2/repository/io/netty/netty-codec-http/4.1.96.Final/netty-codec-http-4.1.96.Final.jar:/Users/gabrielaconde/.m2/repository/io/netty/netty-codec/4.1.96.Final/netty-codec-4.1.96.Final.jar:/Users/gabrielaconde/.m2/repository/io/netty/netty-handler/4.1.96.Final/netty-handler-4.1.96.Final.jar:/Users/gabrielaconde/.m2/repository/io/netty/netty-common/4.1.96.Final/netty-common-4.1.96.Final.jar:/Users/gabrielaconde/.m2/repository/io/netty/netty-transport-classes-epoll/4.1.96.Final/netty-transport-classes-epoll-4.1.96.Final.jar:/Users/gabrielaconde/.m2/repository/io/netty/netty-transport-classes-kqueue/4.1.96.Final/netty-transport-classes-kqueue-4.1.96.Final.jar:/Users/gabrielaconde/.m2/repository/io/netty/netty-transport-native-epoll/4.1.96.Final/netty-transport-native-epoll-4.1.96.Final.jar:/Users/gabrielaconde/.m2/repository/io/netty/netty-transport-native-kqueue/4.1.96.Final/netty-transport-native-kqueue-4.1.96.Final.jar:/Users/gabrielaconde/.m2/repository/io/netty/netty-transport-native-unix-common/4.1.96.Final/netty-transport-native-unix-common-4.1.96.Final.jar:/Users/gabrielaconde/.m2/repository/io/netty/netty-transport/4.1.96.Final/netty-transport-4.1.96.Final.jar:/Users/gabrielaconde/.m2/repository/io/netty/netty-resolver/4.1.96.Final/netty-resolver-4.1.96.Final.jar:/Users/gabrielaconde/.m2/repository/io/opentelemetry/opentelemetry-api/1.28.0/opentelemetry-api-1.28.0.jar:/Users/gabrielaconde/.m2/repository/io/opentelemetry/opentelemetry-context/1.28.0/opentelemetry-context-1.28.0.jar:/Users/gabrielaconde/.m2/repository/io/opentelemetry/opentelemetry-exporter-logging/1.28.0/opentelemetry-exporter-logging-1.28.0.jar:/Users/gabrielaconde/.m2/repository/io/opentelemetry/opentelemetry-sdk-metrics/1.28.0/opentelemetry-sdk-metrics-1.28.0.jar:/Users/gabrielaconde/.m2/repository/io/opentelemetry/opentelemetry-extension-incubator/1.28.0-alpha/opentelemetry-extension-incubator-1.28.0-alpha.jar:/Users/gabrielaconde/.m2/repository/io/opentelemetry/opentelemetry-sdk-logs/1.28.0/opentelemetry-sdk-logs-1.28.0.jar:/Users/gabrielaconde/.m2/repository/io/opentelemetry/opentelemetry-sdk-common/1.28.0/opentelemetry-sdk-common-1.28.0.jar:/Users/gabrielaconde/.m2/repository/io/opentelemetry/opentelemetry-sdk-extension-autoconfigure-spi/1.28.0/opentelemetry-sdk-extension-autoconfigure-spi-1.28.0.jar:/Users/gabrielaconde/.m2/repository/io/opentelemetry/opentelemetry-sdk-extension-autoconfigure/1.28.0/opentelemetry-sdk-extension-autoconfigure-1.28.0.jar:/Users/gabrielaconde/.m2/repository/io/opentelemetry/opentelemetry-api-events/1.28.0-alpha/opentelemetry-api-events-1.28.0-alpha.jar:/Users/gabrielaconde/.m2/repository/io/opentelemetry/opentelemetry-sdk-trace/1.28.0/opentelemetry-sdk-trace-1.28.0.jar:/Users/gabrielaconde/.m2/repository/io/opentelemetry/opentelemetry-sdk/1.28.0/opentelemetry-sdk-1.28.0.jar:/Users/gabrielaconde/.m2/repository/io/opentelemetry/opentelemetry-semconv/1.28.0-alpha/opentelemetry-semconv-1.28.0-alpha.jar:/Users/gabrielaconde/.m2/repository/net/bytebuddy/byte-buddy/1.14.5/byte-buddy-1.14.5.jar:/Users/gabrielaconde/.m2/repository/org/asynchttpclient/async-http-client/2.12.3/async-http-client-2.12.3.jar:/Users/gabrielaconde/.m2/repository/org/asynchttpclient/async-http-client-netty-utils/2.12.3/async-http-client-netty-utils-2.12.3.jar:/Users/gabrielaconde/.m2/repository/io/netty/netty-codec-socks/4.1.60.Final/netty-codec-socks-4.1.60.Final.jar:/Users/gabrielaconde/.m2/repository/io/netty/netty-handler-proxy/4.1.60.Final/netty-handler-proxy-4.1.60.Final.jar:/Users/gabrielaconde/.m2/repository/io/netty/netty-transport-native-epoll/4.1.60.Final/netty-transport-native-epoll-4.1.60.Final-linux-x86_64.jar:/Users/gabrielaconde/.m2/repository/io/netty/netty-transport-native-kqueue/4.1.60.Final/netty-transport-native-kqueue-4.1.60.Final-osx-x86_64.jar:/Users/gabrielaconde/.m2/repository/org/reactivestreams/reactive-streams/1.0.3/reactive-streams-1.0.3.jar:/Users/gabrielaconde/.m2/repository/com/typesafe/netty/netty-reactive-streams/2.0.4/netty-reactive-streams-2.0.4.jar:/Users/gabrielaconde/.m2/repository/com/sun/activation/jakarta.activation/1.2.2/jakarta.activation-1.2.2.jar:/Users/gabrielaconde/.m2/repository/org/seleniumhq/selenium/selenium-http/4.13.0/selenium-http-4.13.0.jar:/Users/gabrielaconde/.m2/repository/dev/failsafe/failsafe/3.3.2/failsafe-3.3.2.jar:/Users/gabrielaconde/.m2/repository/org/seleniumhq/selenium/selenium-json/4.13.0/selenium-json-4.13.0.jar:/Users/gabrielaconde/.m2/repository/org/seleniumhq/selenium/selenium-manager/4.13.0/selenium-manager-4.13.0.jar:/Users/gabrielaconde/.m2/repository/org/seleniumhq/selenium/selenium-os/4.13.0/selenium-os-4.13.0.jar:/Users/gabrielaconde/.m2/repository/org/apache/commons/commons-exec/1.3/commons-exec-1.3.jar:/Users/gabrielaconde/.m2/repository/org/seleniumhq/selenium/selenium-support/4.13.0/selenium-support-4.13.0.jar:/Users/gabrielaconde/.m2/repository/com/google/code/gson/gson/2.10.1/gson-2.10.1.jar:/Users/gabrielaconde/.m2/repository/org/apache/commons/commons-lang3/3.13.0/commons-lang3-3.13.0.jar:/Users/gabrielaconde/.m2/repository/commons-io/commons-io/2.14.0/commons-io-2.14.0.jar:/Users/gabrielaconde/.m2/repository/org/slf4j/slf4j-api/2.0.9/slf4j-api-2.0.9.jar:/Users/gabrielaconde/.m2/repository/org/seleniumhq/selenium/selenium-java/4.8.1/selenium-java-4.8.1.jar:/Users/gabrielaconde/.m2/repository/org/seleniumhq/selenium/selenium-chrome-driver/4.8.1/selenium-chrome-driver-4.8.1.jar:/Users/gabrielaconde/.m2/repository/com/google/auto/service/auto-service/1.0.1/auto-service-1.0.1.jar:/Users/gabrielaconde/.m2/repository/com/google/auto/auto-common/1.2/auto-common-1.2.jar:/Users/gabrielaconde/.m2/repository/org/seleniumhq/selenium/selenium-chromium-driver/4.8.1/selenium-chromium-driver-4.8.1.jar:/Users/gabrielaconde/.m2/repository/org/seleniumhq/selenium/selenium-devtools-v108/4.8.1/selenium-devtools-v108-4.8.1.jar:/Users/gabrielaconde/.m2/repository/org/seleniumhq/selenium/selenium-devtools-v109/4.8.1/selenium-devtools-v109-4.8.1.jar:/Users/gabrielaconde/.m2/repository/org/seleniumhq/selenium/selenium-devtools-v110/4.8.1/selenium-devtools-v110-4.8.1.jar:/Users/gabrielaconde/.m2/repository/org/seleniumhq/selenium/selenium-devtools-v85/4.8.1/selenium-devtools-v85-4.8.1.jar:/Users/gabrielaconde/.m2/repository/org/seleniumhq/selenium/selenium-edge-driver/4.8.1/selenium-edge-driver-4.8.1.jar:/Users/gabrielaconde/.m2/repository/org/seleniumhq/selenium/selenium-firefox-driver/4.8.1/selenium-firefox-driver-4.8.1.jar:/Users/gabrielaconde/.m2/repository/org/seleniumhq/selenium/selenium-ie-driver/4.8.1/selenium-ie-driver-4.8.1.jar:/Users/gabrielaconde/.m2/repository/org/seleniumhq/selenium/selenium-safari-driver/4.8.1/selenium-safari-driver-4.8.1.jar:/Users/gabrielaconde/.m2/repository/org/testng/testng/7.5/testng-7.5.jar:/Users/gabrielaconde/.m2/repository/com/google/code/findbugs/jsr305/3.0.1/jsr305-3.0.1.jar:/Users/gabrielaconde/.m2/repository/com/beust/jcommander/1.78/jcommander-1.78.jar:/Users/gabrielaconde/.m2/repository/org/webjars/jquery/3.5.1/jquery-3.5.1.jar:/Users/gabrielaconde/.m2/repository/org/apache/maven/surefire/surefire-testng-utils/2.22.0/surefire-testng-utils-2.22.0.jar:/Users/gabrielaconde/.m2/repository/org/apache/maven/surefire/surefire-grouper/2.22.0/surefire-grouper-2.22.0.jar:"/>
    <property name="java.vm.vendor" value="Homebrew"/>
    <property name="sun.arch.data.model" value="64"/>
    <property name="java.vendor.url" value="https://github.com/Homebrew/homebrew-core/issues"/>
    <property name="os.name" value="Mac OS X"/>
    <property name="java.vm.specification.version" value="21"/>
    <property name="sun.java.launcher" value="SUN_STANDARD"/>
    <property name="user.country" value="AR"/>
    <property name="sun.boot.library.path" value="/usr/local/Cellar/openjdk/21.0.2/libexec/openjdk.jdk/Contents/Home/lib"/>
    <property name="sun.java.command" value="/Users/gabrielaconde/Documents/Core/iOSCoreAutomation-master/target/surefire/surefirebooter12108813676726984831.jar /Users/gabrielaconde/Documents/Core/iOSCoreAutomation-master/target/surefire 2024-09-05T18-29-14_703-jvmRun1 surefire6578309516111858276tmp surefire_015837107962238158942tmp"/>
    <property name="http.nonProxyHosts" value="local|*.local|169.254/16|*.169.254/16"/>
    <property name="jdk.debug" value="release"/>
    <property name="surefire.test.class.path" value="/Users/gabrielaconde/Documents/Core/iOSCoreAutomation-master/target/test-classes:/Users/gabrielaconde/Documents/Core/iOSCoreAutomation-master/target/classes:/Users/gabrielaconde/.m2/repository/io/appium/java-client/8.6.0/java-client-8.6.0.jar:/Users/gabrielaconde/.m2/repository/org/seleniumhq/selenium/selenium-api/4.13.0/selenium-api-4.13.0.jar:/Users/gabrielaconde/.m2/repository/org/seleniumhq/selenium/selenium-remote-driver/4.13.0/selenium-remote-driver-4.13.0.jar:/Users/gabrielaconde/.m2/repository/com/google/auto/service/auto-service-annotations/1.1.1/auto-service-annotations-1.1.1.jar:/Users/gabrielaconde/.m2/repository/com/google/guava/guava/32.1.2-jre/guava-32.1.2-jre.jar:/Users/gabrielaconde/.m2/repository/com/google/guava/failureaccess/1.0.1/failureaccess-1.0.1.jar:/Users/gabrielaconde/.m2/repository/com/google/guava/listenablefuture/9999.0-empty-to-avoid-conflict-with-guava/listenablefuture-9999.0-empty-to-avoid-conflict-with-guava.jar:/Users/gabrielaconde/.m2/repository/org/checkerframework/checker-qual/3.33.0/checker-qual-3.33.0.jar:/Users/gabrielaconde/.m2/repository/com/google/errorprone/error_prone_annotations/2.18.0/error_prone_annotations-2.18.0.jar:/Users/gabrielaconde/.m2/repository/com/google/j2objc/j2objc-annotations/2.8/j2objc-annotations-2.8.jar:/Users/gabrielaconde/.m2/repository/io/netty/netty-buffer/4.1.96.Final/netty-buffer-4.1.96.Final.jar:/Users/gabrielaconde/.m2/repository/io/netty/netty-codec-http/4.1.96.Final/netty-codec-http-4.1.96.Final.jar:/Users/gabrielaconde/.m2/repository/io/netty/netty-codec/4.1.96.Final/netty-codec-4.1.96.Final.jar:/Users/gabrielaconde/.m2/repository/io/netty/netty-handler/4.1.96.Final/netty-handler-4.1.96.Final.jar:/Users/gabrielaconde/.m2/repository/io/netty/netty-common/4.1.96.Final/netty-common-4.1.96.Final.jar:/Users/gabrielaconde/.m2/repository/io/netty/netty-transport-classes-epoll/4.1.96.Final/netty-transport-classes-epoll-4.1.96.Final.jar:/Users/gabrielaconde/.m2/repository/io/netty/netty-transport-classes-kqueue/4.1.96.Final/netty-transport-classes-kqueue-4.1.96.Final.jar:/Users/gabrielaconde/.m2/repository/io/netty/netty-transport-native-epoll/4.1.96.Final/netty-transport-native-epoll-4.1.96.Final.jar:/Users/gabrielaconde/.m2/repository/io/netty/netty-transport-native-kqueue/4.1.96.Final/netty-transport-native-kqueue-4.1.96.Final.jar:/Users/gabrielaconde/.m2/repository/io/netty/netty-transport-native-unix-common/4.1.96.Final/netty-transport-native-unix-common-4.1.96.Final.jar:/Users/gabrielaconde/.m2/repository/io/netty/netty-transport/4.1.96.Final/netty-transport-4.1.96.Final.jar:/Users/gabrielaconde/.m2/repository/io/netty/netty-resolver/4.1.96.Final/netty-resolver-4.1.96.Final.jar:/Users/gabrielaconde/.m2/repository/io/opentelemetry/opentelemetry-api/1.28.0/opentelemetry-api-1.28.0.jar:/Users/gabrielaconde/.m2/repository/io/opentelemetry/opentelemetry-context/1.28.0/opentelemetry-context-1.28.0.jar:/Users/gabrielaconde/.m2/repository/io/opentelemetry/opentelemetry-exporter-logging/1.28.0/opentelemetry-exporter-logging-1.28.0.jar:/Users/gabrielaconde/.m2/repository/io/opentelemetry/opentelemetry-sdk-metrics/1.28.0/opentelemetry-sdk-metrics-1.28.0.jar:/Users/gabrielaconde/.m2/repository/io/opentelemetry/opentelemetry-extension-incubator/1.28.0-alpha/opentelemetry-extension-incubator-1.28.0-alpha.jar:/Users/gabrielaconde/.m2/repository/io/opentelemetry/opentelemetry-sdk-logs/1.28.0/opentelemetry-sdk-logs-1.28.0.jar:/Users/gabrielaconde/.m2/repository/io/opentelemetry/opentelemetry-sdk-common/1.28.0/opentelemetry-sdk-common-1.28.0.jar:/Users/gabrielaconde/.m2/repository/io/opentelemetry/opentelemetry-sdk-extension-autoconfigure-spi/1.28.0/opentelemetry-sdk-extension-autoconfigure-spi-1.28.0.jar:/Users/gabrielaconde/.m2/repository/io/opentelemetry/opentelemetry-sdk-extension-autoconfigure/1.28.0/opentelemetry-sdk-extension-autoconfigure-1.28.0.jar:/Users/gabrielaconde/.m2/repository/io/opentelemetry/opentelemetry-api-events/1.28.0-alpha/opentelemetry-api-events-1.28.0-alpha.jar:/Users/gabrielaconde/.m2/repository/io/opentelemetry/opentelemetry-sdk-trace/1.28.0/opentelemetry-sdk-trace-1.28.0.jar:/Users/gabrielaconde/.m2/repository/io/opentelemetry/opentelemetry-sdk/1.28.0/opentelemetry-sdk-1.28.0.jar:/Users/gabrielaconde/.m2/repository/io/opentelemetry/opentelemetry-semconv/1.28.0-alpha/opentelemetry-semconv-1.28.0-alpha.jar:/Users/gabrielaconde/.m2/repository/net/bytebuddy/byte-buddy/1.14.5/byte-buddy-1.14.5.jar:/Users/gabrielaconde/.m2/repository/org/asynchttpclient/async-http-client/2.12.3/async-http-client-2.12.3.jar:/Users/gabrielaconde/.m2/repository/org/asynchttpclient/async-http-client-netty-utils/2.12.3/async-http-client-netty-utils-2.12.3.jar:/Users/gabrielaconde/.m2/repository/io/netty/netty-codec-socks/4.1.60.Final/netty-codec-socks-4.1.60.Final.jar:/Users/gabrielaconde/.m2/repository/io/netty/netty-handler-proxy/4.1.60.Final/netty-handler-proxy-4.1.60.Final.jar:/Users/gabrielaconde/.m2/repository/io/netty/netty-transport-native-epoll/4.1.60.Final/netty-transport-native-epoll-4.1.60.Final-linux-x86_64.jar:/Users/gabrielaconde/.m2/repository/io/netty/netty-transport-native-kqueue/4.1.60.Final/netty-transport-native-kqueue-4.1.60.Final-osx-x86_64.jar:/Users/gabrielaconde/.m2/repository/org/reactivestreams/reactive-streams/1.0.3/reactive-streams-1.0.3.jar:/Users/gabrielaconde/.m2/repository/com/typesafe/netty/netty-reactive-streams/2.0.4/netty-reactive-streams-2.0.4.jar:/Users/gabrielaconde/.m2/repository/com/sun/activation/jakarta.activation/1.2.2/jakarta.activation-1.2.2.jar:/Users/gabrielaconde/.m2/repository/org/seleniumhq/selenium/selenium-http/4.13.0/selenium-http-4.13.0.jar:/Users/gabrielaconde/.m2/repository/dev/failsafe/failsafe/3.3.2/failsafe-3.3.2.jar:/Users/gabrielaconde/.m2/repository/org/seleniumhq/selenium/selenium-json/4.13.0/selenium-json-4.13.0.jar:/Users/gabrielaconde/.m2/repository/org/seleniumhq/selenium/selenium-manager/4.13.0/selenium-manager-4.13.0.jar:/Users/gabrielaconde/.m2/repository/org/seleniumhq/selenium/selenium-os/4.13.0/selenium-os-4.13.0.jar:/Users/gabrielaconde/.m2/repository/org/apache/commons/commons-exec/1.3/commons-exec-1.3.jar:/Users/gabrielaconde/.m2/repository/org/seleniumhq/selenium/selenium-support/4.13.0/selenium-support-4.13.0.jar:/Users/gabrielaconde/.m2/repository/com/google/code/gson/gson/2.10.1/gson-2.10.1.jar:/Users/gabrielaconde/.m2/repository/org/apache/commons/commons-lang3/3.13.0/commons-lang3-3.13.0.jar:/Users/gabrielaconde/.m2/repository/commons-io/commons-io/2.14.0/commons-io-2.14.0.jar:/Users/gabrielaconde/.m2/repository/org/slf4j/slf4j-api/2.0.9/slf4j-api-2.0.9.jar:/Users/gabrielaconde/.m2/repository/org/seleniumhq/selenium/selenium-java/4.8.1/selenium-java-4.8.1.jar:/Users/gabrielaconde/.m2/repository/org/seleniumhq/selenium/selenium-chrome-driver/4.8.1/selenium-chrome-driver-4.8.1.jar:/Users/gabrielaconde/.m2/repository/com/google/auto/service/auto-service/1.0.1/auto-service-1.0.1.jar:/Users/gabrielaconde/.m2/repository/com/google/auto/auto-common/1.2/auto-common-1.2.jar:/Users/gabrielaconde/.m2/repository/org/seleniumhq/selenium/selenium-chromium-driver/4.8.1/selenium-chromium-driver-4.8.1.jar:/Users/gabrielaconde/.m2/repository/org/seleniumhq/selenium/selenium-devtools-v108/4.8.1/selenium-devtools-v108-4.8.1.jar:/Users/gabrielaconde/.m2/repository/org/seleniumhq/selenium/selenium-devtools-v109/4.8.1/selenium-devtools-v109-4.8.1.jar:/Users/gabrielaconde/.m2/repository/org/seleniumhq/selenium/selenium-devtools-v110/4.8.1/selenium-devtools-v110-4.8.1.jar:/Users/gabrielaconde/.m2/repository/org/seleniumhq/selenium/selenium-devtools-v85/4.8.1/selenium-devtools-v85-4.8.1.jar:/Users/gabrielaconde/.m2/repository/org/seleniumhq/selenium/selenium-edge-driver/4.8.1/selenium-edge-driver-4.8.1.jar:/Users/gabrielaconde/.m2/repository/org/seleniumhq/selenium/selenium-firefox-driver/4.8.1/selenium-firefox-driver-4.8.1.jar:/Users/gabrielaconde/.m2/repository/org/seleniumhq/selenium/selenium-ie-driver/4.8.1/selenium-ie-driver-4.8.1.jar:/Users/gabrielaconde/.m2/repository/org/seleniumhq/selenium/selenium-safari-driver/4.8.1/selenium-safari-driver-4.8.1.jar:/Users/gabrielaconde/.m2/repository/org/testng/testng/7.5/testng-7.5.jar:/Users/gabrielaconde/.m2/repository/com/google/code/findbugs/jsr305/3.0.1/jsr305-3.0.1.jar:/Users/gabrielaconde/.m2/repository/com/beust/jcommander/1.78/jcommander-1.78.jar:/Users/gabrielaconde/.m2/repository/org/webjars/jquery/3.5.1/jquery-3.5.1.jar:/Users/gabrielaconde/.m2/repository/org/apache/maven/surefire/surefire-testng-utils/2.22.0/surefire-testng-utils-2.22.0.jar:/Users/gabrielaconde/.m2/repository/org/apache/maven/surefire/surefire-grouper/2.22.0/surefire-grouper-2.22.0.jar:"/>
    <property name="sun.cpu.endian" value="little"/>
    <property name="user.home" value="/Users/gabrielaconde"/>
    <property name="user.language" value="en"/>
    <property name="java.specification.vendor" value="Oracle Corporation"/>
    <property name="java.version.date" value="2024-01-16"/>
    <property name="java.home" value="/usr/local/Cellar/openjdk/21.0.2/libexec/openjdk.jdk/Contents/Home"/>
    <property name="file.separator" value="/"/>
    <property name="basedir" value="/Users/gabrielaconde/Documents/Core/iOSCoreAutomation-master"/>
    <property name="java.vm.compressedOopsMode" value="Zero based"/>
    <property name="line.separator" value="&#10;"/>
    <property name="java.vm.specification.vendor" value="Oracle Corporation"/>
    <property name="java.specification.name" value="Java Platform API Specification"/>
    <property name="apple.awt.application.name" value="ForkedBooter"/>
    <property name="surefire.real.class.path" value="/Users/gabrielaconde/Documents/Core/iOSCoreAutomation-master/target/surefire/surefirebooter12108813676726984831.jar"/>
    <property name="sun.management.compiler" value="HotSpot 64-Bit Tiered Compilers"/>
    <property name="ftp.nonProxyHosts" value="local|*.local|169.254/16|*.169.254/16"/>
    <property name="java.runtime.version" value="21.0.2"/>
    <property name="user.name" value="gabrielaconde"/>
    <property name="stdout.encoding" value="UTF-8"/>
    <property name="path.separator" value=":"/>
    <property name="os.version" value="14.0"/>
    <property name="java.runtime.name" value="OpenJDK Runtime Environment"/>
    <property name="file.encoding" value="UTF-8"/>
    <property name="java.vm.name" value="OpenJDK 64-Bit Server VM"/>
    <property name="java.vendor.version" value="Homebrew"/>
    <property name="localRepository" value="/Users/gabrielaconde/.m2/repository"/>
    <property name="java.vendor.url.bug" value="https://github.com/Homebrew/homebrew-core/issues"/>
    <property name="java.io.tmpdir" value="/var/folders/qk/y0rt4p9n7zg2540m5y_4w1k80000gn/T/"/>
    <property name="java.version" value="21.0.2"/>
    <property name="user.dir" value="/Users/gabrielaconde/Documents/Core/iOSCoreAutomation-master"/>
    <property name="os.arch" value="x86_64"/>
    <property name="java.vm.specification.name" value="Java Virtual Machine Specification"/>
    <property name="native.encoding" value="UTF-8"/>
    <property name="java.library.path" value="/Users/gabrielaconde/Library/Java/Extensions:/Library/Java/Extensions:/Network/Library/Java/Extensions:/System/Library/Java/Extensions:/usr/lib/java:."/>
    <property name="java.vm.info" value="mixed mode, sharing"/>
    <property name="stderr.encoding" value="UTF-8"/>
    <property name="java.vendor" value="Homebrew"/>
    <property name="java.vm.version" value="21.0.2"/>
    <property name="Test_NG_XML" value="allSuites.xml"/>
    <property name="sun.io.unicode.encoding" value="UnicodeBig"/>
    <property name="socksNonProxyHosts" value="local|*.local|169.254/16|*.169.254/16"/>
    <property name="java.class.version" value="65.0"/>
    <property name="argLine" value="-DTest_NG_XML=allSuites.xml"/>
  </properties>
  <testcase name="setUp" classname="testModules.profile.BFHeaderTests1" time="37.208">
    <failure message="Could not start a new session. Response code 500. Message: An unknown server-side error occurred while processing the command. Original error: Could not determine iOS SDK version: Command &apos;xcrun --sdk iphonesimulator --show-sdk-version&apos; timed out after 15000ms &#10;Host info: host: &apos;Gabrielas-MBP.fibertel.com.ar&apos;, ip: &apos;fe80:0:0:0:109e:3e5f:aa0:41b7%en0&apos;&#10;Build info: version: &apos;4.13.0&apos;, revision: &apos;ba948ece5b*&apos;&#10;System info: os.name: &apos;Mac OS X&apos;, os.arch: &apos;x86_64&apos;, os.version: &apos;14.0&apos;, java.version: &apos;21.0.2&apos;&#10;Driver info: io.appium.java_client.ios.IOSDriver&#10;Command: [null, newSession {capabilities=[{appium:locale=US, appium:deviceName=iPhone 14, platformName=IOS, appium:automationName=XCuiTest, appium:region=US, appium:app=/Users/gabrielaconde/Library/Developer/Xcode/DerivedData/BuzzFeed-dkbvwkfuhllwuvexwuwxlnmrmgkk/Build/Products/Debug-iphonesimulator/BuzzFeed.app, appium:platformVersion=16.4}], desiredCapabilities=Capabilities {appium:app: /Users/gabrielaconde/Librar..., appium:automationName: XCuiTest, appium:deviceName: iPhone 14, appium:locale: US, appium:platformVersion: 16.4, appium:region: US, platformName: IOS}}]&#10;Capabilities {appium:app: /Users/gabrielaconde/Librar..., appium:automationName: XCuiTest, appium:deviceName: iPhone 14, appium:locale: US, appium:platformVersion: 16.4, appium:region: US, platformName: IOS}" type="org.openqa.selenium.SessionNotCreatedException">org.openqa.selenium.SessionNotCreatedException: 
Could not start a new session. Response code 500. Message: An unknown server-side error occurred while processing the command. Original error: Could not determine iOS SDK version: Command 'xcrun --sdk iphonesimulator --show-sdk-version' timed out after 15000ms 
Host info: host: 'Gabrielas-MBP.fibertel.com.ar', ip: 'fe80:0:0:0:109e:3e5f:aa0:41b7%en0'
Build info: version: '4.13.0', revision: 'ba948ece5b*'
System info: os.name: 'Mac OS X', os.arch: 'x86_64', os.version: '14.0', java.version: '21.0.2'
Driver info: io.appium.java_client.ios.IOSDriver
Command: [null, newSession {capabilities=[{appium:locale=US, appium:deviceName=iPhone 14, platformName=IOS, appium:automationName=XCuiTest, appium:region=US, appium:app=/Users/gabrielaconde/Library/Developer/Xcode/DerivedData/BuzzFeed-dkbvwkfuhllwuvexwuwxlnmrmgkk/Build/Products/Debug-iphonesimulator/BuzzFeed.app, appium:platformVersion=16.4}], desiredCapabilities=Capabilities {appium:app: /Users/gabrielaconde/Librar..., appium:automationName: XCuiTest, appium:deviceName: iPhone 14, appium:locale: US, appium:platformVersion: 16.4, appium:region: US, platformName: IOS}}]
Capabilities {appium:app: /Users/gabrielaconde/Librar..., appium:automationName: XCuiTest, appium:deviceName: iPhone 14, appium:locale: US, appium:platformVersion: 16.4, appium:region: US, platformName: IOS}
</failure>
    <system-out><![CDATA[Capabilities passed, getDriver() started... Starting Tests
]]></system-out>
    <system-err><![CDATA[SLF4J: No SLF4J providers were found.
SLF4J: Defaulting to no-operation (NOP) logger implementation
SLF4J: See https://www.slf4j.org/codes.html#noProviders for further details.
]]></system-err>
  </testcase>
  <testcase name="initializePages" classname="testModules.profile.BFHeaderTests1" time="0">
    <skipped/>
  </testcase>
  <testcase name="signIn" classname="testModules.profile.BFHeaderTests1" time="0">
    <skipped/>
  </testcase>
  <testcase name="testDisplayName" classname="testModules.profile.BFHeaderTests1" time="0">
    <skipped message="Could not start a new session. Response code 500. Message: An unknown server-side error occurred while processing the command. Original error: Could not determine iOS SDK version: Command &apos;xcrun --sdk iphonesimulator --show-sdk-version&apos; timed out after 15000ms &#10;Host info: host: &apos;Gabrielas-MBP.fibertel.com.ar&apos;, ip: &apos;fe80:0:0:0:109e:3e5f:aa0:41b7%en0&apos;&#10;Build info: version: &apos;4.13.0&apos;, revision: &apos;ba948ece5b*&apos;&#10;System info: os.name: &apos;Mac OS X&apos;, os.arch: &apos;x86_64&apos;, os.version: &apos;14.0&apos;, java.version: &apos;21.0.2&apos;&#10;Driver info: io.appium.java_client.ios.IOSDriver&#10;Command: [null, newSession {capabilities=[{appium:locale=US, appium:deviceName=iPhone 14, platformName=IOS, appium:automationName=XCuiTest, appium:region=US, appium:app=/Users/gabrielaconde/Library/Developer/Xcode/DerivedData/BuzzFeed-dkbvwkfuhllwuvexwuwxlnmrmgkk/Build/Products/Debug-iphonesimulator/BuzzFeed.app, appium:platformVersion=16.4}], desiredCapabilities=Capabilities {appium:app: /Users/gabrielaconde/Librar..., appium:automationName: XCuiTest, appium:deviceName: iPhone 14, appium:locale: US, appium:platformVersion: 16.4, appium:region: US, platformName: IOS}}]&#10;Capabilities {appium:app: /Users/gabrielaconde/Librar..., appium:automationName: XCuiTest, appium:deviceName: iPhone 14, appium:locale: US, appium:platformVersion: 16.4, appium:region: US, platformName: IOS}"/>
  </testcase>
  <testcase name="testEditDisplayNameButton" classname="testModules.profile.BFHeaderTests1" time="0">
    <skipped message="Could not start a new session. Response code 500. Message: An unknown server-side error occurred while processing the command. Original error: Could not determine iOS SDK version: Command &apos;xcrun --sdk iphonesimulator --show-sdk-version&apos; timed out after 15000ms &#10;Host info: host: &apos;Gabrielas-MBP.fibertel.com.ar&apos;, ip: &apos;fe80:0:0:0:109e:3e5f:aa0:41b7%en0&apos;&#10;Build info: version: &apos;4.13.0&apos;, revision: &apos;ba948ece5b*&apos;&#10;System info: os.name: &apos;Mac OS X&apos;, os.arch: &apos;x86_64&apos;, os.version: &apos;14.0&apos;, java.version: &apos;21.0.2&apos;&#10;Driver info: io.appium.java_client.ios.IOSDriver&#10;Command: [null, newSession {capabilities=[{appium:locale=US, appium:deviceName=iPhone 14, platformName=IOS, appium:automationName=XCuiTest, appium:region=US, appium:app=/Users/gabrielaconde/Library/Developer/Xcode/DerivedData/BuzzFeed-dkbvwkfuhllwuvexwuwxlnmrmgkk/Build/Products/Debug-iphonesimulator/BuzzFeed.app, appium:platformVersion=16.4}], desiredCapabilities=Capabilities {appium:app: /Users/gabrielaconde/Librar..., appium:automationName: XCuiTest, appium:deviceName: iPhone 14, appium:locale: US, appium:platformVersion: 16.4, appium:region: US, platformName: IOS}}]&#10;Capabilities {appium:app: /Users/gabrielaconde/Librar..., appium:automationName: XCuiTest, appium:deviceName: iPhone 14, appium:locale: US, appium:platformVersion: 16.4, appium:region: US, platformName: IOS}"/>
  </testcase>
  <testcase name="testEditDisplayName" classname="testModules.profile.BFHeaderTests1" time="0">
    <skipped message="Could not start a new session. Response code 500. Message: An unknown server-side error occurred while processing the command. Original error: Could not determine iOS SDK version: Command &apos;xcrun --sdk iphonesimulator --show-sdk-version&apos; timed out after 15000ms &#10;Host info: host: &apos;Gabrielas-MBP.fibertel.com.ar&apos;, ip: &apos;fe80:0:0:0:109e:3e5f:aa0:41b7%en0&apos;&#10;Build info: version: &apos;4.13.0&apos;, revision: &apos;ba948ece5b*&apos;&#10;System info: os.name: &apos;Mac OS X&apos;, os.arch: &apos;x86_64&apos;, os.version: &apos;14.0&apos;, java.version: &apos;21.0.2&apos;&#10;Driver info: io.appium.java_client.ios.IOSDriver&#10;Command: [null, newSession {capabilities=[{appium:locale=US, appium:deviceName=iPhone 14, platformName=IOS, appium:automationName=XCuiTest, appium:region=US, appium:app=/Users/gabrielaconde/Library/Developer/Xcode/DerivedData/BuzzFeed-dkbvwkfuhllwuvexwuwxlnmrmgkk/Build/Products/Debug-iphonesimulator/BuzzFeed.app, appium:platformVersion=16.4}], desiredCapabilities=Capabilities {appium:app: /Users/gabrielaconde/Librar..., appium:automationName: XCuiTest, appium:deviceName: iPhone 14, appium:locale: US, appium:platformVersion: 16.4, appium:region: US, platformName: IOS}}]&#10;Capabilities {appium:app: /Users/gabrielaconde/Librar..., appium:automationName: XCuiTest, appium:deviceName: iPhone 14, appium:locale: US, appium:platformVersion: 16.4, appium:region: US, platformName: IOS}"/>
  </testcase>
  <testcase name="testChangeBackDisplayName" classname="testModules.profile.BFHeaderTests1" time="0">
    <skipped message="Could not start a new session. Response code 500. Message: An unknown server-side error occurred while processing the command. Original error: Could not determine iOS SDK version: Command &apos;xcrun --sdk iphonesimulator --show-sdk-version&apos; timed out after 15000ms &#10;Host info: host: &apos;Gabrielas-MBP.fibertel.com.ar&apos;, ip: &apos;fe80:0:0:0:109e:3e5f:aa0:41b7%en0&apos;&#10;Build info: version: &apos;4.13.0&apos;, revision: &apos;ba948ece5b*&apos;&#10;System info: os.name: &apos;Mac OS X&apos;, os.arch: &apos;x86_64&apos;, os.version: &apos;14.0&apos;, java.version: &apos;21.0.2&apos;&#10;Driver info: io.appium.java_client.ios.IOSDriver&#10;Command: [null, newSession {capabilities=[{appium:locale=US, appium:deviceName=iPhone 14, platformName=IOS, appium:automationName=XCuiTest, appium:region=US, appium:app=/Users/gabrielaconde/Library/Developer/Xcode/DerivedData/BuzzFeed-dkbvwkfuhllwuvexwuwxlnmrmgkk/Build/Products/Debug-iphonesimulator/BuzzFeed.app, appium:platformVersion=16.4}], desiredCapabilities=Capabilities {appium:app: /Users/gabrielaconde/Librar..., appium:automationName: XCuiTest, appium:deviceName: iPhone 14, appium:locale: US, appium:platformVersion: 16.4, appium:region: US, platformName: IOS}}]&#10;Capabilities {appium:app: /Users/gabrielaconde/Librar..., appium:automationName: XCuiTest, appium:deviceName: iPhone 14, appium:locale: US, appium:platformVersion: 16.4, appium:region: US, platformName: IOS}"/>
  </testcase>
  <testcase name="testEditUsernameButton" classname="testModules.profile.BFHeaderTests1" time="0">
    <skipped message="Could not start a new session. Response code 500. Message: An unknown server-side error occurred while processing the command. Original error: Could not determine iOS SDK version: Command &apos;xcrun --sdk iphonesimulator --show-sdk-version&apos; timed out after 15000ms &#10;Host info: host: &apos;Gabrielas-MBP.fibertel.com.ar&apos;, ip: &apos;fe80:0:0:0:109e:3e5f:aa0:41b7%en0&apos;&#10;Build info: version: &apos;4.13.0&apos;, revision: &apos;ba948ece5b*&apos;&#10;System info: os.name: &apos;Mac OS X&apos;, os.arch: &apos;x86_64&apos;, os.version: &apos;14.0&apos;, java.version: &apos;21.0.2&apos;&#10;Driver info: io.appium.java_client.ios.IOSDriver&#10;Command: [null, newSession {capabilities=[{appium:locale=US, appium:deviceName=iPhone 14, platformName=IOS, appium:automationName=XCuiTest, appium:region=US, appium:app=/Users/gabrielaconde/Library/Developer/Xcode/DerivedData/BuzzFeed-dkbvwkfuhllwuvexwuwxlnmrmgkk/Build/Products/Debug-iphonesimulator/BuzzFeed.app, appium:platformVersion=16.4}], desiredCapabilities=Capabilities {appium:app: /Users/gabrielaconde/Librar..., appium:automationName: XCuiTest, appium:deviceName: iPhone 14, appium:locale: US, appium:platformVersion: 16.4, appium:region: US, platformName: IOS}}]&#10;Capabilities {appium:app: /Users/gabrielaconde/Librar..., appium:automationName: XCuiTest, appium:deviceName: iPhone 14, appium:locale: US, appium:platformVersion: 16.4, appium:region: US, platformName: IOS}"/>
  </testcase>
  <testcase name="testEditUsernameModal" classname="testModules.profile.BFHeaderTests1" time="0">
    <skipped message="Could not start a new session. Response code 500. Message: An unknown server-side error occurred while processing the command. Original error: Could not determine iOS SDK version: Command &apos;xcrun --sdk iphonesimulator --show-sdk-version&apos; timed out after 15000ms &#10;Host info: host: &apos;Gabrielas-MBP.fibertel.com.ar&apos;, ip: &apos;fe80:0:0:0:109e:3e5f:aa0:41b7%en0&apos;&#10;Build info: version: &apos;4.13.0&apos;, revision: &apos;ba948ece5b*&apos;&#10;System info: os.name: &apos;Mac OS X&apos;, os.arch: &apos;x86_64&apos;, os.version: &apos;14.0&apos;, java.version: &apos;21.0.2&apos;&#10;Driver info: io.appium.java_client.ios.IOSDriver&#10;Command: [null, newSession {capabilities=[{appium:locale=US, appium:deviceName=iPhone 14, platformName=IOS, appium:automationName=XCuiTest, appium:region=US, appium:app=/Users/gabrielaconde/Library/Developer/Xcode/DerivedData/BuzzFeed-dkbvwkfuhllwuvexwuwxlnmrmgkk/Build/Products/Debug-iphonesimulator/BuzzFeed.app, appium:platformVersion=16.4}], desiredCapabilities=Capabilities {appium:app: /Users/gabrielaconde/Librar..., appium:automationName: XCuiTest, appium:deviceName: iPhone 14, appium:locale: US, appium:platformVersion: 16.4, appium:region: US, platformName: IOS}}]&#10;Capabilities {appium:app: /Users/gabrielaconde/Librar..., appium:automationName: XCuiTest, appium:deviceName: iPhone 14, appium:locale: US, appium:platformVersion: 16.4, appium:region: US, platformName: IOS}"/>
  </testcase>
  <testcase name="tearSuite" classname="testModules.profile.BFHeaderTests1" time="0">
    <skipped/>
  </testcase>
  <testcase name="setUp" classname="testModules.profile.BookmarksTests6" time="0.814">
    <failure message="Could not start a new session. Response code 500. Message: An unknown server-side error occurred while processing the command. Original error: Could not determine iOS SDK version: Command &apos;xcrun --sdk iphonesimulator --show-sdk-version&apos; timed out after 15000ms &#10;Host info: host: &apos;Gabrielas-MBP.fibertel.com.ar&apos;, ip: &apos;fe80:0:0:0:109e:3e5f:aa0:41b7%en0&apos;&#10;Build info: version: &apos;4.13.0&apos;, revision: &apos;ba948ece5b*&apos;&#10;System info: os.name: &apos;Mac OS X&apos;, os.arch: &apos;x86_64&apos;, os.version: &apos;14.0&apos;, java.version: &apos;21.0.2&apos;&#10;Driver info: io.appium.java_client.ios.IOSDriver&#10;Command: [null, newSession {capabilities=[{appium:locale=US, appium:deviceName=iPhone 14, platformName=IOS, appium:automationName=XCuiTest, appium:region=US, appium:app=/Users/gabrielaconde/Library/Developer/Xcode/DerivedData/BuzzFeed-dkbvwkfuhllwuvexwuwxlnmrmgkk/Build/Products/Debug-iphonesimulator/BuzzFeed.app, appium:platformVersion=16.4}], desiredCapabilities=Capabilities {appium:app: /Users/gabrielaconde/Librar..., appium:automationName: XCuiTest, appium:deviceName: iPhone 14, appium:locale: US, appium:platformVersion: 16.4, appium:region: US, platformName: IOS}}]&#10;Capabilities {appium:app: /Users/gabrielaconde/Librar..., appium:automationName: XCuiTest, appium:deviceName: iPhone 14, appium:locale: US, appium:platformVersion: 16.4, appium:region: US, platformName: IOS}" type="org.openqa.selenium.SessionNotCreatedException">org.openqa.selenium.SessionNotCreatedException: 
Could not start a new session. Response code 500. Message: An unknown server-side error occurred while processing the command. Original error: Could not determine iOS SDK version: Command 'xcrun --sdk iphonesimulator --show-sdk-version' timed out after 15000ms 
Host info: host: 'Gabrielas-MBP.fibertel.com.ar', ip: 'fe80:0:0:0:109e:3e5f:aa0:41b7%en0'
Build info: version: '4.13.0', revision: 'ba948ece5b*'
System info: os.name: 'Mac OS X', os.arch: 'x86_64', os.version: '14.0', java.version: '21.0.2'
Driver info: io.appium.java_client.ios.IOSDriver
Command: [null, newSession {capabilities=[{appium:locale=US, appium:deviceName=iPhone 14, platformName=IOS, appium:automationName=XCuiTest, appium:region=US, appium:app=/Users/gabrielaconde/Library/Developer/Xcode/DerivedData/BuzzFeed-dkbvwkfuhllwuvexwuwxlnmrmgkk/Build/Products/Debug-iphonesimulator/BuzzFeed.app, appium:platformVersion=16.4}], desiredCapabilities=Capabilities {appium:app: /Users/gabrielaconde/Librar..., appium:automationName: XCuiTest, appium:deviceName: iPhone 14, appium:locale: US, appium:platformVersion: 16.4, appium:region: US, platformName: IOS}}]
Capabilities {appium:app: /Users/gabrielaconde/Librar..., appium:automationName: XCuiTest, appium:deviceName: iPhone 14, appium:locale: US, appium:platformVersion: 16.4, appium:region: US, platformName: IOS}
</failure>
  </testcase>
  <testcase name="initializePages" classname="testModules.profile.BookmarksTests6" time="0">
    <skipped/>
  </testcase>
  <testcase name="signIn" classname="testModules.profile.BookmarksTests6" time="0">
    <skipped/>
  </testcase>
  <testcase name="testAddBookmark" classname="testModules.profile.BookmarksTests6" time="0">
    <skipped message="Could not start a new session. Response code 500. Message: An unknown server-side error occurred while processing the command. Original error: Could not determine iOS SDK version: Command &apos;xcrun --sdk iphonesimulator --show-sdk-version&apos; timed out after 15000ms &#10;Host info: host: &apos;Gabrielas-MBP.fibertel.com.ar&apos;, ip: &apos;fe80:0:0:0:109e:3e5f:aa0:41b7%en0&apos;&#10;Build info: version: &apos;4.13.0&apos;, revision: &apos;ba948ece5b*&apos;&#10;System info: os.name: &apos;Mac OS X&apos;, os.arch: &apos;x86_64&apos;, os.version: &apos;14.0&apos;, java.version: &apos;21.0.2&apos;&#10;Driver info: io.appium.java_client.ios.IOSDriver&#10;Command: [null, newSession {capabilities=[{appium:locale=US, appium:deviceName=iPhone 14, platformName=IOS, appium:automationName=XCuiTest, appium:region=US, appium:app=/Users/gabrielaconde/Library/Developer/Xcode/DerivedData/BuzzFeed-dkbvwkfuhllwuvexwuwxlnmrmgkk/Build/Products/Debug-iphonesimulator/BuzzFeed.app, appium:platformVersion=16.4}], desiredCapabilities=Capabilities {appium:app: /Users/gabrielaconde/Librar..., appium:automationName: XCuiTest, appium:deviceName: iPhone 14, appium:locale: US, appium:platformVersion: 16.4, appium:region: US, platformName: IOS}}]&#10;Capabilities {appium:app: /Users/gabrielaconde/Librar..., appium:automationName: XCuiTest, appium:deviceName: iPhone 14, appium:locale: US, appium:platformVersion: 16.4, appium:region: US, platformName: IOS}"/>
  </testcase>
  <testcase name="testBookmarkAdded" classname="testModules.profile.BookmarksTests6" time="0">
    <skipped message="Could not start a new session. Response code 500. Message: An unknown server-side error occurred while processing the command. Original error: Could not determine iOS SDK version: Command &apos;xcrun --sdk iphonesimulator --show-sdk-version&apos; timed out after 15000ms &#10;Host info: host: &apos;Gabrielas-MBP.fibertel.com.ar&apos;, ip: &apos;fe80:0:0:0:109e:3e5f:aa0:41b7%en0&apos;&#10;Build info: version: &apos;4.13.0&apos;, revision: &apos;ba948ece5b*&apos;&#10;System info: os.name: &apos;Mac OS X&apos;, os.arch: &apos;x86_64&apos;, os.version: &apos;14.0&apos;, java.version: &apos;21.0.2&apos;&#10;Driver info: io.appium.java_client.ios.IOSDriver&#10;Command: [null, newSession {capabilities=[{appium:locale=US, appium:deviceName=iPhone 14, platformName=IOS, appium:automationName=XCuiTest, appium:region=US, appium:app=/Users/gabrielaconde/Library/Developer/Xcode/DerivedData/BuzzFeed-dkbvwkfuhllwuvexwuwxlnmrmgkk/Build/Products/Debug-iphonesimulator/BuzzFeed.app, appium:platformVersion=16.4}], desiredCapabilities=Capabilities {appium:app: /Users/gabrielaconde/Librar..., appium:automationName: XCuiTest, appium:deviceName: iPhone 14, appium:locale: US, appium:platformVersion: 16.4, appium:region: US, platformName: IOS}}]&#10;Capabilities {appium:app: /Users/gabrielaconde/Librar..., appium:automationName: XCuiTest, appium:deviceName: iPhone 14, appium:locale: US, appium:platformVersion: 16.4, appium:region: US, platformName: IOS}"/>
  </testcase>
  <testcase name="testRemoveBookmark" classname="testModules.profile.BookmarksTests6" time="0">
    <skipped message="Could not start a new session. Response code 500. Message: An unknown server-side error occurred while processing the command. Original error: Could not determine iOS SDK version: Command &apos;xcrun --sdk iphonesimulator --show-sdk-version&apos; timed out after 15000ms &#10;Host info: host: &apos;Gabrielas-MBP.fibertel.com.ar&apos;, ip: &apos;fe80:0:0:0:109e:3e5f:aa0:41b7%en0&apos;&#10;Build info: version: &apos;4.13.0&apos;, revision: &apos;ba948ece5b*&apos;&#10;System info: os.name: &apos;Mac OS X&apos;, os.arch: &apos;x86_64&apos;, os.version: &apos;14.0&apos;, java.version: &apos;21.0.2&apos;&#10;Driver info: io.appium.java_client.ios.IOSDriver&#10;Command: [null, newSession {capabilities=[{appium:locale=US, appium:deviceName=iPhone 14, platformName=IOS, appium:automationName=XCuiTest, appium:region=US, appium:app=/Users/gabrielaconde/Library/Developer/Xcode/DerivedData/BuzzFeed-dkbvwkfuhllwuvexwuwxlnmrmgkk/Build/Products/Debug-iphonesimulator/BuzzFeed.app, appium:platformVersion=16.4}], desiredCapabilities=Capabilities {appium:app: /Users/gabrielaconde/Librar..., appium:automationName: XCuiTest, appium:deviceName: iPhone 14, appium:locale: US, appium:platformVersion: 16.4, appium:region: US, platformName: IOS}}]&#10;Capabilities {appium:app: /Users/gabrielaconde/Librar..., appium:automationName: XCuiTest, appium:deviceName: iPhone 14, appium:locale: US, appium:platformVersion: 16.4, appium:region: US, platformName: IOS}"/>
  </testcase>
  <testcase name="testBookmarkRemoved" classname="testModules.profile.BookmarksTests6" time="0">
    <skipped message="Could not start a new session. Response code 500. Message: An unknown server-side error occurred while processing the command. Original error: Could not determine iOS SDK version: Command &apos;xcrun --sdk iphonesimulator --show-sdk-version&apos; timed out after 15000ms &#10;Host info: host: &apos;Gabrielas-MBP.fibertel.com.ar&apos;, ip: &apos;fe80:0:0:0:109e:3e5f:aa0:41b7%en0&apos;&#10;Build info: version: &apos;4.13.0&apos;, revision: &apos;ba948ece5b*&apos;&#10;System info: os.name: &apos;Mac OS X&apos;, os.arch: &apos;x86_64&apos;, os.version: &apos;14.0&apos;, java.version: &apos;21.0.2&apos;&#10;Driver info: io.appium.java_client.ios.IOSDriver&#10;Command: [null, newSession {capabilities=[{appium:locale=US, appium:deviceName=iPhone 14, platformName=IOS, appium:automationName=XCuiTest, appium:region=US, appium:app=/Users/gabrielaconde/Library/Developer/Xcode/DerivedData/BuzzFeed-dkbvwkfuhllwuvexwuwxlnmrmgkk/Build/Products/Debug-iphonesimulator/BuzzFeed.app, appium:platformVersion=16.4}], desiredCapabilities=Capabilities {appium:app: /Users/gabrielaconde/Librar..., appium:automationName: XCuiTest, appium:deviceName: iPhone 14, appium:locale: US, appium:platformVersion: 16.4, appium:region: US, platformName: IOS}}]&#10;Capabilities {appium:app: /Users/gabrielaconde/Librar..., appium:automationName: XCuiTest, appium:deviceName: iPhone 14, appium:locale: US, appium:platformVersion: 16.4, appium:region: US, platformName: IOS}"/>
  </testcase>
  <testcase name="tearSuite" classname="testModules.profile.BookmarksTests6" time="0">
    <skipped/>
  </testcase>
</testsuite>