<?xml version="1.0" encoding="UTF-8"?>
<testsuite xmlns:xsi="http://www.w3.org/2001/XMLSchema-instance" xsi:noNamespaceSchemaLocation="https://maven.apache.org/surefire/maven-surefire-plugin/xsd/surefire-test-report.xsd" name="TestSuite" time="818.054" tests="64" errors="0" skipped="0" failures="3">
  <properties>
    <property name="gopherProxySet" value="false"/>
    <property name="awt.toolkit" value="sun.lwawt.macosx.LWCToolkit"/>
    <property name="file.encoding.pkg" value="sun.io"/>
    <property name="java.specification.version" value="1.8"/>
    <property name="sun.cpu.isalist" value=""/>
    <property name="sun.jnu.encoding" value="UTF-8"/>
    <property name="java.class.path" value="/Users/gabrielaconde/Documents/Core/iOSCoreAutomation-master/target/test-classes:/Users/gabrielaconde/Documents/Core/iOSCoreAutomation-master/target/classes:/Users/gabrielaconde/.m2/repository/io/appium/java-client/7.0.0/java-client-7.0.0.jar:/Users/gabrielaconde/.m2/repository/org/seleniumhq/selenium/selenium-support/3.141.59/selenium-support-3.141.59.jar:/Users/gabrielaconde/.m2/repository/org/seleniumhq/selenium/selenium-api/3.141.59/selenium-api-3.141.59.jar:/Users/gabrielaconde/.m2/repository/com/google/code/gson/gson/2.8.5/gson-2.8.5.jar:/Users/gabrielaconde/.m2/repository/org/apache/httpcomponents/httpclient/4.5.6/httpclient-4.5.6.jar:/Users/gabrielaconde/.m2/repository/org/apache/httpcomponents/httpcore/4.4.10/httpcore-4.4.10.jar:/Users/gabrielaconde/.m2/repository/commons-logging/commons-logging/1.2/commons-logging-1.2.jar:/Users/gabrielaconde/.m2/repository/commons-codec/commons-codec/1.10/commons-codec-1.10.jar:/Users/gabrielaconde/.m2/repository/cglib/cglib/3.2.8/cglib-3.2.8.jar:/Users/gabrielaconde/.m2/repository/org/ow2/asm/asm/6.2.1/asm-6.2.1.jar:/Users/gabrielaconde/.m2/repository/org/apache/ant/ant/1.10.3/ant-1.10.3.jar:/Users/gabrielaconde/.m2/repository/org/apache/ant/ant-launcher/1.10.3/ant-launcher-1.10.3.jar:/Users/gabrielaconde/.m2/repository/commons-validator/commons-validator/1.6/commons-validator-1.6.jar:/Users/gabrielaconde/.m2/repository/commons-beanutils/commons-beanutils/1.9.2/commons-beanutils-1.9.2.jar:/Users/gabrielaconde/.m2/repository/commons-digester/commons-digester/1.8.1/commons-digester-1.8.1.jar:/Users/gabrielaconde/.m2/repository/commons-collections/commons-collections/3.2.2/commons-collections-3.2.2.jar:/Users/gabrielaconde/.m2/repository/org/apache/commons/commons-lang3/3.8/commons-lang3-3.8.jar:/Users/gabrielaconde/.m2/repository/commons-io/commons-io/2.6/commons-io-2.6.jar:/Users/gabrielaconde/.m2/repository/org/springframework/spring-context/5.1.0.RELEASE/spring-context-5.1.0.RELEASE.jar:/Users/gabrielaconde/.m2/repository/org/springframework/spring-aop/5.1.0.RELEASE/spring-aop-5.1.0.RELEASE.jar:/Users/gabrielaconde/.m2/repository/org/springframework/spring-beans/5.1.0.RELEASE/spring-beans-5.1.0.RELEASE.jar:/Users/gabrielaconde/.m2/repository/org/springframework/spring-core/5.1.0.RELEASE/spring-core-5.1.0.RELEASE.jar:/Users/gabrielaconde/.m2/repository/org/springframework/spring-jcl/5.1.0.RELEASE/spring-jcl-5.1.0.RELEASE.jar:/Users/gabrielaconde/.m2/repository/org/springframework/spring-expression/5.1.0.RELEASE/spring-expression-5.1.0.RELEASE.jar:/Users/gabrielaconde/.m2/repository/org/aspectj/aspectjweaver/1.9.1/aspectjweaver-1.9.1.jar:/Users/gabrielaconde/.m2/repository/org/slf4j/slf4j-api/1.7.25/slf4j-api-1.7.25.jar:/Users/gabrielaconde/.m2/repository/org/seleniumhq/selenium/selenium-java/3.141.59/selenium-java-3.141.59.jar:/Users/gabrielaconde/.m2/repository/org/seleniumhq/selenium/selenium-chrome-driver/3.141.59/selenium-chrome-driver-3.141.59.jar:/Users/gabrielaconde/.m2/repository/org/seleniumhq/selenium/selenium-edge-driver/3.141.59/selenium-edge-driver-3.141.59.jar:/Users/gabrielaconde/.m2/repository/org/seleniumhq/selenium/selenium-firefox-driver/3.141.59/selenium-firefox-driver-3.141.59.jar:/Users/gabrielaconde/.m2/repository/org/seleniumhq/selenium/selenium-ie-driver/3.141.59/selenium-ie-driver-3.141.59.jar:/Users/gabrielaconde/.m2/repository/org/seleniumhq/selenium/selenium-opera-driver/3.141.59/selenium-opera-driver-3.141.59.jar:/Users/gabrielaconde/.m2/repository/org/seleniumhq/selenium/selenium-remote-driver/3.141.59/selenium-remote-driver-3.141.59.jar:/Users/gabrielaconde/.m2/repository/org/seleniumhq/selenium/selenium-safari-driver/3.141.59/selenium-safari-driver-3.141.59.jar:/Users/gabrielaconde/.m2/repository/net/bytebuddy/byte-buddy/1.8.15/byte-buddy-1.8.15.jar:/Users/gabrielaconde/.m2/repository/org/apache/commons/commons-exec/1.3/commons-exec-1.3.jar:/Users/gabrielaconde/.m2/repository/com/google/guava/guava/25.0-jre/guava-25.0-jre.jar:/Users/gabrielaconde/.m2/repository/com/google/code/findbugs/jsr305/1.3.9/jsr305-1.3.9.jar:/Users/gabrielaconde/.m2/repository/org/checkerframework/checker-compat-qual/2.0.0/checker-compat-qual-2.0.0.jar:/Users/gabrielaconde/.m2/repository/com/google/errorprone/error_prone_annotations/2.1.3/error_prone_annotations-2.1.3.jar:/Users/gabrielaconde/.m2/repository/com/google/j2objc/j2objc-annotations/1.1/j2objc-annotations-1.1.jar:/Users/gabrielaconde/.m2/repository/org/codehaus/mojo/animal-sniffer-annotations/1.14/animal-sniffer-annotations-1.14.jar:/Users/gabrielaconde/.m2/repository/com/squareup/okhttp3/okhttp/3.11.0/okhttp-3.11.0.jar:/Users/gabrielaconde/.m2/repository/com/squareup/okio/okio/1.14.0/okio-1.14.0.jar:/Users/gabrielaconde/.m2/repository/org/testng/testng/7.4.0/testng-7.4.0.jar:/Users/gabrielaconde/.m2/repository/com/beust/jcommander/1.78/jcommander-1.78.jar:/Users/gabrielaconde/.m2/repository/org/webjars/jquery/3.5.1/jquery-3.5.1.jar:/Users/gabrielaconde/.m2/repository/com/browserstack/browserstack-java-sdk/1.10.6/browserstack-java-sdk-1.10.6.jar:/Users/gabrielaconde/.m2/repository/org/javassist/javassist/3.26.0-GA/javassist-3.26.0-GA.jar:/Users/gabrielaconde/.m2/repository/com/fasterxml/jackson/core/jackson-core/2.14.2/jackson-core-2.14.2.jar:/Users/gabrielaconde/.m2/repository/com/fasterxml/jackson/core/jackson-databind/2.14.2/jackson-databind-2.14.2.jar:/Users/gabrielaconde/.m2/repository/com/fasterxml/jackson/core/jackson-annotations/2.14.2/jackson-annotations-2.14.2.jar:/Users/gabrielaconde/.m2/repository/com/browserstack/browserstack-local-java/1.0.9/browserstack-local-java-1.0.9.jar:/Users/gabrielaconde/.m2/repository/org/json/json/20230227/json-20230227.jar:/Users/gabrielaconde/.m2/repository/com/googlecode/json-simple/json-simple/1.1.1/json-simple-1.1.1.jar:/Users/gabrielaconde/.m2/repository/org/yaml/snakeyaml/2.0/snakeyaml-2.0.jar:/Users/gabrielaconde/.m2/repository/org/apache/maven/maven-artifact/3.8.6/maven-artifact-3.8.6.jar:/Users/gabrielaconde/.m2/repository/org/codehaus/plexus/plexus-utils/3.3.1/plexus-utils-3.3.1.jar:/Users/gabrielaconde/.m2/repository/org/jsoup/jsoup/1.15.3/jsoup-1.15.3.jar:/Users/gabrielaconde/.m2/repository/org/eclipse/jgit/org.eclipse.jgit/5.4.2.201908231537-r/org.eclipse.jgit-5.4.2.201908231537-r.jar:/Users/gabrielaconde/.m2/repository/com/jcraft/jsch/0.1.55/jsch-0.1.55.jar:/Users/gabrielaconde/.m2/repository/com/jcraft/jzlib/1.1.1/jzlib-1.1.1.jar:/Users/gabrielaconde/.m2/repository/com/googlecode/javaewah/JavaEWAH/1.1.6/JavaEWAH-1.1.6.jar:/Users/gabrielaconde/.m2/repository/org/bouncycastle/bcpg-jdk15on/1.61/bcpg-jdk15on-1.61.jar:/Users/gabrielaconde/.m2/repository/org/bouncycastle/bcprov-jdk15on/1.61/bcprov-jdk15on-1.61.jar:/Users/gabrielaconde/.m2/repository/org/bouncycastle/bcpkix-jdk15on/1.61/bcpkix-jdk15on-1.61.jar:/Users/gabrielaconde/.m2/repository/org/apache/logging/log4j/log4j-core/2.20.0/log4j-core-2.20.0.jar:/Users/gabrielaconde/.m2/repository/org/apache/logging/log4j/log4j-api/2.20.0/log4j-api-2.20.0.jar:/Users/gabrielaconde/.m2/repository/org/apache/maven/surefire/surefire-testng-utils/2.22.0/surefire-testng-utils-2.22.0.jar:/Users/gabrielaconde/.m2/repository/org/apache/maven/surefire/surefire-grouper/2.22.0/surefire-grouper-2.22.0.jar:"/>
    <property name="java.vm.vendor" value="Amazon.com Inc."/>
    <property name="sun.arch.data.model" value="64"/>
    <property name="java.vendor.url" value="https://aws.amazon.com/corretto/"/>
    <property name="user.timezone" value="America/Argentina/Buenos_Aires"/>
    <property name="java.vm.specification.version" value="1.8"/>
    <property name="os.name" value="Mac OS X"/>
    <property name="user.country" value="AR"/>
    <property name="sun.java.launcher" value="SUN_STANDARD"/>
    <property name="sun.boot.library.path" value="/Users/gabrielaconde/Library/Java/JavaVirtualMachines/corretto-1.8.0_322/Contents/Home/jre/lib"/>
    <property name="sun.java.command" value="/Users/gabrielaconde/Documents/Core/iOSCoreAutomation-master/target/surefire/surefirebooter8094297243391546340.jar /Users/gabrielaconde/Documents/Core/iOSCoreAutomation-master/target/surefire 2023-09-05T21-43-00_568-jvmRun1 surefire8285376365242381819tmp surefire_06428221642850524672tmp"/>
    <property name="http.nonProxyHosts" value="local|*.local|169.254/16|*.169.254/16"/>
    <property name="surefire.test.class.path" value="/Users/gabrielaconde/Documents/Core/iOSCoreAutomation-master/target/test-classes:/Users/gabrielaconde/Documents/Core/iOSCoreAutomation-master/target/classes:/Users/gabrielaconde/.m2/repository/io/appium/java-client/7.0.0/java-client-7.0.0.jar:/Users/gabrielaconde/.m2/repository/org/seleniumhq/selenium/selenium-support/3.141.59/selenium-support-3.141.59.jar:/Users/gabrielaconde/.m2/repository/org/seleniumhq/selenium/selenium-api/3.141.59/selenium-api-3.141.59.jar:/Users/gabrielaconde/.m2/repository/com/google/code/gson/gson/2.8.5/gson-2.8.5.jar:/Users/gabrielaconde/.m2/repository/org/apache/httpcomponents/httpclient/4.5.6/httpclient-4.5.6.jar:/Users/gabrielaconde/.m2/repository/org/apache/httpcomponents/httpcore/4.4.10/httpcore-4.4.10.jar:/Users/gabrielaconde/.m2/repository/commons-logging/commons-logging/1.2/commons-logging-1.2.jar:/Users/gabrielaconde/.m2/repository/commons-codec/commons-codec/1.10/commons-codec-1.10.jar:/Users/gabrielaconde/.m2/repository/cglib/cglib/3.2.8/cglib-3.2.8.jar:/Users/gabrielaconde/.m2/repository/org/ow2/asm/asm/6.2.1/asm-6.2.1.jar:/Users/gabrielaconde/.m2/repository/org/apache/ant/ant/1.10.3/ant-1.10.3.jar:/Users/gabrielaconde/.m2/repository/org/apache/ant/ant-launcher/1.10.3/ant-launcher-1.10.3.jar:/Users/gabrielaconde/.m2/repository/commons-validator/commons-validator/1.6/commons-validator-1.6.jar:/Users/gabrielaconde/.m2/repository/commons-beanutils/commons-beanutils/1.9.2/commons-beanutils-1.9.2.jar:/Users/gabrielaconde/.m2/repository/commons-digester/commons-digester/1.8.1/commons-digester-1.8.1.jar:/Users/gabrielaconde/.m2/repository/commons-collections/commons-collections/3.2.2/commons-collections-3.2.2.jar:/Users/gabrielaconde/.m2/repository/org/apache/commons/commons-lang3/3.8/commons-lang3-3.8.jar:/Users/gabrielaconde/.m2/repository/commons-io/commons-io/2.6/commons-io-2.6.jar:/Users/gabrielaconde/.m2/repository/org/springframework/spring-context/5.1.0.RELEASE/spring-context-5.1.0.RELEASE.jar:/Users/gabrielaconde/.m2/repository/org/springframework/spring-aop/5.1.0.RELEASE/spring-aop-5.1.0.RELEASE.jar:/Users/gabrielaconde/.m2/repository/org/springframework/spring-beans/5.1.0.RELEASE/spring-beans-5.1.0.RELEASE.jar:/Users/gabrielaconde/.m2/repository/org/springframework/spring-core/5.1.0.RELEASE/spring-core-5.1.0.RELEASE.jar:/Users/gabrielaconde/.m2/repository/org/springframework/spring-jcl/5.1.0.RELEASE/spring-jcl-5.1.0.RELEASE.jar:/Users/gabrielaconde/.m2/repository/org/springframework/spring-expression/5.1.0.RELEASE/spring-expression-5.1.0.RELEASE.jar:/Users/gabrielaconde/.m2/repository/org/aspectj/aspectjweaver/1.9.1/aspectjweaver-1.9.1.jar:/Users/gabrielaconde/.m2/repository/org/slf4j/slf4j-api/1.7.25/slf4j-api-1.7.25.jar:/Users/gabrielaconde/.m2/repository/org/seleniumhq/selenium/selenium-java/3.141.59/selenium-java-3.141.59.jar:/Users/gabrielaconde/.m2/repository/org/seleniumhq/selenium/selenium-chrome-driver/3.141.59/selenium-chrome-driver-3.141.59.jar:/Users/gabrielaconde/.m2/repository/org/seleniumhq/selenium/selenium-edge-driver/3.141.59/selenium-edge-driver-3.141.59.jar:/Users/gabrielaconde/.m2/repository/org/seleniumhq/selenium/selenium-firefox-driver/3.141.59/selenium-firefox-driver-3.141.59.jar:/Users/gabrielaconde/.m2/repository/org/seleniumhq/selenium/selenium-ie-driver/3.141.59/selenium-ie-driver-3.141.59.jar:/Users/gabrielaconde/.m2/repository/org/seleniumhq/selenium/selenium-opera-driver/3.141.59/selenium-opera-driver-3.141.59.jar:/Users/gabrielaconde/.m2/repository/org/seleniumhq/selenium/selenium-remote-driver/3.141.59/selenium-remote-driver-3.141.59.jar:/Users/gabrielaconde/.m2/repository/org/seleniumhq/selenium/selenium-safari-driver/3.141.59/selenium-safari-driver-3.141.59.jar:/Users/gabrielaconde/.m2/repository/net/bytebuddy/byte-buddy/1.8.15/byte-buddy-1.8.15.jar:/Users/gabrielaconde/.m2/repository/org/apache/commons/commons-exec/1.3/commons-exec-1.3.jar:/Users/gabrielaconde/.m2/repository/com/google/guava/guava/25.0-jre/guava-25.0-jre.jar:/Users/gabrielaconde/.m2/repository/com/google/code/findbugs/jsr305/1.3.9/jsr305-1.3.9.jar:/Users/gabrielaconde/.m2/repository/org/checkerframework/checker-compat-qual/2.0.0/checker-compat-qual-2.0.0.jar:/Users/gabrielaconde/.m2/repository/com/google/errorprone/error_prone_annotations/2.1.3/error_prone_annotations-2.1.3.jar:/Users/gabrielaconde/.m2/repository/com/google/j2objc/j2objc-annotations/1.1/j2objc-annotations-1.1.jar:/Users/gabrielaconde/.m2/repository/org/codehaus/mojo/animal-sniffer-annotations/1.14/animal-sniffer-annotations-1.14.jar:/Users/gabrielaconde/.m2/repository/com/squareup/okhttp3/okhttp/3.11.0/okhttp-3.11.0.jar:/Users/gabrielaconde/.m2/repository/com/squareup/okio/okio/1.14.0/okio-1.14.0.jar:/Users/gabrielaconde/.m2/repository/org/testng/testng/7.4.0/testng-7.4.0.jar:/Users/gabrielaconde/.m2/repository/com/beust/jcommander/1.78/jcommander-1.78.jar:/Users/gabrielaconde/.m2/repository/org/webjars/jquery/3.5.1/jquery-3.5.1.jar:/Users/gabrielaconde/.m2/repository/com/browserstack/browserstack-java-sdk/1.10.6/browserstack-java-sdk-1.10.6.jar:/Users/gabrielaconde/.m2/repository/org/javassist/javassist/3.26.0-GA/javassist-3.26.0-GA.jar:/Users/gabrielaconde/.m2/repository/com/fasterxml/jackson/core/jackson-core/2.14.2/jackson-core-2.14.2.jar:/Users/gabrielaconde/.m2/repository/com/fasterxml/jackson/core/jackson-databind/2.14.2/jackson-databind-2.14.2.jar:/Users/gabrielaconde/.m2/repository/com/fasterxml/jackson/core/jackson-annotations/2.14.2/jackson-annotations-2.14.2.jar:/Users/gabrielaconde/.m2/repository/com/browserstack/browserstack-local-java/1.0.9/browserstack-local-java-1.0.9.jar:/Users/gabrielaconde/.m2/repository/org/json/json/20230227/json-20230227.jar:/Users/gabrielaconde/.m2/repository/com/googlecode/json-simple/json-simple/1.1.1/json-simple-1.1.1.jar:/Users/gabrielaconde/.m2/repository/org/yaml/snakeyaml/2.0/snakeyaml-2.0.jar:/Users/gabrielaconde/.m2/repository/org/apache/maven/maven-artifact/3.8.6/maven-artifact-3.8.6.jar:/Users/gabrielaconde/.m2/repository/org/codehaus/plexus/plexus-utils/3.3.1/plexus-utils-3.3.1.jar:/Users/gabrielaconde/.m2/repository/org/jsoup/jsoup/1.15.3/jsoup-1.15.3.jar:/Users/gabrielaconde/.m2/repository/org/eclipse/jgit/org.eclipse.jgit/5.4.2.201908231537-r/org.eclipse.jgit-5.4.2.201908231537-r.jar:/Users/gabrielaconde/.m2/repository/com/jcraft/jsch/0.1.55/jsch-0.1.55.jar:/Users/gabrielaconde/.m2/repository/com/jcraft/jzlib/1.1.1/jzlib-1.1.1.jar:/Users/gabrielaconde/.m2/repository/com/googlecode/javaewah/JavaEWAH/1.1.6/JavaEWAH-1.1.6.jar:/Users/gabrielaconde/.m2/repository/org/bouncycastle/bcpg-jdk15on/1.61/bcpg-jdk15on-1.61.jar:/Users/gabrielaconde/.m2/repository/org/bouncycastle/bcprov-jdk15on/1.61/bcprov-jdk15on-1.61.jar:/Users/gabrielaconde/.m2/repository/org/bouncycastle/bcpkix-jdk15on/1.61/bcpkix-jdk15on-1.61.jar:/Users/gabrielaconde/.m2/repository/org/apache/logging/log4j/log4j-core/2.20.0/log4j-core-2.20.0.jar:/Users/gabrielaconde/.m2/repository/org/apache/logging/log4j/log4j-api/2.20.0/log4j-api-2.20.0.jar:/Users/gabrielaconde/.m2/repository/org/apache/maven/surefire/surefire-testng-utils/2.22.0/surefire-testng-utils-2.22.0.jar:/Users/gabrielaconde/.m2/repository/org/apache/maven/surefire/surefire-grouper/2.22.0/surefire-grouper-2.22.0.jar:"/>
    <property name="sun.cpu.endian" value="little"/>
    <property name="user.home" value="/Users/gabrielaconde"/>
    <property name="user.language" value="en"/>
    <property name="java.specification.vendor" value="Oracle Corporation"/>
    <property name="java.home" value="/Users/gabrielaconde/Library/Java/JavaVirtualMachines/corretto-1.8.0_322/Contents/Home/jre"/>
    <property name="basedir" value="/Users/gabrielaconde/Documents/Core/iOSCoreAutomation-master"/>
    <property name="file.separator" value="/"/>
    <property name="line.separator" value="&#10;"/>
    <property name="java.vm.specification.vendor" value="Oracle Corporation"/>
    <property name="java.specification.name" value="Java Platform API Specification"/>
    <property name="java.awt.graphicsenv" value="sun.awt.CGraphicsEnvironment"/>
    <property name="surefire.real.class.path" value="/Users/gabrielaconde/Documents/Core/iOSCoreAutomation-master/target/surefire/surefirebooter8094297243391546340.jar:/Users/gabrielaconde/.m2/repository/com/browserstack/browserstack-java-sdk/1.10.6/browserstack-java-sdk-1.10.6.jar"/>
    <property name="sun.boot.class.path" value="/Users/gabrielaconde/Library/Java/JavaVirtualMachines/corretto-1.8.0_322/Contents/Home/jre/lib/resources.jar:/Users/gabrielaconde/Library/Java/JavaVirtualMachines/corretto-1.8.0_322/Contents/Home/jre/lib/rt.jar:/Users/gabrielaconde/Library/Java/JavaVirtualMachines/corretto-1.8.0_322/Contents/Home/jre/lib/sunrsasign.jar:/Users/gabrielaconde/Library/Java/JavaVirtualMachines/corretto-1.8.0_322/Contents/Home/jre/lib/jsse.jar:/Users/gabrielaconde/Library/Java/JavaVirtualMachines/corretto-1.8.0_322/Contents/Home/jre/lib/jce.jar:/Users/gabrielaconde/Library/Java/JavaVirtualMachines/corretto-1.8.0_322/Contents/Home/jre/lib/charsets.jar:/Users/gabrielaconde/Library/Java/JavaVirtualMachines/corretto-1.8.0_322/Contents/Home/jre/lib/jfr.jar:/Users/gabrielaconde/Library/Java/JavaVirtualMachines/corretto-1.8.0_322/Contents/Home/jre/classes"/>
    <property name="sun.management.compiler" value="HotSpot 64-Bit Tiered Compilers"/>
    <property name="ftp.nonProxyHosts" value="local|*.local|169.254/16|*.169.254/16"/>
    <property name="java.runtime.version" value="1.8.0_322-b06"/>
    <property name="user.name" value="gabrielaconde"/>
    <property name="path.separator" value=":"/>
    <property name="os.version" value="13.5.1"/>
    <property name="java.endorsed.dirs" value="/Users/gabrielaconde/Library/Java/JavaVirtualMachines/corretto-1.8.0_322/Contents/Home/jre/lib/endorsed"/>
    <property name="java.runtime.name" value="OpenJDK Runtime Environment"/>
    <property name="file.encoding" value="UTF-8"/>
    <property name="java.vm.name" value="OpenJDK 64-Bit Server VM"/>
    <property name="localRepository" value="/Users/gabrielaconde/.m2/repository"/>
    <property name="java.vendor.url.bug" value="https://github.com/corretto/corretto-8/issues/"/>
    <property name="java.io.tmpdir" value="/var/folders/qk/y0rt4p9n7zg2540m5y_4w1k80000gn/T/"/>
    <property name="java.version" value="1.8.0_322"/>
    <property name="user.dir" value="/Users/gabrielaconde/Documents/Core/iOSCoreAutomation-master"/>
    <property name="os.arch" value="x86_64"/>
    <property name="java.vm.specification.name" value="Java Virtual Machine Specification"/>
    <property name="java.awt.printerjob" value="sun.lwawt.macosx.CPrinterJob"/>
    <property name="sun.os.patch.level" value="unknown"/>
    <property name="java.library.path" value="/Users/gabrielaconde/Library/Java/Extensions:/Library/Java/Extensions:/Network/Library/Java/Extensions:/System/Library/Java/Extensions:/usr/lib/java:."/>
    <property name="java.vm.info" value="mixed mode"/>
    <property name="java.vendor" value="Amazon.com Inc."/>
    <property name="java.vm.version" value="25.322-b06"/>
    <property name="java.ext.dirs" value="/Users/gabrielaconde/Library/Java/Extensions:/Users/gabrielaconde/Library/Java/JavaVirtualMachines/corretto-1.8.0_322/Contents/Home/jre/lib/ext:/Library/Java/Extensions:/Network/Library/Java/Extensions:/System/Library/Java/Extensions:/usr/lib/java"/>
    <property name="sun.io.unicode.encoding" value="UnicodeBig"/>
    <property name="java.class.version" value="52.0"/>
    <property name="socksNonProxyHosts" value="local|*.local|169.254/16|*.169.254/16"/>
    <property name="argLine" value="-DTest_NG_XML=allSuites.xml"/>
  </properties>
  <testcase name="disableAdExp" classname="testModules.bpage.NatBpageTests1" time="38.957"/>
  <testcase name="testSearchNativeBpage" classname="testModules.bpage.NatBpageTests1" time="16.88"/>
  <testcase name="verifyDataCategoryArePresent" classname="testModules.bpage.NatBpageTests1" time="0.559"/>
  <testcase name="verifyTitleIsPresent" classname="testModules.bpage.NatBpageTests1" time="0.935"/>
  <testcase name="verifySubTitleIsPresent" classname="testModules.bpage.NatBpageTests1" time="0.217"/>
  <testcase name="verifyAuthorInfoIsPresentOnBpage" classname="testModules.bpage.NatBpageTests1" time="1.203"/>
  <testcase name="verifyImagePresentOnBpage" classname="testModules.bpage.NatBpageTests1" time="0.791"/>
  <testcase name="tapImage" classname="testModules.bpage.NatBpageTests1" time="1.452"/>
  <testcase name="verifyShareButtonIsPresentOnMV" classname="testModules.bpage.NatBpageTests1" time="0.262"/>
  <testcase name="tapShareButtonOnMV" classname="testModules.bpage.NatBpageTests1" time="2.7"/>
  <testcase name="verifyDismissMV" classname="testModules.bpage.NatBpageTests1" time="1.243"/>
  <testcase name="tapInternalLink" classname="testModules.bpage.NatBpageTests1" time="8.341"/>
  <testcase name="verifyInternalLinkLoadsFine" classname="testModules.bpage.NatBpageTests1" time="4.512"/>
  <testcase name="verifyShareButtonIsPresent" classname="testModules.bpage.NatBpageTests1" time="0.413"/>
  <testcase name="tapShareButtonOnBpage" classname="testModules.bpage.NatBpageTests1" time="6.781"/>
  <testcase name="verifyMoreOnThisHeaderIsPresent" classname="testModules.bpage.NatBpageTests1" time="10.544"/>
  <testcase name="verifyMoreOnThisBpageIsPresent" classname="testModules.bpage.NatBpageTests1" time="0.487"/>
  <testcase name="verifyMoreOnThisBpage" classname="testModules.bpage.NatBpageTests1" time="66.052">
    <failure message="An element could not be located on the page using the given search parameters.&#10;For documentation on this error, please visit: https://www.seleniumhq.org/exceptions/no_such_element.html&#10;Build info: version: &apos;3.141.59&apos;, revision: &apos;e82be7d358&apos;, time: &apos;2018-11-14T08:17:03&apos;&#10;System info: host: &apos;Gabrielas-MBP.fibertel.com.ar&apos;, ip: &apos;fe80:0:0:0:c63:2f5c:70e7:fda1%en0&apos;, os.name: &apos;Mac OS X&apos;, os.arch: &apos;x86_64&apos;, os.version: &apos;13.5.1&apos;, java.version: &apos;1.8.0_322&apos;&#10;Driver info: io.appium.java_client.ios.IOSDriver&#10;Capabilities {app: /Users/gabrielaconde/Librar..., automationName: XCUITest, browserName: , databaseEnabled: false, deviceName: iPhone 14 Pro, fullReset: false, javascriptEnabled: true, locationContextEnabled: false, networkConnectionEnabled: false, noReset: true, platform: MAC, platformName: iOS, platformVersion: 16.4, shouldTerminateApp: true, takesScreenshot: true, udid: 06E2C02A-F2BA-45A6-8B24-98D..., webStorageEnabled: false}&#10;Session ID: 9685d8a9-4f8c-400b-bded-f1546933ad45&#10;*** Element info: {Using=xpath, value=//XCUIElementTypeCollectionView[@name=&quot;buzz-collectionview&quot;]/XCUIElementTypeCell[1]/XCUIElementTypeOther/XCUIElementTypeOther/XCUIElementTypeStaticText[2]}" type="org.openqa.selenium.NoSuchElementException">org.openqa.selenium.NoSuchElementException: 
An element could not be located on the page using the given search parameters.
For documentation on this error, please visit: https://www.seleniumhq.org/exceptions/no_such_element.html
Build info: version: '3.141.59', revision: 'e82be7d358', time: '2018-11-14T08:17:03'
System info: host: 'Gabrielas-MBP.fibertel.com.ar', ip: 'fe80:0:0:0:c63:2f5c:70e7:fda1%en0', os.name: 'Mac OS X', os.arch: 'x86_64', os.version: '13.5.1', java.version: '1.8.0_322'
Driver info: io.appium.java_client.ios.IOSDriver
Capabilities {app: /Users/gabrielaconde/Librar..., automationName: XCUITest, browserName: , databaseEnabled: false, deviceName: iPhone 14 Pro, fullReset: false, javascriptEnabled: true, locationContextEnabled: false, networkConnectionEnabled: false, noReset: true, platform: MAC, platformName: iOS, platformVersion: 16.4, shouldTerminateApp: true, takesScreenshot: true, udid: 06E2C02A-F2BA-45A6-8B24-98D..., webStorageEnabled: false}
Session ID: 9685d8a9-4f8c-400b-bded-f1546933ad45
*** Element info: {Using=xpath, value=//XCUIElementTypeCollectionView[@name="buzz-collectionview"]/XCUIElementTypeCell[1]/XCUIElementTypeOther/XCUIElementTypeOther/XCUIElementTypeStaticText[2]}
	at testModules.bpage.NatBpageTests1.verifyMoreOnThisBpage(NatBpageTests1.java:181)
</failure>
    <system-out><![CDATA[------------------------------------------------------
---Test: Verify tapping the first bpage from More On This section is loading---
Expected title to load after tapping bpage from More On this Section: 
'Simone Biles Explained Exactly What Happened During Her "Petrifying" Vault After Previously Saying She Could "Literally Die" If It Went Wrong'
Tapped first post on More On This section
]]></system-out>
  </testcase>
  <testcase name="validateRelatedContentHeader" classname="testModules.bpage.NatBpageTests1" time="6.001"/>
  <testcase name="validateRelatedContentItemDisplays" classname="testModules.bpage.NatBpageTests1" time="10.873"/>
  <testcase name="verifyMoreLikeThisBpageIsPresent" classname="testModules.bpage.NatBpageTests1" time="46.894"/>
  <testcase name="tapFirstMoreLikeThisBpage" classname="testModules.bpage.NatBpageTests1" time="57.33">
    <failure message="An element could not be located on the page using the given search parameters.&#10;For documentation on this error, please visit: https://www.seleniumhq.org/exceptions/no_such_element.html&#10;Build info: version: &apos;3.141.59&apos;, revision: &apos;e82be7d358&apos;, time: &apos;2018-11-14T08:17:03&apos;&#10;System info: host: &apos;Gabrielas-MBP.fibertel.com.ar&apos;, ip: &apos;fe80:0:0:0:c63:2f5c:70e7:fda1%en0&apos;, os.name: &apos;Mac OS X&apos;, os.arch: &apos;x86_64&apos;, os.version: &apos;13.5.1&apos;, java.version: &apos;1.8.0_322&apos;&#10;Driver info: io.appium.java_client.ios.IOSDriver&#10;Capabilities {app: /Users/gabrielaconde/Librar..., automationName: XCUITest, browserName: , databaseEnabled: false, deviceName: iPhone 14 Pro, fullReset: false, javascriptEnabled: true, locationContextEnabled: false, networkConnectionEnabled: false, noReset: true, platform: MAC, platformName: iOS, platformVersion: 16.4, shouldTerminateApp: true, takesScreenshot: true, udid: 06E2C02A-F2BA-45A6-8B24-98D..., webStorageEnabled: false}&#10;Session ID: 9685d8a9-4f8c-400b-bded-f1546933ad45&#10;*** Element info: {Using=xpath, value=//XCUIElementTypeCollectionView[@name=&quot;buzz-collectionview&quot;]/XCUIElementTypeCell[1]/XCUIElementTypeOther/XCUIElementTypeOther/XCUIElementTypeStaticText[2]}" type="org.openqa.selenium.NoSuchElementException">org.openqa.selenium.NoSuchElementException: 
An element could not be located on the page using the given search parameters.
For documentation on this error, please visit: https://www.seleniumhq.org/exceptions/no_such_element.html
Build info: version: '3.141.59', revision: 'e82be7d358', time: '2018-11-14T08:17:03'
System info: host: 'Gabrielas-MBP.fibertel.com.ar', ip: 'fe80:0:0:0:c63:2f5c:70e7:fda1%en0', os.name: 'Mac OS X', os.arch: 'x86_64', os.version: '13.5.1', java.version: '1.8.0_322'
Driver info: io.appium.java_client.ios.IOSDriver
Capabilities {app: /Users/gabrielaconde/Librar..., automationName: XCUITest, browserName: , databaseEnabled: false, deviceName: iPhone 14 Pro, fullReset: false, javascriptEnabled: true, locationContextEnabled: false, networkConnectionEnabled: false, noReset: true, platform: MAC, platformName: iOS, platformVersion: 16.4, shouldTerminateApp: true, takesScreenshot: true, udid: 06E2C02A-F2BA-45A6-8B24-98D..., webStorageEnabled: false}
Session ID: 9685d8a9-4f8c-400b-bded-f1546933ad45
*** Element info: {Using=xpath, value=//XCUIElementTypeCollectionView[@name="buzz-collectionview"]/XCUIElementTypeCell[1]/XCUIElementTypeOther/XCUIElementTypeOther/XCUIElementTypeStaticText[2]}
	at testModules.bpage.NatBpageTests1.tapFirstMoreLikeThisBpage(NatBpageTests1.java:237)
</failure>
    <system-out><![CDATA[------------------------------------------------------
---Test: Verify tapping bpage from 'More Like This' section---
Expected title to load after tapping bpage from More On this Section: 
'Channing Tatum Took Sandra Bullock For A Dip In The Pool To Celebrate Wrapping Filming On "Lost City Of D"'
Tapped first post on More On This section
]]></system-out>
  </testcase>
  <testcase name="verifyTrendingHeader" classname="testModules.bpage.NatBpageTests1" time="17.416"/>
  <testcase name="verifyTrendingBpageIsPresent" classname="testModules.bpage.NatBpageTests1" time="0.533"/>
  <testcase name="tapTrendingBpage" classname="testModules.bpage.NatBpageTests1" time="6.831"/>
  <testcase name="testSearchFallbackBpage" classname="testModules.bpage.NatBpageShoppingButtonsTests2" time="16.097"/>
  <testcase name="testBuyFromAmazonButtonIsPresent" classname="testModules.bpage.NatBpageShoppingButtonsTests2" time="7.73"/>
  <testcase name="testBuyFromAmazonButton" classname="testModules.bpage.NatBpageShoppingButtonsTests2" time="3.005"/>
  <testcase name="testBuyNowIsPresent" classname="testModules.bpage.NatBpageShoppingButtonsTests2" time="37.013"/>
  <testcase name="testBuyNowButton" classname="testModules.bpage.NatBpageShoppingButtonsTests2" time="3.744"/>
  <testcase name="testSearchIGYTNativeBpage" classname="testModules.bpage.NatBpageEmbedsTests3" time="16.748"/>
  <testcase name="testIGEmbedIsPresent" classname="testModules.bpage.NatBpageEmbedsTests3" time="11.009"/>
  <testcase name="testSearchYTVideoNativeBpage" classname="testModules.bpage.NatBpageEmbedsTests3" time="16.727"/>
  <testcase name="testPlayYTButtonIsPresent" classname="testModules.bpage.NatBpageEmbedsTests3" time="6.861"/>
  <testcase name="testSearchTwitterNativeBpage" classname="testModules.bpage.NatBpageEmbedsTests3" time="17.475"/>
  <testcase name="testTWEmbedIsPresent" classname="testModules.bpage.NatBpageEmbedsTests3" time="68.296">
    <failure message="An element could not be located on the page using the given search parameters.&#10;For documentation on this error, please visit: https://www.seleniumhq.org/exceptions/no_such_element.html&#10;Build info: version: &apos;3.141.59&apos;, revision: &apos;e82be7d358&apos;, time: &apos;2018-11-14T08:17:03&apos;&#10;System info: host: &apos;Gabrielas-MBP.fibertel.com.ar&apos;, ip: &apos;fe80:0:0:0:c63:2f5c:70e7:fda1%en0&apos;, os.name: &apos;Mac OS X&apos;, os.arch: &apos;x86_64&apos;, os.version: &apos;13.5.1&apos;, java.version: &apos;1.8.0_322&apos;&#10;Driver info: io.appium.java_client.ios.IOSDriver&#10;Capabilities {app: /Users/gabrielaconde/Librar..., automationName: XCUITest, browserName: , databaseEnabled: false, deviceName: iPhone 14 Pro, fullReset: false, javascriptEnabled: true, locationContextEnabled: false, networkConnectionEnabled: false, noReset: true, platform: MAC, platformName: iOS, platformVersion: 16.4, shouldTerminateApp: true, takesScreenshot: true, udid: 06E2C02A-F2BA-45A6-8B24-98D..., webStorageEnabled: false}&#10;Session ID: 9685d8a9-4f8c-400b-bded-f1546933ad45&#10;*** Element info: {Using=xpath, value=//XCUIElementTypeOther[@name=&quot;Video Attachment&quot;]}" type="org.openqa.selenium.NoSuchElementException">org.openqa.selenium.NoSuchElementException: 
An element could not be located on the page using the given search parameters.
For documentation on this error, please visit: https://www.seleniumhq.org/exceptions/no_such_element.html
Build info: version: '3.141.59', revision: 'e82be7d358', time: '2018-11-14T08:17:03'
System info: host: 'Gabrielas-MBP.fibertel.com.ar', ip: 'fe80:0:0:0:c63:2f5c:70e7:fda1%en0', os.name: 'Mac OS X', os.arch: 'x86_64', os.version: '13.5.1', java.version: '1.8.0_322'
Driver info: io.appium.java_client.ios.IOSDriver
Capabilities {app: /Users/gabrielaconde/Librar..., automationName: XCUITest, browserName: , databaseEnabled: false, deviceName: iPhone 14 Pro, fullReset: false, javascriptEnabled: true, locationContextEnabled: false, networkConnectionEnabled: false, noReset: true, platform: MAC, platformName: iOS, platformVersion: 16.4, shouldTerminateApp: true, takesScreenshot: true, udid: 06E2C02A-F2BA-45A6-8B24-98D..., webStorageEnabled: false}
Session ID: 9685d8a9-4f8c-400b-bded-f1546933ad45
*** Element info: {Using=xpath, value=//XCUIElementTypeOther[@name="Video Attachment"]}
	at testModules.bpage.NatBpageEmbedsTests3.testTWEmbedIsPresent(NatBpageEmbedsTests3.java:64)
</failure>
    <system-out><![CDATA[------------------------------------------------------
---Test: Verify Twitter embed is present---
starty = 766 , endy = 340 , startx = 196
]]></system-out>
  </testcase>
  <testcase name="testSearchIGVideoNativeBpage" classname="testModules.bpage.NatBpageEmbedsTests3" time="21.524"/>
  <testcase name="testSearchTikTokVideoNativeBpage" classname="testModules.bpage.NatBpageEmbedsTests3" time="18.189"/>
  <testcase name="testTikTokVideoIsPresent" classname="testModules.bpage.NatBpageEmbedsTests3" time="95.105"/>
  <testcase name="testSearchFallbackBpage" classname="testModules.bpage.FallBpageTests4" time="14.182"/>
  <testcase name="verifyTitleIsPresent" classname="testModules.bpage.FallBpageTests4" time="4.123"/>
  <testcase name="verifySubTitleIsPresent" classname="testModules.bpage.FallBpageTests4" time="0.604"/>
  <testcase name="verifyAuthorInfoIsPresentOnBpage" classname="testModules.bpage.FallBpageTests4" time="1.755"/>
  <testcase name="verifyShareButtonIsPresent" classname="testModules.bpage.FallBpageTests4" time="0.627"/>
  <testcase name="tapShareButtonOnBpage" classname="testModules.bpage.FallBpageTests4" time="3.984"/>
  <testcase name="verifyMoreOnThisHeaderIsPresent" classname="testModules.bpage.FallBpageTests4" time="12.775"/>
  <testcase name="verifyMoreOnThisBpageIsPresent" classname="testModules.bpage.FallBpageTests4" time="1.023"/>
  <testcase name="verifyMoreOnThisBpage" classname="testModules.bpage.FallBpageTests4" time="10.873"/>
  <testcase name="testSearchNativeBpage" classname="testModules.bpage.NatBpageCommentsTests7" time="19.51"/>
  <testcase name="verifyCommentsBtnIsPresent" classname="testModules.bpage.NatBpageCommentsTests7" time="3.91"/>
  <testcase name="addComment" classname="testModules.bpage.NatBpageCommentsTests7" time="3.409"/>
  <testcase name="verifyPostButtonIsPresent" classname="testModules.bpage.NatBpageCommentsTests7" time="0.473"/>
  <testcase name="tapPostButton" classname="testModules.bpage.NatBpageCommentsTests7" time="1.358"/>
  <testcase name="testEnterEmail" classname="testModules.bpage.NatBpageCommentsTests7" time="2.558"/>
  <testcase name="testEnterPassword" classname="testModules.bpage.NatBpageCommentsTests7" time="13.057"/>
  <testcase name="verifyMostHeartSectionIsPresent" classname="testModules.bpage.NatBpageCommentsTests7" time="2.468"/>
  <testcase name="verifyMostHeartSectionLoads" classname="testModules.bpage.NatBpageCommentsTests7" time="5.042"/>
  <testcase name="verifyMostRecentSectionIsPresent" classname="testModules.bpage.NatBpageCommentsTests7" time="1.475"/>
  <testcase name="verifyUserIsPresentOnMoreRecentSection" classname="testModules.bpage.NatBpageCommentsTests7" time="4.199"/>
  <testcase name="verifyCommentIsPresent" classname="testModules.bpage.NatBpageCommentsTests7" time="1.139"/>
  <testcase name="tapLikeCommentButton" classname="testModules.bpage.NatBpageCommentsTests7" time="0.975"/>
  <testcase name="verifyReplyButtonIsPresent" classname="testModules.bpage.NatBpageCommentsTests7" time="6.174"/>
  <testcase name="replyComment" classname="testModules.bpage.NatBpageCommentsTests7" time="4.236"/>
  <testcase name="verifyReplyCommentIsPresent" classname="testModules.bpage.NatBpageCommentsTests7" time="12.262"/>
</testsuite>