<?xml version="1.0" encoding="UTF-8"?>
<!-- Generated by org.testng.reporters.JUnitReportReporter -->
<testsuite skipped="0" hostname="Gabrielas-MBP.fibertel.com.ar" name="testModules.quizzes.quizzesTypes.QuizChecklistTests" tests="12" failures="0" timestamp="2022-11-29T16:54:16 ART" time="137.490" errors="0">
  <testcase name="testSearchInstantQuiz" time="15.215" classname="testModules.quizzes.quizzesTypes.QuizChecklistTests"/>
  <system-out/>
  <testcase name="testQuizTitleIsPresentAtBeginning" time="0.000" classname="testModules.quizzes.quizzesTypes.QuizChecklistTests"/>
  <system-out/>
  <testcase name="testMainImageIsPresent" time="50.463" classname="testModules.quizzes.quizzesTypes.QuizChecklistTests"/>
  <system-out/>
  <testcase name="testSubTextIsPresent" time="0.330" classname="testModules.quizzes.quizzesTypes.QuizChecklistTests"/>
  <system-out/>
  <testcase name="testAuthorInfoIsPresent" time="0.294" classname="testModules.quizzes.quizzesTypes.QuizChecklistTests"/>
  <system-out/>
  <testcase name="testPlayNowButton" time="1.612" classname="testModules.quizzes.quizzesTypes.QuizChecklistTests"/>
  <system-out/>
  <testcase name="testChoicesAreLoading" time="50.446" classname="testModules.quizzes.quizzesTypes.QuizChecklistTests"/>
  <system-out/>
  <testcase name="testTapChecklistChoice" time="4.768" classname="testModules.quizzes.quizzesTypes.QuizChecklistTests"/>
  <system-out/>
  <testcase name="testTapShowMeResults" time="0.824" classname="testModules.quizzes.quizzesTypes.QuizChecklistTests"/>
  <system-out/>
  <testcase name="testQuizTitleResultScreenIsPresent" time="1.209" classname="testModules.quizzes.quizzesTypes.QuizChecklistTests"/>
  <system-out/>
  <testcase name="testYouCheckedTextResultIsPresent" time="2.206" classname="testModules.quizzes.quizzesTypes.QuizChecklistTests"/>
  <system-out/>
  <testcase name="testResultsSubTab" time="10.123" classname="testModules.quizzes.quizzesTypes.QuizChecklistTests"/>
  <system-out/>
</testsuite> <!-- testModules.quizzes.quizzesTypes.QuizChecklistTests -->
