<?xml version="1.0" encoding="UTF-8"?>
<!-- Generated by org.testng.reporters.JUnitReportReporter -->
<testsuite skipped="0" hostname="Gabrielas-MBP.fibertel.com.ar" name="testModules.search.RecentSearchesTests2" tests="7" failures="0" timestamp="2023-06-15T19:18:26 ART" time="19.155" errors="0">
  <testcase name="testCancelButton" time="8.561" classname="testModules.search.RecentSearchesTests2"/>
  <system-out/>
  <testcase name="testRecentSearchesTitle" time="0.459" classname="testModules.search.RecentSearchesTests2"/>
  <system-out/>
  <testcase name="testRecentSearches" time="1.771" classname="testModules.search.RecentSearchesTests2"/>
  <system-out/>
  <testcase name="testSearchResults" time="3.510" classname="testModules.search.RecentSearchesTests2"/>
  <system-out/>
  <testcase name="testClearButton" time="3.124" classname="testModules.search.RecentSearchesTests2"/>
  <system-out/>
  <testcase name="testClearRecentSearchesButton" time="1.730" classname="testModules.search.RecentSearchesTests2"/>
  <system-out/>
  <testcase name="testRemoveRecent" time="0.000" classname="testModules.search.RecentSearchesTests2"/>
  <system-out/>
</testsuite> <!-- testModules.search.RecentSearchesTests2 -->
