<?xml version="1.0" encoding="UTF-8"?>
<!-- Generated by org.testng.reporters.JUnitReportReporter -->
<testsuite skipped="0" hostname="Gabrielas-MBP.fibertel.com.ar" name="testModules.bpage.NatBpageCommentsTests7" tests="14" failures="0" timestamp="2022-11-29T16:30:41 ART" time="50.048" errors="0">
  <testcase name="testSearchNativeBpage" time="13.865" classname="testModules.bpage.NatBpageCommentsTests7"/>
  <system-out/>
  <testcase name="verifyReadCommentsIsPresent" time="3.610" classname="testModules.bpage.NatBpageCommentsTests7"/>
  <system-out/>
  <testcase name="addComment" time="3.000" classname="testModules.bpage.NatBpageCommentsTests7"/>
  <system-out/>
  <testcase name="verifyPostButtonIsPresent" time="0.668" classname="testModules.bpage.NatBpageCommentsTests7"/>
  <system-out/>
  <testcase name="tapPostButton" time="1.188" classname="testModules.bpage.NatBpageCommentsTests7"/>
  <system-out/>
  <testcase name="verifyMostHeartSectionIsPresent" time="0.986" classname="testModules.bpage.NatBpageCommentsTests7"/>
  <system-out/>
  <testcase name="verifyMostHeartSectionLoads" time="4.512" classname="testModules.bpage.NatBpageCommentsTests7"/>
  <system-out/>
  <testcase name="verifyMostRecentSectionIsPresent" time="1.538" classname="testModules.bpage.NatBpageCommentsTests7"/>
  <system-out/>
  <testcase name="verifyUserIsPresentOnMoreRecentSection" time="3.082" classname="testModules.bpage.NatBpageCommentsTests7"/>
  <system-out/>
  <testcase name="verifyCommentIsPresent" time="1.498" classname="testModules.bpage.NatBpageCommentsTests7"/>
  <system-out/>
  <testcase name="tapLikeCommentButton" time="1.433" classname="testModules.bpage.NatBpageCommentsTests7"/>
  <system-out/>
  <testcase name="verifyReplyButtonIsPresent" time="5.627" classname="testModules.bpage.NatBpageCommentsTests7"/>
  <system-out/>
  <testcase name="replyComment" time="4.106" classname="testModules.bpage.NatBpageCommentsTests7"/>
  <system-out/>
  <testcase name="verifyReplyCommentIsPresent" time="4.935" classname="testModules.bpage.NatBpageCommentsTests7"/>
  <system-out/>
</testsuite> <!-- testModules.bpage.NatBpageCommentsTests7 -->
