<?xml version="1.0" encoding="UTF-8"?>
<!-- Generated by org.testng.reporters.JUnitReportReporter -->
<testsuite hostname="Gabrielas-MacBook-Pro.local" failures="0" tests="122" name="testModules.editions.AllEditionsLambda" time="619.255" errors="0" timestamp="2025-03-05T20:06:15 ART" skipped="0">
  <testcase classname="testModules.editions.AllEditionsLambda" name="testAustraliaEditionIsPresent" time="0.458"/>
  <system-out/>
  <testcase classname="testModules.editions.AllEditionsLambda" name="testAustraliaEditionIsPresent" time="0.380"/>
  <system-out/>
  <testcase classname="testModules.editions.AllEditionsLambda" name="testGoingNewsTab" time="4.285"/>
  <system-out/>
  <testcase classname="testModules.editions.AllEditionsLambda" name="testGoingNewsTab" time="4.731"/>
  <system-out/>
  <testcase classname="testModules.editions.AllEditionsLambda" name="testGoingToQuizzesTab" time="4.263"/>
  <system-out/>
  <testcase classname="testModules.editions.AllEditionsLambda" name="testGoingToQuizzesTab" time="4.402"/>
  <system-out/>
  <testcase classname="testModules.editions.AllEditionsLambda" name="testTapOnTrendingCategory" time="8.601"/>
  <system-out/>
  <testcase classname="testModules.editions.AllEditionsLambda" name="testTapOnTrendingCategory" time="8.617"/>
  <system-out/>
  <testcase classname="testModules.editions.AllEditionsLambda" name="testTapOnTriviaCategory" time="8.408"/>
  <system-out/>
  <testcase classname="testModules.editions.AllEditionsLambda" name="testTapOnTriviaCategory" time="8.770"/>
  <system-out/>
  <testcase classname="testModules.editions.AllEditionsLambda" name="testCanWeGuess" time="8.738"/>
  <system-out/>
  <testcase classname="testModules.editions.AllEditionsLambda" name="testCanWeGuess" time="8.520"/>
  <system-out/>
  <testcase classname="testModules.editions.AllEditionsLambda" name="testOnMore" time="4.215"/>
  <system-out/>
  <testcase classname="testModules.editions.AllEditionsLambda" name="testOnMore" time="4.507"/>
  <system-out/>
  <testcase classname="testModules.editions.AllEditionsLambda" name="testTapOnTaylorSwift" time="8.344"/>
  <system-out/>
  <testcase classname="testModules.editions.AllEditionsLambda" name="testTapOnTaylorSwift" time="8.639"/>
  <system-out/>
  <testcase classname="testModules.editions.AllEditionsLambda" name="testTapOnMarvel" time="8.682"/>
  <system-out/>
  <testcase classname="testModules.editions.AllEditionsLambda" name="testTapOnMarvel" time="8.545"/>
  <system-out/>
  <testcase classname="testModules.editions.AllEditionsLambda" name="testTapOnZodiac" time="8.297"/>
  <system-out/>
  <testcase classname="testModules.editions.AllEditionsLambda" name="testTapOnZodiac" time="8.787"/>
  <system-out/>
  <testcase classname="testModules.editions.AllEditionsLambda" name="testTapOnHarryPotter" time="8.491"/>
  <system-out/>
  <testcase classname="testModules.editions.AllEditionsLambda" name="testTapOnHarryPotter" time="8.727"/>
  <system-out/>
  <testcase classname="testModules.editions.AllEditionsLambda" name="testTapOnAnime" time="8.455"/>
  <system-out/>
  <testcase classname="testModules.editions.AllEditionsLambda" name="testTapOnAnime" time="8.606"/>
  <system-out/>
  <testcase classname="testModules.editions.AllEditionsLambda" name="testTapOnKPop" time="8.717"/>
  <system-out/>
  <testcase classname="testModules.editions.AllEditionsLambda" name="testTapOnKPop" time="8.814"/>
  <system-out/>
  <testcase classname="testModules.editions.AllEditionsLambda" name="testTapOnGeography" time="6.642"/>
  <system-out/>
  <testcase classname="testModules.editions.AllEditionsLambda" name="testTapOnGeography" time="6.925"/>
  <system-out/>
  <testcase classname="testModules.editions.AllEditionsLambda" name="testTapOnChecklist" time="8.803"/>
  <system-out/>
  <testcase classname="testModules.editions.AllEditionsLambda" name="testTapOnChecklist" time="8.529"/>
  <system-out/>
  <testcase classname="testModules.editions.AllEditionsLambda" name="tapGamesTab" time="2.324"/>
  <system-out/>
  <testcase classname="testModules.editions.AllEditionsLambda" name="tapGamesTab" time="2.661"/>
  <system-out/>
  <testcase classname="testModules.editions.AllEditionsLambda" name="testCanadaEditionIsPresent" time="0.410"/>
  <system-out/>
  <testcase classname="testModules.editions.AllEditionsLambda" name="testCanadaEditionIsPresent" time="0.513"/>
  <system-out/>
  <testcase classname="testModules.editions.AllEditionsLambda" name="testGoingNewsTabOnCanada" time="2.079"/>
  <system-out/>
  <testcase classname="testModules.editions.AllEditionsLambda" name="testGoingNewsTabOnCanada" time="2.302"/>
  <system-out/>
  <testcase classname="testModules.editions.AllEditionsLambda" name="testGoingToQuizzesTabOnCanada" time="4.353"/>
  <system-out/>
  <testcase classname="testModules.editions.AllEditionsLambda" name="testGoingToQuizzesTabOnCanada" time="4.590"/>
  <system-out/>
  <testcase classname="testModules.editions.AllEditionsLambda" name="testTapOnTrendingCategoryOnCanada" time="3.481"/>
  <system-out/>
  <testcase classname="testModules.editions.AllEditionsLambda" name="testTapOnTrendingCategoryOnCanada" time="3.467"/>
  <system-out/>
  <testcase classname="testModules.editions.AllEditionsLambda" name="testTapOnShowdownOnCanada" time="3.542"/>
  <system-out/>
  <testcase classname="testModules.editions.AllEditionsLambda" name="testTapOnShowdownOnCanada" time="3.371"/>
  <system-out/>
  <testcase classname="testModules.editions.AllEditionsLambda" name="testTapOnTriviaCategoryOnCanada" time="3.368"/>
  <system-out/>
  <testcase classname="testModules.editions.AllEditionsLambda" name="testTapOnTriviaCategoryOnCanada" time="3.631"/>
  <system-out/>
  <testcase classname="testModules.editions.AllEditionsLambda" name="testTapOnCanWeGuessCategory" time="3.437"/>
  <system-out/>
  <testcase classname="testModules.editions.AllEditionsLambda" name="testTapOnCanWeGuessCategory" time="3.394"/>
  <system-out/>
  <testcase classname="testModules.editions.AllEditionsLambda" name="testOnMoreOnCanada" time="3.379"/>
  <system-out/>
  <testcase classname="testModules.editions.AllEditionsLambda" name="testOnMoreOnCanada" time="3.268"/>
  <system-out/>
  <testcase classname="testModules.editions.AllEditionsLambda" name="testTapOnTaylorSwiftOnCanada" time="8.723"/>
  <system-out/>
  <testcase classname="testModules.editions.AllEditionsLambda" name="testTapOnTaylorSwiftOnCanada" time="8.625"/>
  <system-out/>
  <testcase classname="testModules.editions.AllEditionsLambda" name="testTapOnMarvelOnCanada" time="8.687"/>
  <system-out/>
  <testcase classname="testModules.editions.AllEditionsLambda" name="testTapOnMarvelOnCanada" time="8.476"/>
  <system-out/>
  <testcase classname="testModules.editions.AllEditionsLambda" name="testTapOnZodiacOnCanada" time="8.388"/>
  <system-out/>
  <testcase classname="testModules.editions.AllEditionsLambda" name="testTapOnZodiacOnCanada" time="8.782"/>
  <system-out/>
  <testcase classname="testModules.editions.AllEditionsLambda" name="testTapOnHarryPotterOnCanada" time="9.428"/>
  <system-out/>
  <testcase classname="testModules.editions.AllEditionsLambda" name="testTapOnHarryPotterOnCanada" time="8.698"/>
  <system-out/>
  <testcase classname="testModules.editions.AllEditionsLambda" name="testTapOnAnimeOnCanada" time="8.582"/>
  <system-out/>
  <testcase classname="testModules.editions.AllEditionsLambda" name="testTapOnAnimeOnCanada" time="8.704"/>
  <system-out/>
  <testcase classname="testModules.editions.AllEditionsLambda" name="testTapOnKPopOnCanada" time="8.495"/>
  <system-out/>
  <testcase classname="testModules.editions.AllEditionsLambda" name="testTapOnKPopOnCanada" time="8.704"/>
  <system-out/>
  <testcase classname="testModules.editions.AllEditionsLambda" name="testTapOnGeographyOnCanada" time="8.503"/>
  <system-out/>
  <testcase classname="testModules.editions.AllEditionsLambda" name="testTapOnGeographyOnCanada" time="8.709"/>
  <system-out/>
  <testcase classname="testModules.editions.AllEditionsLambda" name="testTapOnChecklistOnCanada" time="8.901"/>
  <system-out/>
  <testcase classname="testModules.editions.AllEditionsLambda" name="testTapOnChecklistOnCanada" time="8.598"/>
  <system-out/>
  <testcase classname="testModules.editions.AllEditionsLambda" name="tapGamesTabOnCanada" time="2.595"/>
  <system-out/>
  <testcase classname="testModules.editions.AllEditionsLambda" name="tapGamesTabOnCanada" time="2.867"/>
  <system-out/>
  <testcase classname="testModules.editions.AllEditionsLambda" name="testIndiaEditionIsPresent" time="0.384"/>
  <system-out/>
  <testcase classname="testModules.editions.AllEditionsLambda" name="testIndiaEditionIsPresent" time="0.511"/>
  <system-out/>
  <testcase classname="testModules.editions.AllEditionsLambda" name="testGoingNewsTabOnIndia" time="1.322"/>
  <system-out/>
  <testcase classname="testModules.editions.AllEditionsLambda" name="testGoingNewsTabOnIndia" time="1.373"/>
  <system-out/>
  <testcase classname="testModules.editions.AllEditionsLambda" name="testGoingToQuizzesTabOnJapan" time="4.366"/>
  <system-out/>
  <testcase classname="testModules.editions.AllEditionsLambda" name="testGoingToQuizzesTabOnJapan" time="4.229"/>
  <system-out/>
  <testcase classname="testModules.editions.AllEditionsLambda" name="testGoingToQuizzesTabOnIndia" time="1.299"/>
  <system-out/>
  <testcase classname="testModules.editions.AllEditionsLambda" name="testGoingToQuizzesTabOnIndia" time="1.320"/>
  <system-out/>
  <testcase classname="testModules.editions.AllEditionsLambda" name="testTapOnTrendingCategoryOnIndia" time="4.613"/>
  <system-out/>
  <testcase classname="testModules.editions.AllEditionsLambda" name="testTapOnTrendingCategoryOnIndia" time="4.608"/>
  <system-out/>
  <testcase classname="testModules.editions.AllEditionsLambda" name="tapGamesTabOnIndia" time="2.662"/>
  <system-out/>
  <testcase classname="testModules.editions.AllEditionsLambda" name="tapGamesTabOnIndia" time="2.660"/>
  <system-out/>
  <testcase classname="testModules.editions.AllEditionsLambda" name="testUKEditionIsPresent" time="0.370"/>
  <system-out/>
  <testcase classname="testModules.editions.AllEditionsLambda" name="testUKEditionIsPresent" time="0.431"/>
  <system-out/>
  <testcase classname="testModules.editions.AllEditionsLambda" name="testGoingNewsTabOnUK" time="1.268"/>
  <system-out/>
  <testcase classname="testModules.editions.AllEditionsLambda" name="testGoingNewsTabOnUK" time="1.309"/>
  <system-out/>
  <testcase classname="testModules.editions.AllEditionsLambda" name="testGoingToQuizzesTabOnUK" time="1.433"/>
  <system-out/>
  <testcase classname="testModules.editions.AllEditionsLambda" name="testGoingToQuizzesTabOnUK" time="1.331"/>
  <system-out/>
  <testcase classname="testModules.editions.AllEditionsLambda" name="testTapOnTrendingCategoryOnUK" time="4.642"/>
  <system-out/>
  <testcase classname="testModules.editions.AllEditionsLambda" name="testTapOnTrendingCategoryOnUK" time="4.503"/>
  <system-out/>
  <testcase classname="testModules.editions.AllEditionsLambda" name="testTapOnAIQuizzesOnUK" time="4.375"/>
  <system-out/>
  <testcase classname="testModules.editions.AllEditionsLambda" name="testTapOnAIQuizzesOnUK" time="4.777"/>
  <system-out/>
  <testcase classname="testModules.editions.AllEditionsLambda" name="testTapOnTriviaCategoryOnUK" time="4.607"/>
  <system-out/>
  <testcase classname="testModules.editions.AllEditionsLambda" name="testTapOnTriviaCategoryOnUK" time="4.462"/>
  <system-out/>
  <testcase classname="testModules.editions.AllEditionsLambda" name="testTapCanWeGuessOnUK" time="4.708"/>
  <system-out/>
  <testcase classname="testModules.editions.AllEditionsLambda" name="testTapCanWeGuessOnUK" time="4.585"/>
  <system-out/>
  <testcase classname="testModules.editions.AllEditionsLambda" name="testOnMoreOnUK" time="3.353"/>
  <system-out/>
  <testcase classname="testModules.editions.AllEditionsLambda" name="testOnMoreOnUK" time="3.276"/>
  <system-out/>
  <testcase classname="testModules.editions.AllEditionsLambda" name="testTapOnTaylorSwiftOnUK" time="7.173"/>
  <system-out/>
  <testcase classname="testModules.editions.AllEditionsLambda" name="testTapOnTaylorSwiftOnUK" time="6.784"/>
  <system-out/>
  <testcase classname="testModules.editions.AllEditionsLambda" name="testTapOnMarvelOnUK" time="5.018"/>
  <system-out/>
  <testcase classname="testModules.editions.AllEditionsLambda" name="testTapOnMarvelOnUK" time="4.606"/>
  <system-out/>
  <testcase classname="testModules.editions.AllEditionsLambda" name="testTapOnZodiacOnUK" time="6.552"/>
  <system-out/>
  <testcase classname="testModules.editions.AllEditionsLambda" name="testTapOnZodiacOnUK" time="6.475"/>
  <system-out/>
  <testcase classname="testModules.editions.AllEditionsLambda" name="testTapOnHarryPotterOnUK" time="6.528"/>
  <system-out/>
  <testcase classname="testModules.editions.AllEditionsLambda" name="testTapOnHarryPotterOnUK" time="6.863"/>
  <system-out/>
  <testcase classname="testModules.editions.AllEditionsLambda" name="testTapOnAnimeOnUK" time="6.365"/>
  <system-out/>
  <testcase classname="testModules.editions.AllEditionsLambda" name="testTapOnAnimeOnUK" time="7.676"/>
  <system-out/>
  <testcase classname="testModules.editions.AllEditionsLambda" name="testTapOnKPopOnUK" time="6.717"/>
  <system-out/>
  <testcase classname="testModules.editions.AllEditionsLambda" name="testTapOnKPopOnUK" time="6.563"/>
  <system-out/>
  <testcase classname="testModules.editions.AllEditionsLambda" name="testTapOnGeographyOnUK" time="6.478"/>
  <system-out/>
  <testcase classname="testModules.editions.AllEditionsLambda" name="testTapOnGeographyOnUK" time="6.795"/>
  <system-out/>
  <testcase classname="testModules.editions.AllEditionsLambda" name="testTapOnChecklistOnUK" time="7.171"/>
  <system-out/>
  <testcase classname="testModules.editions.AllEditionsLambda" name="testTapOnChecklistOnUK" time="6.603"/>
  <system-out/>
  <testcase classname="testModules.editions.AllEditionsLambda" name="tapGamesTabOnUk" time="4.610"/>
  <system-out/>
  <testcase classname="testModules.editions.AllEditionsLambda" name="tapGamesTabOnUk" time="4.914"/>
  <system-out/>
  <testcase classname="testModules.editions.AllEditionsLambda" name="testLatamEditionIsPresent" time="3.586"/>
  <system-out/>
  <testcase classname="testModules.editions.AllEditionsLambda" name="testLatamEditionIsPresent" time="3.357"/>
  <system-out/>
  <testcase classname="testModules.editions.AllEditionsLambda" name="testLoUltimoSubTab" time="0.001"/>
  <system-out/>
  <testcase classname="testModules.editions.AllEditionsLambda" name="testLoUltimoSubTab" time="0.000"/>
  <system-out/>
  <testcase classname="testModules.editions.AllEditionsLambda" name="testTendenciasSubTab" time="0.510"/>
  <system-out/>
  <testcase classname="testModules.editions.AllEditionsLambda" name="testTendenciasSubTab" time="0.364"/>
  <system-out/>
  <testcase classname="testModules.editions.AllEditionsLambda" name="testJapanEditionIsPresent" time="3.358"/>
  <system-out/>
  <testcase classname="testModules.editions.AllEditionsLambda" name="testJapanEditionIsPresent" time="3.586"/>
  <system-out/>
  <testcase classname="testModules.editions.AllEditionsLambda" name="testShoppingTab" time="0.529"/>
  <system-out/>
  <testcase classname="testModules.editions.AllEditionsLambda" name="testShoppingTab" time="0.363"/>
  <system-out/>
</testsuite> <!-- testModules.editions.AllEditionsLambda -->
