<?xml version="1.0" encoding="UTF-8"?>
<!-- Generated by org.testng.reporters.JUnitReportReporter -->
<testsuite skipped="0" hostname="Gabrielas-MBP.fibertel.com.ar" name="testModules.profile.WishlistTests3" tests="11" failures="0" timestamp="2023-06-15T20:50:32 ART" time="350.337" errors="0">
  <testcase name="testWishlistTab" time="1.051" classname="testModules.profile.WishlistTests3"/>
  <system-out/>
  <testcase name="testWishlistEmpty" time="0.000" classname="testModules.profile.WishlistTests3"/>
  <system-out/>
  <testcase name="testExploreButton" time="0.144" classname="testModules.profile.WishlistTests3"/>
  <system-out/>
  <testcase name="testAddToWishlist" time="21.472" classname="testModules.profile.WishlistTests3"/>
  <system-out/>
  <testcase name="testAddedToWishlist" time="146.397" classname="testModules.profile.WishlistTests3"/>
  <system-out/>
  <testcase name="testGetItButton" time="2.829" classname="testModules.profile.WishlistTests3"/>
  <system-out/>
  <testcase name="testCancelButton" time="2.620" classname="testModules.profile.WishlistTests3"/>
  <system-out/>
  <testcase name="testRemoveFromWishlist" time="34.135" classname="testModules.profile.WishlistTests3"/>
  <system-out/>
  <testcase name="testWishlistAfterRemoval" time="0.141" classname="testModules.profile.WishlistTests3"/>
  <system-out/>
  <testcase name="testAddingOneItemToWishList" time="0.099" classname="testModules.profile.WishlistTests3"/>
  <system-out/>
  <testcase name="testVerifySingleItemAdded" time="141.449" classname="testModules.profile.WishlistTests3"/>
  <system-out/>
</testsuite> <!-- testModules.profile.WishlistTests3 -->
