<?xml version="1.0" encoding="UTF-8"?>
<!-- Generated by org.testng.reporters.JUnitReportReporter -->
<testsuite skipped="31" hostname="Gabrielas-MBP.fibertel.com.ar" name="testModules.editions.AustraliaEditionTests" tests="32" failures="0" timestamp="2023-06-15T18:40:26 ART" time="4.570" errors="1">
  <testcase name="testAustraliaEditionIsPresent" time="0.000" classname="testModules.editions.AustraliaEditionTests">
    <skipped/>
  </testcase> <!-- testAustraliaEditionIsPresent -->
  <system-out/>
  <testcase name="onboarding" time="4.570" classname="testModules.editions.AustraliaEditionTests">
    <error type="org.openqa.selenium.NoSuchElementException" message="An element could not be located on the page using the given search parameters.
For documentation on this error, please visit: https://www.seleniumhq.org/exceptions/no_such_element.html
Build info: version: &#039;3.141.59&#039;, revision: &#039;e82be7d358&#039;, time: &#039;2018-11-14T08:17:03&#039;
System info: host: &#039;Gabrielas-MBP.fibertel.com.ar&#039;, ip: &#039;fe80:0:0:0:18d9:797c:eb6f:f93e%en0&#039;, os.name: &#039;Mac OS X&#039;, os.arch: &#039;x86_64&#039;, os.version: &#039;13.3.1&#039;, java.version: &#039;1.8.0_322&#039;
Driver info: io.appium.java_client.ios.IOSDriver
Capabilities {app: /Users/gabrielaconde/Librar..., automationName: XCUITest, browserName: , databaseEnabled: false, deviceName: iPhone 14 Pro, fullReset: false, javascriptEnabled: true, locationContextEnabled: false, networkConnectionEnabled: false, noReset: true, platform: MAC, platformName: iOS, platformVersion: 16.4, shouldTerminateApp: true, takesScreenshot: true, udid: 06E2C02A-F2BA-45A6-8B24-98D..., webStorageEnabled: false}
Session ID: 7454328d-0bae-4b6e-96a2-edc5be2882a9
*** Element info: {Using=accessibility id, value=Profile}">
      <![CDATA[org.openqa.selenium.NoSuchElementException: An element could not be located on the page using the given search parameters.
For documentation on this error, please visit: https://www.seleniumhq.org/exceptions/no_such_element.html
Build info: version: '3.141.59', revision: 'e82be7d358', time: '2018-11-14T08:17:03'
System info: host: 'Gabrielas-MBP.fibertel.com.ar', ip: 'fe80:0:0:0:18d9:797c:eb6f:f93e%en0', os.name: 'Mac OS X', os.arch: 'x86_64', os.version: '13.3.1', java.version: '1.8.0_322'
Driver info: io.appium.java_client.ios.IOSDriver
Capabilities {app: /Users/gabrielaconde/Librar..., automationName: XCUITest, browserName: , databaseEnabled: false, deviceName: iPhone 14 Pro, fullReset: false, javascriptEnabled: true, locationContextEnabled: false, networkConnectionEnabled: false, noReset: true, platform: MAC, platformName: iOS, platformVersion: 16.4, shouldTerminateApp: true, takesScreenshot: true, udid: 06E2C02A-F2BA-45A6-8B24-98D..., webStorageEnabled: false}
Session ID: 7454328d-0bae-4b6e-96a2-edc5be2882a9
*** Element info: {Using=accessibility id, value=Profile}
at sun.reflect.NativeConstructorAccessorImpl.newInstance0(Native Method)
at sun.reflect.NativeConstructorAccessorImpl.newInstance(NativeConstructorAccessorImpl.java:62)
at sun.reflect.DelegatingConstructorAccessorImpl.newInstance(DelegatingConstructorAccessorImpl.java:45)
at java.lang.reflect.Constructor.newInstance(Constructor.java:423)
at org.openqa.selenium.remote.http.W3CHttpResponseCodec.createException(W3CHttpResponseCodec.java:187)
at org.openqa.selenium.remote.http.W3CHttpResponseCodec.decode(W3CHttpResponseCodec.java:122)
at org.openqa.selenium.remote.http.W3CHttpResponseCodec.decode(W3CHttpResponseCodec.java:49)
at org.openqa.selenium.remote.HttpCommandExecutor.execute(HttpCommandExecutor.java:158)
at io.appium.java_client.remote.AppiumCommandExecutor.execute(AppiumCommandExecutor.java:239)
at org.openqa.selenium.remote.RemoteWebDriver.execute(RemoteWebDriver.java:552)
at io.appium.java_client.DefaultGenericMobileDriver.execute(DefaultGenericMobileDriver.java:42)
at io.appium.java_client.AppiumDriver.execute(AppiumDriver.java:1)
at io.appium.java_client.ios.IOSDriver.execute(IOSDriver.java:1)
at org.openqa.selenium.remote.RemoteWebDriver.findElement(RemoteWebDriver.java:323)
at io.appium.java_client.DefaultGenericMobileDriver.findElement(DefaultGenericMobileDriver.java:62)
at io.appium.java_client.AppiumDriver.findElement(AppiumDriver.java:1)
at io.appium.java_client.ios.IOSDriver.findElement(IOSDriver.java:1)
at io.appium.java_client.FindsByAccessibilityId.findElementByAccessibilityId(FindsByAccessibilityId.java:37)
at io.appium.java_client.MobileBy$ByAccessibilityId.findElement(MobileBy.java:342)
at org.openqa.selenium.remote.RemoteWebDriver.findElement(RemoteWebDriver.java:315)
at io.appium.java_client.DefaultGenericMobileDriver.findElement(DefaultGenericMobileDriver.java:58)
at io.appium.java_client.AppiumDriver.findElement(AppiumDriver.java:1)
at io.appium.java_client.ios.IOSDriver.findElement(IOSDriver.java:1)
at config.pages.CommonPage.tapProfileButton(CommonPage.java:425)
at config.pages.settings.SettingsSetupPage.gotoSettings(SettingsSetupPage.java:126)
at config.pages.settings.SettingsSetupPage.editAdFeatureFlag(SettingsSetupPage.java:130)
at config.pages.settings.SettingsSetupPage.disableAdExp(SettingsSetupPage.java:175)
at testModules.editions.AustraliaEditionTests.onboarding(AustraliaEditionTests.java:23)
at sun.reflect.NativeMethodAccessorImpl.invoke0(Native Method)
at sun.reflect.NativeMethodAccessorImpl.invoke(NativeMethodAccessorImpl.java:62)
at sun.reflect.DelegatingMethodAccessorImpl.invoke(DelegatingMethodAccessorImpl.java:43)
at java.lang.reflect.Method.invoke(Method.java:498)
at org.testng.internal.MethodInvocationHelper.invokeMethod(MethodInvocationHelper.java:133)
at org.testng.internal.MethodInvocationHelper.invokeMethodConsideringTimeout(MethodInvocationHelper.java:62)
at org.testng.internal.ConfigInvoker.invokeConfigurationMethod(ConfigInvoker.java:385)
at org.testng.internal.ConfigInvoker.invokeConfigurations(ConfigInvoker.java:321)
at org.testng.internal.TestMethodWorker.invokeBeforeClassMethods(TestMethodWorker.java:176)
at org.testng.internal.TestMethodWorker.run(TestMethodWorker.java:122)
at java.util.ArrayList.forEach(ArrayList.java:1259)
at org.testng.TestRunner.privateRun(TestRunner.java:794)
at org.testng.TestRunner.run(TestRunner.java:596)
at org.testng.SuiteRunner.runTest(SuiteRunner.java:377)
at org.testng.SuiteRunner.runSequentially(SuiteRunner.java:371)
at org.testng.SuiteRunner.privateRun(SuiteRunner.java:332)
at org.testng.SuiteRunner.run(SuiteRunner.java:276)
at org.testng.SuiteRunnerWorker.runSuite(SuiteRunnerWorker.java:53)
at org.testng.SuiteRunnerWorker.run(SuiteRunnerWorker.java:96)
at org.testng.TestNG.runSuitesSequentially(TestNG.java:1212)
at org.testng.TestNG.runSuitesSequentially(TestNG.java:1207)
at org.testng.TestNG.runSuitesLocally(TestNG.java:1134)
at org.testng.TestNG.runSuites(TestNG.java:1063)
at org.testng.TestNG.run(TestNG.java:1031)
at org.apache.maven.surefire.testng.TestNGExecutor.run(TestNGExecutor.java:283)
at org.apache.maven.surefire.testng.TestNGXmlTestSuite.execute(TestNGXmlTestSuite.java:75)
at org.apache.maven.surefire.testng.TestNGProvider.invoke(TestNGProvider.java:120)
at org.apache.maven.surefire.booter.ForkedBooter.invokeProviderInSameClassLoader(ForkedBooter.java:383)
at org.apache.maven.surefire.booter.ForkedBooter.runSuitesInProcess(ForkedBooter.java:344)
at org.apache.maven.surefire.booter.ForkedBooter.execute(ForkedBooter.java:125)
at org.apache.maven.surefire.booter.ForkedBooter.main(ForkedBooter.java:417)
]]>
    </error>
  </testcase> <!-- onboarding -->
  <system-out/>
  <testcase name="testLatestSubTab" time="0.000" classname="testModules.editions.AustraliaEditionTests">
    <skipped/>
  </testcase> <!-- testLatestSubTab -->
  <system-out/>
  <testcase name="testTrendingSubTab" time="0.000" classname="testModules.editions.AustraliaEditionTests">
    <skipped/>
  </testcase> <!-- testTrendingSubTab -->
  <system-out/>
  <testcase name="testRecentlyViewedSubTab" time="0.000" classname="testModules.editions.AustraliaEditionTests">
    <skipped/>
  </testcase> <!-- testRecentlyViewedSubTab -->
  <system-out/>
  <testcase name="testShowsSubTab" time="0.000" classname="testModules.editions.AustraliaEditionTests">
    <skipped/>
  </testcase> <!-- testShowsSubTab -->
  <system-out/>
  <testcase name="testVideosSubTab" time="0.000" classname="testModules.editions.AustraliaEditionTests">
    <skipped/>
  </testcase> <!-- testVideosSubTab -->
  <system-out/>
  <testcase name="testAIQuizzesTab" time="0.000" classname="testModules.editions.AustraliaEditionTests">
    <skipped/>
  </testcase> <!-- testAIQuizzesTab -->
  <system-out/>
  <testcase name="tapOnMore1" time="0.000" classname="testModules.editions.AustraliaEditionTests">
    <skipped/>
  </testcase> <!-- tapOnMore1 -->
  <system-out/>
  <testcase name="testEntertainmentSubTab" time="0.000" classname="testModules.editions.AustraliaEditionTests">
    <skipped/>
  </testcase> <!-- testEntertainmentSubTab -->
  <system-out/>
  <testcase name="testAnimalsSubTab" time="0.000" classname="testModules.editions.AustraliaEditionTests">
    <skipped/>
  </testcase> <!-- testAnimalsSubTab -->
  <system-out/>
  <testcase name="testBooksSubTab" time="0.000" classname="testModules.editions.AustraliaEditionTests">
    <skipped/>
  </testcase> <!-- testBooksSubTab -->
  <system-out/>
  <testcase name="testCelebritySubTab" time="0.000" classname="testModules.editions.AustraliaEditionTests">
    <skipped/>
  </testcase> <!-- testCelebritySubTab -->
  <system-out/>
  <testcase name="testFoodSubTab" time="0.000" classname="testModules.editions.AustraliaEditionTests">
    <skipped/>
  </testcase> <!-- testFoodSubTab -->
  <system-out/>
  <testcase name="testCommunitySubTab" time="0.000" classname="testModules.editions.AustraliaEditionTests">
    <skipped/>
  </testcase> <!-- testCommunitySubTab -->
  <system-out/>
  <testcase name="testMusicSubTab" time="0.000" classname="testModules.editions.AustraliaEditionTests">
    <skipped/>
  </testcase> <!-- testMusicSubTab -->
  <system-out/>
  <testcase name="testNiftySubTab" time="0.000" classname="testModules.editions.AustraliaEditionTests">
    <skipped/>
  </testcase> <!-- testNiftySubTab -->
  <system-out/>
  <testcase name="testParentsSubTab" time="0.000" classname="testModules.editions.AustraliaEditionTests">
    <skipped/>
  </testcase> <!-- testParentsSubTab -->
  <system-out/>
  <testcase name="testRewindSubTab" time="0.000" classname="testModules.editions.AustraliaEditionTests">
    <skipped/>
  </testcase> <!-- testRewindSubTab -->
  <system-out/>
  <testcase name="testStyleSubTab" time="0.000" classname="testModules.editions.AustraliaEditionTests">
    <skipped/>
  </testcase> <!-- testStyleSubTab -->
  <system-out/>
  <testcase name="testTravelHomeSubTab" time="0.000" classname="testModules.editions.AustraliaEditionTests">
    <skipped/>
  </testcase> <!-- testTravelHomeSubTab -->
  <system-out/>
  <testcase name="testGoingNewsTab" time="0.000" classname="testModules.editions.AustraliaEditionTests">
    <skipped/>
  </testcase> <!-- testGoingNewsTab -->
  <system-out/>
  <testcase name="tapFstNewsCell" time="0.000" classname="testModules.editions.AustraliaEditionTests">
    <skipped/>
  </testcase> <!-- tapFstNewsCell -->
  <system-out/>
  <testcase name="testGoingShoppingTab" time="0.000" classname="testModules.editions.AustraliaEditionTests">
    <skipped/>
  </testcase> <!-- testGoingShoppingTab -->
  <system-out/>
  <testcase name="testGoingToQuizzesTab" time="0.000" classname="testModules.editions.AustraliaEditionTests">
    <skipped/>
  </testcase> <!-- testGoingToQuizzesTab -->
  <system-out/>
  <testcase name="testTapOnTrendingCategory" time="0.000" classname="testModules.editions.AustraliaEditionTests">
    <skipped/>
  </testcase> <!-- testTapOnTrendingCategory -->
  <system-out/>
  <testcase name="testTapOnResultsCategory" time="0.000" classname="testModules.editions.AustraliaEditionTests">
    <skipped/>
  </testcase> <!-- testTapOnResultsCategory -->
  <system-out/>
  <testcase name="testTapOnTriviaCategory" time="0.000" classname="testModules.editions.AustraliaEditionTests">
    <skipped/>
  </testcase> <!-- testTapOnTriviaCategory -->
  <system-out/>
  <testcase name="testCanWeGuess" time="0.000" classname="testModules.editions.AustraliaEditionTests">
    <skipped/>
  </testcase> <!-- testCanWeGuess -->
  <system-out/>
  <testcase name="testTapMatchups" time="0.000" classname="testModules.editions.AustraliaEditionTests">
    <skipped/>
  </testcase> <!-- testTapMatchups -->
  <system-out/>
  <testcase name="tapGamesTab" time="0.000" classname="testModules.editions.AustraliaEditionTests">
    <skipped/>
  </testcase> <!-- tapGamesTab -->
  <system-out/>
  <testcase name="testFail" time="0.000" classname="testModules.editions.AustraliaEditionTests">
    <skipped/>
  </testcase> <!-- testFail -->
  <system-out/>
</testsuite> <!-- testModules.editions.AustraliaEditionTests -->
