<?xml version="1.0" encoding="UTF-8"?>
<!-- Generated by org.testng.reporters.JUnitReportReporter -->
<testsuite hostname="Gabrielas-MBP.fibertel.com.ar" failures="0" tests="26" name="testModules.bpage.NatBpageTests1" time="215.950" errors="0" timestamp="2024-09-05T18:09:49 ART" skipped="0">
  <testcase classname="testModules.bpage.NatBpageTests1" name="testSearchNativeBpage" time="27.411"/>
  <system-out/>
  <testcase classname="testModules.bpage.NatBpageTests1" name="testSearchNativeBpage" time="27.774"/>
  <system-out/>
  <testcase classname="testModules.bpage.NatBpageTests1" name="verifyDataCategoryArePresent" time="0.001"/>
  <system-out/>
  <testcase classname="testModules.bpage.NatBpageTests1" name="verifyDataCategoryArePresent" time="0.001"/>
  <system-out/>
  <testcase classname="testModules.bpage.NatBpageTests1" name="verifyTitleIsPresent" time="1.577"/>
  <system-out/>
  <testcase classname="testModules.bpage.NatBpageTests1" name="verifyTitleIsPresent" time="1.162"/>
  <system-out/>
  <testcase classname="testModules.bpage.NatBpageTests1" name="verifySubTitleIsPresent" time="1.176"/>
  <system-out/>
  <testcase classname="testModules.bpage.NatBpageTests1" name="verifySubTitleIsPresent" time="0.872"/>
  <system-out/>
  <testcase classname="testModules.bpage.NatBpageTests1" name="verifyAuthorInfoIsPresentOnBpage" time="2.199"/>
  <system-out/>
  <testcase classname="testModules.bpage.NatBpageTests1" name="verifyAuthorInfoIsPresentOnBpage" time="2.034"/>
  <system-out/>
  <testcase classname="testModules.bpage.NatBpageTests1" name="verifyImagePresentOnBpage" time="0.945"/>
  <system-out/>
  <testcase classname="testModules.bpage.NatBpageTests1" name="verifyImagePresentOnBpage" time="0.938"/>
  <system-out/>
  <testcase classname="testModules.bpage.NatBpageTests1" name="tapImage" time="1.300"/>
  <system-out/>
  <testcase classname="testModules.bpage.NatBpageTests1" name="tapImage" time="1.458"/>
  <system-out/>
  <testcase classname="testModules.bpage.NatBpageTests1" name="verifyShareButtonIsPresentOnMV" time="0.905"/>
  <system-out/>
  <testcase classname="testModules.bpage.NatBpageTests1" name="verifyShareButtonIsPresentOnMV" time="1.034"/>
  <system-out/>
  <testcase classname="testModules.bpage.NatBpageTests1" name="tapShareButtonOnMV" time="2.111"/>
  <system-out/>
  <testcase classname="testModules.bpage.NatBpageTests1" name="tapShareButtonOnMV" time="3.452"/>
  <system-out/>
  <testcase classname="testModules.bpage.NatBpageTests1" name="verifyDismissMV" time="14.341"/>
  <system-out/>
  <testcase classname="testModules.bpage.NatBpageTests1" name="verifyDismissMV" time="11.234"/>
  <system-out/>
  <testcase classname="testModules.bpage.NatBpageTests1" name="testSearchFallbackBpage" time="7.836"/>
  <system-out/>
  <testcase classname="testModules.bpage.NatBpageTests1" name="testSearchFallbackBpage" time="41.337"/>
  <system-out/>
  <testcase classname="testModules.bpage.NatBpageTests1" name="testBuyFromAmazonButtonIsPresent" time="1.703"/>
  <system-out/>
  <testcase classname="testModules.bpage.NatBpageTests1" name="testBuyFromAmazonButtonIsPresent" time="3.332"/>
  <system-out/>
  <testcase classname="testModules.bpage.NatBpageTests1" name="testBuyFromAmazonButton" time="55.082"/>
  <system-out/>
  <testcase classname="testModules.bpage.NatBpageTests1" name="testBuyFromAmazonButton" time="4.735"/>
  <system-out/>
</testsuite> <!-- testModules.bpage.NatBpageTests1 -->
