<?xml version="1.0" encoding="UTF-8"?>
<!-- Generated by org.testng.reporters.JUnitReportReporter -->
<testsuite skipped="0" hostname="Gabrielas-MBP.fibertel.com.ar" name="testModules.profile.RecentlyViewedTests7" tests="1" failures="0" timestamp="2022-09-27T21:58:06 ART" time="22.338" errors="0">
  <testcase name="testRecentlyViewedBapge" time="22.338" classname="testModules.profile.RecentlyViewedTests7"/>
  <system-out/>
</testsuite> <!-- testModules.profile.RecentlyViewedTests7 -->
