<?xml version="1.0" encoding="UTF-8"?>
<!-- Generated by org.testng.reporters.JUnitReportReporter -->
<testsuite skipped="0" hostname="Gabrielas-MBP.fibertel.com.ar" name="testModules.profile.BFHeaderTests1" tests="11" failures="0" timestamp="2023-09-05T20:20:03 ART" time="51.953" errors="0">
  <testcase name="testDisplayName" time="0.180" classname="testModules.profile.BFHeaderTests1"/>
  <system-out/>
  <testcase name="testEditProfileButton" time="1.019" classname="testModules.profile.BFHeaderTests1"/>
  <system-out/>
  <testcase name="testEditDisplayNameButton" time="1.121" classname="testModules.profile.BFHeaderTests1"/>
  <system-out/>
  <testcase name="testEditDisplayName" time="10.766" classname="testModules.profile.BFHeaderTests1"/>
  <system-out/>
  <testcase name="testNewDisplayName" time="0.358" classname="testModules.profile.BFHeaderTests1"/>
  <system-out/>
  <testcase name="testChangeBackDisplayName" time="12.096" classname="testModules.profile.BFHeaderTests1"/>
  <system-out/>
  <testcase name="testEditUsernameButton" time="1.919" classname="testModules.profile.BFHeaderTests1"/>
  <system-out/>
  <testcase name="testEditUsernameModal" time="7.836" classname="testModules.profile.BFHeaderTests1"/>
  <system-out/>
  <testcase name="testUpdateProfilePhoto" time="1.935" classname="testModules.profile.BFHeaderTests1"/>
  <system-out/>
  <testcase name="testDeleteProfilePhoto" time="4.135" classname="testModules.profile.BFHeaderTests1"/>
  <system-out/>
  <testcase name="testAddProfilePhoto" time="10.588" classname="testModules.profile.BFHeaderTests1"/>
  <system-out/>
</testsuite> <!-- testModules.profile.BFHeaderTests1 -->
