<?xml version="1.0" encoding="UTF-8"?>
<!-- Generated by org.testng.reporters.JUnitReportReporter -->
<testsuite skipped="0" hostname="Gabrielas-MBP.fibertel.com.ar" name="testModules.editions.UKEditionTests" tests="35" failures="0" timestamp="2022-06-29T10:14:02 ART" time="444.672" errors="0">
  <testcase name="testUKEditionIsPresent" time="13.736" classname="testModules.editions.UKEditionTests"/>
  <system-out/>
  <testcase name="testLatestSubTab" time="1.829" classname="testModules.editions.UKEditionTests"/>
  <system-out/>
  <testcase name="testVideosSubTab" time="4.695" classname="testModules.editions.UKEditionTests"/>
  <system-out/>
  <testcase name="testTrendingSubTab" time="4.675" classname="testModules.editions.UKEditionTests"/>
  <system-out/>
  <testcase name="testShowsSubTab" time="1.754" classname="testModules.editions.UKEditionTests"/>
  <system-out/>
  <testcase name="testAnimalsSubTab" time="7.821" classname="testModules.editions.UKEditionTests"/>
  <system-out/>
  <testcase name="testCelebritySubTab" time="8.224" classname="testModules.editions.UKEditionTests"/>
  <system-out/>
  <testcase name="testBooksSubTab" time="13.238" classname="testModules.editions.UKEditionTests"/>
  <system-out/>
  <testcase name="testCommunitySubTab" time="9.581" classname="testModules.editions.UKEditionTests"/>
  <system-out/>
  <testcase name="testFoodSubTab" time="9.345" classname="testModules.editions.UKEditionTests"/>
  <system-out/>
  <testcase name="testHealthSubTab" time="10.587" classname="testModules.editions.UKEditionTests"/>
  <system-out/>
  <testcase name="testMusicSubTab" time="19.903" classname="testModules.editions.UKEditionTests"/>
  <system-out/>
  <testcase name="testNiftySubTab" time="16.000" classname="testModules.editions.UKEditionTests"/>
  <system-out/>
  <testcase name="testParentsSubTab" time="11.877" classname="testModules.editions.UKEditionTests"/>
  <system-out/>
  <testcase name="testRewindSubTab" time="12.769" classname="testModules.editions.UKEditionTests"/>
  <system-out/>
  <testcase name="testStyleSubTab" time="13.207" classname="testModules.editions.UKEditionTests"/>
  <system-out/>
  <testcase name="testTravelSubTab" time="13.495" classname="testModules.editions.UKEditionTests"/>
  <system-out/>
  <testcase name="testGoingNewsTab" time="2.537" classname="testModules.editions.UKEditionTests"/>
  <system-out/>
  <testcase name="testHealthNewsSubTab" time="4.744" classname="testModules.editions.UKEditionTests"/>
  <system-out/>
  <testcase name="testCultureSubTab" time="13.178" classname="testModules.editions.UKEditionTests"/>
  <system-out/>
  <testcase name="testTechSubTab" time="14.980" classname="testModules.editions.UKEditionTests"/>
  <system-out/>
  <testcase name="testWorldSubTab" time="14.706" classname="testModules.editions.UKEditionTests"/>
  <system-out/>
  <testcase name="testEntertainmentSubTab" time="20.064" classname="testModules.editions.UKEditionTests"/>
  <system-out/>
  <testcase name="testGoingShoppingTab" time="17.557" classname="testModules.editions.UKEditionTests"/>
  <system-out/>
  <testcase name="testTrendingShoppingSubTab" time="16.573" classname="testModules.editions.UKEditionTests"/>
  <system-out/>
  <testcase name="testBeautySubTab" time="6.579" classname="testModules.editions.UKEditionTests"/>
  <system-out/>
  <testcase name="testDealsSubTab" time="16.847" classname="testModules.editions.UKEditionTests"/>
  <system-out/>
  <testcase name="testHomeSubTab" time="17.954" classname="testModules.editions.UKEditionTests"/>
  <system-out/>
  <testcase name="testClothingSubTab" time="17.850" classname="testModules.editions.UKEditionTests"/>
  <system-out/>
  <testcase name="testGiftSubTab" time="19.028" classname="testModules.editions.UKEditionTests"/>
  <system-out/>
  <testcase name="testUnder20SubTab" time="19.265" classname="testModules.editions.UKEditionTests"/>
  <system-out/>
  <testcase name="testSelfCareSubTab" time="19.606" classname="testModules.editions.UKEditionTests"/>
  <system-out/>
  <testcase name="testTreatYourselfSubTab" time="19.797" classname="testModules.editions.UKEditionTests"/>
  <system-out/>
  <testcase name="testGoingtoQuizzesTab" time="25.486" classname="testModules.editions.UKEditionTests"/>
  <system-out/>
  <testcase name="testSearchTab" time="5.185" classname="testModules.editions.UKEditionTests"/>
  <system-out/>
</testsuite> <!-- testModules.editions.UKEditionTests -->
