<?xml version="1.0" encoding="UTF-8"?>
<!-- Generated by org.testng.reporters.JUnitReportReporter -->
<testsuite skipped="0" hostname="Gabrielas-MBP.fibertel.com.ar" name="testModules.news.NewsSubTabsTests" tests="10" failures="0" timestamp="2022-06-06T13:00:50 ART" time="264.241" errors="0">
  <testcase name="testInequalitySubTab" time="19.803" classname="testModules.news.NewsSubTabsTests"/>
  <system-out/>
  <testcase name="testScienceSubTab" time="25.618" classname="testModules.news.NewsSubTabsTests"/>
  <system-out/>
  <testcase name="testPoliticsSubTab" time="23.121" classname="testModules.news.NewsSubTabsTests"/>
  <system-out/>
  <testcase name="testJPGSubTab" time="24.975" classname="testModules.news.NewsSubTabsTests"/>
  <system-out/>
  <testcase name="testCultureSubTab" time="25.949" classname="testModules.news.NewsSubTabsTests"/>
  <system-out/>
  <testcase name="testInvestigationsSubTab" time="23.917" classname="testModules.news.NewsSubTabsTests"/>
  <system-out/>
  <testcase name="testTechSubTab" time="28.006" classname="testModules.news.NewsSubTabsTests"/>
  <system-out/>
  <testcase name="testWorldSubTab" time="30.084" classname="testModules.news.NewsSubTabsTests"/>
  <system-out/>
  <testcase name="testEntertainmentSubTab" time="30.437" classname="testModules.news.NewsSubTabsTests"/>
  <system-out/>
  <testcase name="testOpinionSubTab" time="32.331" classname="testModules.news.NewsSubTabsTests"/>
  <system-out/>
</testsuite> <!-- testModules.news.NewsSubTabsTests -->
