<?xml version="1.0" encoding="UTF-8"?>
<!-- Generated by org.testng.reporters.JUnitReportReporter -->
<testsuite skipped="0" hostname="Gabrielas-MBP.fibertel.com.ar" name="testModules.signIn.SignInEmailTests" tests="4" failures="0" timestamp="2022-07-26T13:11:45 ART" time="11.317" errors="0">
  <testcase name="testEnterEmail" time="5.130" classname="testModules.signIn.SignInEmailTests"/>
  <system-out/>
  <testcase name="testEnterPassword" time="2.556" classname="testModules.signIn.SignInEmailTests"/>
  <system-out/>
  <testcase name="testUserName" time="3.375" classname="testModules.signIn.SignInEmailTests"/>
  <system-out/>
  <testcase name="testDate" time="0.256" classname="testModules.signIn.SignInEmailTests"/>
  <system-out/>
</testsuite> <!-- testModules.signIn.SignInEmailTests -->
