<?xml version="1.0" encoding="UTF-8"?>
<!-- Generated by org.testng.reporters.JUnitReportReporter -->
<testsuite skipped="0" hostname="Gabrielas-MBP.fibertel.com.ar" name="testModules.search.SearchTests1" tests="5" failures="0" timestamp="2023-09-05T19:37:59 ART" time="26.201" errors="0">
  <testcase name="testSearchTab" time="11.331" classname="testModules.search.SearchTests1"/>
  <system-out/>
  <testcase name="testSearchField" time="3.264" classname="testModules.search.SearchTests1"/>
  <system-out/>
  <testcase name="testSearchTerm" time="2.505" classname="testModules.search.SearchTests1"/>
  <system-out/>
  <testcase name="testSearchResult" time="5.752" classname="testModules.search.SearchTests1"/>
  <system-out/>
  <testcase name="testClearSearch" time="3.349" classname="testModules.search.SearchTests1"/>
  <system-out/>
</testsuite> <!-- testModules.search.SearchTests1 -->
