<?xml version="1.0" encoding="UTF-8"?>
<!-- Generated by org.testng.reporters.JUnitReportReporter -->
<testsuite hostname="Gabrielas-MacBook-Pro.local" failures="0" tests="16" name="testModules.home.NewHomeFeed" time="533.857" errors="0" timestamp="2025-03-05T19:38:42 ART" skipped="0">
  <testcase classname="testModules.home.NewHomeFeed" name="validateSeeAll" time="8.751"/>
  <system-out/>
  <testcase classname="testModules.home.NewHomeFeed" name="validateSeeAll" time="9.151"/>
  <system-out/>
  <testcase classname="testModules.home.NewHomeFeed" name="validateTrendingTopics" time="4.686"/>
  <system-out/>
  <testcase classname="testModules.home.NewHomeFeed" name="validateTrendingTopics" time="4.428"/>
  <system-out/>
  <testcase classname="testModules.home.NewHomeFeed" name="validateMoreButton" time="139.733"/>
  <system-out/>
  <testcase classname="testModules.home.NewHomeFeed" name="validateMoreButton" time="145.730"/>
  <system-out/>
  <testcase classname="testModules.home.NewHomeFeed" name="validateForYOu" time="14.356"/>
  <system-out/>
  <testcase classname="testModules.home.NewHomeFeed" name="validateForYOu" time="15.878"/>
  <system-out/>
  <testcase classname="testModules.home.NewHomeFeed" name="validateDailyTriviaCell" time="29.175"/>
  <system-out/>
  <testcase classname="testModules.home.NewHomeFeed" name="validatePyramidSchemeCell" time="16.282"/>
  <system-out/>
  <testcase classname="testModules.home.NewHomeFeed" name="validateDailyTriviaCell" time="27.831"/>
  <system-out/>
  <testcase classname="testModules.home.NewHomeFeed" name="validatePyramidSchemeCell" time="17.815"/>
  <system-out/>
  <testcase classname="testModules.home.NewHomeFeed" name="validateShoppingSection" time="8.635"/>
  <system-out/>
  <testcase classname="testModules.home.NewHomeFeed" name="validateShoppingSection" time="27.380"/>
  <system-out/>
  <testcase classname="testModules.home.NewHomeFeed" name="validateOnTheNewsSection" time="38.666"/>
  <system-out/>
  <testcase classname="testModules.home.NewHomeFeed" name="validateOnTheNewsSection" time="25.360"/>
  <system-out/>
</testsuite> <!-- testModules.home.NewHomeFeed -->
