<?xml version="1.0" encoding="UTF-8"?>
<!-- Generated by org.testng.reporters.JUnitReportReporter -->
<testsuite skipped="0" hostname="Gabrielas-MBP.fibertel.com.ar" name="testModules.quizzes.quizzesTypes.QuizPollTests" tests="12" failures="0" timestamp="2023-05-02T23:26:29 ART" time="97.171" errors="0">
  <testcase name="testSearchPollQuiz" time="17.517" classname="testModules.quizzes.quizzesTypes.QuizPollTests"/>
  <system-out/>
  <testcase name="testCategoryDateIsPresent" time="3.068" classname="testModules.quizzes.quizzesTypes.QuizPollTests"/>
  <system-out/>
  <testcase name="testQuizTitleIsPresent" time="0.694" classname="testModules.quizzes.quizzesTypes.QuizPollTests"/>
  <system-out/>
  <testcase name="testSubTextIsPresent" time="0.517" classname="testModules.quizzes.quizzesTypes.QuizPollTests"/>
  <system-out/>
  <testcase name="testAuthorInfoIsPresent" time="0.840" classname="testModules.quizzes.quizzesTypes.QuizPollTests"/>
  <system-out/>
  <testcase name="testQuestionIsPresent" time="0.688" classname="testModules.quizzes.quizzesTypes.QuizPollTests"/>
  <system-out/>
  <testcase name="testTapAnswerFirstQuestion" time="2.080" classname="testModules.quizzes.quizzesTypes.QuizPollTests"/>
  <system-out/>
  <testcase name="testTapShareVoteButton" time="1.858" classname="testModules.quizzes.quizzesTypes.QuizPollTests"/>
  <system-out/>
  <testcase name="testTapCopyLinkAndToast" time="55.099" classname="testModules.quizzes.quizzesTypes.QuizPollTests"/>
  <system-out/>
  <testcase name="testTapViewResults" time="6.359" classname="testModules.quizzes.quizzesTypes.QuizPollTests"/>
  <system-out/>
  <testcase name="testTapGoBackAndVote" time="4.812" classname="testModules.quizzes.quizzesTypes.QuizPollTests"/>
  <system-out/>
  <testcase name="testTapAnswerSecondQuestion" time="3.639" classname="testModules.quizzes.quizzesTypes.QuizPollTests"/>
  <system-out/>
</testsuite> <!-- testModules.quizzes.quizzesTypes.QuizPollTests -->
