<?xml version="1.0" encoding="UTF-8"?>
<!-- Generated by org.testng.reporters.JUnitReportReporter -->
<testsuite skipped="0" hostname="Gabrielas-MBP.fibertel.com.ar" name="testModules.home.GamesFeed" tests="7" failures="0" timestamp="2023-09-05T18:41:17 ART" time="24.620" errors="0">
  <testcase name="isGamesLblDisplayed" time="10.177" classname="testModules.home.GamesFeed"/>
  <system-out/>
  <testcase name="arePyramidSchemeElementsDisplayed" time="0.696" classname="testModules.home.GamesFeed"/>
  <system-out/>
  <testcase name="validateTappingOnPyramidScheme" time="2.121" classname="testModules.home.GamesFeed"/>
  <system-out/>
  <testcase name="validateTappingOnQuizParty" time="2.242" classname="testModules.home.GamesFeed"/>
  <system-out/>
  <testcase name="validateTappingOnTrivia" time="2.086" classname="testModules.home.GamesFeed"/>
  <system-out/>
  <testcase name="validateTappingOnWhoDis" time="2.599" classname="testModules.home.GamesFeed"/>
  <system-out/>
  <testcase name="validateTappingOnNepogochi" time="4.699" classname="testModules.home.GamesFeed"/>
  <system-out/>
</testsuite> <!-- testModules.home.GamesFeed -->
