<?xml version="1.0" encoding="UTF-8"?>
<!-- Generated by org.testng.reporters.JUnitReportReporter -->
<testsuite skipped="0" hostname="Gabrielas-MBP.fibertel.com.ar" name="testModules.bpage.NatBpageShoppingButtonsTests2" tests="5" failures="0" timestamp="2023-06-15T21:01:27 ART" time="63.231" errors="0">
  <testcase name="testSearchFallbackBpage" time="15.204" classname="testModules.bpage.NatBpageShoppingButtonsTests2"/>
  <system-out/>
  <testcase name="testBuyFromAmazonButtonIsPresent" time="6.878" classname="testModules.bpage.NatBpageShoppingButtonsTests2"/>
  <system-out/>
  <testcase name="testBuyFromAmazonButton" time="2.302" classname="testModules.bpage.NatBpageShoppingButtonsTests2"/>
  <system-out/>
  <testcase name="testBuyNowIsPresent" time="35.646" classname="testModules.bpage.NatBpageShoppingButtonsTests2"/>
  <system-out/>
  <testcase name="testBuyNowButton" time="3.201" classname="testModules.bpage.NatBpageShoppingButtonsTests2"/>
  <system-out/>
</testsuite> <!-- testModules.bpage.NatBpageShoppingButtonsTests2 -->
