<?xml version="1.0" encoding="UTF-8"?>
<!-- Generated by org.testng.reporters.JUnitReportReporter -->
<testsuite skipped="0" hostname="Gabrielas-MBP.fibertel.com.ar" name="testModules.editions.IndiaEditionTests" tests="38" failures="0" timestamp="2022-11-29T16:02:21 ART" time="460.491" errors="0">
  <testcase name="testIndiaEditionIsPresent" time="26.447" classname="testModules.editions.IndiaEditionTests"/>
  <system-out/>
  <testcase name="testLatestSubTab" time="1.652" classname="testModules.editions.IndiaEditionTests"/>
  <system-out/>
  <testcase name="testVideosSubTab" time="9.857" classname="testModules.editions.IndiaEditionTests"/>
  <system-out/>
  <testcase name="testTrendingSubTab" time="12.231" classname="testModules.editions.IndiaEditionTests"/>
  <system-out/>
  <testcase name="testShowsSubTab" time="16.219" classname="testModules.editions.IndiaEditionTests"/>
  <system-out/>
  <testcase name="testAnimalsSubTab" time="14.066" classname="testModules.editions.IndiaEditionTests"/>
  <system-out/>
  <testcase name="testCelebritySubTab" time="13.082" classname="testModules.editions.IndiaEditionTests"/>
  <system-out/>
  <testcase name="testBooksSubTab" time="20.411" classname="testModules.editions.IndiaEditionTests"/>
  <system-out/>
  <testcase name="testCommunitySubTab" time="11.811" classname="testModules.editions.IndiaEditionTests"/>
  <system-out/>
  <testcase name="testFoodSubTab" time="9.693" classname="testModules.editions.IndiaEditionTests"/>
  <system-out/>
  <testcase name="testHealthSubTab" time="19.934" classname="testModules.editions.IndiaEditionTests"/>
  <system-out/>
  <testcase name="testMusicSubTab" time="7.978" classname="testModules.editions.IndiaEditionTests"/>
  <system-out/>
  <testcase name="testNiftySubTab" time="15.436" classname="testModules.editions.IndiaEditionTests"/>
  <system-out/>
  <testcase name="testParentsSubTab" time="8.075" classname="testModules.editions.IndiaEditionTests"/>
  <system-out/>
  <testcase name="testRewindSubTab" time="8.603" classname="testModules.editions.IndiaEditionTests"/>
  <system-out/>
  <testcase name="testStyleSubTab" time="12.171" classname="testModules.editions.IndiaEditionTests"/>
  <system-out/>
  <testcase name="testTravelSubTab" time="8.279" classname="testModules.editions.IndiaEditionTests"/>
  <system-out/>
  <testcase name="testGoingNewsTab" time="1.570" classname="testModules.editions.IndiaEditionTests"/>
  <system-out/>
  <testcase name="testHealthNewsSubTab" time="6.939" classname="testModules.editions.IndiaEditionTests"/>
  <system-out/>
  <testcase name="testPoliticsSubTab" time="16.855" classname="testModules.editions.IndiaEditionTests"/>
  <system-out/>
  <testcase name="testCultureSubTab" time="14.950" classname="testModules.editions.IndiaEditionTests"/>
  <system-out/>
  <testcase name="testTechSubTab" time="8.700" classname="testModules.editions.IndiaEditionTests"/>
  <system-out/>
  <testcase name="testWorldSubTab" time="14.634" classname="testModules.editions.IndiaEditionTests"/>
  <system-out/>
  <testcase name="testEntertainmentSubTab" time="11.961" classname="testModules.editions.IndiaEditionTests"/>
  <system-out/>
  <testcase name="testGoingShoppingTab" time="4.971" classname="testModules.editions.IndiaEditionTests"/>
  <system-out/>
  <testcase name="testTrendingShoppingSubTab" time="5.202" classname="testModules.editions.IndiaEditionTests"/>
  <system-out/>
  <testcase name="testBeautySubTab" time="8.626" classname="testModules.editions.IndiaEditionTests"/>
  <system-out/>
  <testcase name="testDealsSubTab" time="11.003" classname="testModules.editions.IndiaEditionTests"/>
  <system-out/>
  <testcase name="testHomeSubTab" time="9.158" classname="testModules.editions.IndiaEditionTests"/>
  <system-out/>
  <testcase name="testFashionSubTab" time="11.475" classname="testModules.editions.IndiaEditionTests"/>
  <system-out/>
  <testcase name="testGiftSubTab" time="18.938" classname="testModules.editions.IndiaEditionTests"/>
  <system-out/>
  <testcase name="testUnder1000SubTab" time="8.933" classname="testModules.editions.IndiaEditionTests"/>
  <system-out/>
  <testcase name="testBooksShoppingSubTab" time="9.158" classname="testModules.editions.IndiaEditionTests"/>
  <system-out/>
  <testcase name="testFoodShoppingSubTab" time="9.471" classname="testModules.editions.IndiaEditionTests"/>
  <system-out/>
  <testcase name="testSelfCareSubTab" time="11.358" classname="testModules.editions.IndiaEditionTests"/>
  <system-out/>
  <testcase name="testWorthEveryRupeeSubTab" time="52.896" classname="testModules.editions.IndiaEditionTests"/>
  <system-out/>
  <testcase name="testGoingToQuizzesTab" time="6.367" classname="testModules.editions.IndiaEditionTests"/>
  <system-out/>
  <testcase name="testSearchTab" time="1.381" classname="testModules.editions.IndiaEditionTests"/>
  <system-out/>
</testsuite> <!-- testModules.editions.IndiaEditionTests -->
