<?xml version="1.0" encoding="UTF-8"?>
<!-- Generated by org.testng.reporters.JUnitReportReporter -->
<testsuite skipped="0" hostname="Gabrielas-MBP.fibertel.com.ar" name="testModules.editions.IndiaEditionTests2" tests="41" failures="0" timestamp="2022-11-23T13:15:03 ART" time="400.411" errors="1">
  <testcase name="testIndiaEditionIsPresent" time="6.672" classname="testModules.editions.IndiaEditionTests2"/>
  <system-out/>
  <testcase name="testLatestSubTab" time="1.501" classname="testModules.editions.IndiaEditionTests2"/>
  <system-out/>
  <testcase name="testTrendingSubTab" time="28.480" classname="testModules.editions.IndiaEditionTests2">
    <error type="org.openqa.selenium.StaleElementReferenceException" message="The previously found element &quot;&quot;Back&quot; Button&quot; is not present in the current view anymore. Make sure the application UI has the expected state. Original error: No matches found for Elements matching predicate &#039;wdName == &quot;Back&quot; AND (1 == 1 OR identifier == 0 OR frame == 0 OR value == 0 OR title == 0 OR label == 0 OR elementType == 0 OR enabled == 0 OR placeholderValue == 0 OR selected == 0)&#039; from input {(
    Window, {{0.0, 0.0}, {390.0, 844.0}},
    Other, {{0.0, 0.0}, {390.0, 844.0}},
    Other, {{0.0, 0.0}, {390.0, 844.0}},
    Other, {{0.0, 0.0}, {390.0, 844.0}},
    Other, {{0.0, 0.0}, {390.0, 844.0}},
    TabBar, {{0.0, 761.0}, {390.0, 83.0}}, label: &#039;Tab Bar&#039;,
    Other, {{0.0, 0.0}, {390.0, 844.0}},
    Button, {{2.0, 762.0}, {74.0, 48.0}}, identifier: &#039;home&#039;, label: &#039;Home&#039;, Selected,
    Button, {{80.0, 762.0}, {74.0, 48.0}}, identifier: &#039;news&#039;, label: &#039;News&#039;,
    Button, {{158.0, 762.0}, {74.0, 48.0}}, identifier: &#039;shopping&#039;, label: &#039;Shopping&#039;,
    Button, {{236.0, 762.0}, {74.0, 48.0}}, identifier: &#039;quizzes&#039;, label: &#039;Quizzes&#039;,
    Button, {{314.0, 762.0}, {74.0, 48.0}}, identifier: &#039;search&#039;, label: &#039;Search&#039;,
    Other, {{0.0, 0.0}, {390.0, 844.0}},
    NavigationBar, {{0.0, 47.0}, {390.0, 44.0}}, identifier: &#039;More&#039;,
    Other, {{0.0, 0.0}, {390.0, 844.0}},
    Button, {{0.0, 47.0}, {44.0, 44.0}}, identifier: &#039;BackButton&#039;,
    StaticText, {{169.3, 54.3}, {51.7, 25.3}}, label: &#039;More&#039;,
    Other, {{0.0, 0.0}, {390.0, 844.0}},
    Other, {{0.0, 0.0}, {390.0, 844.0}},
    Other, {{390.0, 0.0}, {390.0, 844.0}},
    Other, {{0.0, 91.0}, {390.0, 670.0}},
    Other, {{390.0, 91.0}, {390.0, 670.0}},
    Table, {{0.0, 91.0}, {390.0, 670.0}},
    Other, {{390.0, 91.0}, {390.0, 670.0}}, identifier: &#039;trending&#039;,
    Cell, {{0.0, 91.0}, {390.0, 50.0}},
    Cell, {{0.0, 141.0}, {390.0, 50.0}},
    Cell, {{0.0, 191.0}, {390.0, 50.0}},
    Cell, {{0.0, 241.0}, {390.0, 50.0}},
    Cell, {{0.0, 291.0}, {390.0, 50.0}},
    Cell, {{0.0, 341.0}, {390.0, 50.0}},
    Cell, {{0.0, 391.0}, {390.0, 50.0}},
    Cell, {{0.0, 441.0}, {390.0, 50.0}},
    Cell, {{0.0, 491.0}, {390.0, 50.0}},
    Cell, {{0.0, 541.0}, {390.0, 50.0}},
    Cell, {{0.0, 591.0}, {390.0, 50.0}},
    CollectionView, {{390.0, 91.0}, {390.0, 670.0}}, identifier: &#039;BUFFET_COLLECTION&#039;,
    StaticText, {{20.0, 91.0}, {350.0, 50.0}}, label: &#039;Nifty&#039;,
    Other, {{20.0, 91.0}, {370.0, 0.3}},
    Other, {{20.0, 140.7}, {370.0, 0.3}},
    StaticText, {{20.0, 141.0}, {350.0, 50.0}}, label: &#039;Parents&#039;,
    Other, {{20.0, 190.7}, {370.0, 0.3}},
    StaticText, {{20.0, 191.0}, {350.0, 50.0}}, label: &#039;Rewind&#039;,
    Other, {{20.0, 240.7}, {370.0, 0.3}},
    StaticText, {{20.0, 241.0}, {350.0, 50.0}}, label: &#039;Style&#039;,
    Other, {{20.0, 290.7}, {370.0, 0.3}},
    StaticText, {{20.0, 291.0}, {350.0, 50.0}}, label: &#039;Travel&#039;,
    Other, {{20.0, 340.7}, {370.0, 0.3}},
    StaticText, {{20.0, 341.0}, {350.0, 50.0}}, label: &#039;Trending&#039;,
    Other, {{20.0, 390.7}, {370.0, 0.3}},
    StaticText, {{20.0, 391.0}, {350.0, 50.0}}, label: &#039;Shows&#039;,
    Other, {{20.0, 440.7}, {370.0, 0.3}},
    StaticText, {{20.0, 441.0}, {350.0, 50.0}}, label: &#039;Celebrity&#039;,
    Other, {{20.0, 490.7}, {370.0, 0.3}},
    StaticText, {{20.0, 491.0}, {350.0, 50.0}}, label: &#039;Food&#039;,
    Other, {{20.0, 540.7}, {370.0, 0.3}},
    StaticText, {{20.0, 541.0}, {350.0, 50.0}}, label: &#039;Music&#039;,
    Other, {{20.0, 590.7}, {370.0, 0.3}},
    StaticText, {{20.0, 591.0}, {350.0, 50.0}}, label: &#039;Videos&#039;,
    Other, {{20.0, 640.7}, {370.0, 0.3}},
    Cell, {{398.0, 107.0}, {374.0, 288.0}}, identifier: &#039;splash_cell&#039;, label: &#039;How Good Is Your Indian Food Knowledge?, Tbh, I just wanna eat everything mentioned in here.&#039;,
    Cell, {{398.0, 411.0}, {374.0, 120.7}}, identifier: &#039;simple_feed_item_cell&#039;, label: &#039;Quiz, These 15 Bollywood Celebs Often Get Mistaken For Other Celebs – Can You Tell Them Apart?, Trending&#039;,
    Cell, {{398.0, 532.7}, {374.0, 120.7}}, identifier: &#039;simple_feed_item_cell&#039;, label: &#039;Quiz, Here Are 17 Famous Women — Do You Prefer Their Hair With Or Without Bangs?, Trending&#039;,
    Cell, {{398.0, 654.3}, {374.0, 120.7}}, identifier: &#039;simple_feed_item_cell&#039;, label: &#039;Quiz, It&#039;s Time To Play Yuck Or Yum: Thanksgiving Edition, Trending&#039;,
    Other, {{398.0, 107.0}, {374.0, 288.0}},
    Other, {{398.0, 107.0}, {374.0, 288.0}},
    Other, {{398.0, 411.0}, {374.0, 120.7}},
    Other, {{398.0, 411.0}, {374.0, 120.7}},
    Other, {{398.0, 532.7}, {374.0, 120.7}},
    Other, {{398.0, 532.7}, {374.0, 120.7}},
    Other, {{398.0, 654.3}, {374.0, 120.7}},
    Other, {{398.0, 654.3}, {374.0, 120.7}},
    Image, {{406.0, 115.0}, {358.0, 184.3}},
    StaticText, {{406.0, 307.3}, {307.7, 50.7}}, label: &#039;How Good Is Your Indian Food Knowledge?&#039;,
    StaticText, {{406.0, 366.0}, {313.3, 21.0}}, label: &#039;Tbh, I just wanna eat everything mentioned in here.&#039;,
    Button, {{398.0, 411.0}, {374.0, 119.7}}, label: &#039;Quiz, These 15 Bollywood Celebs Often Get Mistaken For Other Celebs – Can You Tell Them Apart?, Trending&#039;,
    Button, {{398.0, 532.7}, {374.0, 119.7}}, label: &#039;Quiz, Here Are 17 Famous Women — Do You Prefer Their Hair With Or Without Bangs?, Trending&#039;,
    Button, {{398.0, 654.3}, {374.0, 119.7}}, label: &#039;Quiz, It&#039;s Time To Play Yuck Or Yum: Thanksgiving Edition, Trending&#039;
)}
For documentation on this error, please visit: https://www.seleniumhq.org/exceptions/stale_element_reference.html
Build info: version: &#039;3.141.59&#039;, revision: &#039;e82be7d358&#039;, time: &#039;2018-11-14T08:17:03&#039;
System info: host: &#039;Gabrielas-MBP.fibertel.com.ar&#039;, ip: &#039;fe80:0:0:0:8b5:f798:6d0b:2daa%en0&#039;, os.name: &#039;Mac OS X&#039;, os.arch: &#039;x86_64&#039;, os.version: &#039;12.6&#039;, java.version: &#039;1.8.0_322&#039;
Driver info: io.appium.java_client.ios.IOSDriver
Capabilities {app: /Users/gabrielaconde/Librar..., automationName: XCUITest, browserName: , databaseEnabled: false, deviceName: iPhone 13, fullReset: false, javascriptEnabled: true, locationContextEnabled: false, networkConnectionEnabled: false, noReset: true, platform: MAC, platformName: iOS, shouldTerminateApp: true, takesScreenshot: true, udid: 40740B27-F146-4DD0-A734-8BC..., webStorageEnabled: false}
Session ID: c6f866ab-e91a-4ee0-9756-d045218fabe6">
      <![CDATA[org.openqa.selenium.StaleElementReferenceException: The previously found element ""Back" Button" is not present in the current view anymore. Make sure the application UI has the expected state. Original error: No matches found for Elements matching predicate 'wdName == "Back" AND (1 == 1 OR identifier == 0 OR frame == 0 OR value == 0 OR title == 0 OR label == 0 OR elementType == 0 OR enabled == 0 OR placeholderValue == 0 OR selected == 0)' from input {(
    Window, {{0.0, 0.0}, {390.0, 844.0}},
    Other, {{0.0, 0.0}, {390.0, 844.0}},
    Other, {{0.0, 0.0}, {390.0, 844.0}},
    Other, {{0.0, 0.0}, {390.0, 844.0}},
    Other, {{0.0, 0.0}, {390.0, 844.0}},
    TabBar, {{0.0, 761.0}, {390.0, 83.0}}, label: 'Tab Bar',
    Other, {{0.0, 0.0}, {390.0, 844.0}},
    Button, {{2.0, 762.0}, {74.0, 48.0}}, identifier: 'home', label: 'Home', Selected,
    Button, {{80.0, 762.0}, {74.0, 48.0}}, identifier: 'news', label: 'News',
    Button, {{158.0, 762.0}, {74.0, 48.0}}, identifier: 'shopping', label: 'Shopping',
    Button, {{236.0, 762.0}, {74.0, 48.0}}, identifier: 'quizzes', label: 'Quizzes',
    Button, {{314.0, 762.0}, {74.0, 48.0}}, identifier: 'search', label: 'Search',
    Other, {{0.0, 0.0}, {390.0, 844.0}},
    NavigationBar, {{0.0, 47.0}, {390.0, 44.0}}, identifier: 'More',
    Other, {{0.0, 0.0}, {390.0, 844.0}},
    Button, {{0.0, 47.0}, {44.0, 44.0}}, identifier: 'BackButton',
    StaticText, {{169.3, 54.3}, {51.7, 25.3}}, label: 'More',
    Other, {{0.0, 0.0}, {390.0, 844.0}},
    Other, {{0.0, 0.0}, {390.0, 844.0}},
    Other, {{390.0, 0.0}, {390.0, 844.0}},
    Other, {{0.0, 91.0}, {390.0, 670.0}},
    Other, {{390.0, 91.0}, {390.0, 670.0}},
    Table, {{0.0, 91.0}, {390.0, 670.0}},
    Other, {{390.0, 91.0}, {390.0, 670.0}}, identifier: 'trending',
    Cell, {{0.0, 91.0}, {390.0, 50.0}},
    Cell, {{0.0, 141.0}, {390.0, 50.0}},
    Cell, {{0.0, 191.0}, {390.0, 50.0}},
    Cell, {{0.0, 241.0}, {390.0, 50.0}},
    Cell, {{0.0, 291.0}, {390.0, 50.0}},
    Cell, {{0.0, 341.0}, {390.0, 50.0}},
    Cell, {{0.0, 391.0}, {390.0, 50.0}},
    Cell, {{0.0, 441.0}, {390.0, 50.0}},
    Cell, {{0.0, 491.0}, {390.0, 50.0}},
    Cell, {{0.0, 541.0}, {390.0, 50.0}},
    Cell, {{0.0, 591.0}, {390.0, 50.0}},
    CollectionView, {{390.0, 91.0}, {390.0, 670.0}}, identifier: 'BUFFET_COLLECTION',
    StaticText, {{20.0, 91.0}, {350.0, 50.0}}, label: 'Nifty',
    Other, {{20.0, 91.0}, {370.0, 0.3}},
    Other, {{20.0, 140.7}, {370.0, 0.3}},
    StaticText, {{20.0, 141.0}, {350.0, 50.0}}, label: 'Parents',
    Other, {{20.0, 190.7}, {370.0, 0.3}},
    StaticText, {{20.0, 191.0}, {350.0, 50.0}}, label: 'Rewind',
    Other, {{20.0, 240.7}, {370.0, 0.3}},
    StaticText, {{20.0, 241.0}, {350.0, 50.0}}, label: 'Style',
    Other, {{20.0, 290.7}, {370.0, 0.3}},
    StaticText, {{20.0, 291.0}, {350.0, 50.0}}, label: 'Travel',
    Other, {{20.0, 340.7}, {370.0, 0.3}},
    StaticText, {{20.0, 341.0}, {350.0, 50.0}}, label: 'Trending',
    Other, {{20.0, 390.7}, {370.0, 0.3}},
    StaticText, {{20.0, 391.0}, {350.0, 50.0}}, label: 'Shows',
    Other, {{20.0, 440.7}, {370.0, 0.3}},
    StaticText, {{20.0, 441.0}, {350.0, 50.0}}, label: 'Celebrity',
    Other, {{20.0, 490.7}, {370.0, 0.3}},
    StaticText, {{20.0, 491.0}, {350.0, 50.0}}, label: 'Food',
    Other, {{20.0, 540.7}, {370.0, 0.3}},
    StaticText, {{20.0, 541.0}, {350.0, 50.0}}, label: 'Music',
    Other, {{20.0, 590.7}, {370.0, 0.3}},
    StaticText, {{20.0, 591.0}, {350.0, 50.0}}, label: 'Videos',
    Other, {{20.0, 640.7}, {370.0, 0.3}},
    Cell, {{398.0, 107.0}, {374.0, 288.0}}, identifier: 'splash_cell', label: 'How Good Is Your Indian Food Knowledge?, Tbh, I just wanna eat everything mentioned in here.',
    Cell, {{398.0, 411.0}, {374.0, 120.7}}, identifier: 'simple_feed_item_cell', label: 'Quiz, These 15 Bollywood Celebs Often Get Mistaken For Other Celebs – Can You Tell Them Apart?, Trending',
    Cell, {{398.0, 532.7}, {374.0, 120.7}}, identifier: 'simple_feed_item_cell', label: 'Quiz, Here Are 17 Famous Women — Do You Prefer Their Hair With Or Without Bangs?, Trending',
    Cell, {{398.0, 654.3}, {374.0, 120.7}}, identifier: 'simple_feed_item_cell', label: 'Quiz, It's Time To Play Yuck Or Yum: Thanksgiving Edition, Trending',
    Other, {{398.0, 107.0}, {374.0, 288.0}},
    Other, {{398.0, 107.0}, {374.0, 288.0}},
    Other, {{398.0, 411.0}, {374.0, 120.7}},
    Other, {{398.0, 411.0}, {374.0, 120.7}},
    Other, {{398.0, 532.7}, {374.0, 120.7}},
    Other, {{398.0, 532.7}, {374.0, 120.7}},
    Other, {{398.0, 654.3}, {374.0, 120.7}},
    Other, {{398.0, 654.3}, {374.0, 120.7}},
    Image, {{406.0, 115.0}, {358.0, 184.3}},
    StaticText, {{406.0, 307.3}, {307.7, 50.7}}, label: 'How Good Is Your Indian Food Knowledge?',
    StaticText, {{406.0, 366.0}, {313.3, 21.0}}, label: 'Tbh, I just wanna eat everything mentioned in here.',
    Button, {{398.0, 411.0}, {374.0, 119.7}}, label: 'Quiz, These 15 Bollywood Celebs Often Get Mistaken For Other Celebs – Can You Tell Them Apart?, Trending',
    Button, {{398.0, 532.7}, {374.0, 119.7}}, label: 'Quiz, Here Are 17 Famous Women — Do You Prefer Their Hair With Or Without Bangs?, Trending',
    Button, {{398.0, 654.3}, {374.0, 119.7}}, label: 'Quiz, It's Time To Play Yuck Or Yum: Thanksgiving Edition, Trending'
)}
For documentation on this error, please visit: https://www.seleniumhq.org/exceptions/stale_element_reference.html
Build info: version: '3.141.59', revision: 'e82be7d358', time: '2018-11-14T08:17:03'
System info: host: 'Gabrielas-MBP.fibertel.com.ar', ip: 'fe80:0:0:0:8b5:f798:6d0b:2daa%en0', os.name: 'Mac OS X', os.arch: 'x86_64', os.version: '12.6', java.version: '1.8.0_322'
Driver info: io.appium.java_client.ios.IOSDriver
Capabilities {app: /Users/gabrielaconde/Librar..., automationName: XCUITest, browserName: , databaseEnabled: false, deviceName: iPhone 13, fullReset: false, javascriptEnabled: true, locationContextEnabled: false, networkConnectionEnabled: false, noReset: true, platform: MAC, platformName: iOS, shouldTerminateApp: true, takesScreenshot: true, udid: 40740B27-F146-4DD0-A734-8BC..., webStorageEnabled: false}
Session ID: c6f866ab-e91a-4ee0-9756-d045218fabe6
at sun.reflect.NativeConstructorAccessorImpl.newInstance0(Native Method)
at sun.reflect.NativeConstructorAccessorImpl.newInstance(NativeConstructorAccessorImpl.java:62)
at sun.reflect.DelegatingConstructorAccessorImpl.newInstance(DelegatingConstructorAccessorImpl.java:45)
at java.lang.reflect.Constructor.newInstance(Constructor.java:423)
at org.openqa.selenium.remote.http.W3CHttpResponseCodec.createException(W3CHttpResponseCodec.java:187)
at org.openqa.selenium.remote.http.W3CHttpResponseCodec.decode(W3CHttpResponseCodec.java:122)
at org.openqa.selenium.remote.http.W3CHttpResponseCodec.decode(W3CHttpResponseCodec.java:49)
at org.openqa.selenium.remote.HttpCommandExecutor.execute(HttpCommandExecutor.java:158)
at io.appium.java_client.remote.AppiumCommandExecutor.execute(AppiumCommandExecutor.java:239)
at org.openqa.selenium.remote.RemoteWebDriver.execute(RemoteWebDriver.java:552)
at io.appium.java_client.DefaultGenericMobileDriver.execute(DefaultGenericMobileDriver.java:42)
at io.appium.java_client.AppiumDriver.execute(AppiumDriver.java:1)
at io.appium.java_client.ios.IOSDriver.execute(IOSDriver.java:1)
at org.openqa.selenium.remote.RemoteWebElement.execute(RemoteWebElement.java:285)
at io.appium.java_client.DefaultGenericMobileElement.execute(DefaultGenericMobileElement.java:45)
at io.appium.java_client.MobileElement.execute(MobileElement.java:1)
at io.appium.java_client.ios.IOSElement.execute(IOSElement.java:1)
at org.openqa.selenium.remote.RemoteWebElement.click(RemoteWebElement.java:84)
at config.pages.CommonPage.tapBackButton(CommonPage.java:189)
at config.pages.CommonPage.visitSplashAndReturn(CommonPage.java:310)
at testModules.editions.IndiaEditionTests2.testTrendingSubTab(IndiaEditionTests2.java:84)
at sun.reflect.NativeMethodAccessorImpl.invoke0(Native Method)
at sun.reflect.NativeMethodAccessorImpl.invoke(NativeMethodAccessorImpl.java:62)
at sun.reflect.DelegatingMethodAccessorImpl.invoke(DelegatingMethodAccessorImpl.java:43)
at java.lang.reflect.Method.invoke(Method.java:498)
at org.testng.internal.MethodInvocationHelper.invokeMethod(MethodInvocationHelper.java:133)
at org.testng.internal.TestInvoker.invokeMethod(TestInvoker.java:598)
at org.testng.internal.TestInvoker.invokeTestMethod(TestInvoker.java:173)
at org.testng.internal.MethodRunner.runInSequence(MethodRunner.java:46)
at org.testng.internal.TestInvoker$MethodInvocationAgent.invoke(TestInvoker.java:824)
at org.testng.internal.TestInvoker.invokeTestMethods(TestInvoker.java:146)
at org.testng.internal.TestMethodWorker.invokeTestMethods(TestMethodWorker.java:146)
at org.testng.internal.TestMethodWorker.run(TestMethodWorker.java:128)
at java.util.ArrayList.forEach(ArrayList.java:1259)
at org.testng.TestRunner.privateRun(TestRunner.java:794)
at org.testng.TestRunner.run(TestRunner.java:596)
at org.testng.SuiteRunner.runTest(SuiteRunner.java:377)
at org.testng.SuiteRunner.runSequentially(SuiteRunner.java:371)
at org.testng.SuiteRunner.privateRun(SuiteRunner.java:332)
at org.testng.SuiteRunner.run(SuiteRunner.java:276)
at org.testng.SuiteRunnerWorker.runSuite(SuiteRunnerWorker.java:53)
at org.testng.SuiteRunnerWorker.run(SuiteRunnerWorker.java:96)
at org.testng.TestNG.runSuitesSequentially(TestNG.java:1212)
at org.testng.TestNG.runSuitesSequentially(TestNG.java:1207)
at org.testng.TestNG.runSuitesLocally(TestNG.java:1134)
at org.testng.TestNG.runSuites(TestNG.java:1063)
at org.testng.TestNG.run(TestNG.java:1031)
at org.apache.maven.surefire.testng.TestNGExecutor.run(TestNGExecutor.java:283)
at org.apache.maven.surefire.testng.TestNGXmlTestSuite.execute(TestNGXmlTestSuite.java:75)
at org.apache.maven.surefire.testng.TestNGProvider.invoke(TestNGProvider.java:120)
at org.apache.maven.surefire.booter.ForkedBooter.invokeProviderInSameClassLoader(ForkedBooter.java:383)
at org.apache.maven.surefire.booter.ForkedBooter.runSuitesInProcess(ForkedBooter.java:344)
at org.apache.maven.surefire.booter.ForkedBooter.execute(ForkedBooter.java:125)
at org.apache.maven.surefire.booter.ForkedBooter.main(ForkedBooter.java:417)
]]>
    </error>
  </testcase> <!-- testTrendingSubTab -->
  <system-out/>
  <testcase name="testShowsSubTab" time="7.368" classname="testModules.editions.IndiaEditionTests2"/>
  <system-out/>
  <testcase name="testVideosSubTab" time="12.547" classname="testModules.editions.IndiaEditionTests2"/>
  <system-out/>
  <testcase name="testAnimalsSubTab" time="29.452" classname="testModules.editions.IndiaEditionTests2"/>
  <system-out/>
  <testcase name="tapOnMore1" time="3.918" classname="testModules.editions.IndiaEditionTests2"/>
  <system-out/>
  <testcase name="testBooksSubTab" time="24.124" classname="testModules.editions.IndiaEditionTests2"/>
  <system-out/>
  <testcase name="testCelebritySubTab" time="26.861" classname="testModules.editions.IndiaEditionTests2"/>
  <system-out/>
  <testcase name="testFoodSubTab" time="1.933" classname="testModules.editions.IndiaEditionTests2"/>
  <system-out/>
  <testcase name="testCommunitySubTab" time="10.658" classname="testModules.editions.IndiaEditionTests2"/>
  <system-out/>
  <testcase name="testHealthSubTab" time="5.399" classname="testModules.editions.IndiaEditionTests2"/>
  <system-out/>
  <testcase name="testMusicSubTab" time="14.093" classname="testModules.editions.IndiaEditionTests2"/>
  <system-out/>
  <testcase name="testNiftySubTab" time="5.647" classname="testModules.editions.IndiaEditionTests2"/>
  <system-out/>
  <testcase name="testParentsSubTab" time="6.152" classname="testModules.editions.IndiaEditionTests2"/>
  <system-out/>
  <testcase name="testRewindSubTab" time="6.404" classname="testModules.editions.IndiaEditionTests2"/>
  <system-out/>
  <testcase name="testStyleSubTab" time="6.545" classname="testModules.editions.IndiaEditionTests2"/>
  <system-out/>
  <testcase name="testTravelHomeSubTab" time="6.306" classname="testModules.editions.IndiaEditionTests2"/>
  <system-out/>
  <testcase name="testGoingNewsTab" time="1.021" classname="testModules.editions.IndiaEditionTests2"/>
  <system-out/>
  <testcase name="testHealthNewsTab" time="10.280" classname="testModules.editions.IndiaEditionTests2"/>
  <system-out/>
  <testcase name="testScienceTab" time="9.145" classname="testModules.editions.IndiaEditionTests2"/>
  <system-out/>
  <testcase name="testPoliticsTab" time="9.141" classname="testModules.editions.IndiaEditionTests2"/>
  <system-out/>
  <testcase name="testCultureTab" time="9.134" classname="testModules.editions.IndiaEditionTests2"/>
  <system-out/>
  <testcase name="testTechTab" time="9.197" classname="testModules.editions.IndiaEditionTests2"/>
  <system-out/>
  <testcase name="testClickOnMoreNews" time="0.750" classname="testModules.editions.IndiaEditionTests2"/>
  <system-out/>
  <testcase name="testWordlTab" time="4.695" classname="testModules.editions.IndiaEditionTests2"/>
  <system-out/>
  <testcase name="testEntertainmentNewsTab" time="11.101" classname="testModules.editions.IndiaEditionTests2"/>
  <system-out/>
  <testcase name="testGoingShoppingTab" time="4.111" classname="testModules.editions.IndiaEditionTests2"/>
  <system-out/>
  <testcase name="testTrendingShoppingSubTab" time="4.464" classname="testModules.editions.IndiaEditionTests2"/>
  <system-out/>
  <testcase name="testBeautySubTab" time="11.368" classname="testModules.editions.IndiaEditionTests2"/>
  <system-out/>
  <testcase name="testDealsSubTab" time="11.998" classname="testModules.editions.IndiaEditionTests2"/>
  <system-out/>
  <testcase name="testHomeSubTab" time="4.549" classname="testModules.editions.IndiaEditionTests2"/>
  <system-out/>
  <testcase name="testClickShoppingOnMoreNews" time="0.741" classname="testModules.editions.IndiaEditionTests2"/>
  <system-out/>
  <testcase name="testGiftSubTab" time="17.093" classname="testModules.editions.IndiaEditionTests2"/>
  <system-out/>
  <testcase name="testUnder50SubTab" time="50.052" classname="testModules.editions.IndiaEditionTests2"/>
  <system-out/>
  <testcase name="testBooksShoppingSubTab" time="9.359" classname="testModules.editions.IndiaEditionTests2"/>
  <system-out/>
  <testcase name="testFoodfSubTab" time="4.700" classname="testModules.editions.IndiaEditionTests2"/>
  <system-out/>
  <testcase name="testSelfCareSubTab" time="4.697" classname="testModules.editions.IndiaEditionTests2"/>
  <system-out/>
  <testcase name="testWorthEveryRupeeSubTab" time="4.152" classname="testModules.editions.IndiaEditionTests2"/>
  <system-out/>
  <testcase name="testGoingToQuizzesTab" time="3.460" classname="testModules.editions.IndiaEditionTests2"/>
  <system-out/>
  <testcase name="testSearchTab" time="1.143" classname="testModules.editions.IndiaEditionTests2"/>
  <system-out/>
</testsuite> <!-- testModules.editions.IndiaEditionTests2 -->
