<?xml version="1.0" encoding="UTF-8"?>
<!-- Generated by org.testng.reporters.JUnitReportReporter -->
<testsuite skipped="0" hostname="Gabrielas-MBP.fibertel.com.ar" name="testModules.profile.MyPostsTests5" tests="1" failures="0" timestamp="2023-08-09T11:24:53 ART" time="18.025" errors="0">
  <testcase name="testMyPosts" time="18.025" classname="testModules.profile.MyPostsTests5"/>
  <system-out/>
</testsuite> <!-- testModules.profile.MyPostsTests5 -->
