<?xml version="1.0" encoding="UTF-8"?>
<!-- Generated by org.testng.reporters.JUnitReportReporter -->
<testsuite skipped="0" hostname="Gabrielas-MBP.fibertel.com.ar" name="testModules.quizzes.quizzesTypes.QuizPersonalityTests" tests="21" failures="0" timestamp="2023-06-15T21:38:21 ART" time="52.650" errors="0">
  <testcase name="testSearchInstantQuiz" time="16.042" classname="testModules.quizzes.quizzesTypes.QuizPersonalityTests"/>
  <system-out/>
  <testcase name="testSubTextIsPresent" time="0.465" classname="testModules.quizzes.quizzesTypes.QuizPersonalityTests"/>
  <system-out/>
  <testcase name="testAuthorInfoIsPresent" time="0.397" classname="testModules.quizzes.quizzesTypes.QuizPersonalityTests"/>
  <system-out/>
  <testcase name="testPlayWithFriendsButtonIsPresent" time="0.894" classname="testModules.quizzes.quizzesTypes.QuizPersonalityTests"/>
  <system-out/>
  <testcase name="testPlayNowButton" time="1.703" classname="testModules.quizzes.quizzesTypes.QuizPersonalityTests"/>
  <system-out/>
  <testcase name="testQuestion1Countdown" time="1.242" classname="testModules.quizzes.quizzesTypes.QuizPersonalityTests"/>
  <system-out/>
  <testcase name="testQuestion1" time="1.723" classname="testModules.quizzes.quizzesTypes.QuizPersonalityTests"/>
  <system-out/>
  <testcase name="testQuestion2Countdown" time="0.961" classname="testModules.quizzes.quizzesTypes.QuizPersonalityTests"/>
  <system-out/>
  <testcase name="testQuestion2" time="1.564" classname="testModules.quizzes.quizzesTypes.QuizPersonalityTests"/>
  <system-out/>
  <testcase name="testQuestion3Countdown" time="0.843" classname="testModules.quizzes.quizzesTypes.QuizPersonalityTests"/>
  <system-out/>
  <testcase name="testQuestion3" time="1.643" classname="testModules.quizzes.quizzesTypes.QuizPersonalityTests"/>
  <system-out/>
  <testcase name="testQuestion4Countdown" time="0.831" classname="testModules.quizzes.quizzesTypes.QuizPersonalityTests"/>
  <system-out/>
  <testcase name="testQuestion4" time="1.579" classname="testModules.quizzes.quizzesTypes.QuizPersonalityTests"/>
  <system-out/>
  <testcase name="testQuestion5Countdown" time="0.898" classname="testModules.quizzes.quizzesTypes.QuizPersonalityTests"/>
  <system-out/>
  <testcase name="testQuestion5" time="1.624" classname="testModules.quizzes.quizzesTypes.QuizPersonalityTests"/>
  <system-out/>
  <testcase name="testQuestion6Countdown" time="0.985" classname="testModules.quizzes.quizzesTypes.QuizPersonalityTests"/>
  <system-out/>
  <testcase name="testQuestion6" time="2.042" classname="testModules.quizzes.quizzesTypes.QuizPersonalityTests"/>
  <system-out/>
  <testcase name="testQuizTitleResultScreenIsPresent" time="0.384" classname="testModules.quizzes.quizzesTypes.QuizPersonalityTests"/>
  <system-out/>
  <testcase name="testDescriptionsResultScreenArePresent" time="1.098" classname="testModules.quizzes.quizzesTypes.QuizPersonalityTests"/>
  <system-out/>
  <testcase name="verifyRetakeQuiz" time="5.625" classname="testModules.quizzes.quizzesTypes.QuizPersonalityTests"/>
  <system-out/>
  <testcase name="verifyPrevButton" time="10.107" classname="testModules.quizzes.quizzesTypes.QuizPersonalityTests"/>
  <system-out/>
</testsuite> <!-- testModules.quizzes.quizzesTypes.QuizPersonalityTests -->
