<?xml version="1.0" encoding="UTF-8"?>
<!-- Generated by org.testng.reporters.JUnitReportReporter -->
<testsuite skipped="0" hostname="Gabrielas-MBP.fibertel.com.ar" name="testModules.editions.CanadaEditionTests" tests="37" failures="1" timestamp="2022-07-01T09:15:46 ART" time="539.244" errors="0">
  <testcase name="testCanadaEditionIsPresent" time="10.439" classname="testModules.editions.CanadaEditionTests"/>
  <system-out/>
  <testcase name="testLatestSubTab" time="7.362" classname="testModules.editions.CanadaEditionTests"/>
  <system-out/>
  <testcase name="testVideosSubTab" time="5.160" classname="testModules.editions.CanadaEditionTests"/>
  <system-out/>
  <testcase name="testTrendingSubTab" time="2.562" classname="testModules.editions.CanadaEditionTests"/>
  <system-out/>
  <testcase name="testShowsSubTab" time="2.854" classname="testModules.editions.CanadaEditionTests"/>
  <system-out/>
  <testcase name="testAnimalsSubTab" time="9.065" classname="testModules.editions.CanadaEditionTests"/>
  <system-out/>
  <testcase name="testCelebritySubTab" time="10.588" classname="testModules.editions.CanadaEditionTests"/>
  <system-out/>
  <testcase name="testBooksSubTab" time="12.595" classname="testModules.editions.CanadaEditionTests"/>
  <system-out/>
  <testcase name="testCommunitySubTab" time="9.933" classname="testModules.editions.CanadaEditionTests"/>
  <system-out/>
  <testcase name="testFoodSubTab" time="11.736" classname="testModules.editions.CanadaEditionTests"/>
  <system-out/>
  <testcase name="testHealthSubTab" time="12.565" classname="testModules.editions.CanadaEditionTests"/>
  <system-out/>
  <testcase name="testMusicSubTab" time="13.217" classname="testModules.editions.CanadaEditionTests"/>
  <system-out/>
  <testcase name="testNiftySubTab" time="13.216" classname="testModules.editions.CanadaEditionTests"/>
  <system-out/>
  <testcase name="testParentsSubTab" time="14.141" classname="testModules.editions.CanadaEditionTests"/>
  <system-out/>
  <testcase name="testRewindSubTab" time="15.126" classname="testModules.editions.CanadaEditionTests"/>
  <system-out/>
  <testcase name="testStyleSubTab" time="15.927" classname="testModules.editions.CanadaEditionTests"/>
  <system-out/>
  <testcase name="testTravelSubTab" time="18.495" classname="testModules.editions.CanadaEditionTests"/>
  <system-out/>
  <testcase name="testGoingNewsTab" time="3.737" classname="testModules.editions.CanadaEditionTests"/>
  <system-out/>
  <testcase name="testHealthNewsSubTab" time="13.923" classname="testModules.editions.CanadaEditionTests"/>
  <system-out/>
  <testcase name="testPoliticsSubTab" time="16.419" classname="testModules.editions.CanadaEditionTests"/>
  <system-out/>
  <testcase name="testCultureSubTab" time="17.599" classname="testModules.editions.CanadaEditionTests"/>
  <system-out/>
  <testcase name="testTechSubTab" time="18.558" classname="testModules.editions.CanadaEditionTests"/>
  <system-out/>
  <testcase name="testWorldSubTab" time="18.535" classname="testModules.editions.CanadaEditionTests"/>
  <system-out/>
  <testcase name="testEntertainmentSubTab" time="18.734" classname="testModules.editions.CanadaEditionTests"/>
  <system-out/>
  <testcase name="testGoingShoppingTab" time="21.304" classname="testModules.editions.CanadaEditionTests"/>
  <system-out/>
  <testcase name="testTrendingShoppingSubTab" time="20.059" classname="testModules.editions.CanadaEditionTests"/>
  <system-out/>
  <testcase name="testBeautySubTab" time="19.791" classname="testModules.editions.CanadaEditionTests"/>
  <system-out/>
  <testcase name="testDealsSubTab" time="21.991" classname="testModules.editions.CanadaEditionTests"/>
  <system-out/>
  <testcase name="testHomeSubTab" time="21.283" classname="testModules.editions.CanadaEditionTests"/>
  <system-out/>
  <testcase name="testClothingSubTab" time="21.956" classname="testModules.editions.CanadaEditionTests"/>
  <system-out/>
  <testcase name="testGiftSubTab" time="21.708" classname="testModules.editions.CanadaEditionTests"/>
  <system-out/>
  <testcase name="testUnder50SubTab" time="22.868" classname="testModules.editions.CanadaEditionTests"/>
  <system-out/>
  <testcase name="testSelfCareSubTab" time="22.921" classname="testModules.editions.CanadaEditionTests"/>
  <system-out/>
  <testcase name="testTreatYourselfSubTab" time="22.998" classname="testModules.editions.CanadaEditionTests"/>
  <system-out/>
  <testcase name="testGoingToQuizzesTab" time="25.771" classname="testModules.editions.CanadaEditionTests"/>
  <system-out/>
  <testcase name="testSearchTab" time="4.107" classname="testModules.editions.CanadaEditionTests"/>
  <system-out/>
  <testcase name="testShoppingPackage" time="0.001" classname="testModules.editions.CanadaEditionTests">
    <failure type="java.lang.AssertionError" message="expected [true] but found [false]">
      <![CDATA[java.lang.AssertionError: expected [true] but found [false]
at org.testng.Assert.fail(Assert.java:99)
at org.testng.Assert.failNotEquals(Assert.java:1037)
at org.testng.Assert.assertTrue(Assert.java:45)
at org.testng.Assert.assertTrue(Assert.java:55)
at testModules.editions.CanadaEditionTests.testShoppingPackage(CanadaEditionTests.java:745)
at sun.reflect.NativeMethodAccessorImpl.invoke0(Native Method)
at sun.reflect.NativeMethodAccessorImpl.invoke(NativeMethodAccessorImpl.java:62)
at sun.reflect.DelegatingMethodAccessorImpl.invoke(DelegatingMethodAccessorImpl.java:43)
at java.lang.reflect.Method.invoke(Method.java:498)
at org.testng.internal.MethodInvocationHelper.invokeMethod(MethodInvocationHelper.java:133)
at org.testng.internal.TestInvoker.invokeMethod(TestInvoker.java:598)
at org.testng.internal.TestInvoker.invokeTestMethod(TestInvoker.java:173)
at org.testng.internal.MethodRunner.runInSequence(MethodRunner.java:46)
at org.testng.internal.TestInvoker$MethodInvocationAgent.invoke(TestInvoker.java:824)
at org.testng.internal.TestInvoker.invokeTestMethods(TestInvoker.java:146)
at org.testng.internal.TestMethodWorker.invokeTestMethods(TestMethodWorker.java:146)
at org.testng.internal.TestMethodWorker.run(TestMethodWorker.java:128)
at java.util.ArrayList.forEach(ArrayList.java:1259)
at org.testng.TestRunner.privateRun(TestRunner.java:794)
at org.testng.TestRunner.run(TestRunner.java:596)
at org.testng.SuiteRunner.runTest(SuiteRunner.java:377)
at org.testng.SuiteRunner.runSequentially(SuiteRunner.java:371)
at org.testng.SuiteRunner.privateRun(SuiteRunner.java:332)
at org.testng.SuiteRunner.run(SuiteRunner.java:276)
at org.testng.SuiteRunnerWorker.runSuite(SuiteRunnerWorker.java:53)
at org.testng.SuiteRunnerWorker.run(SuiteRunnerWorker.java:96)
at org.testng.TestNG.runSuitesSequentially(TestNG.java:1212)
at org.testng.TestNG.runSuitesSequentially(TestNG.java:1207)
at org.testng.TestNG.runSuitesLocally(TestNG.java:1134)
at org.testng.TestNG.runSuites(TestNG.java:1063)
at org.testng.TestNG.run(TestNG.java:1031)
at org.apache.maven.surefire.testng.TestNGExecutor.run(TestNGExecutor.java:283)
at org.apache.maven.surefire.testng.TestNGXmlTestSuite.execute(TestNGXmlTestSuite.java:75)
at org.apache.maven.surefire.testng.TestNGProvider.invoke(TestNGProvider.java:120)
at org.apache.maven.surefire.booter.ForkedBooter.invokeProviderInSameClassLoader(ForkedBooter.java:383)
at org.apache.maven.surefire.booter.ForkedBooter.runSuitesInProcess(ForkedBooter.java:344)
at org.apache.maven.surefire.booter.ForkedBooter.execute(ForkedBooter.java:125)
at org.apache.maven.surefire.booter.ForkedBooter.main(ForkedBooter.java:417)
]]>
    </failure>
  </testcase> <!-- testShoppingPackage -->
  <system-out/>
</testsuite> <!-- testModules.editions.CanadaEditionTests -->
