<?xml version="1.0" encoding="UTF-8"?>
<!-- Generated by org.testng.reporters.JUnitReportReporter -->
<testsuite skipped="0" hostname="Gabrielas-MBP.fibertel.com.ar" name="testModules.signIn.SignInEmailTests" tests="4" failures="0" timestamp="2023-09-05T20:20:03 ART" time="30.194" errors="0">
  <testcase name="testEnterEmail" time="16.436" classname="testModules.signIn.SignInEmailTests"/>
  <system-out/>
  <testcase name="testEnterPassword" time="10.327" classname="testModules.signIn.SignInEmailTests"/>
  <system-out/>
  <testcase name="testUserName" time="3.256" classname="testModules.signIn.SignInEmailTests"/>
  <system-out/>
  <testcase name="testDate" time="0.175" classname="testModules.signIn.SignInEmailTests"/>
  <system-out/>
</testsuite> <!-- testModules.signIn.SignInEmailTests -->
