<?xml version="1.0" encoding="UTF-8"?>
<!-- Generated by org.testng.reporters.JUnitReportReporter -->
<testsuite skipped="0" hostname="Gabrielas-MBP.fibertel.com.ar" name="testModules.quizzes.QuizzesSubTabTests" tests="7" failures="0" timestamp="2022-06-02T00:18:59 ART" time="121.777" errors="0">
  <testcase name="trendingTab" time="21.234" classname="testModules.quizzes.QuizzesSubTabTests"/>
  <system-out/>
  <testcase name="canWeGuessTab" time="8.251" classname="testModules.quizzes.QuizzesSubTabTests"/>
  <system-out/>
  <testcase name="disneyTab" time="27.792" classname="testModules.quizzes.QuizzesSubTabTests"/>
  <system-out/>
  <testcase name="foodTab" time="16.153" classname="testModules.quizzes.QuizzesSubTabTests"/>
  <system-out/>
  <testcase name="whoAreYouTab" time="10.110" classname="testModules.quizzes.QuizzesSubTabTests"/>
  <system-out/>
  <testcase name="loveTab" time="9.080" classname="testModules.quizzes.QuizzesSubTabTests"/>
  <system-out/>
  <testcase name="triviaTab" time="29.157" classname="testModules.quizzes.QuizzesSubTabTests"/>
  <system-out/>
</testsuite> <!-- testModules.quizzes.QuizzesSubTabTests -->
