<?xml version="1.0" encoding="UTF-8"?>
<!-- Generated by org.testng.reporters.JUnitReportReporter -->
<testsuite skipped="0" hostname="Gabrielas-MBP.fibertel.com.ar" name="testModules.bpage.NatBpageCommentsTests7" tests="16" failures="0" timestamp="2023-06-15T21:01:27 ART" time="5.056" errors="0">
  <testcase name="testSearchNativeBpage" time="1.168" classname="testModules.bpage.NatBpageCommentsTests7"/>
  <system-out/>
  <testcase name="verifyReadCommentsIsPresent" time="0.248" classname="testModules.bpage.NatBpageCommentsTests7"/>
  <system-out/>
  <testcase name="addComment" time="0.052" classname="testModules.bpage.NatBpageCommentsTests7"/>
  <system-out/>
  <testcase name="verifyPostButtonIsPresent" time="0.056" classname="testModules.bpage.NatBpageCommentsTests7"/>
  <system-out/>
  <testcase name="tapPostButton" time="0.048" classname="testModules.bpage.NatBpageCommentsTests7"/>
  <system-out/>
  <testcase name="testEnterEmail" time="0.053" classname="testModules.bpage.NatBpageCommentsTests7"/>
  <system-out/>
  <testcase name="testEnterPassword" time="0.088" classname="testModules.bpage.NatBpageCommentsTests7"/>
  <system-out/>
  <testcase name="verifyMostHeartSectionIsPresent" time="2.149" classname="testModules.bpage.NatBpageCommentsTests7"/>
  <system-out/>
  <testcase name="verifyMostHeartSectionLoads" time="0.055" classname="testModules.bpage.NatBpageCommentsTests7"/>
  <system-out/>
  <testcase name="verifyMostRecentSectionIsPresent" time="0.050" classname="testModules.bpage.NatBpageCommentsTests7"/>
  <system-out/>
  <testcase name="verifyUserIsPresentOnMoreRecentSection" time="0.244" classname="testModules.bpage.NatBpageCommentsTests7"/>
  <system-out/>
  <testcase name="verifyCommentIsPresent" time="0.247" classname="testModules.bpage.NatBpageCommentsTests7"/>
  <system-out/>
  <testcase name="tapLikeCommentButton" time="0.051" classname="testModules.bpage.NatBpageCommentsTests7"/>
  <system-out/>
  <testcase name="verifyReplyButtonIsPresent" time="0.247" classname="testModules.bpage.NatBpageCommentsTests7"/>
  <system-out/>
  <testcase name="replyComment" time="0.053" classname="testModules.bpage.NatBpageCommentsTests7"/>
  <system-out/>
  <testcase name="verifyReplyCommentIsPresent" time="0.247" classname="testModules.bpage.NatBpageCommentsTests7"/>
  <system-out/>
</testsuite> <!-- testModules.bpage.NatBpageCommentsTests7 -->
