<?xml version="1.0" encoding="UTF-8"?>
<!-- Generated by org.testng.reporters.JUnitReportReporter -->
<testsuite hostname="Gabrielas-MacBook-Pro.local" failures="0" tests="26" name="testModules.bpage.NatBpageTests1" time="146.029" errors="0" timestamp="2025-03-05T20:15:11 ART" skipped="0">
  <testcase classname="testModules.bpage.NatBpageTests1" name="testSearchNativeBpage" time="26.223"/>
  <system-out/>
  <testcase classname="testModules.bpage.NatBpageTests1" name="testSearchNativeBpage" time="6.585"/>
  <system-out/>
  <testcase classname="testModules.bpage.NatBpageTests1" name="verifyDataCategoryArePresent" time="0.000"/>
  <system-out/>
  <testcase classname="testModules.bpage.NatBpageTests1" name="verifyDataCategoryArePresent" time="0.000"/>
  <system-out/>
  <testcase classname="testModules.bpage.NatBpageTests1" name="verifyTitleIsPresent" time="0.888"/>
  <system-out/>
  <testcase classname="testModules.bpage.NatBpageTests1" name="verifyTitleIsPresent" time="0.409"/>
  <system-out/>
  <testcase classname="testModules.bpage.NatBpageTests1" name="verifySubTitleIsPresent" time="0.440"/>
  <system-out/>
  <testcase classname="testModules.bpage.NatBpageTests1" name="verifySubTitleIsPresent" time="0.832"/>
  <system-out/>
  <testcase classname="testModules.bpage.NatBpageTests1" name="verifyAuthorInfoIsPresentOnBpage" time="0.437"/>
  <system-out/>
  <testcase classname="testModules.bpage.NatBpageTests1" name="verifyAuthorInfoIsPresentOnBpage" time="1.754"/>
  <system-out/>
  <testcase classname="testModules.bpage.NatBpageTests1" name="verifyImagePresentOnBpage" time="0.957"/>
  <system-out/>
  <testcase classname="testModules.bpage.NatBpageTests1" name="verifyImagePresentOnBpage" time="0.517"/>
  <system-out/>
  <testcase classname="testModules.bpage.NatBpageTests1" name="tapImage" time="1.352"/>
  <system-out/>
  <testcase classname="testModules.bpage.NatBpageTests1" name="tapImage" time="0.429"/>
  <system-out/>
  <testcase classname="testModules.bpage.NatBpageTests1" name="verifyShareButtonIsPresentOnMV" time="0.481"/>
  <system-out/>
  <testcase classname="testModules.bpage.NatBpageTests1" name="verifyShareButtonIsPresentOnMV" time="0.827"/>
  <system-out/>
  <testcase classname="testModules.bpage.NatBpageTests1" name="tapShareButtonOnMV" time="0.431"/>
  <system-out/>
  <testcase classname="testModules.bpage.NatBpageTests1" name="tapShareButtonOnMV" time="1.924"/>
  <system-out/>
  <testcase classname="testModules.bpage.NatBpageTests1" name="verifyDismissMV" time="10.342"/>
  <system-out/>
  <testcase classname="testModules.bpage.NatBpageTests1" name="verifyDismissMV" time="0.489"/>
  <system-out/>
  <testcase classname="testModules.bpage.NatBpageTests1" name="testSearchFallbackBpage" time="11.579"/>
  <system-out/>
  <testcase classname="testModules.bpage.NatBpageTests1" name="testSearchFallbackBpage" time="7.577"/>
  <system-out/>
  <testcase classname="testModules.bpage.NatBpageTests1" name="testBuyFromAmazonButtonIsPresent" time="1.564"/>
  <system-out/>
  <testcase classname="testModules.bpage.NatBpageTests1" name="testBuyFromAmazonButtonIsPresent" time="60.928"/>
  <system-out/>
  <testcase classname="testModules.bpage.NatBpageTests1" name="testBuyFromAmazonButton" time="4.606"/>
  <system-out/>
  <testcase classname="testModules.bpage.NatBpageTests1" name="testBuyFromAmazonButton" time="4.458"/>
  <system-out/>
</testsuite> <!-- testModules.bpage.NatBpageTests1 -->
