<?xml version="1.0" encoding="UTF-8"?>
<!-- Generated by org.testng.reporters.JUnitReportReporter -->
<testsuite skipped="0" hostname="Gabrielas-MBP.fibertel.com.ar" name="testModules.editions.LatamEditionTests" tests="5" failures="0" timestamp="2023-06-15T18:40:26 ART" time="31.639" errors="0">
  <testcase name="testLatamEditionIsPresent" time="13.165" classname="testModules.editions.LatamEditionTests"/>
  <system-out/>
  <testcase name="testLoUltimoSubTab" time="2.697" classname="testModules.editions.LatamEditionTests"/>
  <system-out/>
  <testcase name="testTendenciasSubTab" time="7.307" classname="testModules.editions.LatamEditionTests"/>
  <system-out/>
  <testcase name="testVistosRecientementeSubTab" time="3.024" classname="testModules.editions.LatamEditionTests"/>
  <system-out/>
  <testcase name="testShoppingTab" time="5.446" classname="testModules.editions.LatamEditionTests"/>
  <system-out/>
</testsuite> <!-- testModules.editions.LatamEditionTests -->
