<?xml version="1.0" encoding="UTF-8"?>
<!-- Generated by org.testng.reporters.JUnitReportReporter -->
<testsuite skipped="0" hostname="Gabrielas-MBP.fibertel.com.ar" name="testModules.profile.BookmarksTests6" tests="6" failures="0" timestamp="2023-09-05T20:20:03 ART" time="76.853" errors="0">
  <testcase name="testBookmarksTab" time="1.005" classname="testModules.profile.BookmarksTests6"/>
  <system-out/>
  <testcase name="testEmptyBookmarks" time="4.185" classname="testModules.profile.BookmarksTests6"/>
  <system-out/>
  <testcase name="testAddBookmark" time="30.118" classname="testModules.profile.BookmarksTests6"/>
  <system-out/>
  <testcase name="testBookmarkAdded" time="5.500" classname="testModules.profile.BookmarksTests6"/>
  <system-out/>
  <testcase name="testRemoveBookmark" time="29.540" classname="testModules.profile.BookmarksTests6"/>
  <system-out/>
  <testcase name="testBookmarkRemoved" time="6.505" classname="testModules.profile.BookmarksTests6"/>
  <system-out/>
</testsuite> <!-- testModules.profile.BookmarksTests6 -->
