<?xml version="1.0" encoding="UTF-8"?>
<!-- Generated by org.testng.reporters.JUnitReportReporter -->
<testsuite skipped="1" hostname="Gabrielas-MBP.fibertel.com.ar" name="testModules.news.NewsLatestNewNavTests" tests="18" failures="0" timestamp="2022-10-26T09:03:04 ART" time="245.183" errors="0">
  <testcase name="testAllowButton" time="50.112" classname="testModules.news.NewsLatestNewNavTests"/>
  <system-out/>
  <testcase name="disableAdExp" time="50.142" classname="testModules.news.NewsLatestNewNavTests"/>
  <system-out/>
  <testcase name="moveToNewsTab" time="0.714" classname="testModules.news.NewsLatestNewNavTests"/>
  <system-out/>
  <testcase name="testNewsHeader" time="0.327" classname="testModules.news.NewsLatestNewNavTests"/>
  <system-out/>
  <testcase name="testQCUSection" time="1.199" classname="testModules.news.NewsLatestNewNavTests"/>
  <system-out/>
  <testcase name="testBPage" time="2.731" classname="testModules.news.NewsLatestNewNavTests"/>
  <system-out/>
  <testcase name="testScroll" time="9.429" classname="testModules.news.NewsLatestNewNavTests"/>
  <system-out/>
  <testcase name="tapOnEntertainment" time="7.256" classname="testModules.news.NewsLatestNewNavTests"/>
  <system-out/>
  <testcase name="tapOnCulture" time="80.403" classname="testModules.news.NewsLatestNewNavTests"/>
  <system-out/>
  <testcase name="tapOnHealth" time="6.227" classname="testModules.news.NewsLatestNewNavTests"/>
  <system-out/>
  <testcase name="tapOnJPG" time="6.962" classname="testModules.news.NewsLatestNewNavTests"/>
  <system-out/>
  <testcase name="tapOnMore" time="0.960" classname="testModules.news.NewsLatestNewNavTests"/>
  <system-out/>
  <testcase name="tapOnScience" time="6.000" classname="testModules.news.NewsLatestNewNavTests"/>
  <system-out/>
  <testcase name="tapOnInequity" time="5.372" classname="testModules.news.NewsLatestNewNavTests"/>
  <system-out/>
  <testcase name="tapOnPolitics" time="5.782" classname="testModules.news.NewsLatestNewNavTests"/>
  <system-out/>
  <testcase name="tapOnWorld" time="5.821" classname="testModules.news.NewsLatestNewNavTests"/>
  <system-out/>
  <testcase name="tapOnOpinion" time="5.746" classname="testModules.news.NewsLatestNewNavTests"/>
  <system-out/>
  <testcase name="enableTrendingPackageExp" classname="testModules.news.NewsLatestNewNavTests">
    <skipped/>
  </testcase> <!-- enableTrendingPackageExp -->
  <system-out/>
</testsuite> <!-- testModules.news.NewsLatestNewNavTests -->
