<?xml version="1.0" encoding="UTF-8"?>
<!-- Generated by org.testng.reporters.JUnitReportReporter -->
<testsuite skipped="0" hostname="Gabrielas-MBP.fibertel.com.ar" name="testModules.editions.AustraliaEditionTests" tests="42" failures="1" timestamp="2022-11-29T16:02:21 ART" time="364.240" errors="0">
  <testcase name="testAustraliaEditionIsPresent" time="34.603" classname="testModules.editions.AustraliaEditionTests"/>
  <system-out/>
  <testcase name="testLatestSubTab" time="4.215" classname="testModules.editions.AustraliaEditionTests"/>
  <system-out/>
  <testcase name="testTrendingSubTab" time="6.568" classname="testModules.editions.AustraliaEditionTests"/>
  <system-out/>
  <testcase name="testShowsSubTab" time="2.216" classname="testModules.editions.AustraliaEditionTests"/>
  <system-out/>
  <testcase name="testVideosSubTab" time="2.558" classname="testModules.editions.AustraliaEditionTests"/>
  <system-out/>
  <testcase name="testAnimalsSubTab" time="25.545" classname="testModules.editions.AustraliaEditionTests"/>
  <system-out/>
  <testcase name="tapOnMore1" time="0.395" classname="testModules.editions.AustraliaEditionTests"/>
  <system-out/>
  <testcase name="testBooksSubTab" time="7.626" classname="testModules.editions.AustraliaEditionTests"/>
  <system-out/>
  <testcase name="testCelebritySubTab" time="2.572" classname="testModules.editions.AustraliaEditionTests"/>
  <system-out/>
  <testcase name="testFoodSubTab" time="2.637" classname="testModules.editions.AustraliaEditionTests"/>
  <system-out/>
  <testcase name="testCommunitySubTab" time="5.679" classname="testModules.editions.AustraliaEditionTests"/>
  <system-out/>
  <testcase name="testHealthSubTab" time="13.976" classname="testModules.editions.AustraliaEditionTests"/>
  <system-out/>
  <testcase name="testMusicSubTab" time="20.779" classname="testModules.editions.AustraliaEditionTests"/>
  <system-out/>
  <testcase name="testNiftySubTab" time="23.716" classname="testModules.editions.AustraliaEditionTests"/>
  <system-out/>
  <testcase name="testParentsSubTab" time="25.436" classname="testModules.editions.AustraliaEditionTests"/>
  <system-out/>
  <testcase name="testRewindSubTab" time="39.106" classname="testModules.editions.AustraliaEditionTests"/>
  <system-out/>
  <testcase name="testStyleSubTab" time="12.933" classname="testModules.editions.AustraliaEditionTests"/>
  <system-out/>
  <testcase name="testTravelHomeSubTab" time="7.002" classname="testModules.editions.AustraliaEditionTests"/>
  <system-out/>
  <testcase name="testGoingNewsTab" time="4.739" classname="testModules.editions.AustraliaEditionTests"/>
  <system-out/>
  <testcase name="testHealthNewsTab" time="8.525" classname="testModules.editions.AustraliaEditionTests"/>
  <system-out/>
  <testcase name="testScienceTab" time="4.917" classname="testModules.editions.AustraliaEditionTests"/>
  <system-out/>
  <testcase name="testPoliticsTab" time="2.971" classname="testModules.editions.AustraliaEditionTests"/>
  <system-out/>
  <testcase name="testCultureTab" time="4.237" classname="testModules.editions.AustraliaEditionTests"/>
  <system-out/>
  <testcase name="testInvestigationsTab" time="9.691" classname="testModules.editions.AustraliaEditionTests"/>
  <system-out/>
  <testcase name="testClickOnMoreNews" time="0.806" classname="testModules.editions.AustraliaEditionTests"/>
  <system-out/>
  <testcase name="testTechTab" time="6.056" classname="testModules.editions.AustraliaEditionTests"/>
  <system-out/>
  <testcase name="testWordlTab" time="6.159" classname="testModules.editions.AustraliaEditionTests"/>
  <system-out/>
  <testcase name="testEntertainmentNewsTab" time="5.850" classname="testModules.editions.AustraliaEditionTests"/>
  <system-out/>
  <testcase name="testGoingShoppingTab" time="4.505" classname="testModules.editions.AustraliaEditionTests"/>
  <system-out/>
  <testcase name="testTrendingShoppingSubTab" time="6.835" classname="testModules.editions.AustraliaEditionTests"/>
  <system-out/>
  <testcase name="testBeautySubTab" time="6.627" classname="testModules.editions.AustraliaEditionTests"/>
  <system-out/>
  <testcase name="testDealsSubTab" time="6.628" classname="testModules.editions.AustraliaEditionTests"/>
  <system-out/>
  <testcase name="testHomeSubTab" time="6.710" classname="testModules.editions.AustraliaEditionTests"/>
  <system-out/>
  <testcase name="testClothingSubTab" time="6.795" classname="testModules.editions.AustraliaEditionTests"/>
  <system-out/>
  <testcase name="testClickShoppingOnMoreNews" time="0.853" classname="testModules.editions.AustraliaEditionTests"/>
  <system-out/>
  <testcase name="testGiftSubTab" time="6.212" classname="testModules.editions.AustraliaEditionTests"/>
  <system-out/>
  <testcase name="testUnder50SubTab" time="5.245" classname="testModules.editions.AustraliaEditionTests"/>
  <system-out/>
  <testcase name="testSelfCareSubTab" time="6.134" classname="testModules.editions.AustraliaEditionTests"/>
  <system-out/>
  <testcase name="testTreatYourselfSubTab" time="6.120" classname="testModules.editions.AustraliaEditionTests"/>
  <system-out/>
  <testcase name="testGoingToQuizzesTab" time="8.280" classname="testModules.editions.AustraliaEditionTests"/>
  <system-out/>
  <testcase name="testSearchTab" time="1.782" classname="testModules.editions.AustraliaEditionTests"/>
  <system-out/>
  <testcase name="failedTest" time="0.001" classname="testModules.editions.AustraliaEditionTests">
    <failure type="java.lang.AssertionError" message="expected [true] but found [false]">
      <![CDATA[java.lang.AssertionError: expected [true] but found [false]
at org.testng.Assert.fail(Assert.java:99)
at org.testng.Assert.failNotEquals(Assert.java:1037)
at org.testng.Assert.assertTrue(Assert.java:45)
at org.testng.Assert.assertTrue(Assert.java:55)
at testModules.editions.AustraliaEditionTests.failedTest(AustraliaEditionTests.java:872)
at sun.reflect.NativeMethodAccessorImpl.invoke0(Native Method)
at sun.reflect.NativeMethodAccessorImpl.invoke(NativeMethodAccessorImpl.java:62)
at sun.reflect.DelegatingMethodAccessorImpl.invoke(DelegatingMethodAccessorImpl.java:43)
at java.lang.reflect.Method.invoke(Method.java:498)
at org.testng.internal.MethodInvocationHelper.invokeMethod(MethodInvocationHelper.java:133)
at org.testng.internal.TestInvoker.invokeMethod(TestInvoker.java:598)
at org.testng.internal.TestInvoker.invokeTestMethod(TestInvoker.java:173)
at org.testng.internal.MethodRunner.runInSequence(MethodRunner.java:46)
at org.testng.internal.TestInvoker$MethodInvocationAgent.invoke(TestInvoker.java:824)
at org.testng.internal.TestInvoker.invokeTestMethods(TestInvoker.java:146)
at org.testng.internal.TestMethodWorker.invokeTestMethods(TestMethodWorker.java:146)
at org.testng.internal.TestMethodWorker.run(TestMethodWorker.java:128)
at java.util.ArrayList.forEach(ArrayList.java:1259)
at org.testng.TestRunner.privateRun(TestRunner.java:794)
at org.testng.TestRunner.run(TestRunner.java:596)
at org.testng.SuiteRunner.runTest(SuiteRunner.java:377)
at org.testng.SuiteRunner.runSequentially(SuiteRunner.java:371)
at org.testng.SuiteRunner.privateRun(SuiteRunner.java:332)
at org.testng.SuiteRunner.run(SuiteRunner.java:276)
at org.testng.SuiteRunnerWorker.runSuite(SuiteRunnerWorker.java:53)
at org.testng.SuiteRunnerWorker.run(SuiteRunnerWorker.java:96)
at org.testng.TestNG.runSuitesSequentially(TestNG.java:1212)
at org.testng.TestNG.runSuitesSequentially(TestNG.java:1207)
at org.testng.TestNG.runSuitesLocally(TestNG.java:1134)
at org.testng.TestNG.runSuites(TestNG.java:1063)
at org.testng.TestNG.run(TestNG.java:1031)
at org.apache.maven.surefire.testng.TestNGExecutor.run(TestNGExecutor.java:283)
at org.apache.maven.surefire.testng.TestNGXmlTestSuite.execute(TestNGXmlTestSuite.java:75)
at org.apache.maven.surefire.testng.TestNGProvider.invoke(TestNGProvider.java:120)
at org.apache.maven.surefire.booter.ForkedBooter.invokeProviderInSameClassLoader(ForkedBooter.java:383)
at org.apache.maven.surefire.booter.ForkedBooter.runSuitesInProcess(ForkedBooter.java:344)
at org.apache.maven.surefire.booter.ForkedBooter.execute(ForkedBooter.java:125)
at org.apache.maven.surefire.booter.ForkedBooter.main(ForkedBooter.java:417)
]]>
    </failure>
  </testcase> <!-- failedTest -->
  <system-out/>
</testsuite> <!-- testModules.editions.AustraliaEditionTests -->
