<?xml version="1.0" encoding="UTF-8"?>
<!-- Generated by org.testng.reporters.JUnitReportReporter -->
<testsuite hostname="Gabrielas-MBP.fibertel.com.ar" failures="3" tests="38" name="testModules.editions.CanadaEditionTests2" time="272.464" errors="33" timestamp="2024-05-29T10:42:28 ART" skipped="0">
  <testcase classname="testModules.editions.CanadaEditionTests2" name="testCanadaEditionIsPresent" time="0.512">
    <error message="An element could not be located on the page using the given search parameters.
For documentation on this error, please visit: https://www.selenium.dev/documentation/webdriver/troubleshooting/errors#no-such-element-exception
Build info: version: &#039;4.13.0&#039;, revision: &#039;ba948ece5b*&#039;
System info: os.name: &#039;Mac OS X&#039;, os.arch: &#039;x86_64&#039;, os.version: &#039;14.0&#039;, java.version: &#039;21.0.2&#039;
Driver info: io.appium.java_client.ios.IOSDriver
Command: [76b5a2bc-a2cb-4d5a-8f95-06df53140997, findElement {using=accessibility id, value=Profile}]
Capabilities {appium:autoAcceptAlerts: true, appium:automationName: XCUITest, appium:bundleID: com.buzzfeed.buzzfeed-alpha, appium:bundleId: com.buzzfeed.buzzfeed-alpha, appium:databaseEnabled: false, appium:derivedDataPath: /Users/ltadmin/Documents/ap..., appium:deviceName: iPhone 14, appium:headless: false, appium:javascriptEnabled: true, appium:locale: US, appium:locationContextEnabled: false, appium:maxTypingFrequency: 7, appium:nativeWebScreenshot: true, appium:networkConnectionEnabled: false, appium:newCommandTimeout: 0, appium:noReset: false, appium:orientation: PORTRAIT, appium:platformVersion: 16, appium:takesScreenshot: true, appium:udid: 00008110-001C54C00111401E, appium:uiautomator2ServerLaunchTimeout: 60000, appium:usePrebuiltWDA: true, appium:waitForQuiescence: false, appium:wdaLocalPort: 11280, appium:wdaStartupRetries: 3, appium:webStorageEnabled: false, appium:webkitResponseTimeout: 20000, platformName: IOS}
Session ID: 76b5a2bc-a2cb-4d5a-8f95-06df53140997" type="org.openqa.selenium.NoSuchElementException">
      <![CDATA[org.openqa.selenium.NoSuchElementException: An element could not be located on the page using the given search parameters.
For documentation on this error, please visit: https://www.selenium.dev/documentation/webdriver/troubleshooting/errors#no-such-element-exception
Build info: version: '4.13.0', revision: 'ba948ece5b*'
System info: os.name: 'Mac OS X', os.arch: 'x86_64', os.version: '14.0', java.version: '21.0.2'
Driver info: io.appium.java_client.ios.IOSDriver
Command: [76b5a2bc-a2cb-4d5a-8f95-06df53140997, findElement {using=accessibility id, value=Profile}]
Capabilities {appium:autoAcceptAlerts: true, appium:automationName: XCUITest, appium:bundleID: com.buzzfeed.buzzfeed-alpha, appium:bundleId: com.buzzfeed.buzzfeed-alpha, appium:databaseEnabled: false, appium:derivedDataPath: /Users/ltadmin/Documents/ap..., appium:deviceName: iPhone 14, appium:headless: false, appium:javascriptEnabled: true, appium:locale: US, appium:locationContextEnabled: false, appium:maxTypingFrequency: 7, appium:nativeWebScreenshot: true, appium:networkConnectionEnabled: false, appium:newCommandTimeout: 0, appium:noReset: false, appium:orientation: PORTRAIT, appium:platformVersion: 16, appium:takesScreenshot: true, appium:udid: 00008110-001C54C00111401E, appium:uiautomator2ServerLaunchTimeout: 60000, appium:usePrebuiltWDA: true, appium:waitForQuiescence: false, appium:wdaLocalPort: 11280, appium:wdaStartupRetries: 3, appium:webStorageEnabled: false, appium:webkitResponseTimeout: 20000, platformName: IOS}
Session ID: 76b5a2bc-a2cb-4d5a-8f95-06df53140997
at java.base/jdk.internal.reflect.DirectConstructorHandleAccessor.newInstance(DirectConstructorHandleAccessor.java:62)
at java.base/java.lang.reflect.Constructor.newInstanceWithCaller(Constructor.java:502)
at java.base/java.lang.reflect.Constructor.newInstance(Constructor.java:486)
at org.openqa.selenium.remote.codec.w3c.W3CHttpResponseCodec.createException(W3CHttpResponseCodec.java:200)
at org.openqa.selenium.remote.codec.w3c.W3CHttpResponseCodec.decode(W3CHttpResponseCodec.java:133)
at org.openqa.selenium.remote.codec.w3c.W3CHttpResponseCodec.decode(W3CHttpResponseCodec.java:52)
at org.openqa.selenium.remote.HttpCommandExecutor.execute(HttpCommandExecutor.java:191)
at io.appium.java_client.remote.AppiumCommandExecutor.execute(AppiumCommandExecutor.java:250)
at org.openqa.selenium.remote.RemoteWebDriver.execute(RemoteWebDriver.java:602)
at org.openqa.selenium.remote.ElementLocation$ElementFinder$2.findElement(ElementLocation.java:165)
at org.openqa.selenium.remote.ElementLocation.findElement(ElementLocation.java:59)
at org.openqa.selenium.remote.RemoteWebDriver.findElement(RemoteWebDriver.java:359)
at org.openqa.selenium.remote.RemoteWebDriver.findElement(RemoteWebDriver.java:353)
at config.pages.CommonPage.tapProfileButton(CommonPage.java:617)
at testModules.editions.CanadaEditionTests2.testCanadaEditionIsPresent(CanadaEditionTests2.java:43)
at java.base/jdk.internal.reflect.DirectMethodHandleAccessor.invoke(DirectMethodHandleAccessor.java:103)
at java.base/java.lang.reflect.Method.invoke(Method.java:580)
at org.testng.internal.MethodInvocationHelper.invokeMethod(MethodInvocationHelper.java:133)
at org.testng.internal.TestInvoker.invokeMethod(TestInvoker.java:598)
at org.testng.internal.TestInvoker.invokeTestMethod(TestInvoker.java:173)
at org.testng.internal.MethodRunner.runInSequence(MethodRunner.java:46)
at org.testng.internal.TestInvoker$MethodInvocationAgent.invoke(TestInvoker.java:824)
at org.testng.internal.TestInvoker.invokeTestMethods(TestInvoker.java:146)
at org.testng.internal.TestMethodWorker.invokeTestMethods(TestMethodWorker.java:146)
at org.testng.internal.TestMethodWorker.run(TestMethodWorker.java:128)
at java.base/java.util.ArrayList.forEach(ArrayList.java:1596)
at org.testng.TestRunner.privateRun(TestRunner.java:794)
at org.testng.TestRunner.run(TestRunner.java:596)
at org.testng.SuiteRunner.runTest(SuiteRunner.java:377)
at org.testng.SuiteRunner.runSequentially(SuiteRunner.java:371)
at org.testng.SuiteRunner.privateRun(SuiteRunner.java:332)
at org.testng.SuiteRunner.run(SuiteRunner.java:276)
at org.testng.SuiteRunnerWorker.runSuite(SuiteRunnerWorker.java:53)
at org.testng.SuiteRunnerWorker.run(SuiteRunnerWorker.java:96)
at org.testng.TestNG.runSuitesSequentially(TestNG.java:1212)
at org.testng.TestNG.runSuitesSequentially(TestNG.java:1207)
at org.testng.TestNG.runSuitesLocally(TestNG.java:1134)
at org.testng.TestNG.runSuites(TestNG.java:1063)
at org.testng.TestNG.run(TestNG.java:1031)
at org.apache.maven.surefire.testng.TestNGExecutor.run(TestNGExecutor.java:283)
at org.apache.maven.surefire.testng.TestNGXmlTestSuite.execute(TestNGXmlTestSuite.java:75)
at org.apache.maven.surefire.testng.TestNGProvider.invoke(TestNGProvider.java:120)
at org.apache.maven.surefire.booter.ForkedBooter.invokeProviderInSameClassLoader(ForkedBooter.java:383)
at org.apache.maven.surefire.booter.ForkedBooter.runSuitesInProcess(ForkedBooter.java:344)
at org.apache.maven.surefire.booter.ForkedBooter.execute(ForkedBooter.java:125)
at org.apache.maven.surefire.booter.ForkedBooter.main(ForkedBooter.java:417)
]]>
    </error>
  </testcase> <!-- testCanadaEditionIsPresent -->
  <system-out/>
  <testcase classname="testModules.editions.CanadaEditionTests2" name="testLatestSubTab" time="61.846">
    <error message="An element could not be located on the page using the given search parameters.
For documentation on this error, please visit: https://www.selenium.dev/documentation/webdriver/troubleshooting/errors#no-such-element-exception
Build info: version: &#039;4.13.0&#039;, revision: &#039;ba948ece5b*&#039;
System info: os.name: &#039;Mac OS X&#039;, os.arch: &#039;x86_64&#039;, os.version: &#039;14.0&#039;, java.version: &#039;21.0.2&#039;
Driver info: io.appium.java_client.ios.IOSDriver
Command: [76b5a2bc-a2cb-4d5a-8f95-06df53140997, findElement {using=xpath, value=//XCUIElementTypeCell[@name=&quot;splash_cell&quot;]/XCUIElementTypeOther[2]}]
Capabilities {appium:autoAcceptAlerts: true, appium:automationName: XCUITest, appium:bundleID: com.buzzfeed.buzzfeed-alpha, appium:bundleId: com.buzzfeed.buzzfeed-alpha, appium:databaseEnabled: false, appium:derivedDataPath: /Users/ltadmin/Documents/ap..., appium:deviceName: iPhone 14, appium:headless: false, appium:javascriptEnabled: true, appium:locale: US, appium:locationContextEnabled: false, appium:maxTypingFrequency: 7, appium:nativeWebScreenshot: true, appium:networkConnectionEnabled: false, appium:newCommandTimeout: 0, appium:noReset: false, appium:orientation: PORTRAIT, appium:platformVersion: 16, appium:takesScreenshot: true, appium:udid: 00008110-001C54C00111401E, appium:uiautomator2ServerLaunchTimeout: 60000, appium:usePrebuiltWDA: true, appium:waitForQuiescence: false, appium:wdaLocalPort: 11280, appium:wdaStartupRetries: 3, appium:webStorageEnabled: false, appium:webkitResponseTimeout: 20000, platformName: IOS}
Session ID: 76b5a2bc-a2cb-4d5a-8f95-06df53140997" type="org.openqa.selenium.NoSuchElementException">
      <![CDATA[org.openqa.selenium.NoSuchElementException: An element could not be located on the page using the given search parameters.
For documentation on this error, please visit: https://www.selenium.dev/documentation/webdriver/troubleshooting/errors#no-such-element-exception
Build info: version: '4.13.0', revision: 'ba948ece5b*'
System info: os.name: 'Mac OS X', os.arch: 'x86_64', os.version: '14.0', java.version: '21.0.2'
Driver info: io.appium.java_client.ios.IOSDriver
Command: [76b5a2bc-a2cb-4d5a-8f95-06df53140997, findElement {using=xpath, value=//XCUIElementTypeCell[@name="splash_cell"]/XCUIElementTypeOther[2]}]
Capabilities {appium:autoAcceptAlerts: true, appium:automationName: XCUITest, appium:bundleID: com.buzzfeed.buzzfeed-alpha, appium:bundleId: com.buzzfeed.buzzfeed-alpha, appium:databaseEnabled: false, appium:derivedDataPath: /Users/ltadmin/Documents/ap..., appium:deviceName: iPhone 14, appium:headless: false, appium:javascriptEnabled: true, appium:locale: US, appium:locationContextEnabled: false, appium:maxTypingFrequency: 7, appium:nativeWebScreenshot: true, appium:networkConnectionEnabled: false, appium:newCommandTimeout: 0, appium:noReset: false, appium:orientation: PORTRAIT, appium:platformVersion: 16, appium:takesScreenshot: true, appium:udid: 00008110-001C54C00111401E, appium:uiautomator2ServerLaunchTimeout: 60000, appium:usePrebuiltWDA: true, appium:waitForQuiescence: false, appium:wdaLocalPort: 11280, appium:wdaStartupRetries: 3, appium:webStorageEnabled: false, appium:webkitResponseTimeout: 20000, platformName: IOS}
Session ID: 76b5a2bc-a2cb-4d5a-8f95-06df53140997
at java.base/jdk.internal.reflect.DirectConstructorHandleAccessor.newInstance(DirectConstructorHandleAccessor.java:62)
at java.base/java.lang.reflect.Constructor.newInstanceWithCaller(Constructor.java:502)
at java.base/java.lang.reflect.Constructor.newInstance(Constructor.java:486)
at org.openqa.selenium.remote.codec.w3c.W3CHttpResponseCodec.createException(W3CHttpResponseCodec.java:200)
at org.openqa.selenium.remote.codec.w3c.W3CHttpResponseCodec.decode(W3CHttpResponseCodec.java:133)
at org.openqa.selenium.remote.codec.w3c.W3CHttpResponseCodec.decode(W3CHttpResponseCodec.java:52)
at org.openqa.selenium.remote.HttpCommandExecutor.execute(HttpCommandExecutor.java:191)
at io.appium.java_client.remote.AppiumCommandExecutor.execute(AppiumCommandExecutor.java:250)
at org.openqa.selenium.remote.RemoteWebDriver.execute(RemoteWebDriver.java:602)
at org.openqa.selenium.remote.ElementLocation$ElementFinder$2.findElement(ElementLocation.java:165)
at org.openqa.selenium.remote.ElementLocation.findElement(ElementLocation.java:59)
at org.openqa.selenium.remote.RemoteWebDriver.findElement(RemoteWebDriver.java:359)
at org.openqa.selenium.remote.RemoteWebDriver.findElement(RemoteWebDriver.java:353)
at config.pages.CommonPage.tapSplash(CommonPage.java:552)
at testModules.editions.CanadaEditionTests2.testLatestSubTab(CanadaEditionTests2.java:62)
at java.base/jdk.internal.reflect.DirectMethodHandleAccessor.invoke(DirectMethodHandleAccessor.java:103)
at java.base/java.lang.reflect.Method.invoke(Method.java:580)
at org.testng.internal.MethodInvocationHelper.invokeMethod(MethodInvocationHelper.java:133)
at org.testng.internal.TestInvoker.invokeMethod(TestInvoker.java:598)
at org.testng.internal.TestInvoker.invokeTestMethod(TestInvoker.java:173)
at org.testng.internal.MethodRunner.runInSequence(MethodRunner.java:46)
at org.testng.internal.TestInvoker$MethodInvocationAgent.invoke(TestInvoker.java:824)
at org.testng.internal.TestInvoker.invokeTestMethods(TestInvoker.java:146)
at org.testng.internal.TestMethodWorker.invokeTestMethods(TestMethodWorker.java:146)
at org.testng.internal.TestMethodWorker.run(TestMethodWorker.java:128)
at java.base/java.util.ArrayList.forEach(ArrayList.java:1596)
at org.testng.TestRunner.privateRun(TestRunner.java:794)
at org.testng.TestRunner.run(TestRunner.java:596)
at org.testng.SuiteRunner.runTest(SuiteRunner.java:377)
at org.testng.SuiteRunner.runSequentially(SuiteRunner.java:371)
at org.testng.SuiteRunner.privateRun(SuiteRunner.java:332)
at org.testng.SuiteRunner.run(SuiteRunner.java:276)
at org.testng.SuiteRunnerWorker.runSuite(SuiteRunnerWorker.java:53)
at org.testng.SuiteRunnerWorker.run(SuiteRunnerWorker.java:96)
at org.testng.TestNG.runSuitesSequentially(TestNG.java:1212)
at org.testng.TestNG.runSuitesSequentially(TestNG.java:1207)
at org.testng.TestNG.runSuitesLocally(TestNG.java:1134)
at org.testng.TestNG.runSuites(TestNG.java:1063)
at org.testng.TestNG.run(TestNG.java:1031)
at org.apache.maven.surefire.testng.TestNGExecutor.run(TestNGExecutor.java:283)
at org.apache.maven.surefire.testng.TestNGXmlTestSuite.execute(TestNGXmlTestSuite.java:75)
at org.apache.maven.surefire.testng.TestNGProvider.invoke(TestNGProvider.java:120)
at org.apache.maven.surefire.booter.ForkedBooter.invokeProviderInSameClassLoader(ForkedBooter.java:383)
at org.apache.maven.surefire.booter.ForkedBooter.runSuitesInProcess(ForkedBooter.java:344)
at org.apache.maven.surefire.booter.ForkedBooter.execute(ForkedBooter.java:125)
at org.apache.maven.surefire.booter.ForkedBooter.main(ForkedBooter.java:417)
]]>
    </error>
  </testcase> <!-- testLatestSubTab -->
  <system-out/>
  <testcase classname="testModules.editions.CanadaEditionTests2" name="testTrendingSubTab" time="0.553">
    <error message="An element could not be located on the page using the given search parameters.
For documentation on this error, please visit: https://www.selenium.dev/documentation/webdriver/troubleshooting/errors#no-such-element-exception
Build info: version: &#039;4.13.0&#039;, revision: &#039;ba948ece5b*&#039;
System info: os.name: &#039;Mac OS X&#039;, os.arch: &#039;x86_64&#039;, os.version: &#039;14.0&#039;, java.version: &#039;21.0.2&#039;
Driver info: io.appium.java_client.ios.IOSDriver
Command: [76b5a2bc-a2cb-4d5a-8f95-06df53140997, findElement {using=accessibility id, value=Subnav-Trending}]
Capabilities {appium:autoAcceptAlerts: true, appium:automationName: XCUITest, appium:bundleID: com.buzzfeed.buzzfeed-alpha, appium:bundleId: com.buzzfeed.buzzfeed-alpha, appium:databaseEnabled: false, appium:derivedDataPath: /Users/ltadmin/Documents/ap..., appium:deviceName: iPhone 14, appium:headless: false, appium:javascriptEnabled: true, appium:locale: US, appium:locationContextEnabled: false, appium:maxTypingFrequency: 7, appium:nativeWebScreenshot: true, appium:networkConnectionEnabled: false, appium:newCommandTimeout: 0, appium:noReset: false, appium:orientation: PORTRAIT, appium:platformVersion: 16, appium:takesScreenshot: true, appium:udid: 00008110-001C54C00111401E, appium:uiautomator2ServerLaunchTimeout: 60000, appium:usePrebuiltWDA: true, appium:waitForQuiescence: false, appium:wdaLocalPort: 11280, appium:wdaStartupRetries: 3, appium:webStorageEnabled: false, appium:webkitResponseTimeout: 20000, platformName: IOS}
Session ID: 76b5a2bc-a2cb-4d5a-8f95-06df53140997" type="org.openqa.selenium.NoSuchElementException">
      <![CDATA[org.openqa.selenium.NoSuchElementException: An element could not be located on the page using the given search parameters.
For documentation on this error, please visit: https://www.selenium.dev/documentation/webdriver/troubleshooting/errors#no-such-element-exception
Build info: version: '4.13.0', revision: 'ba948ece5b*'
System info: os.name: 'Mac OS X', os.arch: 'x86_64', os.version: '14.0', java.version: '21.0.2'
Driver info: io.appium.java_client.ios.IOSDriver
Command: [76b5a2bc-a2cb-4d5a-8f95-06df53140997, findElement {using=accessibility id, value=Subnav-Trending}]
Capabilities {appium:autoAcceptAlerts: true, appium:automationName: XCUITest, appium:bundleID: com.buzzfeed.buzzfeed-alpha, appium:bundleId: com.buzzfeed.buzzfeed-alpha, appium:databaseEnabled: false, appium:derivedDataPath: /Users/ltadmin/Documents/ap..., appium:deviceName: iPhone 14, appium:headless: false, appium:javascriptEnabled: true, appium:locale: US, appium:locationContextEnabled: false, appium:maxTypingFrequency: 7, appium:nativeWebScreenshot: true, appium:networkConnectionEnabled: false, appium:newCommandTimeout: 0, appium:noReset: false, appium:orientation: PORTRAIT, appium:platformVersion: 16, appium:takesScreenshot: true, appium:udid: 00008110-001C54C00111401E, appium:uiautomator2ServerLaunchTimeout: 60000, appium:usePrebuiltWDA: true, appium:waitForQuiescence: false, appium:wdaLocalPort: 11280, appium:wdaStartupRetries: 3, appium:webStorageEnabled: false, appium:webkitResponseTimeout: 20000, platformName: IOS}
Session ID: 76b5a2bc-a2cb-4d5a-8f95-06df53140997
at java.base/jdk.internal.reflect.DirectConstructorHandleAccessor.newInstance(DirectConstructorHandleAccessor.java:62)
at java.base/java.lang.reflect.Constructor.newInstanceWithCaller(Constructor.java:502)
at java.base/java.lang.reflect.Constructor.newInstance(Constructor.java:486)
at org.openqa.selenium.remote.codec.w3c.W3CHttpResponseCodec.createException(W3CHttpResponseCodec.java:200)
at org.openqa.selenium.remote.codec.w3c.W3CHttpResponseCodec.decode(W3CHttpResponseCodec.java:133)
at org.openqa.selenium.remote.codec.w3c.W3CHttpResponseCodec.decode(W3CHttpResponseCodec.java:52)
at org.openqa.selenium.remote.HttpCommandExecutor.execute(HttpCommandExecutor.java:191)
at io.appium.java_client.remote.AppiumCommandExecutor.execute(AppiumCommandExecutor.java:250)
at org.openqa.selenium.remote.RemoteWebDriver.execute(RemoteWebDriver.java:602)
at org.openqa.selenium.remote.ElementLocation$ElementFinder$2.findElement(ElementLocation.java:165)
at org.openqa.selenium.remote.ElementLocation.findElement(ElementLocation.java:59)
at org.openqa.selenium.remote.RemoteWebDriver.findElement(RemoteWebDriver.java:359)
at org.openqa.selenium.remote.RemoteWebDriver.findElement(RemoteWebDriver.java:353)
at config.pages.home.HomeLatestPage.tapOnTrendingSubNav(HomeLatestPage.java:98)
at testModules.editions.CanadaEditionTests2.testTrendingSubTab(CanadaEditionTests2.java:70)
at java.base/jdk.internal.reflect.DirectMethodHandleAccessor.invoke(DirectMethodHandleAccessor.java:103)
at java.base/java.lang.reflect.Method.invoke(Method.java:580)
at org.testng.internal.MethodInvocationHelper.invokeMethod(MethodInvocationHelper.java:133)
at org.testng.internal.TestInvoker.invokeMethod(TestInvoker.java:598)
at org.testng.internal.TestInvoker.invokeTestMethod(TestInvoker.java:173)
at org.testng.internal.MethodRunner.runInSequence(MethodRunner.java:46)
at org.testng.internal.TestInvoker$MethodInvocationAgent.invoke(TestInvoker.java:824)
at org.testng.internal.TestInvoker.invokeTestMethods(TestInvoker.java:146)
at org.testng.internal.TestMethodWorker.invokeTestMethods(TestMethodWorker.java:146)
at org.testng.internal.TestMethodWorker.run(TestMethodWorker.java:128)
at java.base/java.util.ArrayList.forEach(ArrayList.java:1596)
at org.testng.TestRunner.privateRun(TestRunner.java:794)
at org.testng.TestRunner.run(TestRunner.java:596)
at org.testng.SuiteRunner.runTest(SuiteRunner.java:377)
at org.testng.SuiteRunner.runSequentially(SuiteRunner.java:371)
at org.testng.SuiteRunner.privateRun(SuiteRunner.java:332)
at org.testng.SuiteRunner.run(SuiteRunner.java:276)
at org.testng.SuiteRunnerWorker.runSuite(SuiteRunnerWorker.java:53)
at org.testng.SuiteRunnerWorker.run(SuiteRunnerWorker.java:96)
at org.testng.TestNG.runSuitesSequentially(TestNG.java:1212)
at org.testng.TestNG.runSuitesSequentially(TestNG.java:1207)
at org.testng.TestNG.runSuitesLocally(TestNG.java:1134)
at org.testng.TestNG.runSuites(TestNG.java:1063)
at org.testng.TestNG.run(TestNG.java:1031)
at org.apache.maven.surefire.testng.TestNGExecutor.run(TestNGExecutor.java:283)
at org.apache.maven.surefire.testng.TestNGXmlTestSuite.execute(TestNGXmlTestSuite.java:75)
at org.apache.maven.surefire.testng.TestNGProvider.invoke(TestNGProvider.java:120)
at org.apache.maven.surefire.booter.ForkedBooter.invokeProviderInSameClassLoader(ForkedBooter.java:383)
at org.apache.maven.surefire.booter.ForkedBooter.runSuitesInProcess(ForkedBooter.java:344)
at org.apache.maven.surefire.booter.ForkedBooter.execute(ForkedBooter.java:125)
at org.apache.maven.surefire.booter.ForkedBooter.main(ForkedBooter.java:417)
]]>
    </error>
  </testcase> <!-- testTrendingSubTab -->
  <system-out/>
  <testcase classname="testModules.editions.CanadaEditionTests2" name="testFunnyTweetsSubTab" time="61.606">
    <error message="An element could not be located on the page using the given search parameters.
For documentation on this error, please visit: https://www.selenium.dev/documentation/webdriver/troubleshooting/errors#no-such-element-exception
Build info: version: &#039;4.13.0&#039;, revision: &#039;ba948ece5b*&#039;
System info: os.name: &#039;Mac OS X&#039;, os.arch: &#039;x86_64&#039;, os.version: &#039;14.0&#039;, java.version: &#039;21.0.2&#039;
Driver info: io.appium.java_client.ios.IOSDriver
Command: [76b5a2bc-a2cb-4d5a-8f95-06df53140997, findElement {using=accessibility id, value=Back}]
Capabilities {appium:autoAcceptAlerts: true, appium:automationName: XCUITest, appium:bundleID: com.buzzfeed.buzzfeed-alpha, appium:bundleId: com.buzzfeed.buzzfeed-alpha, appium:databaseEnabled: false, appium:derivedDataPath: /Users/ltadmin/Documents/ap..., appium:deviceName: iPhone 14, appium:headless: false, appium:javascriptEnabled: true, appium:locale: US, appium:locationContextEnabled: false, appium:maxTypingFrequency: 7, appium:nativeWebScreenshot: true, appium:networkConnectionEnabled: false, appium:newCommandTimeout: 0, appium:noReset: false, appium:orientation: PORTRAIT, appium:platformVersion: 16, appium:takesScreenshot: true, appium:udid: 00008110-001C54C00111401E, appium:uiautomator2ServerLaunchTimeout: 60000, appium:usePrebuiltWDA: true, appium:waitForQuiescence: false, appium:wdaLocalPort: 11280, appium:wdaStartupRetries: 3, appium:webStorageEnabled: false, appium:webkitResponseTimeout: 20000, platformName: IOS}
Session ID: 76b5a2bc-a2cb-4d5a-8f95-06df53140997" type="org.openqa.selenium.NoSuchElementException">
      <![CDATA[org.openqa.selenium.NoSuchElementException: An element could not be located on the page using the given search parameters.
For documentation on this error, please visit: https://www.selenium.dev/documentation/webdriver/troubleshooting/errors#no-such-element-exception
Build info: version: '4.13.0', revision: 'ba948ece5b*'
System info: os.name: 'Mac OS X', os.arch: 'x86_64', os.version: '14.0', java.version: '21.0.2'
Driver info: io.appium.java_client.ios.IOSDriver
Command: [76b5a2bc-a2cb-4d5a-8f95-06df53140997, findElement {using=accessibility id, value=Back}]
Capabilities {appium:autoAcceptAlerts: true, appium:automationName: XCUITest, appium:bundleID: com.buzzfeed.buzzfeed-alpha, appium:bundleId: com.buzzfeed.buzzfeed-alpha, appium:databaseEnabled: false, appium:derivedDataPath: /Users/ltadmin/Documents/ap..., appium:deviceName: iPhone 14, appium:headless: false, appium:javascriptEnabled: true, appium:locale: US, appium:locationContextEnabled: false, appium:maxTypingFrequency: 7, appium:nativeWebScreenshot: true, appium:networkConnectionEnabled: false, appium:newCommandTimeout: 0, appium:noReset: false, appium:orientation: PORTRAIT, appium:platformVersion: 16, appium:takesScreenshot: true, appium:udid: 00008110-001C54C00111401E, appium:uiautomator2ServerLaunchTimeout: 60000, appium:usePrebuiltWDA: true, appium:waitForQuiescence: false, appium:wdaLocalPort: 11280, appium:wdaStartupRetries: 3, appium:webStorageEnabled: false, appium:webkitResponseTimeout: 20000, platformName: IOS}
Session ID: 76b5a2bc-a2cb-4d5a-8f95-06df53140997
at java.base/jdk.internal.reflect.DirectConstructorHandleAccessor.newInstance(DirectConstructorHandleAccessor.java:62)
at java.base/java.lang.reflect.Constructor.newInstanceWithCaller(Constructor.java:502)
at java.base/java.lang.reflect.Constructor.newInstance(Constructor.java:486)
at org.openqa.selenium.remote.codec.w3c.W3CHttpResponseCodec.createException(W3CHttpResponseCodec.java:200)
at org.openqa.selenium.remote.codec.w3c.W3CHttpResponseCodec.decode(W3CHttpResponseCodec.java:133)
at org.openqa.selenium.remote.codec.w3c.W3CHttpResponseCodec.decode(W3CHttpResponseCodec.java:52)
at org.openqa.selenium.remote.HttpCommandExecutor.execute(HttpCommandExecutor.java:191)
at io.appium.java_client.remote.AppiumCommandExecutor.execute(AppiumCommandExecutor.java:250)
at org.openqa.selenium.remote.RemoteWebDriver.execute(RemoteWebDriver.java:602)
at org.openqa.selenium.remote.ElementLocation$ElementFinder$2.findElement(ElementLocation.java:165)
at org.openqa.selenium.remote.ElementLocation.findElement(ElementLocation.java:59)
at org.openqa.selenium.remote.RemoteWebDriver.findElement(RemoteWebDriver.java:359)
at org.openqa.selenium.remote.RemoteWebDriver.findElement(RemoteWebDriver.java:353)
at config.pages.CommonPage.tapBackButton(CommonPage.java:386)
at testModules.editions.CanadaEditionTests2.testFunnyTweetsSubTab(CanadaEditionTests2.java:89)
at java.base/jdk.internal.reflect.DirectMethodHandleAccessor.invoke(DirectMethodHandleAccessor.java:103)
at java.base/java.lang.reflect.Method.invoke(Method.java:580)
at org.testng.internal.MethodInvocationHelper.invokeMethod(MethodInvocationHelper.java:133)
at org.testng.internal.TestInvoker.invokeMethod(TestInvoker.java:598)
at org.testng.internal.TestInvoker.invokeTestMethod(TestInvoker.java:173)
at org.testng.internal.MethodRunner.runInSequence(MethodRunner.java:46)
at org.testng.internal.TestInvoker$MethodInvocationAgent.invoke(TestInvoker.java:824)
at org.testng.internal.TestInvoker.invokeTestMethods(TestInvoker.java:146)
at org.testng.internal.TestMethodWorker.invokeTestMethods(TestMethodWorker.java:146)
at org.testng.internal.TestMethodWorker.run(TestMethodWorker.java:128)
at java.base/java.util.ArrayList.forEach(ArrayList.java:1596)
at org.testng.TestRunner.privateRun(TestRunner.java:794)
at org.testng.TestRunner.run(TestRunner.java:596)
at org.testng.SuiteRunner.runTest(SuiteRunner.java:377)
at org.testng.SuiteRunner.runSequentially(SuiteRunner.java:371)
at org.testng.SuiteRunner.privateRun(SuiteRunner.java:332)
at org.testng.SuiteRunner.run(SuiteRunner.java:276)
at org.testng.SuiteRunnerWorker.runSuite(SuiteRunnerWorker.java:53)
at org.testng.SuiteRunnerWorker.run(SuiteRunnerWorker.java:96)
at org.testng.TestNG.runSuitesSequentially(TestNG.java:1212)
at org.testng.TestNG.runSuitesSequentially(TestNG.java:1207)
at org.testng.TestNG.runSuitesLocally(TestNG.java:1134)
at org.testng.TestNG.runSuites(TestNG.java:1063)
at org.testng.TestNG.run(TestNG.java:1031)
at org.apache.maven.surefire.testng.TestNGExecutor.run(TestNGExecutor.java:283)
at org.apache.maven.surefire.testng.TestNGXmlTestSuite.execute(TestNGXmlTestSuite.java:75)
at org.apache.maven.surefire.testng.TestNGProvider.invoke(TestNGProvider.java:120)
at org.apache.maven.surefire.booter.ForkedBooter.invokeProviderInSameClassLoader(ForkedBooter.java:383)
at org.apache.maven.surefire.booter.ForkedBooter.runSuitesInProcess(ForkedBooter.java:344)
at org.apache.maven.surefire.booter.ForkedBooter.execute(ForkedBooter.java:125)
at org.apache.maven.surefire.booter.ForkedBooter.main(ForkedBooter.java:417)
]]>
    </error>
  </testcase> <!-- testFunnyTweetsSubTab -->
  <system-out/>
  <testcase classname="testModules.editions.CanadaEditionTests2" name="testGamesSubTab" time="61.751">
    <error message="An element could not be located on the page using the given search parameters.
For documentation on this error, please visit: https://www.selenium.dev/documentation/webdriver/troubleshooting/errors#no-such-element-exception
Build info: version: &#039;4.13.0&#039;, revision: &#039;ba948ece5b*&#039;
System info: os.name: &#039;Mac OS X&#039;, os.arch: &#039;x86_64&#039;, os.version: &#039;14.0&#039;, java.version: &#039;21.0.2&#039;
Driver info: io.appium.java_client.ios.IOSDriver
Command: [76b5a2bc-a2cb-4d5a-8f95-06df53140997, findElement {using=accessibility id, value=Back}]
Capabilities {appium:autoAcceptAlerts: true, appium:automationName: XCUITest, appium:bundleID: com.buzzfeed.buzzfeed-alpha, appium:bundleId: com.buzzfeed.buzzfeed-alpha, appium:databaseEnabled: false, appium:derivedDataPath: /Users/ltadmin/Documents/ap..., appium:deviceName: iPhone 14, appium:headless: false, appium:javascriptEnabled: true, appium:locale: US, appium:locationContextEnabled: false, appium:maxTypingFrequency: 7, appium:nativeWebScreenshot: true, appium:networkConnectionEnabled: false, appium:newCommandTimeout: 0, appium:noReset: false, appium:orientation: PORTRAIT, appium:platformVersion: 16, appium:takesScreenshot: true, appium:udid: 00008110-001C54C00111401E, appium:uiautomator2ServerLaunchTimeout: 60000, appium:usePrebuiltWDA: true, appium:waitForQuiescence: false, appium:wdaLocalPort: 11280, appium:wdaStartupRetries: 3, appium:webStorageEnabled: false, appium:webkitResponseTimeout: 20000, platformName: IOS}
Session ID: 76b5a2bc-a2cb-4d5a-8f95-06df53140997" type="org.openqa.selenium.NoSuchElementException">
      <![CDATA[org.openqa.selenium.NoSuchElementException: An element could not be located on the page using the given search parameters.
For documentation on this error, please visit: https://www.selenium.dev/documentation/webdriver/troubleshooting/errors#no-such-element-exception
Build info: version: '4.13.0', revision: 'ba948ece5b*'
System info: os.name: 'Mac OS X', os.arch: 'x86_64', os.version: '14.0', java.version: '21.0.2'
Driver info: io.appium.java_client.ios.IOSDriver
Command: [76b5a2bc-a2cb-4d5a-8f95-06df53140997, findElement {using=accessibility id, value=Back}]
Capabilities {appium:autoAcceptAlerts: true, appium:automationName: XCUITest, appium:bundleID: com.buzzfeed.buzzfeed-alpha, appium:bundleId: com.buzzfeed.buzzfeed-alpha, appium:databaseEnabled: false, appium:derivedDataPath: /Users/ltadmin/Documents/ap..., appium:deviceName: iPhone 14, appium:headless: false, appium:javascriptEnabled: true, appium:locale: US, appium:locationContextEnabled: false, appium:maxTypingFrequency: 7, appium:nativeWebScreenshot: true, appium:networkConnectionEnabled: false, appium:newCommandTimeout: 0, appium:noReset: false, appium:orientation: PORTRAIT, appium:platformVersion: 16, appium:takesScreenshot: true, appium:udid: 00008110-001C54C00111401E, appium:uiautomator2ServerLaunchTimeout: 60000, appium:usePrebuiltWDA: true, appium:waitForQuiescence: false, appium:wdaLocalPort: 11280, appium:wdaStartupRetries: 3, appium:webStorageEnabled: false, appium:webkitResponseTimeout: 20000, platformName: IOS}
Session ID: 76b5a2bc-a2cb-4d5a-8f95-06df53140997
at java.base/jdk.internal.reflect.DirectConstructorHandleAccessor.newInstance(DirectConstructorHandleAccessor.java:62)
at java.base/java.lang.reflect.Constructor.newInstanceWithCaller(Constructor.java:502)
at java.base/java.lang.reflect.Constructor.newInstance(Constructor.java:486)
at org.openqa.selenium.remote.codec.w3c.W3CHttpResponseCodec.createException(W3CHttpResponseCodec.java:200)
at org.openqa.selenium.remote.codec.w3c.W3CHttpResponseCodec.decode(W3CHttpResponseCodec.java:133)
at org.openqa.selenium.remote.codec.w3c.W3CHttpResponseCodec.decode(W3CHttpResponseCodec.java:52)
at org.openqa.selenium.remote.HttpCommandExecutor.execute(HttpCommandExecutor.java:191)
at io.appium.java_client.remote.AppiumCommandExecutor.execute(AppiumCommandExecutor.java:250)
at org.openqa.selenium.remote.RemoteWebDriver.execute(RemoteWebDriver.java:602)
at org.openqa.selenium.remote.ElementLocation$ElementFinder$2.findElement(ElementLocation.java:165)
at org.openqa.selenium.remote.ElementLocation.findElement(ElementLocation.java:59)
at org.openqa.selenium.remote.RemoteWebDriver.findElement(RemoteWebDriver.java:359)
at org.openqa.selenium.remote.RemoteWebDriver.findElement(RemoteWebDriver.java:353)
at config.pages.CommonPage.tapBackButton(CommonPage.java:386)
at testModules.editions.CanadaEditionTests2.testGamesSubTab(CanadaEditionTests2.java:103)
at java.base/jdk.internal.reflect.DirectMethodHandleAccessor.invoke(DirectMethodHandleAccessor.java:103)
at java.base/java.lang.reflect.Method.invoke(Method.java:580)
at org.testng.internal.MethodInvocationHelper.invokeMethod(MethodInvocationHelper.java:133)
at org.testng.internal.TestInvoker.invokeMethod(TestInvoker.java:598)
at org.testng.internal.TestInvoker.invokeTestMethod(TestInvoker.java:173)
at org.testng.internal.MethodRunner.runInSequence(MethodRunner.java:46)
at org.testng.internal.TestInvoker$MethodInvocationAgent.invoke(TestInvoker.java:824)
at org.testng.internal.TestInvoker.invokeTestMethods(TestInvoker.java:146)
at org.testng.internal.TestMethodWorker.invokeTestMethods(TestMethodWorker.java:146)
at org.testng.internal.TestMethodWorker.run(TestMethodWorker.java:128)
at java.base/java.util.ArrayList.forEach(ArrayList.java:1596)
at org.testng.TestRunner.privateRun(TestRunner.java:794)
at org.testng.TestRunner.run(TestRunner.java:596)
at org.testng.SuiteRunner.runTest(SuiteRunner.java:377)
at org.testng.SuiteRunner.runSequentially(SuiteRunner.java:371)
at org.testng.SuiteRunner.privateRun(SuiteRunner.java:332)
at org.testng.SuiteRunner.run(SuiteRunner.java:276)
at org.testng.SuiteRunnerWorker.runSuite(SuiteRunnerWorker.java:53)
at org.testng.SuiteRunnerWorker.run(SuiteRunnerWorker.java:96)
at org.testng.TestNG.runSuitesSequentially(TestNG.java:1212)
at org.testng.TestNG.runSuitesSequentially(TestNG.java:1207)
at org.testng.TestNG.runSuitesLocally(TestNG.java:1134)
at org.testng.TestNG.runSuites(TestNG.java:1063)
at org.testng.TestNG.run(TestNG.java:1031)
at org.apache.maven.surefire.testng.TestNGExecutor.run(TestNGExecutor.java:283)
at org.apache.maven.surefire.testng.TestNGXmlTestSuite.execute(TestNGXmlTestSuite.java:75)
at org.apache.maven.surefire.testng.TestNGProvider.invoke(TestNGProvider.java:120)
at org.apache.maven.surefire.booter.ForkedBooter.invokeProviderInSameClassLoader(ForkedBooter.java:383)
at org.apache.maven.surefire.booter.ForkedBooter.runSuitesInProcess(ForkedBooter.java:344)
at org.apache.maven.surefire.booter.ForkedBooter.execute(ForkedBooter.java:125)
at org.apache.maven.surefire.booter.ForkedBooter.main(ForkedBooter.java:417)
]]>
    </error>
  </testcase> <!-- testGamesSubTab -->
  <system-out/>
  <testcase classname="testModules.editions.CanadaEditionTests2" name="testLatestsSubTab" time="0.515">
    <failure message="expected [true] but found [false]" type="java.lang.AssertionError">
      <![CDATA[java.lang.AssertionError: expected [true] but found [false]
at org.testng.Assert.fail(Assert.java:99)
at org.testng.Assert.failNotEquals(Assert.java:1037)
at org.testng.Assert.assertTrue(Assert.java:45)
at org.testng.Assert.assertTrue(Assert.java:55)
at testModules.editions.CanadaEditionTests2.testLatestsSubTab(CanadaEditionTests2.java:119)
at java.base/jdk.internal.reflect.DirectMethodHandleAccessor.invoke(DirectMethodHandleAccessor.java:103)
at java.base/java.lang.reflect.Method.invoke(Method.java:580)
at org.testng.internal.MethodInvocationHelper.invokeMethod(MethodInvocationHelper.java:133)
at org.testng.internal.TestInvoker.invokeMethod(TestInvoker.java:598)
at org.testng.internal.TestInvoker.invokeTestMethod(TestInvoker.java:173)
at org.testng.internal.MethodRunner.runInSequence(MethodRunner.java:46)
at org.testng.internal.TestInvoker$MethodInvocationAgent.invoke(TestInvoker.java:824)
at org.testng.internal.TestInvoker.invokeTestMethods(TestInvoker.java:146)
at org.testng.internal.TestMethodWorker.invokeTestMethods(TestMethodWorker.java:146)
at org.testng.internal.TestMethodWorker.run(TestMethodWorker.java:128)
at java.base/java.util.ArrayList.forEach(ArrayList.java:1596)
at org.testng.TestRunner.privateRun(TestRunner.java:794)
at org.testng.TestRunner.run(TestRunner.java:596)
at org.testng.SuiteRunner.runTest(SuiteRunner.java:377)
at org.testng.SuiteRunner.runSequentially(SuiteRunner.java:371)
at org.testng.SuiteRunner.privateRun(SuiteRunner.java:332)
at org.testng.SuiteRunner.run(SuiteRunner.java:276)
at org.testng.SuiteRunnerWorker.runSuite(SuiteRunnerWorker.java:53)
at org.testng.SuiteRunnerWorker.run(SuiteRunnerWorker.java:96)
at org.testng.TestNG.runSuitesSequentially(TestNG.java:1212)
at org.testng.TestNG.runSuitesSequentially(TestNG.java:1207)
at org.testng.TestNG.runSuitesLocally(TestNG.java:1134)
at org.testng.TestNG.runSuites(TestNG.java:1063)
at org.testng.TestNG.run(TestNG.java:1031)
at org.apache.maven.surefire.testng.TestNGExecutor.run(TestNGExecutor.java:283)
at org.apache.maven.surefire.testng.TestNGXmlTestSuite.execute(TestNGXmlTestSuite.java:75)
at org.apache.maven.surefire.testng.TestNGProvider.invoke(TestNGProvider.java:120)
at org.apache.maven.surefire.booter.ForkedBooter.invokeProviderInSameClassLoader(ForkedBooter.java:383)
at org.apache.maven.surefire.booter.ForkedBooter.runSuitesInProcess(ForkedBooter.java:344)
at org.apache.maven.surefire.booter.ForkedBooter.execute(ForkedBooter.java:125)
at org.apache.maven.surefire.booter.ForkedBooter.main(ForkedBooter.java:417)
]]>
    </failure>
  </testcase> <!-- testLatestsSubTab -->
  <system-out/>
  <testcase classname="testModules.editions.CanadaEditionTests2" name="testRandomSubTab" time="61.949">
    <error message="An element could not be located on the page using the given search parameters.
For documentation on this error, please visit: https://www.selenium.dev/documentation/webdriver/troubleshooting/errors#no-such-element-exception
Build info: version: &#039;4.13.0&#039;, revision: &#039;ba948ece5b*&#039;
System info: os.name: &#039;Mac OS X&#039;, os.arch: &#039;x86_64&#039;, os.version: &#039;14.0&#039;, java.version: &#039;21.0.2&#039;
Driver info: io.appium.java_client.ios.IOSDriver
Command: [76b5a2bc-a2cb-4d5a-8f95-06df53140997, findElement {using=accessibility id, value=Back}]
Capabilities {appium:autoAcceptAlerts: true, appium:automationName: XCUITest, appium:bundleID: com.buzzfeed.buzzfeed-alpha, appium:bundleId: com.buzzfeed.buzzfeed-alpha, appium:databaseEnabled: false, appium:derivedDataPath: /Users/ltadmin/Documents/ap..., appium:deviceName: iPhone 14, appium:headless: false, appium:javascriptEnabled: true, appium:locale: US, appium:locationContextEnabled: false, appium:maxTypingFrequency: 7, appium:nativeWebScreenshot: true, appium:networkConnectionEnabled: false, appium:newCommandTimeout: 0, appium:noReset: false, appium:orientation: PORTRAIT, appium:platformVersion: 16, appium:takesScreenshot: true, appium:udid: 00008110-001C54C00111401E, appium:uiautomator2ServerLaunchTimeout: 60000, appium:usePrebuiltWDA: true, appium:waitForQuiescence: false, appium:wdaLocalPort: 11280, appium:wdaStartupRetries: 3, appium:webStorageEnabled: false, appium:webkitResponseTimeout: 20000, platformName: IOS}
Session ID: 76b5a2bc-a2cb-4d5a-8f95-06df53140997" type="org.openqa.selenium.NoSuchElementException">
      <![CDATA[org.openqa.selenium.NoSuchElementException: An element could not be located on the page using the given search parameters.
For documentation on this error, please visit: https://www.selenium.dev/documentation/webdriver/troubleshooting/errors#no-such-element-exception
Build info: version: '4.13.0', revision: 'ba948ece5b*'
System info: os.name: 'Mac OS X', os.arch: 'x86_64', os.version: '14.0', java.version: '21.0.2'
Driver info: io.appium.java_client.ios.IOSDriver
Command: [76b5a2bc-a2cb-4d5a-8f95-06df53140997, findElement {using=accessibility id, value=Back}]
Capabilities {appium:autoAcceptAlerts: true, appium:automationName: XCUITest, appium:bundleID: com.buzzfeed.buzzfeed-alpha, appium:bundleId: com.buzzfeed.buzzfeed-alpha, appium:databaseEnabled: false, appium:derivedDataPath: /Users/ltadmin/Documents/ap..., appium:deviceName: iPhone 14, appium:headless: false, appium:javascriptEnabled: true, appium:locale: US, appium:locationContextEnabled: false, appium:maxTypingFrequency: 7, appium:nativeWebScreenshot: true, appium:networkConnectionEnabled: false, appium:newCommandTimeout: 0, appium:noReset: false, appium:orientation: PORTRAIT, appium:platformVersion: 16, appium:takesScreenshot: true, appium:udid: 00008110-001C54C00111401E, appium:uiautomator2ServerLaunchTimeout: 60000, appium:usePrebuiltWDA: true, appium:waitForQuiescence: false, appium:wdaLocalPort: 11280, appium:wdaStartupRetries: 3, appium:webStorageEnabled: false, appium:webkitResponseTimeout: 20000, platformName: IOS}
Session ID: 76b5a2bc-a2cb-4d5a-8f95-06df53140997
at java.base/jdk.internal.reflect.DirectConstructorHandleAccessor.newInstance(DirectConstructorHandleAccessor.java:62)
at java.base/java.lang.reflect.Constructor.newInstanceWithCaller(Constructor.java:502)
at java.base/java.lang.reflect.Constructor.newInstance(Constructor.java:486)
at org.openqa.selenium.remote.codec.w3c.W3CHttpResponseCodec.createException(W3CHttpResponseCodec.java:200)
at org.openqa.selenium.remote.codec.w3c.W3CHttpResponseCodec.decode(W3CHttpResponseCodec.java:133)
at org.openqa.selenium.remote.codec.w3c.W3CHttpResponseCodec.decode(W3CHttpResponseCodec.java:52)
at org.openqa.selenium.remote.HttpCommandExecutor.execute(HttpCommandExecutor.java:191)
at io.appium.java_client.remote.AppiumCommandExecutor.execute(AppiumCommandExecutor.java:250)
at org.openqa.selenium.remote.RemoteWebDriver.execute(RemoteWebDriver.java:602)
at org.openqa.selenium.remote.ElementLocation$ElementFinder$2.findElement(ElementLocation.java:165)
at org.openqa.selenium.remote.ElementLocation.findElement(ElementLocation.java:59)
at org.openqa.selenium.remote.RemoteWebDriver.findElement(RemoteWebDriver.java:359)
at org.openqa.selenium.remote.RemoteWebDriver.findElement(RemoteWebDriver.java:353)
at config.pages.CommonPage.tapBackButton(CommonPage.java:386)
at testModules.editions.CanadaEditionTests2.testRandomSubTab(CanadaEditionTests2.java:138)
at java.base/jdk.internal.reflect.DirectMethodHandleAccessor.invoke(DirectMethodHandleAccessor.java:103)
at java.base/java.lang.reflect.Method.invoke(Method.java:580)
at org.testng.internal.MethodInvocationHelper.invokeMethod(MethodInvocationHelper.java:133)
at org.testng.internal.TestInvoker.invokeMethod(TestInvoker.java:598)
at org.testng.internal.TestInvoker.invokeTestMethod(TestInvoker.java:173)
at org.testng.internal.MethodRunner.runInSequence(MethodRunner.java:46)
at org.testng.internal.TestInvoker$MethodInvocationAgent.invoke(TestInvoker.java:824)
at org.testng.internal.TestInvoker.invokeTestMethods(TestInvoker.java:146)
at org.testng.internal.TestMethodWorker.invokeTestMethods(TestMethodWorker.java:146)
at org.testng.internal.TestMethodWorker.run(TestMethodWorker.java:128)
at java.base/java.util.ArrayList.forEach(ArrayList.java:1596)
at org.testng.TestRunner.privateRun(TestRunner.java:794)
at org.testng.TestRunner.run(TestRunner.java:596)
at org.testng.SuiteRunner.runTest(SuiteRunner.java:377)
at org.testng.SuiteRunner.runSequentially(SuiteRunner.java:371)
at org.testng.SuiteRunner.privateRun(SuiteRunner.java:332)
at org.testng.SuiteRunner.run(SuiteRunner.java:276)
at org.testng.SuiteRunnerWorker.runSuite(SuiteRunnerWorker.java:53)
at org.testng.SuiteRunnerWorker.run(SuiteRunnerWorker.java:96)
at org.testng.TestNG.runSuitesSequentially(TestNG.java:1212)
at org.testng.TestNG.runSuitesSequentially(TestNG.java:1207)
at org.testng.TestNG.runSuitesLocally(TestNG.java:1134)
at org.testng.TestNG.runSuites(TestNG.java:1063)
at org.testng.TestNG.run(TestNG.java:1031)
at org.apache.maven.surefire.testng.TestNGExecutor.run(TestNGExecutor.java:283)
at org.apache.maven.surefire.testng.TestNGXmlTestSuite.execute(TestNGXmlTestSuite.java:75)
at org.apache.maven.surefire.testng.TestNGProvider.invoke(TestNGProvider.java:120)
at org.apache.maven.surefire.booter.ForkedBooter.invokeProviderInSameClassLoader(ForkedBooter.java:383)
at org.apache.maven.surefire.booter.ForkedBooter.runSuitesInProcess(ForkedBooter.java:344)
at org.apache.maven.surefire.booter.ForkedBooter.execute(ForkedBooter.java:125)
at org.apache.maven.surefire.booter.ForkedBooter.main(ForkedBooter.java:417)
]]>
    </error>
  </testcase> <!-- testRandomSubTab -->
  <system-out/>
  <testcase classname="testModules.editions.CanadaEditionTests2" name="testGossipSubTab" time="0.520">
    <failure message="expected [true] but found [false]" type="java.lang.AssertionError">
      <![CDATA[java.lang.AssertionError: expected [true] but found [false]
at org.testng.Assert.fail(Assert.java:99)
at org.testng.Assert.failNotEquals(Assert.java:1037)
at org.testng.Assert.assertTrue(Assert.java:45)
at org.testng.Assert.assertTrue(Assert.java:55)
at testModules.editions.CanadaEditionTests2.testGossipSubTab(CanadaEditionTests2.java:153)
at java.base/jdk.internal.reflect.DirectMethodHandleAccessor.invoke(DirectMethodHandleAccessor.java:103)
at java.base/java.lang.reflect.Method.invoke(Method.java:580)
at org.testng.internal.MethodInvocationHelper.invokeMethod(MethodInvocationHelper.java:133)
at org.testng.internal.TestInvoker.invokeMethod(TestInvoker.java:598)
at org.testng.internal.TestInvoker.invokeTestMethod(TestInvoker.java:173)
at org.testng.internal.MethodRunner.runInSequence(MethodRunner.java:46)
at org.testng.internal.TestInvoker$MethodInvocationAgent.invoke(TestInvoker.java:824)
at org.testng.internal.TestInvoker.invokeTestMethods(TestInvoker.java:146)
at org.testng.internal.TestMethodWorker.invokeTestMethods(TestMethodWorker.java:146)
at org.testng.internal.TestMethodWorker.run(TestMethodWorker.java:128)
at java.base/java.util.ArrayList.forEach(ArrayList.java:1596)
at org.testng.TestRunner.privateRun(TestRunner.java:794)
at org.testng.TestRunner.run(TestRunner.java:596)
at org.testng.SuiteRunner.runTest(SuiteRunner.java:377)
at org.testng.SuiteRunner.runSequentially(SuiteRunner.java:371)
at org.testng.SuiteRunner.privateRun(SuiteRunner.java:332)
at org.testng.SuiteRunner.run(SuiteRunner.java:276)
at org.testng.SuiteRunnerWorker.runSuite(SuiteRunnerWorker.java:53)
at org.testng.SuiteRunnerWorker.run(SuiteRunnerWorker.java:96)
at org.testng.TestNG.runSuitesSequentially(TestNG.java:1212)
at org.testng.TestNG.runSuitesSequentially(TestNG.java:1207)
at org.testng.TestNG.runSuitesLocally(TestNG.java:1134)
at org.testng.TestNG.runSuites(TestNG.java:1063)
at org.testng.TestNG.run(TestNG.java:1031)
at org.apache.maven.surefire.testng.TestNGExecutor.run(TestNGExecutor.java:283)
at org.apache.maven.surefire.testng.TestNGXmlTestSuite.execute(TestNGXmlTestSuite.java:75)
at org.apache.maven.surefire.testng.TestNGProvider.invoke(TestNGProvider.java:120)
at org.apache.maven.surefire.booter.ForkedBooter.invokeProviderInSameClassLoader(ForkedBooter.java:383)
at org.apache.maven.surefire.booter.ForkedBooter.runSuitesInProcess(ForkedBooter.java:344)
at org.apache.maven.surefire.booter.ForkedBooter.execute(ForkedBooter.java:125)
at org.apache.maven.surefire.booter.ForkedBooter.main(ForkedBooter.java:417)
]]>
    </failure>
  </testcase> <!-- testGossipSubTab -->
  <system-out/>
  <testcase classname="testModules.editions.CanadaEditionTests2" name="testGayStuffSubTab" time="0.511">
    <failure message="expected [true] but found [false]" type="java.lang.AssertionError">
      <![CDATA[java.lang.AssertionError: expected [true] but found [false]
at org.testng.Assert.fail(Assert.java:99)
at org.testng.Assert.failNotEquals(Assert.java:1037)
at org.testng.Assert.assertTrue(Assert.java:45)
at org.testng.Assert.assertTrue(Assert.java:55)
at testModules.editions.CanadaEditionTests2.testGayStuffSubTab(CanadaEditionTests2.java:169)
at java.base/jdk.internal.reflect.DirectMethodHandleAccessor.invoke(DirectMethodHandleAccessor.java:103)
at java.base/java.lang.reflect.Method.invoke(Method.java:580)
at org.testng.internal.MethodInvocationHelper.invokeMethod(MethodInvocationHelper.java:133)
at org.testng.internal.TestInvoker.invokeMethod(TestInvoker.java:598)
at org.testng.internal.TestInvoker.invokeTestMethod(TestInvoker.java:173)
at org.testng.internal.MethodRunner.runInSequence(MethodRunner.java:46)
at org.testng.internal.TestInvoker$MethodInvocationAgent.invoke(TestInvoker.java:824)
at org.testng.internal.TestInvoker.invokeTestMethods(TestInvoker.java:146)
at org.testng.internal.TestMethodWorker.invokeTestMethods(TestMethodWorker.java:146)
at org.testng.internal.TestMethodWorker.run(TestMethodWorker.java:128)
at java.base/java.util.ArrayList.forEach(ArrayList.java:1596)
at org.testng.TestRunner.privateRun(TestRunner.java:794)
at org.testng.TestRunner.run(TestRunner.java:596)
at org.testng.SuiteRunner.runTest(SuiteRunner.java:377)
at org.testng.SuiteRunner.runSequentially(SuiteRunner.java:371)
at org.testng.SuiteRunner.privateRun(SuiteRunner.java:332)
at org.testng.SuiteRunner.run(SuiteRunner.java:276)
at org.testng.SuiteRunnerWorker.runSuite(SuiteRunnerWorker.java:53)
at org.testng.SuiteRunnerWorker.run(SuiteRunnerWorker.java:96)
at org.testng.TestNG.runSuitesSequentially(TestNG.java:1212)
at org.testng.TestNG.runSuitesSequentially(TestNG.java:1207)
at org.testng.TestNG.runSuitesLocally(TestNG.java:1134)
at org.testng.TestNG.runSuites(TestNG.java:1063)
at org.testng.TestNG.run(TestNG.java:1031)
at org.apache.maven.surefire.testng.TestNGExecutor.run(TestNGExecutor.java:283)
at org.apache.maven.surefire.testng.TestNGXmlTestSuite.execute(TestNGXmlTestSuite.java:75)
at org.apache.maven.surefire.testng.TestNGProvider.invoke(TestNGProvider.java:120)
at org.apache.maven.surefire.booter.ForkedBooter.invokeProviderInSameClassLoader(ForkedBooter.java:383)
at org.apache.maven.surefire.booter.ForkedBooter.runSuitesInProcess(ForkedBooter.java:344)
at org.apache.maven.surefire.booter.ForkedBooter.execute(ForkedBooter.java:125)
at org.apache.maven.surefire.booter.ForkedBooter.main(ForkedBooter.java:417)
]]>
    </failure>
  </testcase> <!-- testGayStuffSubTab -->
  <system-out/>
  <testcase classname="testModules.editions.CanadaEditionTests2" name="testMoreSubTab" time="1.425">
    <error message="An element could not be located on the page using the given search parameters.
For documentation on this error, please visit: https://www.selenium.dev/documentation/webdriver/troubleshooting/errors#no-such-element-exception
Build info: version: &#039;4.13.0&#039;, revision: &#039;ba948ece5b*&#039;
System info: os.name: &#039;Mac OS X&#039;, os.arch: &#039;x86_64&#039;, os.version: &#039;14.0&#039;, java.version: &#039;21.0.2&#039;
Driver info: io.appium.java_client.ios.IOSDriver
Command: [76b5a2bc-a2cb-4d5a-8f95-06df53140997, findElement {using=accessibility id, value=Subnav-More}]
Capabilities {appium:autoAcceptAlerts: true, appium:automationName: XCUITest, appium:bundleID: com.buzzfeed.buzzfeed-alpha, appium:bundleId: com.buzzfeed.buzzfeed-alpha, appium:databaseEnabled: false, appium:derivedDataPath: /Users/ltadmin/Documents/ap..., appium:deviceName: iPhone 14, appium:headless: false, appium:javascriptEnabled: true, appium:locale: US, appium:locationContextEnabled: false, appium:maxTypingFrequency: 7, appium:nativeWebScreenshot: true, appium:networkConnectionEnabled: false, appium:newCommandTimeout: 0, appium:noReset: false, appium:orientation: PORTRAIT, appium:platformVersion: 16, appium:takesScreenshot: true, appium:udid: 00008110-001C54C00111401E, appium:uiautomator2ServerLaunchTimeout: 60000, appium:usePrebuiltWDA: true, appium:waitForQuiescence: false, appium:wdaLocalPort: 11280, appium:wdaStartupRetries: 3, appium:webStorageEnabled: false, appium:webkitResponseTimeout: 20000, platformName: IOS}
Session ID: 76b5a2bc-a2cb-4d5a-8f95-06df53140997" type="org.openqa.selenium.NoSuchElementException">
      <![CDATA[org.openqa.selenium.NoSuchElementException: An element could not be located on the page using the given search parameters.
For documentation on this error, please visit: https://www.selenium.dev/documentation/webdriver/troubleshooting/errors#no-such-element-exception
Build info: version: '4.13.0', revision: 'ba948ece5b*'
System info: os.name: 'Mac OS X', os.arch: 'x86_64', os.version: '14.0', java.version: '21.0.2'
Driver info: io.appium.java_client.ios.IOSDriver
Command: [76b5a2bc-a2cb-4d5a-8f95-06df53140997, findElement {using=accessibility id, value=Subnav-More}]
Capabilities {appium:autoAcceptAlerts: true, appium:automationName: XCUITest, appium:bundleID: com.buzzfeed.buzzfeed-alpha, appium:bundleId: com.buzzfeed.buzzfeed-alpha, appium:databaseEnabled: false, appium:derivedDataPath: /Users/ltadmin/Documents/ap..., appium:deviceName: iPhone 14, appium:headless: false, appium:javascriptEnabled: true, appium:locale: US, appium:locationContextEnabled: false, appium:maxTypingFrequency: 7, appium:nativeWebScreenshot: true, appium:networkConnectionEnabled: false, appium:newCommandTimeout: 0, appium:noReset: false, appium:orientation: PORTRAIT, appium:platformVersion: 16, appium:takesScreenshot: true, appium:udid: 00008110-001C54C00111401E, appium:uiautomator2ServerLaunchTimeout: 60000, appium:usePrebuiltWDA: true, appium:waitForQuiescence: false, appium:wdaLocalPort: 11280, appium:wdaStartupRetries: 3, appium:webStorageEnabled: false, appium:webkitResponseTimeout: 20000, platformName: IOS}
Session ID: 76b5a2bc-a2cb-4d5a-8f95-06df53140997
at java.base/jdk.internal.reflect.DirectConstructorHandleAccessor.newInstance(DirectConstructorHandleAccessor.java:62)
at java.base/java.lang.reflect.Constructor.newInstanceWithCaller(Constructor.java:502)
at java.base/java.lang.reflect.Constructor.newInstance(Constructor.java:486)
at org.openqa.selenium.remote.codec.w3c.W3CHttpResponseCodec.createException(W3CHttpResponseCodec.java:200)
at org.openqa.selenium.remote.codec.w3c.W3CHttpResponseCodec.decode(W3CHttpResponseCodec.java:133)
at org.openqa.selenium.remote.codec.w3c.W3CHttpResponseCodec.decode(W3CHttpResponseCodec.java:52)
at org.openqa.selenium.remote.HttpCommandExecutor.execute(HttpCommandExecutor.java:191)
at io.appium.java_client.remote.AppiumCommandExecutor.execute(AppiumCommandExecutor.java:250)
at org.openqa.selenium.remote.RemoteWebDriver.execute(RemoteWebDriver.java:602)
at org.openqa.selenium.remote.ElementLocation$ElementFinder$2.findElement(ElementLocation.java:165)
at org.openqa.selenium.remote.ElementLocation.findElement(ElementLocation.java:59)
at org.openqa.selenium.remote.RemoteWebDriver.findElement(RemoteWebDriver.java:359)
at org.openqa.selenium.remote.RemoteWebDriver.findElement(RemoteWebDriver.java:353)
at config.pages.home.HomeLatestPage.tapOnMoreSubNav(HomeLatestPage.java:105)
at testModules.editions.CanadaEditionTests2.testMoreSubTab(CanadaEditionTests2.java:178)
at java.base/jdk.internal.reflect.DirectMethodHandleAccessor.invoke(DirectMethodHandleAccessor.java:103)
at java.base/java.lang.reflect.Method.invoke(Method.java:580)
at org.testng.internal.MethodInvocationHelper.invokeMethod(MethodInvocationHelper.java:133)
at org.testng.internal.TestInvoker.invokeMethod(TestInvoker.java:598)
at org.testng.internal.TestInvoker.invokeTestMethod(TestInvoker.java:173)
at org.testng.internal.MethodRunner.runInSequence(MethodRunner.java:46)
at org.testng.internal.TestInvoker$MethodInvocationAgent.invoke(TestInvoker.java:824)
at org.testng.internal.TestInvoker.invokeTestMethods(TestInvoker.java:146)
at org.testng.internal.TestMethodWorker.invokeTestMethods(TestMethodWorker.java:146)
at org.testng.internal.TestMethodWorker.run(TestMethodWorker.java:128)
at java.base/java.util.ArrayList.forEach(ArrayList.java:1596)
at org.testng.TestRunner.privateRun(TestRunner.java:794)
at org.testng.TestRunner.run(TestRunner.java:596)
at org.testng.SuiteRunner.runTest(SuiteRunner.java:377)
at org.testng.SuiteRunner.runSequentially(SuiteRunner.java:371)
at org.testng.SuiteRunner.privateRun(SuiteRunner.java:332)
at org.testng.SuiteRunner.run(SuiteRunner.java:276)
at org.testng.SuiteRunnerWorker.runSuite(SuiteRunnerWorker.java:53)
at org.testng.SuiteRunnerWorker.run(SuiteRunnerWorker.java:96)
at org.testng.TestNG.runSuitesSequentially(TestNG.java:1212)
at org.testng.TestNG.runSuitesSequentially(TestNG.java:1207)
at org.testng.TestNG.runSuitesLocally(TestNG.java:1134)
at org.testng.TestNG.runSuites(TestNG.java:1063)
at org.testng.TestNG.run(TestNG.java:1031)
at org.apache.maven.surefire.testng.TestNGExecutor.run(TestNGExecutor.java:283)
at org.apache.maven.surefire.testng.TestNGXmlTestSuite.execute(TestNGXmlTestSuite.java:75)
at org.apache.maven.surefire.testng.TestNGProvider.invoke(TestNGProvider.java:120)
at org.apache.maven.surefire.booter.ForkedBooter.invokeProviderInSameClassLoader(ForkedBooter.java:383)
at org.apache.maven.surefire.booter.ForkedBooter.runSuitesInProcess(ForkedBooter.java:344)
at org.apache.maven.surefire.booter.ForkedBooter.execute(ForkedBooter.java:125)
at org.apache.maven.surefire.booter.ForkedBooter.main(ForkedBooter.java:417)
]]>
    </error>
  </testcase> <!-- testMoreSubTab -->
  <system-out/>
  <testcase classname="testModules.editions.CanadaEditionTests2" name="testRecentlyViewedSubTab" time="0.503">
    <error message="An element could not be located on the page using the given search parameters.
For documentation on this error, please visit: https://www.selenium.dev/documentation/webdriver/troubleshooting/errors#no-such-element-exception
Build info: version: &#039;4.13.0&#039;, revision: &#039;ba948ece5b*&#039;
System info: os.name: &#039;Mac OS X&#039;, os.arch: &#039;x86_64&#039;, os.version: &#039;14.0&#039;, java.version: &#039;21.0.2&#039;
Driver info: io.appium.java_client.ios.IOSDriver
Command: [76b5a2bc-a2cb-4d5a-8f95-06df53140997, findElement {using=accessibility id, value=Recently Viewed}]
Capabilities {appium:autoAcceptAlerts: true, appium:automationName: XCUITest, appium:bundleID: com.buzzfeed.buzzfeed-alpha, appium:bundleId: com.buzzfeed.buzzfeed-alpha, appium:databaseEnabled: false, appium:derivedDataPath: /Users/ltadmin/Documents/ap..., appium:deviceName: iPhone 14, appium:headless: false, appium:javascriptEnabled: true, appium:locale: US, appium:locationContextEnabled: false, appium:maxTypingFrequency: 7, appium:nativeWebScreenshot: true, appium:networkConnectionEnabled: false, appium:newCommandTimeout: 0, appium:noReset: false, appium:orientation: PORTRAIT, appium:platformVersion: 16, appium:takesScreenshot: true, appium:udid: 00008110-001C54C00111401E, appium:uiautomator2ServerLaunchTimeout: 60000, appium:usePrebuiltWDA: true, appium:waitForQuiescence: false, appium:wdaLocalPort: 11280, appium:wdaStartupRetries: 3, appium:webStorageEnabled: false, appium:webkitResponseTimeout: 20000, platformName: IOS}
Session ID: 76b5a2bc-a2cb-4d5a-8f95-06df53140997" type="org.openqa.selenium.NoSuchElementException">
      <![CDATA[org.openqa.selenium.NoSuchElementException: An element could not be located on the page using the given search parameters.
For documentation on this error, please visit: https://www.selenium.dev/documentation/webdriver/troubleshooting/errors#no-such-element-exception
Build info: version: '4.13.0', revision: 'ba948ece5b*'
System info: os.name: 'Mac OS X', os.arch: 'x86_64', os.version: '14.0', java.version: '21.0.2'
Driver info: io.appium.java_client.ios.IOSDriver
Command: [76b5a2bc-a2cb-4d5a-8f95-06df53140997, findElement {using=accessibility id, value=Recently Viewed}]
Capabilities {appium:autoAcceptAlerts: true, appium:automationName: XCUITest, appium:bundleID: com.buzzfeed.buzzfeed-alpha, appium:bundleId: com.buzzfeed.buzzfeed-alpha, appium:databaseEnabled: false, appium:derivedDataPath: /Users/ltadmin/Documents/ap..., appium:deviceName: iPhone 14, appium:headless: false, appium:javascriptEnabled: true, appium:locale: US, appium:locationContextEnabled: false, appium:maxTypingFrequency: 7, appium:nativeWebScreenshot: true, appium:networkConnectionEnabled: false, appium:newCommandTimeout: 0, appium:noReset: false, appium:orientation: PORTRAIT, appium:platformVersion: 16, appium:takesScreenshot: true, appium:udid: 00008110-001C54C00111401E, appium:uiautomator2ServerLaunchTimeout: 60000, appium:usePrebuiltWDA: true, appium:waitForQuiescence: false, appium:wdaLocalPort: 11280, appium:wdaStartupRetries: 3, appium:webStorageEnabled: false, appium:webkitResponseTimeout: 20000, platformName: IOS}
Session ID: 76b5a2bc-a2cb-4d5a-8f95-06df53140997
at java.base/jdk.internal.reflect.DirectConstructorHandleAccessor.newInstance(DirectConstructorHandleAccessor.java:62)
at java.base/java.lang.reflect.Constructor.newInstanceWithCaller(Constructor.java:502)
at java.base/java.lang.reflect.Constructor.newInstance(Constructor.java:486)
at org.openqa.selenium.remote.codec.w3c.W3CHttpResponseCodec.createException(W3CHttpResponseCodec.java:200)
at org.openqa.selenium.remote.codec.w3c.W3CHttpResponseCodec.decode(W3CHttpResponseCodec.java:133)
at org.openqa.selenium.remote.codec.w3c.W3CHttpResponseCodec.decode(W3CHttpResponseCodec.java:52)
at org.openqa.selenium.remote.HttpCommandExecutor.execute(HttpCommandExecutor.java:191)
at io.appium.java_client.remote.AppiumCommandExecutor.execute(AppiumCommandExecutor.java:250)
at org.openqa.selenium.remote.RemoteWebDriver.execute(RemoteWebDriver.java:602)
at org.openqa.selenium.remote.ElementLocation$ElementFinder$2.findElement(ElementLocation.java:165)
at org.openqa.selenium.remote.ElementLocation.findElement(ElementLocation.java:59)
at org.openqa.selenium.remote.RemoteWebDriver.findElement(RemoteWebDriver.java:359)
at org.openqa.selenium.remote.RemoteWebDriver.findElement(RemoteWebDriver.java:353)
at config.pages.home.HomeLatestPage.tapOnRecentlyViewed(HomeLatestPage.java:372)
at testModules.editions.CanadaEditionTests2.testRecentlyViewedSubTab(CanadaEditionTests2.java:184)
at java.base/jdk.internal.reflect.DirectMethodHandleAccessor.invoke(DirectMethodHandleAccessor.java:103)
at java.base/java.lang.reflect.Method.invoke(Method.java:580)
at org.testng.internal.MethodInvocationHelper.invokeMethod(MethodInvocationHelper.java:133)
at org.testng.internal.TestInvoker.invokeMethod(TestInvoker.java:598)
at org.testng.internal.TestInvoker.invokeTestMethod(TestInvoker.java:173)
at org.testng.internal.MethodRunner.runInSequence(MethodRunner.java:46)
at org.testng.internal.TestInvoker$MethodInvocationAgent.invoke(TestInvoker.java:824)
at org.testng.internal.TestInvoker.invokeTestMethods(TestInvoker.java:146)
at org.testng.internal.TestMethodWorker.invokeTestMethods(TestMethodWorker.java:146)
at org.testng.internal.TestMethodWorker.run(TestMethodWorker.java:128)
at java.base/java.util.ArrayList.forEach(ArrayList.java:1596)
at org.testng.TestRunner.privateRun(TestRunner.java:794)
at org.testng.TestRunner.run(TestRunner.java:596)
at org.testng.SuiteRunner.runTest(SuiteRunner.java:377)
at org.testng.SuiteRunner.runSequentially(SuiteRunner.java:371)
at org.testng.SuiteRunner.privateRun(SuiteRunner.java:332)
at org.testng.SuiteRunner.run(SuiteRunner.java:276)
at org.testng.SuiteRunnerWorker.runSuite(SuiteRunnerWorker.java:53)
at org.testng.SuiteRunnerWorker.run(SuiteRunnerWorker.java:96)
at org.testng.TestNG.runSuitesSequentially(TestNG.java:1212)
at org.testng.TestNG.runSuitesSequentially(TestNG.java:1207)
at org.testng.TestNG.runSuitesLocally(TestNG.java:1134)
at org.testng.TestNG.runSuites(TestNG.java:1063)
at org.testng.TestNG.run(TestNG.java:1031)
at org.apache.maven.surefire.testng.TestNGExecutor.run(TestNGExecutor.java:283)
at org.apache.maven.surefire.testng.TestNGXmlTestSuite.execute(TestNGXmlTestSuite.java:75)
at org.apache.maven.surefire.testng.TestNGProvider.invoke(TestNGProvider.java:120)
at org.apache.maven.surefire.booter.ForkedBooter.invokeProviderInSameClassLoader(ForkedBooter.java:383)
at org.apache.maven.surefire.booter.ForkedBooter.runSuitesInProcess(ForkedBooter.java:344)
at org.apache.maven.surefire.booter.ForkedBooter.execute(ForkedBooter.java:125)
at org.apache.maven.surefire.booter.ForkedBooter.main(ForkedBooter.java:417)
]]>
    </error>
  </testcase> <!-- testRecentlyViewedSubTab -->
  <system-out/>
  <testcase classname="testModules.editions.CanadaEditionTests2" name="testAnimalsSubTab" time="1.337">
    <error message="An element could not be located on the page using the given search parameters.
For documentation on this error, please visit: https://www.selenium.dev/documentation/webdriver/troubleshooting/errors#no-such-element-exception
Build info: version: &#039;4.13.0&#039;, revision: &#039;ba948ece5b*&#039;
System info: os.name: &#039;Mac OS X&#039;, os.arch: &#039;x86_64&#039;, os.version: &#039;14.0&#039;, java.version: &#039;21.0.2&#039;
Driver info: io.appium.java_client.ios.IOSDriver
Command: [76b5a2bc-a2cb-4d5a-8f95-06df53140997, findElement {using=accessibility id, value=Subnav-More}]
Capabilities {appium:autoAcceptAlerts: true, appium:automationName: XCUITest, appium:bundleID: com.buzzfeed.buzzfeed-alpha, appium:bundleId: com.buzzfeed.buzzfeed-alpha, appium:databaseEnabled: false, appium:derivedDataPath: /Users/ltadmin/Documents/ap..., appium:deviceName: iPhone 14, appium:headless: false, appium:javascriptEnabled: true, appium:locale: US, appium:locationContextEnabled: false, appium:maxTypingFrequency: 7, appium:nativeWebScreenshot: true, appium:networkConnectionEnabled: false, appium:newCommandTimeout: 0, appium:noReset: false, appium:orientation: PORTRAIT, appium:platformVersion: 16, appium:takesScreenshot: true, appium:udid: 00008110-001C54C00111401E, appium:uiautomator2ServerLaunchTimeout: 60000, appium:usePrebuiltWDA: true, appium:waitForQuiescence: false, appium:wdaLocalPort: 11280, appium:wdaStartupRetries: 3, appium:webStorageEnabled: false, appium:webkitResponseTimeout: 20000, platformName: IOS}
Session ID: 76b5a2bc-a2cb-4d5a-8f95-06df53140997" type="org.openqa.selenium.NoSuchElementException">
      <![CDATA[org.openqa.selenium.NoSuchElementException: An element could not be located on the page using the given search parameters.
For documentation on this error, please visit: https://www.selenium.dev/documentation/webdriver/troubleshooting/errors#no-such-element-exception
Build info: version: '4.13.0', revision: 'ba948ece5b*'
System info: os.name: 'Mac OS X', os.arch: 'x86_64', os.version: '14.0', java.version: '21.0.2'
Driver info: io.appium.java_client.ios.IOSDriver
Command: [76b5a2bc-a2cb-4d5a-8f95-06df53140997, findElement {using=accessibility id, value=Subnav-More}]
Capabilities {appium:autoAcceptAlerts: true, appium:automationName: XCUITest, appium:bundleID: com.buzzfeed.buzzfeed-alpha, appium:bundleId: com.buzzfeed.buzzfeed-alpha, appium:databaseEnabled: false, appium:derivedDataPath: /Users/ltadmin/Documents/ap..., appium:deviceName: iPhone 14, appium:headless: false, appium:javascriptEnabled: true, appium:locale: US, appium:locationContextEnabled: false, appium:maxTypingFrequency: 7, appium:nativeWebScreenshot: true, appium:networkConnectionEnabled: false, appium:newCommandTimeout: 0, appium:noReset: false, appium:orientation: PORTRAIT, appium:platformVersion: 16, appium:takesScreenshot: true, appium:udid: 00008110-001C54C00111401E, appium:uiautomator2ServerLaunchTimeout: 60000, appium:usePrebuiltWDA: true, appium:waitForQuiescence: false, appium:wdaLocalPort: 11280, appium:wdaStartupRetries: 3, appium:webStorageEnabled: false, appium:webkitResponseTimeout: 20000, platformName: IOS}
Session ID: 76b5a2bc-a2cb-4d5a-8f95-06df53140997
at java.base/jdk.internal.reflect.DirectConstructorHandleAccessor.newInstance(DirectConstructorHandleAccessor.java:62)
at java.base/java.lang.reflect.Constructor.newInstanceWithCaller(Constructor.java:502)
at java.base/java.lang.reflect.Constructor.newInstance(Constructor.java:486)
at org.openqa.selenium.remote.codec.w3c.W3CHttpResponseCodec.createException(W3CHttpResponseCodec.java:200)
at org.openqa.selenium.remote.codec.w3c.W3CHttpResponseCodec.decode(W3CHttpResponseCodec.java:133)
at org.openqa.selenium.remote.codec.w3c.W3CHttpResponseCodec.decode(W3CHttpResponseCodec.java:52)
at org.openqa.selenium.remote.HttpCommandExecutor.execute(HttpCommandExecutor.java:191)
at io.appium.java_client.remote.AppiumCommandExecutor.execute(AppiumCommandExecutor.java:250)
at org.openqa.selenium.remote.RemoteWebDriver.execute(RemoteWebDriver.java:602)
at org.openqa.selenium.remote.ElementLocation$ElementFinder$2.findElement(ElementLocation.java:165)
at org.openqa.selenium.remote.ElementLocation.findElement(ElementLocation.java:59)
at org.openqa.selenium.remote.RemoteWebDriver.findElement(RemoteWebDriver.java:359)
at org.openqa.selenium.remote.RemoteWebDriver.findElement(RemoteWebDriver.java:353)
at config.pages.home.HomeLatestPage.tapOnMoreSubNav(HomeLatestPage.java:105)
at testModules.editions.CanadaEditionTests2.testAnimalsSubTab(CanadaEditionTests2.java:196)
at java.base/jdk.internal.reflect.DirectMethodHandleAccessor.invoke(DirectMethodHandleAccessor.java:103)
at java.base/java.lang.reflect.Method.invoke(Method.java:580)
at org.testng.internal.MethodInvocationHelper.invokeMethod(MethodInvocationHelper.java:133)
at org.testng.internal.TestInvoker.invokeMethod(TestInvoker.java:598)
at org.testng.internal.TestInvoker.invokeTestMethod(TestInvoker.java:173)
at org.testng.internal.MethodRunner.runInSequence(MethodRunner.java:46)
at org.testng.internal.TestInvoker$MethodInvocationAgent.invoke(TestInvoker.java:824)
at org.testng.internal.TestInvoker.invokeTestMethods(TestInvoker.java:146)
at org.testng.internal.TestMethodWorker.invokeTestMethods(TestMethodWorker.java:146)
at org.testng.internal.TestMethodWorker.run(TestMethodWorker.java:128)
at java.base/java.util.ArrayList.forEach(ArrayList.java:1596)
at org.testng.TestRunner.privateRun(TestRunner.java:794)
at org.testng.TestRunner.run(TestRunner.java:596)
at org.testng.SuiteRunner.runTest(SuiteRunner.java:377)
at org.testng.SuiteRunner.runSequentially(SuiteRunner.java:371)
at org.testng.SuiteRunner.privateRun(SuiteRunner.java:332)
at org.testng.SuiteRunner.run(SuiteRunner.java:276)
at org.testng.SuiteRunnerWorker.runSuite(SuiteRunnerWorker.java:53)
at org.testng.SuiteRunnerWorker.run(SuiteRunnerWorker.java:96)
at org.testng.TestNG.runSuitesSequentially(TestNG.java:1212)
at org.testng.TestNG.runSuitesSequentially(TestNG.java:1207)
at org.testng.TestNG.runSuitesLocally(TestNG.java:1134)
at org.testng.TestNG.runSuites(TestNG.java:1063)
at org.testng.TestNG.run(TestNG.java:1031)
at org.apache.maven.surefire.testng.TestNGExecutor.run(TestNGExecutor.java:283)
at org.apache.maven.surefire.testng.TestNGXmlTestSuite.execute(TestNGXmlTestSuite.java:75)
at org.apache.maven.surefire.testng.TestNGProvider.invoke(TestNGProvider.java:120)
at org.apache.maven.surefire.booter.ForkedBooter.invokeProviderInSameClassLoader(ForkedBooter.java:383)
at org.apache.maven.surefire.booter.ForkedBooter.runSuitesInProcess(ForkedBooter.java:344)
at org.apache.maven.surefire.booter.ForkedBooter.execute(ForkedBooter.java:125)
at org.apache.maven.surefire.booter.ForkedBooter.main(ForkedBooter.java:417)
]]>
    </error>
  </testcase> <!-- testAnimalsSubTab -->
  <system-out/>
  <testcase classname="testModules.editions.CanadaEditionTests2" name="testBooksSubTab" time="1.330">
    <error message="An element could not be located on the page using the given search parameters.
For documentation on this error, please visit: https://www.selenium.dev/documentation/webdriver/troubleshooting/errors#no-such-element-exception
Build info: version: &#039;4.13.0&#039;, revision: &#039;ba948ece5b*&#039;
System info: os.name: &#039;Mac OS X&#039;, os.arch: &#039;x86_64&#039;, os.version: &#039;14.0&#039;, java.version: &#039;21.0.2&#039;
Driver info: io.appium.java_client.ios.IOSDriver
Command: [76b5a2bc-a2cb-4d5a-8f95-06df53140997, findElement {using=accessibility id, value=Subnav-More}]
Capabilities {appium:autoAcceptAlerts: true, appium:automationName: XCUITest, appium:bundleID: com.buzzfeed.buzzfeed-alpha, appium:bundleId: com.buzzfeed.buzzfeed-alpha, appium:databaseEnabled: false, appium:derivedDataPath: /Users/ltadmin/Documents/ap..., appium:deviceName: iPhone 14, appium:headless: false, appium:javascriptEnabled: true, appium:locale: US, appium:locationContextEnabled: false, appium:maxTypingFrequency: 7, appium:nativeWebScreenshot: true, appium:networkConnectionEnabled: false, appium:newCommandTimeout: 0, appium:noReset: false, appium:orientation: PORTRAIT, appium:platformVersion: 16, appium:takesScreenshot: true, appium:udid: 00008110-001C54C00111401E, appium:uiautomator2ServerLaunchTimeout: 60000, appium:usePrebuiltWDA: true, appium:waitForQuiescence: false, appium:wdaLocalPort: 11280, appium:wdaStartupRetries: 3, appium:webStorageEnabled: false, appium:webkitResponseTimeout: 20000, platformName: IOS}
Session ID: 76b5a2bc-a2cb-4d5a-8f95-06df53140997" type="org.openqa.selenium.NoSuchElementException">
      <![CDATA[org.openqa.selenium.NoSuchElementException: An element could not be located on the page using the given search parameters.
For documentation on this error, please visit: https://www.selenium.dev/documentation/webdriver/troubleshooting/errors#no-such-element-exception
Build info: version: '4.13.0', revision: 'ba948ece5b*'
System info: os.name: 'Mac OS X', os.arch: 'x86_64', os.version: '14.0', java.version: '21.0.2'
Driver info: io.appium.java_client.ios.IOSDriver
Command: [76b5a2bc-a2cb-4d5a-8f95-06df53140997, findElement {using=accessibility id, value=Subnav-More}]
Capabilities {appium:autoAcceptAlerts: true, appium:automationName: XCUITest, appium:bundleID: com.buzzfeed.buzzfeed-alpha, appium:bundleId: com.buzzfeed.buzzfeed-alpha, appium:databaseEnabled: false, appium:derivedDataPath: /Users/ltadmin/Documents/ap..., appium:deviceName: iPhone 14, appium:headless: false, appium:javascriptEnabled: true, appium:locale: US, appium:locationContextEnabled: false, appium:maxTypingFrequency: 7, appium:nativeWebScreenshot: true, appium:networkConnectionEnabled: false, appium:newCommandTimeout: 0, appium:noReset: false, appium:orientation: PORTRAIT, appium:platformVersion: 16, appium:takesScreenshot: true, appium:udid: 00008110-001C54C00111401E, appium:uiautomator2ServerLaunchTimeout: 60000, appium:usePrebuiltWDA: true, appium:waitForQuiescence: false, appium:wdaLocalPort: 11280, appium:wdaStartupRetries: 3, appium:webStorageEnabled: false, appium:webkitResponseTimeout: 20000, platformName: IOS}
Session ID: 76b5a2bc-a2cb-4d5a-8f95-06df53140997
at java.base/jdk.internal.reflect.DirectConstructorHandleAccessor.newInstance(DirectConstructorHandleAccessor.java:62)
at java.base/java.lang.reflect.Constructor.newInstanceWithCaller(Constructor.java:502)
at java.base/java.lang.reflect.Constructor.newInstance(Constructor.java:486)
at org.openqa.selenium.remote.codec.w3c.W3CHttpResponseCodec.createException(W3CHttpResponseCodec.java:200)
at org.openqa.selenium.remote.codec.w3c.W3CHttpResponseCodec.decode(W3CHttpResponseCodec.java:133)
at org.openqa.selenium.remote.codec.w3c.W3CHttpResponseCodec.decode(W3CHttpResponseCodec.java:52)
at org.openqa.selenium.remote.HttpCommandExecutor.execute(HttpCommandExecutor.java:191)
at io.appium.java_client.remote.AppiumCommandExecutor.execute(AppiumCommandExecutor.java:250)
at org.openqa.selenium.remote.RemoteWebDriver.execute(RemoteWebDriver.java:602)
at org.openqa.selenium.remote.ElementLocation$ElementFinder$2.findElement(ElementLocation.java:165)
at org.openqa.selenium.remote.ElementLocation.findElement(ElementLocation.java:59)
at org.openqa.selenium.remote.RemoteWebDriver.findElement(RemoteWebDriver.java:359)
at org.openqa.selenium.remote.RemoteWebDriver.findElement(RemoteWebDriver.java:353)
at config.pages.home.HomeLatestPage.tapOnMoreSubNav(HomeLatestPage.java:105)
at testModules.editions.CanadaEditionTests2.testBooksSubTab(CanadaEditionTests2.java:211)
at java.base/jdk.internal.reflect.DirectMethodHandleAccessor.invoke(DirectMethodHandleAccessor.java:103)
at java.base/java.lang.reflect.Method.invoke(Method.java:580)
at org.testng.internal.MethodInvocationHelper.invokeMethod(MethodInvocationHelper.java:133)
at org.testng.internal.TestInvoker.invokeMethod(TestInvoker.java:598)
at org.testng.internal.TestInvoker.invokeTestMethod(TestInvoker.java:173)
at org.testng.internal.MethodRunner.runInSequence(MethodRunner.java:46)
at org.testng.internal.TestInvoker$MethodInvocationAgent.invoke(TestInvoker.java:824)
at org.testng.internal.TestInvoker.invokeTestMethods(TestInvoker.java:146)
at org.testng.internal.TestMethodWorker.invokeTestMethods(TestMethodWorker.java:146)
at org.testng.internal.TestMethodWorker.run(TestMethodWorker.java:128)
at java.base/java.util.ArrayList.forEach(ArrayList.java:1596)
at org.testng.TestRunner.privateRun(TestRunner.java:794)
at org.testng.TestRunner.run(TestRunner.java:596)
at org.testng.SuiteRunner.runTest(SuiteRunner.java:377)
at org.testng.SuiteRunner.runSequentially(SuiteRunner.java:371)
at org.testng.SuiteRunner.privateRun(SuiteRunner.java:332)
at org.testng.SuiteRunner.run(SuiteRunner.java:276)
at org.testng.SuiteRunnerWorker.runSuite(SuiteRunnerWorker.java:53)
at org.testng.SuiteRunnerWorker.run(SuiteRunnerWorker.java:96)
at org.testng.TestNG.runSuitesSequentially(TestNG.java:1212)
at org.testng.TestNG.runSuitesSequentially(TestNG.java:1207)
at org.testng.TestNG.runSuitesLocally(TestNG.java:1134)
at org.testng.TestNG.runSuites(TestNG.java:1063)
at org.testng.TestNG.run(TestNG.java:1031)
at org.apache.maven.surefire.testng.TestNGExecutor.run(TestNGExecutor.java:283)
at org.apache.maven.surefire.testng.TestNGXmlTestSuite.execute(TestNGXmlTestSuite.java:75)
at org.apache.maven.surefire.testng.TestNGProvider.invoke(TestNGProvider.java:120)
at org.apache.maven.surefire.booter.ForkedBooter.invokeProviderInSameClassLoader(ForkedBooter.java:383)
at org.apache.maven.surefire.booter.ForkedBooter.runSuitesInProcess(ForkedBooter.java:344)
at org.apache.maven.surefire.booter.ForkedBooter.execute(ForkedBooter.java:125)
at org.apache.maven.surefire.booter.ForkedBooter.main(ForkedBooter.java:417)
]]>
    </error>
  </testcase> <!-- testBooksSubTab -->
  <system-out/>
  <testcase classname="testModules.editions.CanadaEditionTests2" name="testCommunitySubTab" time="1.331">
    <error message="An element could not be located on the page using the given search parameters.
For documentation on this error, please visit: https://www.selenium.dev/documentation/webdriver/troubleshooting/errors#no-such-element-exception
Build info: version: &#039;4.13.0&#039;, revision: &#039;ba948ece5b*&#039;
System info: os.name: &#039;Mac OS X&#039;, os.arch: &#039;x86_64&#039;, os.version: &#039;14.0&#039;, java.version: &#039;21.0.2&#039;
Driver info: io.appium.java_client.ios.IOSDriver
Command: [76b5a2bc-a2cb-4d5a-8f95-06df53140997, findElement {using=accessibility id, value=Subnav-More}]
Capabilities {appium:autoAcceptAlerts: true, appium:automationName: XCUITest, appium:bundleID: com.buzzfeed.buzzfeed-alpha, appium:bundleId: com.buzzfeed.buzzfeed-alpha, appium:databaseEnabled: false, appium:derivedDataPath: /Users/ltadmin/Documents/ap..., appium:deviceName: iPhone 14, appium:headless: false, appium:javascriptEnabled: true, appium:locale: US, appium:locationContextEnabled: false, appium:maxTypingFrequency: 7, appium:nativeWebScreenshot: true, appium:networkConnectionEnabled: false, appium:newCommandTimeout: 0, appium:noReset: false, appium:orientation: PORTRAIT, appium:platformVersion: 16, appium:takesScreenshot: true, appium:udid: 00008110-001C54C00111401E, appium:uiautomator2ServerLaunchTimeout: 60000, appium:usePrebuiltWDA: true, appium:waitForQuiescence: false, appium:wdaLocalPort: 11280, appium:wdaStartupRetries: 3, appium:webStorageEnabled: false, appium:webkitResponseTimeout: 20000, platformName: IOS}
Session ID: 76b5a2bc-a2cb-4d5a-8f95-06df53140997" type="org.openqa.selenium.NoSuchElementException">
      <![CDATA[org.openqa.selenium.NoSuchElementException: An element could not be located on the page using the given search parameters.
For documentation on this error, please visit: https://www.selenium.dev/documentation/webdriver/troubleshooting/errors#no-such-element-exception
Build info: version: '4.13.0', revision: 'ba948ece5b*'
System info: os.name: 'Mac OS X', os.arch: 'x86_64', os.version: '14.0', java.version: '21.0.2'
Driver info: io.appium.java_client.ios.IOSDriver
Command: [76b5a2bc-a2cb-4d5a-8f95-06df53140997, findElement {using=accessibility id, value=Subnav-More}]
Capabilities {appium:autoAcceptAlerts: true, appium:automationName: XCUITest, appium:bundleID: com.buzzfeed.buzzfeed-alpha, appium:bundleId: com.buzzfeed.buzzfeed-alpha, appium:databaseEnabled: false, appium:derivedDataPath: /Users/ltadmin/Documents/ap..., appium:deviceName: iPhone 14, appium:headless: false, appium:javascriptEnabled: true, appium:locale: US, appium:locationContextEnabled: false, appium:maxTypingFrequency: 7, appium:nativeWebScreenshot: true, appium:networkConnectionEnabled: false, appium:newCommandTimeout: 0, appium:noReset: false, appium:orientation: PORTRAIT, appium:platformVersion: 16, appium:takesScreenshot: true, appium:udid: 00008110-001C54C00111401E, appium:uiautomator2ServerLaunchTimeout: 60000, appium:usePrebuiltWDA: true, appium:waitForQuiescence: false, appium:wdaLocalPort: 11280, appium:wdaStartupRetries: 3, appium:webStorageEnabled: false, appium:webkitResponseTimeout: 20000, platformName: IOS}
Session ID: 76b5a2bc-a2cb-4d5a-8f95-06df53140997
at java.base/jdk.internal.reflect.DirectConstructorHandleAccessor.newInstance(DirectConstructorHandleAccessor.java:62)
at java.base/java.lang.reflect.Constructor.newInstanceWithCaller(Constructor.java:502)
at java.base/java.lang.reflect.Constructor.newInstance(Constructor.java:486)
at org.openqa.selenium.remote.codec.w3c.W3CHttpResponseCodec.createException(W3CHttpResponseCodec.java:200)
at org.openqa.selenium.remote.codec.w3c.W3CHttpResponseCodec.decode(W3CHttpResponseCodec.java:133)
at org.openqa.selenium.remote.codec.w3c.W3CHttpResponseCodec.decode(W3CHttpResponseCodec.java:52)
at org.openqa.selenium.remote.HttpCommandExecutor.execute(HttpCommandExecutor.java:191)
at io.appium.java_client.remote.AppiumCommandExecutor.execute(AppiumCommandExecutor.java:250)
at org.openqa.selenium.remote.RemoteWebDriver.execute(RemoteWebDriver.java:602)
at org.openqa.selenium.remote.ElementLocation$ElementFinder$2.findElement(ElementLocation.java:165)
at org.openqa.selenium.remote.ElementLocation.findElement(ElementLocation.java:59)
at org.openqa.selenium.remote.RemoteWebDriver.findElement(RemoteWebDriver.java:359)
at org.openqa.selenium.remote.RemoteWebDriver.findElement(RemoteWebDriver.java:353)
at config.pages.home.HomeLatestPage.tapOnMoreSubNav(HomeLatestPage.java:105)
at testModules.editions.CanadaEditionTests2.testCommunitySubTab(CanadaEditionTests2.java:227)
at java.base/jdk.internal.reflect.DirectMethodHandleAccessor.invoke(DirectMethodHandleAccessor.java:103)
at java.base/java.lang.reflect.Method.invoke(Method.java:580)
at org.testng.internal.MethodInvocationHelper.invokeMethod(MethodInvocationHelper.java:133)
at org.testng.internal.TestInvoker.invokeMethod(TestInvoker.java:598)
at org.testng.internal.TestInvoker.invokeTestMethod(TestInvoker.java:173)
at org.testng.internal.MethodRunner.runInSequence(MethodRunner.java:46)
at org.testng.internal.TestInvoker$MethodInvocationAgent.invoke(TestInvoker.java:824)
at org.testng.internal.TestInvoker.invokeTestMethods(TestInvoker.java:146)
at org.testng.internal.TestMethodWorker.invokeTestMethods(TestMethodWorker.java:146)
at org.testng.internal.TestMethodWorker.run(TestMethodWorker.java:128)
at java.base/java.util.ArrayList.forEach(ArrayList.java:1596)
at org.testng.TestRunner.privateRun(TestRunner.java:794)
at org.testng.TestRunner.run(TestRunner.java:596)
at org.testng.SuiteRunner.runTest(SuiteRunner.java:377)
at org.testng.SuiteRunner.runSequentially(SuiteRunner.java:371)
at org.testng.SuiteRunner.privateRun(SuiteRunner.java:332)
at org.testng.SuiteRunner.run(SuiteRunner.java:276)
at org.testng.SuiteRunnerWorker.runSuite(SuiteRunnerWorker.java:53)
at org.testng.SuiteRunnerWorker.run(SuiteRunnerWorker.java:96)
at org.testng.TestNG.runSuitesSequentially(TestNG.java:1212)
at org.testng.TestNG.runSuitesSequentially(TestNG.java:1207)
at org.testng.TestNG.runSuitesLocally(TestNG.java:1134)
at org.testng.TestNG.runSuites(TestNG.java:1063)
at org.testng.TestNG.run(TestNG.java:1031)
at org.apache.maven.surefire.testng.TestNGExecutor.run(TestNGExecutor.java:283)
at org.apache.maven.surefire.testng.TestNGXmlTestSuite.execute(TestNGXmlTestSuite.java:75)
at org.apache.maven.surefire.testng.TestNGProvider.invoke(TestNGProvider.java:120)
at org.apache.maven.surefire.booter.ForkedBooter.invokeProviderInSameClassLoader(ForkedBooter.java:383)
at org.apache.maven.surefire.booter.ForkedBooter.runSuitesInProcess(ForkedBooter.java:344)
at org.apache.maven.surefire.booter.ForkedBooter.execute(ForkedBooter.java:125)
at org.apache.maven.surefire.booter.ForkedBooter.main(ForkedBooter.java:417)
]]>
    </error>
  </testcase> <!-- testCommunitySubTab -->
  <system-out/>
  <testcase classname="testModules.editions.CanadaEditionTests2" name="testMusicSubTab" time="1.331">
    <error message="An element could not be located on the page using the given search parameters.
For documentation on this error, please visit: https://www.selenium.dev/documentation/webdriver/troubleshooting/errors#no-such-element-exception
Build info: version: &#039;4.13.0&#039;, revision: &#039;ba948ece5b*&#039;
System info: os.name: &#039;Mac OS X&#039;, os.arch: &#039;x86_64&#039;, os.version: &#039;14.0&#039;, java.version: &#039;21.0.2&#039;
Driver info: io.appium.java_client.ios.IOSDriver
Command: [76b5a2bc-a2cb-4d5a-8f95-06df53140997, findElement {using=accessibility id, value=More}]
Capabilities {appium:autoAcceptAlerts: true, appium:automationName: XCUITest, appium:bundleID: com.buzzfeed.buzzfeed-alpha, appium:bundleId: com.buzzfeed.buzzfeed-alpha, appium:databaseEnabled: false, appium:derivedDataPath: /Users/ltadmin/Documents/ap..., appium:deviceName: iPhone 14, appium:headless: false, appium:javascriptEnabled: true, appium:locale: US, appium:locationContextEnabled: false, appium:maxTypingFrequency: 7, appium:nativeWebScreenshot: true, appium:networkConnectionEnabled: false, appium:newCommandTimeout: 0, appium:noReset: false, appium:orientation: PORTRAIT, appium:platformVersion: 16, appium:takesScreenshot: true, appium:udid: 00008110-001C54C00111401E, appium:uiautomator2ServerLaunchTimeout: 60000, appium:usePrebuiltWDA: true, appium:waitForQuiescence: false, appium:wdaLocalPort: 11280, appium:wdaStartupRetries: 3, appium:webStorageEnabled: false, appium:webkitResponseTimeout: 20000, platformName: IOS}
Session ID: 76b5a2bc-a2cb-4d5a-8f95-06df53140997" type="org.openqa.selenium.NoSuchElementException">
      <![CDATA[org.openqa.selenium.NoSuchElementException: An element could not be located on the page using the given search parameters.
For documentation on this error, please visit: https://www.selenium.dev/documentation/webdriver/troubleshooting/errors#no-such-element-exception
Build info: version: '4.13.0', revision: 'ba948ece5b*'
System info: os.name: 'Mac OS X', os.arch: 'x86_64', os.version: '14.0', java.version: '21.0.2'
Driver info: io.appium.java_client.ios.IOSDriver
Command: [76b5a2bc-a2cb-4d5a-8f95-06df53140997, findElement {using=accessibility id, value=More}]
Capabilities {appium:autoAcceptAlerts: true, appium:automationName: XCUITest, appium:bundleID: com.buzzfeed.buzzfeed-alpha, appium:bundleId: com.buzzfeed.buzzfeed-alpha, appium:databaseEnabled: false, appium:derivedDataPath: /Users/ltadmin/Documents/ap..., appium:deviceName: iPhone 14, appium:headless: false, appium:javascriptEnabled: true, appium:locale: US, appium:locationContextEnabled: false, appium:maxTypingFrequency: 7, appium:nativeWebScreenshot: true, appium:networkConnectionEnabled: false, appium:newCommandTimeout: 0, appium:noReset: false, appium:orientation: PORTRAIT, appium:platformVersion: 16, appium:takesScreenshot: true, appium:udid: 00008110-001C54C00111401E, appium:uiautomator2ServerLaunchTimeout: 60000, appium:usePrebuiltWDA: true, appium:waitForQuiescence: false, appium:wdaLocalPort: 11280, appium:wdaStartupRetries: 3, appium:webStorageEnabled: false, appium:webkitResponseTimeout: 20000, platformName: IOS}
Session ID: 76b5a2bc-a2cb-4d5a-8f95-06df53140997
at java.base/jdk.internal.reflect.DirectConstructorHandleAccessor.newInstance(DirectConstructorHandleAccessor.java:62)
at java.base/java.lang.reflect.Constructor.newInstanceWithCaller(Constructor.java:502)
at java.base/java.lang.reflect.Constructor.newInstance(Constructor.java:486)
at org.openqa.selenium.remote.codec.w3c.W3CHttpResponseCodec.createException(W3CHttpResponseCodec.java:200)
at org.openqa.selenium.remote.codec.w3c.W3CHttpResponseCodec.decode(W3CHttpResponseCodec.java:133)
at org.openqa.selenium.remote.codec.w3c.W3CHttpResponseCodec.decode(W3CHttpResponseCodec.java:52)
at org.openqa.selenium.remote.HttpCommandExecutor.execute(HttpCommandExecutor.java:191)
at io.appium.java_client.remote.AppiumCommandExecutor.execute(AppiumCommandExecutor.java:250)
at org.openqa.selenium.remote.RemoteWebDriver.execute(RemoteWebDriver.java:602)
at org.openqa.selenium.remote.ElementLocation$ElementFinder$2.findElement(ElementLocation.java:165)
at org.openqa.selenium.remote.ElementLocation.findElement(ElementLocation.java:59)
at org.openqa.selenium.remote.RemoteWebDriver.findElement(RemoteWebDriver.java:359)
at org.openqa.selenium.remote.RemoteWebDriver.findElement(RemoteWebDriver.java:353)
at config.pages.home.HomeLatestPage.tapOnMore(HomeLatestPage.java:377)
at testModules.editions.CanadaEditionTests2.testMusicSubTab(CanadaEditionTests2.java:242)
at java.base/jdk.internal.reflect.DirectMethodHandleAccessor.invoke(DirectMethodHandleAccessor.java:103)
at java.base/java.lang.reflect.Method.invoke(Method.java:580)
at org.testng.internal.MethodInvocationHelper.invokeMethod(MethodInvocationHelper.java:133)
at org.testng.internal.TestInvoker.invokeMethod(TestInvoker.java:598)
at org.testng.internal.TestInvoker.invokeTestMethod(TestInvoker.java:173)
at org.testng.internal.MethodRunner.runInSequence(MethodRunner.java:46)
at org.testng.internal.TestInvoker$MethodInvocationAgent.invoke(TestInvoker.java:824)
at org.testng.internal.TestInvoker.invokeTestMethods(TestInvoker.java:146)
at org.testng.internal.TestMethodWorker.invokeTestMethods(TestMethodWorker.java:146)
at org.testng.internal.TestMethodWorker.run(TestMethodWorker.java:128)
at java.base/java.util.ArrayList.forEach(ArrayList.java:1596)
at org.testng.TestRunner.privateRun(TestRunner.java:794)
at org.testng.TestRunner.run(TestRunner.java:596)
at org.testng.SuiteRunner.runTest(SuiteRunner.java:377)
at org.testng.SuiteRunner.runSequentially(SuiteRunner.java:371)
at org.testng.SuiteRunner.privateRun(SuiteRunner.java:332)
at org.testng.SuiteRunner.run(SuiteRunner.java:276)
at org.testng.SuiteRunnerWorker.runSuite(SuiteRunnerWorker.java:53)
at org.testng.SuiteRunnerWorker.run(SuiteRunnerWorker.java:96)
at org.testng.TestNG.runSuitesSequentially(TestNG.java:1212)
at org.testng.TestNG.runSuitesSequentially(TestNG.java:1207)
at org.testng.TestNG.runSuitesLocally(TestNG.java:1134)
at org.testng.TestNG.runSuites(TestNG.java:1063)
at org.testng.TestNG.run(TestNG.java:1031)
at org.apache.maven.surefire.testng.TestNGExecutor.run(TestNGExecutor.java:283)
at org.apache.maven.surefire.testng.TestNGXmlTestSuite.execute(TestNGXmlTestSuite.java:75)
at org.apache.maven.surefire.testng.TestNGProvider.invoke(TestNGProvider.java:120)
at org.apache.maven.surefire.booter.ForkedBooter.invokeProviderInSameClassLoader(ForkedBooter.java:383)
at org.apache.maven.surefire.booter.ForkedBooter.runSuitesInProcess(ForkedBooter.java:344)
at org.apache.maven.surefire.booter.ForkedBooter.execute(ForkedBooter.java:125)
at org.apache.maven.surefire.booter.ForkedBooter.main(ForkedBooter.java:417)
]]>
    </error>
  </testcase> <!-- testMusicSubTab -->
  <system-out/>
  <testcase classname="testModules.editions.CanadaEditionTests2" name="testNiftySubTab" time="1.536">
    <error message="An element could not be located on the page using the given search parameters.
For documentation on this error, please visit: https://www.selenium.dev/documentation/webdriver/troubleshooting/errors#no-such-element-exception
Build info: version: &#039;4.13.0&#039;, revision: &#039;ba948ece5b*&#039;
System info: os.name: &#039;Mac OS X&#039;, os.arch: &#039;x86_64&#039;, os.version: &#039;14.0&#039;, java.version: &#039;21.0.2&#039;
Driver info: io.appium.java_client.ios.IOSDriver
Command: [76b5a2bc-a2cb-4d5a-8f95-06df53140997, findElement {using=accessibility id, value=More}]
Capabilities {appium:autoAcceptAlerts: true, appium:automationName: XCUITest, appium:bundleID: com.buzzfeed.buzzfeed-alpha, appium:bundleId: com.buzzfeed.buzzfeed-alpha, appium:databaseEnabled: false, appium:derivedDataPath: /Users/ltadmin/Documents/ap..., appium:deviceName: iPhone 14, appium:headless: false, appium:javascriptEnabled: true, appium:locale: US, appium:locationContextEnabled: false, appium:maxTypingFrequency: 7, appium:nativeWebScreenshot: true, appium:networkConnectionEnabled: false, appium:newCommandTimeout: 0, appium:noReset: false, appium:orientation: PORTRAIT, appium:platformVersion: 16, appium:takesScreenshot: true, appium:udid: 00008110-001C54C00111401E, appium:uiautomator2ServerLaunchTimeout: 60000, appium:usePrebuiltWDA: true, appium:waitForQuiescence: false, appium:wdaLocalPort: 11280, appium:wdaStartupRetries: 3, appium:webStorageEnabled: false, appium:webkitResponseTimeout: 20000, platformName: IOS}
Session ID: 76b5a2bc-a2cb-4d5a-8f95-06df53140997" type="org.openqa.selenium.NoSuchElementException">
      <![CDATA[org.openqa.selenium.NoSuchElementException: An element could not be located on the page using the given search parameters.
For documentation on this error, please visit: https://www.selenium.dev/documentation/webdriver/troubleshooting/errors#no-such-element-exception
Build info: version: '4.13.0', revision: 'ba948ece5b*'
System info: os.name: 'Mac OS X', os.arch: 'x86_64', os.version: '14.0', java.version: '21.0.2'
Driver info: io.appium.java_client.ios.IOSDriver
Command: [76b5a2bc-a2cb-4d5a-8f95-06df53140997, findElement {using=accessibility id, value=More}]
Capabilities {appium:autoAcceptAlerts: true, appium:automationName: XCUITest, appium:bundleID: com.buzzfeed.buzzfeed-alpha, appium:bundleId: com.buzzfeed.buzzfeed-alpha, appium:databaseEnabled: false, appium:derivedDataPath: /Users/ltadmin/Documents/ap..., appium:deviceName: iPhone 14, appium:headless: false, appium:javascriptEnabled: true, appium:locale: US, appium:locationContextEnabled: false, appium:maxTypingFrequency: 7, appium:nativeWebScreenshot: true, appium:networkConnectionEnabled: false, appium:newCommandTimeout: 0, appium:noReset: false, appium:orientation: PORTRAIT, appium:platformVersion: 16, appium:takesScreenshot: true, appium:udid: 00008110-001C54C00111401E, appium:uiautomator2ServerLaunchTimeout: 60000, appium:usePrebuiltWDA: true, appium:waitForQuiescence: false, appium:wdaLocalPort: 11280, appium:wdaStartupRetries: 3, appium:webStorageEnabled: false, appium:webkitResponseTimeout: 20000, platformName: IOS}
Session ID: 76b5a2bc-a2cb-4d5a-8f95-06df53140997
at java.base/jdk.internal.reflect.DirectConstructorHandleAccessor.newInstance(DirectConstructorHandleAccessor.java:62)
at java.base/java.lang.reflect.Constructor.newInstanceWithCaller(Constructor.java:502)
at java.base/java.lang.reflect.Constructor.newInstance(Constructor.java:486)
at org.openqa.selenium.remote.codec.w3c.W3CHttpResponseCodec.createException(W3CHttpResponseCodec.java:200)
at org.openqa.selenium.remote.codec.w3c.W3CHttpResponseCodec.decode(W3CHttpResponseCodec.java:133)
at org.openqa.selenium.remote.codec.w3c.W3CHttpResponseCodec.decode(W3CHttpResponseCodec.java:52)
at org.openqa.selenium.remote.HttpCommandExecutor.execute(HttpCommandExecutor.java:191)
at io.appium.java_client.remote.AppiumCommandExecutor.execute(AppiumCommandExecutor.java:250)
at org.openqa.selenium.remote.RemoteWebDriver.execute(RemoteWebDriver.java:602)
at org.openqa.selenium.remote.ElementLocation$ElementFinder$2.findElement(ElementLocation.java:165)
at org.openqa.selenium.remote.ElementLocation.findElement(ElementLocation.java:59)
at org.openqa.selenium.remote.RemoteWebDriver.findElement(RemoteWebDriver.java:359)
at org.openqa.selenium.remote.RemoteWebDriver.findElement(RemoteWebDriver.java:353)
at config.pages.home.HomeLatestPage.tapOnMore(HomeLatestPage.java:377)
at testModules.editions.CanadaEditionTests2.testNiftySubTab(CanadaEditionTests2.java:257)
at java.base/jdk.internal.reflect.DirectMethodHandleAccessor.invoke(DirectMethodHandleAccessor.java:103)
at java.base/java.lang.reflect.Method.invoke(Method.java:580)
at org.testng.internal.MethodInvocationHelper.invokeMethod(MethodInvocationHelper.java:133)
at org.testng.internal.TestInvoker.invokeMethod(TestInvoker.java:598)
at org.testng.internal.TestInvoker.invokeTestMethod(TestInvoker.java:173)
at org.testng.internal.MethodRunner.runInSequence(MethodRunner.java:46)
at org.testng.internal.TestInvoker$MethodInvocationAgent.invoke(TestInvoker.java:824)
at org.testng.internal.TestInvoker.invokeTestMethods(TestInvoker.java:146)
at org.testng.internal.TestMethodWorker.invokeTestMethods(TestMethodWorker.java:146)
at org.testng.internal.TestMethodWorker.run(TestMethodWorker.java:128)
at java.base/java.util.ArrayList.forEach(ArrayList.java:1596)
at org.testng.TestRunner.privateRun(TestRunner.java:794)
at org.testng.TestRunner.run(TestRunner.java:596)
at org.testng.SuiteRunner.runTest(SuiteRunner.java:377)
at org.testng.SuiteRunner.runSequentially(SuiteRunner.java:371)
at org.testng.SuiteRunner.privateRun(SuiteRunner.java:332)
at org.testng.SuiteRunner.run(SuiteRunner.java:276)
at org.testng.SuiteRunnerWorker.runSuite(SuiteRunnerWorker.java:53)
at org.testng.SuiteRunnerWorker.run(SuiteRunnerWorker.java:96)
at org.testng.TestNG.runSuitesSequentially(TestNG.java:1212)
at org.testng.TestNG.runSuitesSequentially(TestNG.java:1207)
at org.testng.TestNG.runSuitesLocally(TestNG.java:1134)
at org.testng.TestNG.runSuites(TestNG.java:1063)
at org.testng.TestNG.run(TestNG.java:1031)
at org.apache.maven.surefire.testng.TestNGExecutor.run(TestNGExecutor.java:283)
at org.apache.maven.surefire.testng.TestNGXmlTestSuite.execute(TestNGXmlTestSuite.java:75)
at org.apache.maven.surefire.testng.TestNGProvider.invoke(TestNGProvider.java:120)
at org.apache.maven.surefire.booter.ForkedBooter.invokeProviderInSameClassLoader(ForkedBooter.java:383)
at org.apache.maven.surefire.booter.ForkedBooter.runSuitesInProcess(ForkedBooter.java:344)
at org.apache.maven.surefire.booter.ForkedBooter.execute(ForkedBooter.java:125)
at org.apache.maven.surefire.booter.ForkedBooter.main(ForkedBooter.java:417)
]]>
    </error>
  </testcase> <!-- testNiftySubTab -->
  <system-out/>
  <testcase classname="testModules.editions.CanadaEditionTests2" name="testParentsSubTab" time="1.329">
    <error message="An element could not be located on the page using the given search parameters.
For documentation on this error, please visit: https://www.selenium.dev/documentation/webdriver/troubleshooting/errors#no-such-element-exception
Build info: version: &#039;4.13.0&#039;, revision: &#039;ba948ece5b*&#039;
System info: os.name: &#039;Mac OS X&#039;, os.arch: &#039;x86_64&#039;, os.version: &#039;14.0&#039;, java.version: &#039;21.0.2&#039;
Driver info: io.appium.java_client.ios.IOSDriver
Command: [76b5a2bc-a2cb-4d5a-8f95-06df53140997, findElement {using=accessibility id, value=More}]
Capabilities {appium:autoAcceptAlerts: true, appium:automationName: XCUITest, appium:bundleID: com.buzzfeed.buzzfeed-alpha, appium:bundleId: com.buzzfeed.buzzfeed-alpha, appium:databaseEnabled: false, appium:derivedDataPath: /Users/ltadmin/Documents/ap..., appium:deviceName: iPhone 14, appium:headless: false, appium:javascriptEnabled: true, appium:locale: US, appium:locationContextEnabled: false, appium:maxTypingFrequency: 7, appium:nativeWebScreenshot: true, appium:networkConnectionEnabled: false, appium:newCommandTimeout: 0, appium:noReset: false, appium:orientation: PORTRAIT, appium:platformVersion: 16, appium:takesScreenshot: true, appium:udid: 00008110-001C54C00111401E, appium:uiautomator2ServerLaunchTimeout: 60000, appium:usePrebuiltWDA: true, appium:waitForQuiescence: false, appium:wdaLocalPort: 11280, appium:wdaStartupRetries: 3, appium:webStorageEnabled: false, appium:webkitResponseTimeout: 20000, platformName: IOS}
Session ID: 76b5a2bc-a2cb-4d5a-8f95-06df53140997" type="org.openqa.selenium.NoSuchElementException">
      <![CDATA[org.openqa.selenium.NoSuchElementException: An element could not be located on the page using the given search parameters.
For documentation on this error, please visit: https://www.selenium.dev/documentation/webdriver/troubleshooting/errors#no-such-element-exception
Build info: version: '4.13.0', revision: 'ba948ece5b*'
System info: os.name: 'Mac OS X', os.arch: 'x86_64', os.version: '14.0', java.version: '21.0.2'
Driver info: io.appium.java_client.ios.IOSDriver
Command: [76b5a2bc-a2cb-4d5a-8f95-06df53140997, findElement {using=accessibility id, value=More}]
Capabilities {appium:autoAcceptAlerts: true, appium:automationName: XCUITest, appium:bundleID: com.buzzfeed.buzzfeed-alpha, appium:bundleId: com.buzzfeed.buzzfeed-alpha, appium:databaseEnabled: false, appium:derivedDataPath: /Users/ltadmin/Documents/ap..., appium:deviceName: iPhone 14, appium:headless: false, appium:javascriptEnabled: true, appium:locale: US, appium:locationContextEnabled: false, appium:maxTypingFrequency: 7, appium:nativeWebScreenshot: true, appium:networkConnectionEnabled: false, appium:newCommandTimeout: 0, appium:noReset: false, appium:orientation: PORTRAIT, appium:platformVersion: 16, appium:takesScreenshot: true, appium:udid: 00008110-001C54C00111401E, appium:uiautomator2ServerLaunchTimeout: 60000, appium:usePrebuiltWDA: true, appium:waitForQuiescence: false, appium:wdaLocalPort: 11280, appium:wdaStartupRetries: 3, appium:webStorageEnabled: false, appium:webkitResponseTimeout: 20000, platformName: IOS}
Session ID: 76b5a2bc-a2cb-4d5a-8f95-06df53140997
at java.base/jdk.internal.reflect.DirectConstructorHandleAccessor.newInstance(DirectConstructorHandleAccessor.java:62)
at java.base/java.lang.reflect.Constructor.newInstanceWithCaller(Constructor.java:502)
at java.base/java.lang.reflect.Constructor.newInstance(Constructor.java:486)
at org.openqa.selenium.remote.codec.w3c.W3CHttpResponseCodec.createException(W3CHttpResponseCodec.java:200)
at org.openqa.selenium.remote.codec.w3c.W3CHttpResponseCodec.decode(W3CHttpResponseCodec.java:133)
at org.openqa.selenium.remote.codec.w3c.W3CHttpResponseCodec.decode(W3CHttpResponseCodec.java:52)
at org.openqa.selenium.remote.HttpCommandExecutor.execute(HttpCommandExecutor.java:191)
at io.appium.java_client.remote.AppiumCommandExecutor.execute(AppiumCommandExecutor.java:250)
at org.openqa.selenium.remote.RemoteWebDriver.execute(RemoteWebDriver.java:602)
at org.openqa.selenium.remote.ElementLocation$ElementFinder$2.findElement(ElementLocation.java:165)
at org.openqa.selenium.remote.ElementLocation.findElement(ElementLocation.java:59)
at org.openqa.selenium.remote.RemoteWebDriver.findElement(RemoteWebDriver.java:359)
at org.openqa.selenium.remote.RemoteWebDriver.findElement(RemoteWebDriver.java:353)
at config.pages.home.HomeLatestPage.tapOnMore(HomeLatestPage.java:377)
at testModules.editions.CanadaEditionTests2.testParentsSubTab(CanadaEditionTests2.java:273)
at java.base/jdk.internal.reflect.DirectMethodHandleAccessor.invoke(DirectMethodHandleAccessor.java:103)
at java.base/java.lang.reflect.Method.invoke(Method.java:580)
at org.testng.internal.MethodInvocationHelper.invokeMethod(MethodInvocationHelper.java:133)
at org.testng.internal.TestInvoker.invokeMethod(TestInvoker.java:598)
at org.testng.internal.TestInvoker.invokeTestMethod(TestInvoker.java:173)
at org.testng.internal.MethodRunner.runInSequence(MethodRunner.java:46)
at org.testng.internal.TestInvoker$MethodInvocationAgent.invoke(TestInvoker.java:824)
at org.testng.internal.TestInvoker.invokeTestMethods(TestInvoker.java:146)
at org.testng.internal.TestMethodWorker.invokeTestMethods(TestMethodWorker.java:146)
at org.testng.internal.TestMethodWorker.run(TestMethodWorker.java:128)
at java.base/java.util.ArrayList.forEach(ArrayList.java:1596)
at org.testng.TestRunner.privateRun(TestRunner.java:794)
at org.testng.TestRunner.run(TestRunner.java:596)
at org.testng.SuiteRunner.runTest(SuiteRunner.java:377)
at org.testng.SuiteRunner.runSequentially(SuiteRunner.java:371)
at org.testng.SuiteRunner.privateRun(SuiteRunner.java:332)
at org.testng.SuiteRunner.run(SuiteRunner.java:276)
at org.testng.SuiteRunnerWorker.runSuite(SuiteRunnerWorker.java:53)
at org.testng.SuiteRunnerWorker.run(SuiteRunnerWorker.java:96)
at org.testng.TestNG.runSuitesSequentially(TestNG.java:1212)
at org.testng.TestNG.runSuitesSequentially(TestNG.java:1207)
at org.testng.TestNG.runSuitesLocally(TestNG.java:1134)
at org.testng.TestNG.runSuites(TestNG.java:1063)
at org.testng.TestNG.run(TestNG.java:1031)
at org.apache.maven.surefire.testng.TestNGExecutor.run(TestNGExecutor.java:283)
at org.apache.maven.surefire.testng.TestNGXmlTestSuite.execute(TestNGXmlTestSuite.java:75)
at org.apache.maven.surefire.testng.TestNGProvider.invoke(TestNGProvider.java:120)
at org.apache.maven.surefire.booter.ForkedBooter.invokeProviderInSameClassLoader(ForkedBooter.java:383)
at org.apache.maven.surefire.booter.ForkedBooter.runSuitesInProcess(ForkedBooter.java:344)
at org.apache.maven.surefire.booter.ForkedBooter.execute(ForkedBooter.java:125)
at org.apache.maven.surefire.booter.ForkedBooter.main(ForkedBooter.java:417)
]]>
    </error>
  </testcase> <!-- testParentsSubTab -->
  <system-out/>
  <testcase classname="testModules.editions.CanadaEditionTests2" name="testRewindSubTab" time="1.024">
    <error message="An element could not be located on the page using the given search parameters.
For documentation on this error, please visit: https://www.selenium.dev/documentation/webdriver/troubleshooting/errors#no-such-element-exception
Build info: version: &#039;4.13.0&#039;, revision: &#039;ba948ece5b*&#039;
System info: os.name: &#039;Mac OS X&#039;, os.arch: &#039;x86_64&#039;, os.version: &#039;14.0&#039;, java.version: &#039;21.0.2&#039;
Driver info: io.appium.java_client.ios.IOSDriver
Command: [76b5a2bc-a2cb-4d5a-8f95-06df53140997, findElement {using=accessibility id, value=More}]
Capabilities {appium:autoAcceptAlerts: true, appium:automationName: XCUITest, appium:bundleID: com.buzzfeed.buzzfeed-alpha, appium:bundleId: com.buzzfeed.buzzfeed-alpha, appium:databaseEnabled: false, appium:derivedDataPath: /Users/ltadmin/Documents/ap..., appium:deviceName: iPhone 14, appium:headless: false, appium:javascriptEnabled: true, appium:locale: US, appium:locationContextEnabled: false, appium:maxTypingFrequency: 7, appium:nativeWebScreenshot: true, appium:networkConnectionEnabled: false, appium:newCommandTimeout: 0, appium:noReset: false, appium:orientation: PORTRAIT, appium:platformVersion: 16, appium:takesScreenshot: true, appium:udid: 00008110-001C54C00111401E, appium:uiautomator2ServerLaunchTimeout: 60000, appium:usePrebuiltWDA: true, appium:waitForQuiescence: false, appium:wdaLocalPort: 11280, appium:wdaStartupRetries: 3, appium:webStorageEnabled: false, appium:webkitResponseTimeout: 20000, platformName: IOS}
Session ID: 76b5a2bc-a2cb-4d5a-8f95-06df53140997" type="org.openqa.selenium.NoSuchElementException">
      <![CDATA[org.openqa.selenium.NoSuchElementException: An element could not be located on the page using the given search parameters.
For documentation on this error, please visit: https://www.selenium.dev/documentation/webdriver/troubleshooting/errors#no-such-element-exception
Build info: version: '4.13.0', revision: 'ba948ece5b*'
System info: os.name: 'Mac OS X', os.arch: 'x86_64', os.version: '14.0', java.version: '21.0.2'
Driver info: io.appium.java_client.ios.IOSDriver
Command: [76b5a2bc-a2cb-4d5a-8f95-06df53140997, findElement {using=accessibility id, value=More}]
Capabilities {appium:autoAcceptAlerts: true, appium:automationName: XCUITest, appium:bundleID: com.buzzfeed.buzzfeed-alpha, appium:bundleId: com.buzzfeed.buzzfeed-alpha, appium:databaseEnabled: false, appium:derivedDataPath: /Users/ltadmin/Documents/ap..., appium:deviceName: iPhone 14, appium:headless: false, appium:javascriptEnabled: true, appium:locale: US, appium:locationContextEnabled: false, appium:maxTypingFrequency: 7, appium:nativeWebScreenshot: true, appium:networkConnectionEnabled: false, appium:newCommandTimeout: 0, appium:noReset: false, appium:orientation: PORTRAIT, appium:platformVersion: 16, appium:takesScreenshot: true, appium:udid: 00008110-001C54C00111401E, appium:uiautomator2ServerLaunchTimeout: 60000, appium:usePrebuiltWDA: true, appium:waitForQuiescence: false, appium:wdaLocalPort: 11280, appium:wdaStartupRetries: 3, appium:webStorageEnabled: false, appium:webkitResponseTimeout: 20000, platformName: IOS}
Session ID: 76b5a2bc-a2cb-4d5a-8f95-06df53140997
at java.base/jdk.internal.reflect.DirectConstructorHandleAccessor.newInstance(DirectConstructorHandleAccessor.java:62)
at java.base/java.lang.reflect.Constructor.newInstanceWithCaller(Constructor.java:502)
at java.base/java.lang.reflect.Constructor.newInstance(Constructor.java:486)
at org.openqa.selenium.remote.codec.w3c.W3CHttpResponseCodec.createException(W3CHttpResponseCodec.java:200)
at org.openqa.selenium.remote.codec.w3c.W3CHttpResponseCodec.decode(W3CHttpResponseCodec.java:133)
at org.openqa.selenium.remote.codec.w3c.W3CHttpResponseCodec.decode(W3CHttpResponseCodec.java:52)
at org.openqa.selenium.remote.HttpCommandExecutor.execute(HttpCommandExecutor.java:191)
at io.appium.java_client.remote.AppiumCommandExecutor.execute(AppiumCommandExecutor.java:250)
at org.openqa.selenium.remote.RemoteWebDriver.execute(RemoteWebDriver.java:602)
at org.openqa.selenium.remote.ElementLocation$ElementFinder$2.findElement(ElementLocation.java:165)
at org.openqa.selenium.remote.ElementLocation.findElement(ElementLocation.java:59)
at org.openqa.selenium.remote.RemoteWebDriver.findElement(RemoteWebDriver.java:359)
at org.openqa.selenium.remote.RemoteWebDriver.findElement(RemoteWebDriver.java:353)
at config.pages.home.HomeLatestPage.tapOnMore(HomeLatestPage.java:377)
at testModules.editions.CanadaEditionTests2.testRewindSubTab(CanadaEditionTests2.java:288)
at java.base/jdk.internal.reflect.DirectMethodHandleAccessor.invoke(DirectMethodHandleAccessor.java:103)
at java.base/java.lang.reflect.Method.invoke(Method.java:580)
at org.testng.internal.MethodInvocationHelper.invokeMethod(MethodInvocationHelper.java:133)
at org.testng.internal.TestInvoker.invokeMethod(TestInvoker.java:598)
at org.testng.internal.TestInvoker.invokeTestMethod(TestInvoker.java:173)
at org.testng.internal.MethodRunner.runInSequence(MethodRunner.java:46)
at org.testng.internal.TestInvoker$MethodInvocationAgent.invoke(TestInvoker.java:824)
at org.testng.internal.TestInvoker.invokeTestMethods(TestInvoker.java:146)
at org.testng.internal.TestMethodWorker.invokeTestMethods(TestMethodWorker.java:146)
at org.testng.internal.TestMethodWorker.run(TestMethodWorker.java:128)
at java.base/java.util.ArrayList.forEach(ArrayList.java:1596)
at org.testng.TestRunner.privateRun(TestRunner.java:794)
at org.testng.TestRunner.run(TestRunner.java:596)
at org.testng.SuiteRunner.runTest(SuiteRunner.java:377)
at org.testng.SuiteRunner.runSequentially(SuiteRunner.java:371)
at org.testng.SuiteRunner.privateRun(SuiteRunner.java:332)
at org.testng.SuiteRunner.run(SuiteRunner.java:276)
at org.testng.SuiteRunnerWorker.runSuite(SuiteRunnerWorker.java:53)
at org.testng.SuiteRunnerWorker.run(SuiteRunnerWorker.java:96)
at org.testng.TestNG.runSuitesSequentially(TestNG.java:1212)
at org.testng.TestNG.runSuitesSequentially(TestNG.java:1207)
at org.testng.TestNG.runSuitesLocally(TestNG.java:1134)
at org.testng.TestNG.runSuites(TestNG.java:1063)
at org.testng.TestNG.run(TestNG.java:1031)
at org.apache.maven.surefire.testng.TestNGExecutor.run(TestNGExecutor.java:283)
at org.apache.maven.surefire.testng.TestNGXmlTestSuite.execute(TestNGXmlTestSuite.java:75)
at org.apache.maven.surefire.testng.TestNGProvider.invoke(TestNGProvider.java:120)
at org.apache.maven.surefire.booter.ForkedBooter.invokeProviderInSameClassLoader(ForkedBooter.java:383)
at org.apache.maven.surefire.booter.ForkedBooter.runSuitesInProcess(ForkedBooter.java:344)
at org.apache.maven.surefire.booter.ForkedBooter.execute(ForkedBooter.java:125)
at org.apache.maven.surefire.booter.ForkedBooter.main(ForkedBooter.java:417)
]]>
    </error>
  </testcase> <!-- testRewindSubTab -->
  <system-out/>
  <testcase classname="testModules.editions.CanadaEditionTests2" name="testStyleSubTab" time="0.976">
    <error message="An element could not be located on the page using the given search parameters.
For documentation on this error, please visit: https://www.selenium.dev/documentation/webdriver/troubleshooting/errors#no-such-element-exception
Build info: version: &#039;4.13.0&#039;, revision: &#039;ba948ece5b*&#039;
System info: os.name: &#039;Mac OS X&#039;, os.arch: &#039;x86_64&#039;, os.version: &#039;14.0&#039;, java.version: &#039;21.0.2&#039;
Driver info: io.appium.java_client.ios.IOSDriver
Command: [76b5a2bc-a2cb-4d5a-8f95-06df53140997, findElement {using=accessibility id, value=More}]
Capabilities {appium:autoAcceptAlerts: true, appium:automationName: XCUITest, appium:bundleID: com.buzzfeed.buzzfeed-alpha, appium:bundleId: com.buzzfeed.buzzfeed-alpha, appium:databaseEnabled: false, appium:derivedDataPath: /Users/ltadmin/Documents/ap..., appium:deviceName: iPhone 14, appium:headless: false, appium:javascriptEnabled: true, appium:locale: US, appium:locationContextEnabled: false, appium:maxTypingFrequency: 7, appium:nativeWebScreenshot: true, appium:networkConnectionEnabled: false, appium:newCommandTimeout: 0, appium:noReset: false, appium:orientation: PORTRAIT, appium:platformVersion: 16, appium:takesScreenshot: true, appium:udid: 00008110-001C54C00111401E, appium:uiautomator2ServerLaunchTimeout: 60000, appium:usePrebuiltWDA: true, appium:waitForQuiescence: false, appium:wdaLocalPort: 11280, appium:wdaStartupRetries: 3, appium:webStorageEnabled: false, appium:webkitResponseTimeout: 20000, platformName: IOS}
Session ID: 76b5a2bc-a2cb-4d5a-8f95-06df53140997" type="org.openqa.selenium.NoSuchElementException">
      <![CDATA[org.openqa.selenium.NoSuchElementException: An element could not be located on the page using the given search parameters.
For documentation on this error, please visit: https://www.selenium.dev/documentation/webdriver/troubleshooting/errors#no-such-element-exception
Build info: version: '4.13.0', revision: 'ba948ece5b*'
System info: os.name: 'Mac OS X', os.arch: 'x86_64', os.version: '14.0', java.version: '21.0.2'
Driver info: io.appium.java_client.ios.IOSDriver
Command: [76b5a2bc-a2cb-4d5a-8f95-06df53140997, findElement {using=accessibility id, value=More}]
Capabilities {appium:autoAcceptAlerts: true, appium:automationName: XCUITest, appium:bundleID: com.buzzfeed.buzzfeed-alpha, appium:bundleId: com.buzzfeed.buzzfeed-alpha, appium:databaseEnabled: false, appium:derivedDataPath: /Users/ltadmin/Documents/ap..., appium:deviceName: iPhone 14, appium:headless: false, appium:javascriptEnabled: true, appium:locale: US, appium:locationContextEnabled: false, appium:maxTypingFrequency: 7, appium:nativeWebScreenshot: true, appium:networkConnectionEnabled: false, appium:newCommandTimeout: 0, appium:noReset: false, appium:orientation: PORTRAIT, appium:platformVersion: 16, appium:takesScreenshot: true, appium:udid: 00008110-001C54C00111401E, appium:uiautomator2ServerLaunchTimeout: 60000, appium:usePrebuiltWDA: true, appium:waitForQuiescence: false, appium:wdaLocalPort: 11280, appium:wdaStartupRetries: 3, appium:webStorageEnabled: false, appium:webkitResponseTimeout: 20000, platformName: IOS}
Session ID: 76b5a2bc-a2cb-4d5a-8f95-06df53140997
at java.base/jdk.internal.reflect.DirectConstructorHandleAccessor.newInstance(DirectConstructorHandleAccessor.java:62)
at java.base/java.lang.reflect.Constructor.newInstanceWithCaller(Constructor.java:502)
at java.base/java.lang.reflect.Constructor.newInstance(Constructor.java:486)
at org.openqa.selenium.remote.codec.w3c.W3CHttpResponseCodec.createException(W3CHttpResponseCodec.java:200)
at org.openqa.selenium.remote.codec.w3c.W3CHttpResponseCodec.decode(W3CHttpResponseCodec.java:133)
at org.openqa.selenium.remote.codec.w3c.W3CHttpResponseCodec.decode(W3CHttpResponseCodec.java:52)
at org.openqa.selenium.remote.HttpCommandExecutor.execute(HttpCommandExecutor.java:191)
at io.appium.java_client.remote.AppiumCommandExecutor.execute(AppiumCommandExecutor.java:250)
at org.openqa.selenium.remote.RemoteWebDriver.execute(RemoteWebDriver.java:602)
at org.openqa.selenium.remote.ElementLocation$ElementFinder$2.findElement(ElementLocation.java:165)
at org.openqa.selenium.remote.ElementLocation.findElement(ElementLocation.java:59)
at org.openqa.selenium.remote.RemoteWebDriver.findElement(RemoteWebDriver.java:359)
at org.openqa.selenium.remote.RemoteWebDriver.findElement(RemoteWebDriver.java:353)
at config.pages.home.HomeLatestPage.tapOnMore(HomeLatestPage.java:377)
at testModules.editions.CanadaEditionTests2.testStyleSubTab(CanadaEditionTests2.java:302)
at java.base/jdk.internal.reflect.DirectMethodHandleAccessor.invoke(DirectMethodHandleAccessor.java:103)
at java.base/java.lang.reflect.Method.invoke(Method.java:580)
at org.testng.internal.MethodInvocationHelper.invokeMethod(MethodInvocationHelper.java:133)
at org.testng.internal.TestInvoker.invokeMethod(TestInvoker.java:598)
at org.testng.internal.TestInvoker.invokeTestMethod(TestInvoker.java:173)
at org.testng.internal.MethodRunner.runInSequence(MethodRunner.java:46)
at org.testng.internal.TestInvoker$MethodInvocationAgent.invoke(TestInvoker.java:824)
at org.testng.internal.TestInvoker.invokeTestMethods(TestInvoker.java:146)
at org.testng.internal.TestMethodWorker.invokeTestMethods(TestMethodWorker.java:146)
at org.testng.internal.TestMethodWorker.run(TestMethodWorker.java:128)
at java.base/java.util.ArrayList.forEach(ArrayList.java:1596)
at org.testng.TestRunner.privateRun(TestRunner.java:794)
at org.testng.TestRunner.run(TestRunner.java:596)
at org.testng.SuiteRunner.runTest(SuiteRunner.java:377)
at org.testng.SuiteRunner.runSequentially(SuiteRunner.java:371)
at org.testng.SuiteRunner.privateRun(SuiteRunner.java:332)
at org.testng.SuiteRunner.run(SuiteRunner.java:276)
at org.testng.SuiteRunnerWorker.runSuite(SuiteRunnerWorker.java:53)
at org.testng.SuiteRunnerWorker.run(SuiteRunnerWorker.java:96)
at org.testng.TestNG.runSuitesSequentially(TestNG.java:1212)
at org.testng.TestNG.runSuitesSequentially(TestNG.java:1207)
at org.testng.TestNG.runSuitesLocally(TestNG.java:1134)
at org.testng.TestNG.runSuites(TestNG.java:1063)
at org.testng.TestNG.run(TestNG.java:1031)
at org.apache.maven.surefire.testng.TestNGExecutor.run(TestNGExecutor.java:283)
at org.apache.maven.surefire.testng.TestNGXmlTestSuite.execute(TestNGXmlTestSuite.java:75)
at org.apache.maven.surefire.testng.TestNGProvider.invoke(TestNGProvider.java:120)
at org.apache.maven.surefire.booter.ForkedBooter.invokeProviderInSameClassLoader(ForkedBooter.java:383)
at org.apache.maven.surefire.booter.ForkedBooter.runSuitesInProcess(ForkedBooter.java:344)
at org.apache.maven.surefire.booter.ForkedBooter.execute(ForkedBooter.java:125)
at org.apache.maven.surefire.booter.ForkedBooter.main(ForkedBooter.java:417)
]]>
    </error>
  </testcase> <!-- testStyleSubTab -->
  <system-out/>
  <testcase classname="testModules.editions.CanadaEditionTests2" name="testTravelSubTab" time="1.069">
    <error message="An element could not be located on the page using the given search parameters.
For documentation on this error, please visit: https://www.selenium.dev/documentation/webdriver/troubleshooting/errors#no-such-element-exception
Build info: version: &#039;4.13.0&#039;, revision: &#039;ba948ece5b*&#039;
System info: os.name: &#039;Mac OS X&#039;, os.arch: &#039;x86_64&#039;, os.version: &#039;14.0&#039;, java.version: &#039;21.0.2&#039;
Driver info: io.appium.java_client.ios.IOSDriver
Command: [76b5a2bc-a2cb-4d5a-8f95-06df53140997, findElement {using=accessibility id, value=More}]
Capabilities {appium:autoAcceptAlerts: true, appium:automationName: XCUITest, appium:bundleID: com.buzzfeed.buzzfeed-alpha, appium:bundleId: com.buzzfeed.buzzfeed-alpha, appium:databaseEnabled: false, appium:derivedDataPath: /Users/ltadmin/Documents/ap..., appium:deviceName: iPhone 14, appium:headless: false, appium:javascriptEnabled: true, appium:locale: US, appium:locationContextEnabled: false, appium:maxTypingFrequency: 7, appium:nativeWebScreenshot: true, appium:networkConnectionEnabled: false, appium:newCommandTimeout: 0, appium:noReset: false, appium:orientation: PORTRAIT, appium:platformVersion: 16, appium:takesScreenshot: true, appium:udid: 00008110-001C54C00111401E, appium:uiautomator2ServerLaunchTimeout: 60000, appium:usePrebuiltWDA: true, appium:waitForQuiescence: false, appium:wdaLocalPort: 11280, appium:wdaStartupRetries: 3, appium:webStorageEnabled: false, appium:webkitResponseTimeout: 20000, platformName: IOS}
Session ID: 76b5a2bc-a2cb-4d5a-8f95-06df53140997" type="org.openqa.selenium.NoSuchElementException">
      <![CDATA[org.openqa.selenium.NoSuchElementException: An element could not be located on the page using the given search parameters.
For documentation on this error, please visit: https://www.selenium.dev/documentation/webdriver/troubleshooting/errors#no-such-element-exception
Build info: version: '4.13.0', revision: 'ba948ece5b*'
System info: os.name: 'Mac OS X', os.arch: 'x86_64', os.version: '14.0', java.version: '21.0.2'
Driver info: io.appium.java_client.ios.IOSDriver
Command: [76b5a2bc-a2cb-4d5a-8f95-06df53140997, findElement {using=accessibility id, value=More}]
Capabilities {appium:autoAcceptAlerts: true, appium:automationName: XCUITest, appium:bundleID: com.buzzfeed.buzzfeed-alpha, appium:bundleId: com.buzzfeed.buzzfeed-alpha, appium:databaseEnabled: false, appium:derivedDataPath: /Users/ltadmin/Documents/ap..., appium:deviceName: iPhone 14, appium:headless: false, appium:javascriptEnabled: true, appium:locale: US, appium:locationContextEnabled: false, appium:maxTypingFrequency: 7, appium:nativeWebScreenshot: true, appium:networkConnectionEnabled: false, appium:newCommandTimeout: 0, appium:noReset: false, appium:orientation: PORTRAIT, appium:platformVersion: 16, appium:takesScreenshot: true, appium:udid: 00008110-001C54C00111401E, appium:uiautomator2ServerLaunchTimeout: 60000, appium:usePrebuiltWDA: true, appium:waitForQuiescence: false, appium:wdaLocalPort: 11280, appium:wdaStartupRetries: 3, appium:webStorageEnabled: false, appium:webkitResponseTimeout: 20000, platformName: IOS}
Session ID: 76b5a2bc-a2cb-4d5a-8f95-06df53140997
at java.base/jdk.internal.reflect.DirectConstructorHandleAccessor.newInstance(DirectConstructorHandleAccessor.java:62)
at java.base/java.lang.reflect.Constructor.newInstanceWithCaller(Constructor.java:502)
at java.base/java.lang.reflect.Constructor.newInstance(Constructor.java:486)
at org.openqa.selenium.remote.codec.w3c.W3CHttpResponseCodec.createException(W3CHttpResponseCodec.java:200)
at org.openqa.selenium.remote.codec.w3c.W3CHttpResponseCodec.decode(W3CHttpResponseCodec.java:133)
at org.openqa.selenium.remote.codec.w3c.W3CHttpResponseCodec.decode(W3CHttpResponseCodec.java:52)
at org.openqa.selenium.remote.HttpCommandExecutor.execute(HttpCommandExecutor.java:191)
at io.appium.java_client.remote.AppiumCommandExecutor.execute(AppiumCommandExecutor.java:250)
at org.openqa.selenium.remote.RemoteWebDriver.execute(RemoteWebDriver.java:602)
at org.openqa.selenium.remote.ElementLocation$ElementFinder$2.findElement(ElementLocation.java:165)
at org.openqa.selenium.remote.ElementLocation.findElement(ElementLocation.java:59)
at org.openqa.selenium.remote.RemoteWebDriver.findElement(RemoteWebDriver.java:359)
at org.openqa.selenium.remote.RemoteWebDriver.findElement(RemoteWebDriver.java:353)
at config.pages.home.HomeLatestPage.tapOnMore(HomeLatestPage.java:377)
at testModules.editions.CanadaEditionTests2.testTravelSubTab(CanadaEditionTests2.java:319)
at java.base/jdk.internal.reflect.DirectMethodHandleAccessor.invoke(DirectMethodHandleAccessor.java:103)
at java.base/java.lang.reflect.Method.invoke(Method.java:580)
at org.testng.internal.MethodInvocationHelper.invokeMethod(MethodInvocationHelper.java:133)
at org.testng.internal.TestInvoker.invokeMethod(TestInvoker.java:598)
at org.testng.internal.TestInvoker.invokeTestMethod(TestInvoker.java:173)
at org.testng.internal.MethodRunner.runInSequence(MethodRunner.java:46)
at org.testng.internal.TestInvoker$MethodInvocationAgent.invoke(TestInvoker.java:824)
at org.testng.internal.TestInvoker.invokeTestMethods(TestInvoker.java:146)
at org.testng.internal.TestMethodWorker.invokeTestMethods(TestMethodWorker.java:146)
at org.testng.internal.TestMethodWorker.run(TestMethodWorker.java:128)
at java.base/java.util.ArrayList.forEach(ArrayList.java:1596)
at org.testng.TestRunner.privateRun(TestRunner.java:794)
at org.testng.TestRunner.run(TestRunner.java:596)
at org.testng.SuiteRunner.runTest(SuiteRunner.java:377)
at org.testng.SuiteRunner.runSequentially(SuiteRunner.java:371)
at org.testng.SuiteRunner.privateRun(SuiteRunner.java:332)
at org.testng.SuiteRunner.run(SuiteRunner.java:276)
at org.testng.SuiteRunnerWorker.runSuite(SuiteRunnerWorker.java:53)
at org.testng.SuiteRunnerWorker.run(SuiteRunnerWorker.java:96)
at org.testng.TestNG.runSuitesSequentially(TestNG.java:1212)
at org.testng.TestNG.runSuitesSequentially(TestNG.java:1207)
at org.testng.TestNG.runSuitesLocally(TestNG.java:1134)
at org.testng.TestNG.runSuites(TestNG.java:1063)
at org.testng.TestNG.run(TestNG.java:1031)
at org.apache.maven.surefire.testng.TestNGExecutor.run(TestNGExecutor.java:283)
at org.apache.maven.surefire.testng.TestNGXmlTestSuite.execute(TestNGXmlTestSuite.java:75)
at org.apache.maven.surefire.testng.TestNGProvider.invoke(TestNGProvider.java:120)
at org.apache.maven.surefire.booter.ForkedBooter.invokeProviderInSameClassLoader(ForkedBooter.java:383)
at org.apache.maven.surefire.booter.ForkedBooter.runSuitesInProcess(ForkedBooter.java:344)
at org.apache.maven.surefire.booter.ForkedBooter.execute(ForkedBooter.java:125)
at org.apache.maven.surefire.booter.ForkedBooter.main(ForkedBooter.java:417)
]]>
    </error>
  </testcase> <!-- testTravelSubTab -->
  <system-out/>
  <testcase classname="testModules.editions.CanadaEditionTests2" name="testGoingNewsTab" time="0.511">
    <error message="An element could not be located on the page using the given search parameters.
For documentation on this error, please visit: https://www.selenium.dev/documentation/webdriver/troubleshooting/errors#no-such-element-exception
Build info: version: &#039;4.13.0&#039;, revision: &#039;ba948ece5b*&#039;
System info: os.name: &#039;Mac OS X&#039;, os.arch: &#039;x86_64&#039;, os.version: &#039;14.0&#039;, java.version: &#039;21.0.2&#039;
Driver info: io.appium.java_client.ios.IOSDriver
Command: [76b5a2bc-a2cb-4d5a-8f95-06df53140997, findElement {using=accessibility id, value=news}]
Capabilities {appium:autoAcceptAlerts: true, appium:automationName: XCUITest, appium:bundleID: com.buzzfeed.buzzfeed-alpha, appium:bundleId: com.buzzfeed.buzzfeed-alpha, appium:databaseEnabled: false, appium:derivedDataPath: /Users/ltadmin/Documents/ap..., appium:deviceName: iPhone 14, appium:headless: false, appium:javascriptEnabled: true, appium:locale: US, appium:locationContextEnabled: false, appium:maxTypingFrequency: 7, appium:nativeWebScreenshot: true, appium:networkConnectionEnabled: false, appium:newCommandTimeout: 0, appium:noReset: false, appium:orientation: PORTRAIT, appium:platformVersion: 16, appium:takesScreenshot: true, appium:udid: 00008110-001C54C00111401E, appium:uiautomator2ServerLaunchTimeout: 60000, appium:usePrebuiltWDA: true, appium:waitForQuiescence: false, appium:wdaLocalPort: 11280, appium:wdaStartupRetries: 3, appium:webStorageEnabled: false, appium:webkitResponseTimeout: 20000, platformName: IOS}
Session ID: 76b5a2bc-a2cb-4d5a-8f95-06df53140997" type="org.openqa.selenium.NoSuchElementException">
      <![CDATA[org.openqa.selenium.NoSuchElementException: An element could not be located on the page using the given search parameters.
For documentation on this error, please visit: https://www.selenium.dev/documentation/webdriver/troubleshooting/errors#no-such-element-exception
Build info: version: '4.13.0', revision: 'ba948ece5b*'
System info: os.name: 'Mac OS X', os.arch: 'x86_64', os.version: '14.0', java.version: '21.0.2'
Driver info: io.appium.java_client.ios.IOSDriver
Command: [76b5a2bc-a2cb-4d5a-8f95-06df53140997, findElement {using=accessibility id, value=news}]
Capabilities {appium:autoAcceptAlerts: true, appium:automationName: XCUITest, appium:bundleID: com.buzzfeed.buzzfeed-alpha, appium:bundleId: com.buzzfeed.buzzfeed-alpha, appium:databaseEnabled: false, appium:derivedDataPath: /Users/ltadmin/Documents/ap..., appium:deviceName: iPhone 14, appium:headless: false, appium:javascriptEnabled: true, appium:locale: US, appium:locationContextEnabled: false, appium:maxTypingFrequency: 7, appium:nativeWebScreenshot: true, appium:networkConnectionEnabled: false, appium:newCommandTimeout: 0, appium:noReset: false, appium:orientation: PORTRAIT, appium:platformVersion: 16, appium:takesScreenshot: true, appium:udid: 00008110-001C54C00111401E, appium:uiautomator2ServerLaunchTimeout: 60000, appium:usePrebuiltWDA: true, appium:waitForQuiescence: false, appium:wdaLocalPort: 11280, appium:wdaStartupRetries: 3, appium:webStorageEnabled: false, appium:webkitResponseTimeout: 20000, platformName: IOS}
Session ID: 76b5a2bc-a2cb-4d5a-8f95-06df53140997
at java.base/jdk.internal.reflect.DirectConstructorHandleAccessor.newInstance(DirectConstructorHandleAccessor.java:62)
at java.base/java.lang.reflect.Constructor.newInstanceWithCaller(Constructor.java:502)
at java.base/java.lang.reflect.Constructor.newInstance(Constructor.java:486)
at org.openqa.selenium.remote.codec.w3c.W3CHttpResponseCodec.createException(W3CHttpResponseCodec.java:200)
at org.openqa.selenium.remote.codec.w3c.W3CHttpResponseCodec.decode(W3CHttpResponseCodec.java:133)
at org.openqa.selenium.remote.codec.w3c.W3CHttpResponseCodec.decode(W3CHttpResponseCodec.java:52)
at org.openqa.selenium.remote.HttpCommandExecutor.execute(HttpCommandExecutor.java:191)
at io.appium.java_client.remote.AppiumCommandExecutor.execute(AppiumCommandExecutor.java:250)
at org.openqa.selenium.remote.RemoteWebDriver.execute(RemoteWebDriver.java:602)
at org.openqa.selenium.remote.ElementLocation$ElementFinder$2.findElement(ElementLocation.java:165)
at org.openqa.selenium.remote.ElementLocation.findElement(ElementLocation.java:59)
at org.openqa.selenium.remote.RemoteWebDriver.findElement(RemoteWebDriver.java:359)
at org.openqa.selenium.remote.RemoteWebDriver.findElement(RemoteWebDriver.java:353)
at config.pages.CommonPage.tapNewsTab(CommonPage.java:474)
at testModules.editions.CanadaEditionTests2.testGoingNewsTab(CanadaEditionTests2.java:332)
at java.base/jdk.internal.reflect.DirectMethodHandleAccessor.invoke(DirectMethodHandleAccessor.java:103)
at java.base/java.lang.reflect.Method.invoke(Method.java:580)
at org.testng.internal.MethodInvocationHelper.invokeMethod(MethodInvocationHelper.java:133)
at org.testng.internal.TestInvoker.invokeMethod(TestInvoker.java:598)
at org.testng.internal.TestInvoker.invokeTestMethod(TestInvoker.java:173)
at org.testng.internal.MethodRunner.runInSequence(MethodRunner.java:46)
at org.testng.internal.TestInvoker$MethodInvocationAgent.invoke(TestInvoker.java:824)
at org.testng.internal.TestInvoker.invokeTestMethods(TestInvoker.java:146)
at org.testng.internal.TestMethodWorker.invokeTestMethods(TestMethodWorker.java:146)
at org.testng.internal.TestMethodWorker.run(TestMethodWorker.java:128)
at java.base/java.util.ArrayList.forEach(ArrayList.java:1596)
at org.testng.TestRunner.privateRun(TestRunner.java:794)
at org.testng.TestRunner.run(TestRunner.java:596)
at org.testng.SuiteRunner.runTest(SuiteRunner.java:377)
at org.testng.SuiteRunner.runSequentially(SuiteRunner.java:371)
at org.testng.SuiteRunner.privateRun(SuiteRunner.java:332)
at org.testng.SuiteRunner.run(SuiteRunner.java:276)
at org.testng.SuiteRunnerWorker.runSuite(SuiteRunnerWorker.java:53)
at org.testng.SuiteRunnerWorker.run(SuiteRunnerWorker.java:96)
at org.testng.TestNG.runSuitesSequentially(TestNG.java:1212)
at org.testng.TestNG.runSuitesSequentially(TestNG.java:1207)
at org.testng.TestNG.runSuitesLocally(TestNG.java:1134)
at org.testng.TestNG.runSuites(TestNG.java:1063)
at org.testng.TestNG.run(TestNG.java:1031)
at org.apache.maven.surefire.testng.TestNGExecutor.run(TestNGExecutor.java:283)
at org.apache.maven.surefire.testng.TestNGXmlTestSuite.execute(TestNGXmlTestSuite.java:75)
at org.apache.maven.surefire.testng.TestNGProvider.invoke(TestNGProvider.java:120)
at org.apache.maven.surefire.booter.ForkedBooter.invokeProviderInSameClassLoader(ForkedBooter.java:383)
at org.apache.maven.surefire.booter.ForkedBooter.runSuitesInProcess(ForkedBooter.java:344)
at org.apache.maven.surefire.booter.ForkedBooter.execute(ForkedBooter.java:125)
at org.apache.maven.surefire.booter.ForkedBooter.main(ForkedBooter.java:417)
]]>
    </error>
  </testcase> <!-- testGoingNewsTab -->
  <system-out/>
  <testcase classname="testModules.editions.CanadaEditionTests2" name="tapFstNewsCell" time="0.710"/>
  <system-out/>
  <testcase classname="testModules.editions.CanadaEditionTests2" name="testGoingToQuizzesTab" time="0.516">
    <error message="An element could not be located on the page using the given search parameters.
For documentation on this error, please visit: https://www.selenium.dev/documentation/webdriver/troubleshooting/errors#no-such-element-exception
Build info: version: &#039;4.13.0&#039;, revision: &#039;ba948ece5b*&#039;
System info: os.name: &#039;Mac OS X&#039;, os.arch: &#039;x86_64&#039;, os.version: &#039;14.0&#039;, java.version: &#039;21.0.2&#039;
Driver info: io.appium.java_client.ios.IOSDriver
Command: [76b5a2bc-a2cb-4d5a-8f95-06df53140997, findElement {using=accessibility id, value=quizzes}]
Capabilities {appium:autoAcceptAlerts: true, appium:automationName: XCUITest, appium:bundleID: com.buzzfeed.buzzfeed-alpha, appium:bundleId: com.buzzfeed.buzzfeed-alpha, appium:databaseEnabled: false, appium:derivedDataPath: /Users/ltadmin/Documents/ap..., appium:deviceName: iPhone 14, appium:headless: false, appium:javascriptEnabled: true, appium:locale: US, appium:locationContextEnabled: false, appium:maxTypingFrequency: 7, appium:nativeWebScreenshot: true, appium:networkConnectionEnabled: false, appium:newCommandTimeout: 0, appium:noReset: false, appium:orientation: PORTRAIT, appium:platformVersion: 16, appium:takesScreenshot: true, appium:udid: 00008110-001C54C00111401E, appium:uiautomator2ServerLaunchTimeout: 60000, appium:usePrebuiltWDA: true, appium:waitForQuiescence: false, appium:wdaLocalPort: 11280, appium:wdaStartupRetries: 3, appium:webStorageEnabled: false, appium:webkitResponseTimeout: 20000, platformName: IOS}
Session ID: 76b5a2bc-a2cb-4d5a-8f95-06df53140997" type="org.openqa.selenium.NoSuchElementException">
      <![CDATA[org.openqa.selenium.NoSuchElementException: An element could not be located on the page using the given search parameters.
For documentation on this error, please visit: https://www.selenium.dev/documentation/webdriver/troubleshooting/errors#no-such-element-exception
Build info: version: '4.13.0', revision: 'ba948ece5b*'
System info: os.name: 'Mac OS X', os.arch: 'x86_64', os.version: '14.0', java.version: '21.0.2'
Driver info: io.appium.java_client.ios.IOSDriver
Command: [76b5a2bc-a2cb-4d5a-8f95-06df53140997, findElement {using=accessibility id, value=quizzes}]
Capabilities {appium:autoAcceptAlerts: true, appium:automationName: XCUITest, appium:bundleID: com.buzzfeed.buzzfeed-alpha, appium:bundleId: com.buzzfeed.buzzfeed-alpha, appium:databaseEnabled: false, appium:derivedDataPath: /Users/ltadmin/Documents/ap..., appium:deviceName: iPhone 14, appium:headless: false, appium:javascriptEnabled: true, appium:locale: US, appium:locationContextEnabled: false, appium:maxTypingFrequency: 7, appium:nativeWebScreenshot: true, appium:networkConnectionEnabled: false, appium:newCommandTimeout: 0, appium:noReset: false, appium:orientation: PORTRAIT, appium:platformVersion: 16, appium:takesScreenshot: true, appium:udid: 00008110-001C54C00111401E, appium:uiautomator2ServerLaunchTimeout: 60000, appium:usePrebuiltWDA: true, appium:waitForQuiescence: false, appium:wdaLocalPort: 11280, appium:wdaStartupRetries: 3, appium:webStorageEnabled: false, appium:webkitResponseTimeout: 20000, platformName: IOS}
Session ID: 76b5a2bc-a2cb-4d5a-8f95-06df53140997
at java.base/jdk.internal.reflect.DirectConstructorHandleAccessor.newInstance(DirectConstructorHandleAccessor.java:62)
at java.base/java.lang.reflect.Constructor.newInstanceWithCaller(Constructor.java:502)
at java.base/java.lang.reflect.Constructor.newInstance(Constructor.java:486)
at org.openqa.selenium.remote.codec.w3c.W3CHttpResponseCodec.createException(W3CHttpResponseCodec.java:200)
at org.openqa.selenium.remote.codec.w3c.W3CHttpResponseCodec.decode(W3CHttpResponseCodec.java:133)
at org.openqa.selenium.remote.codec.w3c.W3CHttpResponseCodec.decode(W3CHttpResponseCodec.java:52)
at org.openqa.selenium.remote.HttpCommandExecutor.execute(HttpCommandExecutor.java:191)
at io.appium.java_client.remote.AppiumCommandExecutor.execute(AppiumCommandExecutor.java:250)
at org.openqa.selenium.remote.RemoteWebDriver.execute(RemoteWebDriver.java:602)
at org.openqa.selenium.remote.ElementLocation$ElementFinder$2.findElement(ElementLocation.java:165)
at org.openqa.selenium.remote.ElementLocation.findElement(ElementLocation.java:59)
at org.openqa.selenium.remote.RemoteWebDriver.findElement(RemoteWebDriver.java:359)
at org.openqa.selenium.remote.RemoteWebDriver.findElement(RemoteWebDriver.java:353)
at config.pages.CommonPage.tapQuizzesTab(CommonPage.java:465)
at testModules.editions.CanadaEditionTests2.testGoingToQuizzesTab(CanadaEditionTests2.java:370)
at java.base/jdk.internal.reflect.DirectMethodHandleAccessor.invoke(DirectMethodHandleAccessor.java:103)
at java.base/java.lang.reflect.Method.invoke(Method.java:580)
at org.testng.internal.MethodInvocationHelper.invokeMethod(MethodInvocationHelper.java:133)
at org.testng.internal.TestInvoker.invokeMethod(TestInvoker.java:598)
at org.testng.internal.TestInvoker.invokeTestMethod(TestInvoker.java:173)
at org.testng.internal.MethodRunner.runInSequence(MethodRunner.java:46)
at org.testng.internal.TestInvoker$MethodInvocationAgent.invoke(TestInvoker.java:824)
at org.testng.internal.TestInvoker.invokeTestMethods(TestInvoker.java:146)
at org.testng.internal.TestMethodWorker.invokeTestMethods(TestMethodWorker.java:146)
at org.testng.internal.TestMethodWorker.run(TestMethodWorker.java:128)
at java.base/java.util.ArrayList.forEach(ArrayList.java:1596)
at org.testng.TestRunner.privateRun(TestRunner.java:794)
at org.testng.TestRunner.run(TestRunner.java:596)
at org.testng.SuiteRunner.runTest(SuiteRunner.java:377)
at org.testng.SuiteRunner.runSequentially(SuiteRunner.java:371)
at org.testng.SuiteRunner.privateRun(SuiteRunner.java:332)
at org.testng.SuiteRunner.run(SuiteRunner.java:276)
at org.testng.SuiteRunnerWorker.runSuite(SuiteRunnerWorker.java:53)
at org.testng.SuiteRunnerWorker.run(SuiteRunnerWorker.java:96)
at org.testng.TestNG.runSuitesSequentially(TestNG.java:1212)
at org.testng.TestNG.runSuitesSequentially(TestNG.java:1207)
at org.testng.TestNG.runSuitesLocally(TestNG.java:1134)
at org.testng.TestNG.runSuites(TestNG.java:1063)
at org.testng.TestNG.run(TestNG.java:1031)
at org.apache.maven.surefire.testng.TestNGExecutor.run(TestNGExecutor.java:283)
at org.apache.maven.surefire.testng.TestNGXmlTestSuite.execute(TestNGXmlTestSuite.java:75)
at org.apache.maven.surefire.testng.TestNGProvider.invoke(TestNGProvider.java:120)
at org.apache.maven.surefire.booter.ForkedBooter.invokeProviderInSameClassLoader(ForkedBooter.java:383)
at org.apache.maven.surefire.booter.ForkedBooter.runSuitesInProcess(ForkedBooter.java:344)
at org.apache.maven.surefire.booter.ForkedBooter.execute(ForkedBooter.java:125)
at org.apache.maven.surefire.booter.ForkedBooter.main(ForkedBooter.java:417)
]]>
    </error>
  </testcase> <!-- testGoingToQuizzesTab -->
  <system-out/>
  <testcase classname="testModules.editions.CanadaEditionTests2" name="testTapOnTrendingCategory" time="0.512">
    <error message="An element could not be located on the page using the given search parameters.
For documentation on this error, please visit: https://www.selenium.dev/documentation/webdriver/troubleshooting/errors#no-such-element-exception
Build info: version: &#039;4.13.0&#039;, revision: &#039;ba948ece5b*&#039;
System info: os.name: &#039;Mac OS X&#039;, os.arch: &#039;x86_64&#039;, os.version: &#039;14.0&#039;, java.version: &#039;21.0.2&#039;
Driver info: io.appium.java_client.ios.IOSDriver
Command: [76b5a2bc-a2cb-4d5a-8f95-06df53140997, findElement {using=accessibility id, value=Trending}]
Capabilities {appium:autoAcceptAlerts: true, appium:automationName: XCUITest, appium:bundleID: com.buzzfeed.buzzfeed-alpha, appium:bundleId: com.buzzfeed.buzzfeed-alpha, appium:databaseEnabled: false, appium:derivedDataPath: /Users/ltadmin/Documents/ap..., appium:deviceName: iPhone 14, appium:headless: false, appium:javascriptEnabled: true, appium:locale: US, appium:locationContextEnabled: false, appium:maxTypingFrequency: 7, appium:nativeWebScreenshot: true, appium:networkConnectionEnabled: false, appium:newCommandTimeout: 0, appium:noReset: false, appium:orientation: PORTRAIT, appium:platformVersion: 16, appium:takesScreenshot: true, appium:udid: 00008110-001C54C00111401E, appium:uiautomator2ServerLaunchTimeout: 60000, appium:usePrebuiltWDA: true, appium:waitForQuiescence: false, appium:wdaLocalPort: 11280, appium:wdaStartupRetries: 3, appium:webStorageEnabled: false, appium:webkitResponseTimeout: 20000, platformName: IOS}
Session ID: 76b5a2bc-a2cb-4d5a-8f95-06df53140997" type="org.openqa.selenium.NoSuchElementException">
      <![CDATA[org.openqa.selenium.NoSuchElementException: An element could not be located on the page using the given search parameters.
For documentation on this error, please visit: https://www.selenium.dev/documentation/webdriver/troubleshooting/errors#no-such-element-exception
Build info: version: '4.13.0', revision: 'ba948ece5b*'
System info: os.name: 'Mac OS X', os.arch: 'x86_64', os.version: '14.0', java.version: '21.0.2'
Driver info: io.appium.java_client.ios.IOSDriver
Command: [76b5a2bc-a2cb-4d5a-8f95-06df53140997, findElement {using=accessibility id, value=Trending}]
Capabilities {appium:autoAcceptAlerts: true, appium:automationName: XCUITest, appium:bundleID: com.buzzfeed.buzzfeed-alpha, appium:bundleId: com.buzzfeed.buzzfeed-alpha, appium:databaseEnabled: false, appium:derivedDataPath: /Users/ltadmin/Documents/ap..., appium:deviceName: iPhone 14, appium:headless: false, appium:javascriptEnabled: true, appium:locale: US, appium:locationContextEnabled: false, appium:maxTypingFrequency: 7, appium:nativeWebScreenshot: true, appium:networkConnectionEnabled: false, appium:newCommandTimeout: 0, appium:noReset: false, appium:orientation: PORTRAIT, appium:platformVersion: 16, appium:takesScreenshot: true, appium:udid: 00008110-001C54C00111401E, appium:uiautomator2ServerLaunchTimeout: 60000, appium:usePrebuiltWDA: true, appium:waitForQuiescence: false, appium:wdaLocalPort: 11280, appium:wdaStartupRetries: 3, appium:webStorageEnabled: false, appium:webkitResponseTimeout: 20000, platformName: IOS}
Session ID: 76b5a2bc-a2cb-4d5a-8f95-06df53140997
at java.base/jdk.internal.reflect.DirectConstructorHandleAccessor.newInstance(DirectConstructorHandleAccessor.java:62)
at java.base/java.lang.reflect.Constructor.newInstanceWithCaller(Constructor.java:502)
at java.base/java.lang.reflect.Constructor.newInstance(Constructor.java:486)
at org.openqa.selenium.remote.codec.w3c.W3CHttpResponseCodec.createException(W3CHttpResponseCodec.java:200)
at org.openqa.selenium.remote.codec.w3c.W3CHttpResponseCodec.decode(W3CHttpResponseCodec.java:133)
at org.openqa.selenium.remote.codec.w3c.W3CHttpResponseCodec.decode(W3CHttpResponseCodec.java:52)
at org.openqa.selenium.remote.HttpCommandExecutor.execute(HttpCommandExecutor.java:191)
at io.appium.java_client.remote.AppiumCommandExecutor.execute(AppiumCommandExecutor.java:250)
at org.openqa.selenium.remote.RemoteWebDriver.execute(RemoteWebDriver.java:602)
at org.openqa.selenium.remote.ElementLocation$ElementFinder$2.findElement(ElementLocation.java:165)
at org.openqa.selenium.remote.ElementLocation.findElement(ElementLocation.java:59)
at org.openqa.selenium.remote.RemoteWebDriver.findElement(RemoteWebDriver.java:359)
at org.openqa.selenium.remote.RemoteWebDriver.findElement(RemoteWebDriver.java:353)
at config.pages.quizzes.QuizzesSubTabsPage.tapOnTrending(QuizzesSubTabsPage.java:43)
at testModules.editions.CanadaEditionTests2.testTapOnTrendingCategory(CanadaEditionTests2.java:379)
at java.base/jdk.internal.reflect.DirectMethodHandleAccessor.invoke(DirectMethodHandleAccessor.java:103)
at java.base/java.lang.reflect.Method.invoke(Method.java:580)
at org.testng.internal.MethodInvocationHelper.invokeMethod(MethodInvocationHelper.java:133)
at org.testng.internal.TestInvoker.invokeMethod(TestInvoker.java:598)
at org.testng.internal.TestInvoker.invokeTestMethod(TestInvoker.java:173)
at org.testng.internal.MethodRunner.runInSequence(MethodRunner.java:46)
at org.testng.internal.TestInvoker$MethodInvocationAgent.invoke(TestInvoker.java:824)
at org.testng.internal.TestInvoker.invokeTestMethods(TestInvoker.java:146)
at org.testng.internal.TestMethodWorker.invokeTestMethods(TestMethodWorker.java:146)
at org.testng.internal.TestMethodWorker.run(TestMethodWorker.java:128)
at java.base/java.util.ArrayList.forEach(ArrayList.java:1596)
at org.testng.TestRunner.privateRun(TestRunner.java:794)
at org.testng.TestRunner.run(TestRunner.java:596)
at org.testng.SuiteRunner.runTest(SuiteRunner.java:377)
at org.testng.SuiteRunner.runSequentially(SuiteRunner.java:371)
at org.testng.SuiteRunner.privateRun(SuiteRunner.java:332)
at org.testng.SuiteRunner.run(SuiteRunner.java:276)
at org.testng.SuiteRunnerWorker.runSuite(SuiteRunnerWorker.java:53)
at org.testng.SuiteRunnerWorker.run(SuiteRunnerWorker.java:96)
at org.testng.TestNG.runSuitesSequentially(TestNG.java:1212)
at org.testng.TestNG.runSuitesSequentially(TestNG.java:1207)
at org.testng.TestNG.runSuitesLocally(TestNG.java:1134)
at org.testng.TestNG.runSuites(TestNG.java:1063)
at org.testng.TestNG.run(TestNG.java:1031)
at org.apache.maven.surefire.testng.TestNGExecutor.run(TestNGExecutor.java:283)
at org.apache.maven.surefire.testng.TestNGXmlTestSuite.execute(TestNGXmlTestSuite.java:75)
at org.apache.maven.surefire.testng.TestNGProvider.invoke(TestNGProvider.java:120)
at org.apache.maven.surefire.booter.ForkedBooter.invokeProviderInSameClassLoader(ForkedBooter.java:383)
at org.apache.maven.surefire.booter.ForkedBooter.runSuitesInProcess(ForkedBooter.java:344)
at org.apache.maven.surefire.booter.ForkedBooter.execute(ForkedBooter.java:125)
at org.apache.maven.surefire.booter.ForkedBooter.main(ForkedBooter.java:417)
]]>
    </error>
  </testcase> <!-- testTapOnTrendingCategory -->
  <system-out/>
  <testcase classname="testModules.editions.CanadaEditionTests2" name="testTapOnAIQuizzes" time="0.513">
    <error message="An element could not be located on the page using the given search parameters.
For documentation on this error, please visit: https://www.selenium.dev/documentation/webdriver/troubleshooting/errors#no-such-element-exception
Build info: version: &#039;4.13.0&#039;, revision: &#039;ba948ece5b*&#039;
System info: os.name: &#039;Mac OS X&#039;, os.arch: &#039;x86_64&#039;, os.version: &#039;14.0&#039;, java.version: &#039;21.0.2&#039;
Driver info: io.appium.java_client.ios.IOSDriver
Command: [76b5a2bc-a2cb-4d5a-8f95-06df53140997, findElement {using=accessibility id, value=AI Quizzes}]
Capabilities {appium:autoAcceptAlerts: true, appium:automationName: XCUITest, appium:bundleID: com.buzzfeed.buzzfeed-alpha, appium:bundleId: com.buzzfeed.buzzfeed-alpha, appium:databaseEnabled: false, appium:derivedDataPath: /Users/ltadmin/Documents/ap..., appium:deviceName: iPhone 14, appium:headless: false, appium:javascriptEnabled: true, appium:locale: US, appium:locationContextEnabled: false, appium:maxTypingFrequency: 7, appium:nativeWebScreenshot: true, appium:networkConnectionEnabled: false, appium:newCommandTimeout: 0, appium:noReset: false, appium:orientation: PORTRAIT, appium:platformVersion: 16, appium:takesScreenshot: true, appium:udid: 00008110-001C54C00111401E, appium:uiautomator2ServerLaunchTimeout: 60000, appium:usePrebuiltWDA: true, appium:waitForQuiescence: false, appium:wdaLocalPort: 11280, appium:wdaStartupRetries: 3, appium:webStorageEnabled: false, appium:webkitResponseTimeout: 20000, platformName: IOS}
Session ID: 76b5a2bc-a2cb-4d5a-8f95-06df53140997" type="org.openqa.selenium.NoSuchElementException">
      <![CDATA[org.openqa.selenium.NoSuchElementException: An element could not be located on the page using the given search parameters.
For documentation on this error, please visit: https://www.selenium.dev/documentation/webdriver/troubleshooting/errors#no-such-element-exception
Build info: version: '4.13.0', revision: 'ba948ece5b*'
System info: os.name: 'Mac OS X', os.arch: 'x86_64', os.version: '14.0', java.version: '21.0.2'
Driver info: io.appium.java_client.ios.IOSDriver
Command: [76b5a2bc-a2cb-4d5a-8f95-06df53140997, findElement {using=accessibility id, value=AI Quizzes}]
Capabilities {appium:autoAcceptAlerts: true, appium:automationName: XCUITest, appium:bundleID: com.buzzfeed.buzzfeed-alpha, appium:bundleId: com.buzzfeed.buzzfeed-alpha, appium:databaseEnabled: false, appium:derivedDataPath: /Users/ltadmin/Documents/ap..., appium:deviceName: iPhone 14, appium:headless: false, appium:javascriptEnabled: true, appium:locale: US, appium:locationContextEnabled: false, appium:maxTypingFrequency: 7, appium:nativeWebScreenshot: true, appium:networkConnectionEnabled: false, appium:newCommandTimeout: 0, appium:noReset: false, appium:orientation: PORTRAIT, appium:platformVersion: 16, appium:takesScreenshot: true, appium:udid: 00008110-001C54C00111401E, appium:uiautomator2ServerLaunchTimeout: 60000, appium:usePrebuiltWDA: true, appium:waitForQuiescence: false, appium:wdaLocalPort: 11280, appium:wdaStartupRetries: 3, appium:webStorageEnabled: false, appium:webkitResponseTimeout: 20000, platformName: IOS}
Session ID: 76b5a2bc-a2cb-4d5a-8f95-06df53140997
at java.base/jdk.internal.reflect.DirectConstructorHandleAccessor.newInstance(DirectConstructorHandleAccessor.java:62)
at java.base/java.lang.reflect.Constructor.newInstanceWithCaller(Constructor.java:502)
at java.base/java.lang.reflect.Constructor.newInstance(Constructor.java:486)
at org.openqa.selenium.remote.codec.w3c.W3CHttpResponseCodec.createException(W3CHttpResponseCodec.java:200)
at org.openqa.selenium.remote.codec.w3c.W3CHttpResponseCodec.decode(W3CHttpResponseCodec.java:133)
at org.openqa.selenium.remote.codec.w3c.W3CHttpResponseCodec.decode(W3CHttpResponseCodec.java:52)
at org.openqa.selenium.remote.HttpCommandExecutor.execute(HttpCommandExecutor.java:191)
at io.appium.java_client.remote.AppiumCommandExecutor.execute(AppiumCommandExecutor.java:250)
at org.openqa.selenium.remote.RemoteWebDriver.execute(RemoteWebDriver.java:602)
at org.openqa.selenium.remote.ElementLocation$ElementFinder$2.findElement(ElementLocation.java:165)
at org.openqa.selenium.remote.ElementLocation.findElement(ElementLocation.java:59)
at org.openqa.selenium.remote.RemoteWebDriver.findElement(RemoteWebDriver.java:359)
at org.openqa.selenium.remote.RemoteWebDriver.findElement(RemoteWebDriver.java:353)
at config.pages.quizzes.QuizzesSubTabsPage.tapOnAIQuizzes(QuizzesSubTabsPage.java:42)
at testModules.editions.CanadaEditionTests2.testTapOnAIQuizzes(CanadaEditionTests2.java:397)
at java.base/jdk.internal.reflect.DirectMethodHandleAccessor.invoke(DirectMethodHandleAccessor.java:103)
at java.base/java.lang.reflect.Method.invoke(Method.java:580)
at org.testng.internal.MethodInvocationHelper.invokeMethod(MethodInvocationHelper.java:133)
at org.testng.internal.TestInvoker.invokeMethod(TestInvoker.java:598)
at org.testng.internal.TestInvoker.invokeTestMethod(TestInvoker.java:173)
at org.testng.internal.MethodRunner.runInSequence(MethodRunner.java:46)
at org.testng.internal.TestInvoker$MethodInvocationAgent.invoke(TestInvoker.java:824)
at org.testng.internal.TestInvoker.invokeTestMethods(TestInvoker.java:146)
at org.testng.internal.TestMethodWorker.invokeTestMethods(TestMethodWorker.java:146)
at org.testng.internal.TestMethodWorker.run(TestMethodWorker.java:128)
at java.base/java.util.ArrayList.forEach(ArrayList.java:1596)
at org.testng.TestRunner.privateRun(TestRunner.java:794)
at org.testng.TestRunner.run(TestRunner.java:596)
at org.testng.SuiteRunner.runTest(SuiteRunner.java:377)
at org.testng.SuiteRunner.runSequentially(SuiteRunner.java:371)
at org.testng.SuiteRunner.privateRun(SuiteRunner.java:332)
at org.testng.SuiteRunner.run(SuiteRunner.java:276)
at org.testng.SuiteRunnerWorker.runSuite(SuiteRunnerWorker.java:53)
at org.testng.SuiteRunnerWorker.run(SuiteRunnerWorker.java:96)
at org.testng.TestNG.runSuitesSequentially(TestNG.java:1212)
at org.testng.TestNG.runSuitesSequentially(TestNG.java:1207)
at org.testng.TestNG.runSuitesLocally(TestNG.java:1134)
at org.testng.TestNG.runSuites(TestNG.java:1063)
at org.testng.TestNG.run(TestNG.java:1031)
at org.apache.maven.surefire.testng.TestNGExecutor.run(TestNGExecutor.java:283)
at org.apache.maven.surefire.testng.TestNGXmlTestSuite.execute(TestNGXmlTestSuite.java:75)
at org.apache.maven.surefire.testng.TestNGProvider.invoke(TestNGProvider.java:120)
at org.apache.maven.surefire.booter.ForkedBooter.invokeProviderInSameClassLoader(ForkedBooter.java:383)
at org.apache.maven.surefire.booter.ForkedBooter.runSuitesInProcess(ForkedBooter.java:344)
at org.apache.maven.surefire.booter.ForkedBooter.execute(ForkedBooter.java:125)
at org.apache.maven.surefire.booter.ForkedBooter.main(ForkedBooter.java:417)
]]>
    </error>
  </testcase> <!-- testTapOnAIQuizzes -->
  <system-out/>
  <testcase classname="testModules.editions.CanadaEditionTests2" name="testTapOnTriviaCategory" time="0.506">
    <error message="An element could not be located on the page using the given search parameters.
For documentation on this error, please visit: https://www.selenium.dev/documentation/webdriver/troubleshooting/errors#no-such-element-exception
Build info: version: &#039;4.13.0&#039;, revision: &#039;ba948ece5b*&#039;
System info: os.name: &#039;Mac OS X&#039;, os.arch: &#039;x86_64&#039;, os.version: &#039;14.0&#039;, java.version: &#039;21.0.2&#039;
Driver info: io.appium.java_client.ios.IOSDriver
Command: [76b5a2bc-a2cb-4d5a-8f95-06df53140997, findElement {using=accessibility id, value=Trivia}]
Capabilities {appium:autoAcceptAlerts: true, appium:automationName: XCUITest, appium:bundleID: com.buzzfeed.buzzfeed-alpha, appium:bundleId: com.buzzfeed.buzzfeed-alpha, appium:databaseEnabled: false, appium:derivedDataPath: /Users/ltadmin/Documents/ap..., appium:deviceName: iPhone 14, appium:headless: false, appium:javascriptEnabled: true, appium:locale: US, appium:locationContextEnabled: false, appium:maxTypingFrequency: 7, appium:nativeWebScreenshot: true, appium:networkConnectionEnabled: false, appium:newCommandTimeout: 0, appium:noReset: false, appium:orientation: PORTRAIT, appium:platformVersion: 16, appium:takesScreenshot: true, appium:udid: 00008110-001C54C00111401E, appium:uiautomator2ServerLaunchTimeout: 60000, appium:usePrebuiltWDA: true, appium:waitForQuiescence: false, appium:wdaLocalPort: 11280, appium:wdaStartupRetries: 3, appium:webStorageEnabled: false, appium:webkitResponseTimeout: 20000, platformName: IOS}
Session ID: 76b5a2bc-a2cb-4d5a-8f95-06df53140997" type="org.openqa.selenium.NoSuchElementException">
      <![CDATA[org.openqa.selenium.NoSuchElementException: An element could not be located on the page using the given search parameters.
For documentation on this error, please visit: https://www.selenium.dev/documentation/webdriver/troubleshooting/errors#no-such-element-exception
Build info: version: '4.13.0', revision: 'ba948ece5b*'
System info: os.name: 'Mac OS X', os.arch: 'x86_64', os.version: '14.0', java.version: '21.0.2'
Driver info: io.appium.java_client.ios.IOSDriver
Command: [76b5a2bc-a2cb-4d5a-8f95-06df53140997, findElement {using=accessibility id, value=Trivia}]
Capabilities {appium:autoAcceptAlerts: true, appium:automationName: XCUITest, appium:bundleID: com.buzzfeed.buzzfeed-alpha, appium:bundleId: com.buzzfeed.buzzfeed-alpha, appium:databaseEnabled: false, appium:derivedDataPath: /Users/ltadmin/Documents/ap..., appium:deviceName: iPhone 14, appium:headless: false, appium:javascriptEnabled: true, appium:locale: US, appium:locationContextEnabled: false, appium:maxTypingFrequency: 7, appium:nativeWebScreenshot: true, appium:networkConnectionEnabled: false, appium:newCommandTimeout: 0, appium:noReset: false, appium:orientation: PORTRAIT, appium:platformVersion: 16, appium:takesScreenshot: true, appium:udid: 00008110-001C54C00111401E, appium:uiautomator2ServerLaunchTimeout: 60000, appium:usePrebuiltWDA: true, appium:waitForQuiescence: false, appium:wdaLocalPort: 11280, appium:wdaStartupRetries: 3, appium:webStorageEnabled: false, appium:webkitResponseTimeout: 20000, platformName: IOS}
Session ID: 76b5a2bc-a2cb-4d5a-8f95-06df53140997
at java.base/jdk.internal.reflect.DirectConstructorHandleAccessor.newInstance(DirectConstructorHandleAccessor.java:62)
at java.base/java.lang.reflect.Constructor.newInstanceWithCaller(Constructor.java:502)
at java.base/java.lang.reflect.Constructor.newInstance(Constructor.java:486)
at org.openqa.selenium.remote.codec.w3c.W3CHttpResponseCodec.createException(W3CHttpResponseCodec.java:200)
at org.openqa.selenium.remote.codec.w3c.W3CHttpResponseCodec.decode(W3CHttpResponseCodec.java:133)
at org.openqa.selenium.remote.codec.w3c.W3CHttpResponseCodec.decode(W3CHttpResponseCodec.java:52)
at org.openqa.selenium.remote.HttpCommandExecutor.execute(HttpCommandExecutor.java:191)
at io.appium.java_client.remote.AppiumCommandExecutor.execute(AppiumCommandExecutor.java:250)
at org.openqa.selenium.remote.RemoteWebDriver.execute(RemoteWebDriver.java:602)
at org.openqa.selenium.remote.ElementLocation$ElementFinder$2.findElement(ElementLocation.java:165)
at org.openqa.selenium.remote.ElementLocation.findElement(ElementLocation.java:59)
at org.openqa.selenium.remote.RemoteWebDriver.findElement(RemoteWebDriver.java:359)
at org.openqa.selenium.remote.RemoteWebDriver.findElement(RemoteWebDriver.java:353)
at config.pages.quizzes.QuizzesSubTabsPage.tapOnTrivia(QuizzesSubTabsPage.java:49)
at testModules.editions.CanadaEditionTests2.testTapOnTriviaCategory(CanadaEditionTests2.java:405)
at java.base/jdk.internal.reflect.DirectMethodHandleAccessor.invoke(DirectMethodHandleAccessor.java:103)
at java.base/java.lang.reflect.Method.invoke(Method.java:580)
at org.testng.internal.MethodInvocationHelper.invokeMethod(MethodInvocationHelper.java:133)
at org.testng.internal.TestInvoker.invokeMethod(TestInvoker.java:598)
at org.testng.internal.TestInvoker.invokeTestMethod(TestInvoker.java:173)
at org.testng.internal.MethodRunner.runInSequence(MethodRunner.java:46)
at org.testng.internal.TestInvoker$MethodInvocationAgent.invoke(TestInvoker.java:824)
at org.testng.internal.TestInvoker.invokeTestMethods(TestInvoker.java:146)
at org.testng.internal.TestMethodWorker.invokeTestMethods(TestMethodWorker.java:146)
at org.testng.internal.TestMethodWorker.run(TestMethodWorker.java:128)
at java.base/java.util.ArrayList.forEach(ArrayList.java:1596)
at org.testng.TestRunner.privateRun(TestRunner.java:794)
at org.testng.TestRunner.run(TestRunner.java:596)
at org.testng.SuiteRunner.runTest(SuiteRunner.java:377)
at org.testng.SuiteRunner.runSequentially(SuiteRunner.java:371)
at org.testng.SuiteRunner.privateRun(SuiteRunner.java:332)
at org.testng.SuiteRunner.run(SuiteRunner.java:276)
at org.testng.SuiteRunnerWorker.runSuite(SuiteRunnerWorker.java:53)
at org.testng.SuiteRunnerWorker.run(SuiteRunnerWorker.java:96)
at org.testng.TestNG.runSuitesSequentially(TestNG.java:1212)
at org.testng.TestNG.runSuitesSequentially(TestNG.java:1207)
at org.testng.TestNG.runSuitesLocally(TestNG.java:1134)
at org.testng.TestNG.runSuites(TestNG.java:1063)
at org.testng.TestNG.run(TestNG.java:1031)
at org.apache.maven.surefire.testng.TestNGExecutor.run(TestNGExecutor.java:283)
at org.apache.maven.surefire.testng.TestNGXmlTestSuite.execute(TestNGXmlTestSuite.java:75)
at org.apache.maven.surefire.testng.TestNGProvider.invoke(TestNGProvider.java:120)
at org.apache.maven.surefire.booter.ForkedBooter.invokeProviderInSameClassLoader(ForkedBooter.java:383)
at org.apache.maven.surefire.booter.ForkedBooter.runSuitesInProcess(ForkedBooter.java:344)
at org.apache.maven.surefire.booter.ForkedBooter.execute(ForkedBooter.java:125)
at org.apache.maven.surefire.booter.ForkedBooter.main(ForkedBooter.java:417)
]]>
    </error>
  </testcase> <!-- testTapOnTriviaCategory -->
  <system-out/>
  <testcase classname="testModules.editions.CanadaEditionTests2" name="testTapOnCanWeGuessCategory" time="0.513">
    <error message="An element could not be located on the page using the given search parameters.
For documentation on this error, please visit: https://www.selenium.dev/documentation/webdriver/troubleshooting/errors#no-such-element-exception
Build info: version: &#039;4.13.0&#039;, revision: &#039;ba948ece5b*&#039;
System info: os.name: &#039;Mac OS X&#039;, os.arch: &#039;x86_64&#039;, os.version: &#039;14.0&#039;, java.version: &#039;21.0.2&#039;
Driver info: io.appium.java_client.ios.IOSDriver
Command: [76b5a2bc-a2cb-4d5a-8f95-06df53140997, findElement {using=accessibility id, value=Can We Guess?}]
Capabilities {appium:autoAcceptAlerts: true, appium:automationName: XCUITest, appium:bundleID: com.buzzfeed.buzzfeed-alpha, appium:bundleId: com.buzzfeed.buzzfeed-alpha, appium:databaseEnabled: false, appium:derivedDataPath: /Users/ltadmin/Documents/ap..., appium:deviceName: iPhone 14, appium:headless: false, appium:javascriptEnabled: true, appium:locale: US, appium:locationContextEnabled: false, appium:maxTypingFrequency: 7, appium:nativeWebScreenshot: true, appium:networkConnectionEnabled: false, appium:newCommandTimeout: 0, appium:noReset: false, appium:orientation: PORTRAIT, appium:platformVersion: 16, appium:takesScreenshot: true, appium:udid: 00008110-001C54C00111401E, appium:uiautomator2ServerLaunchTimeout: 60000, appium:usePrebuiltWDA: true, appium:waitForQuiescence: false, appium:wdaLocalPort: 11280, appium:wdaStartupRetries: 3, appium:webStorageEnabled: false, appium:webkitResponseTimeout: 20000, platformName: IOS}
Session ID: 76b5a2bc-a2cb-4d5a-8f95-06df53140997" type="org.openqa.selenium.NoSuchElementException">
      <![CDATA[org.openqa.selenium.NoSuchElementException: An element could not be located on the page using the given search parameters.
For documentation on this error, please visit: https://www.selenium.dev/documentation/webdriver/troubleshooting/errors#no-such-element-exception
Build info: version: '4.13.0', revision: 'ba948ece5b*'
System info: os.name: 'Mac OS X', os.arch: 'x86_64', os.version: '14.0', java.version: '21.0.2'
Driver info: io.appium.java_client.ios.IOSDriver
Command: [76b5a2bc-a2cb-4d5a-8f95-06df53140997, findElement {using=accessibility id, value=Can We Guess?}]
Capabilities {appium:autoAcceptAlerts: true, appium:automationName: XCUITest, appium:bundleID: com.buzzfeed.buzzfeed-alpha, appium:bundleId: com.buzzfeed.buzzfeed-alpha, appium:databaseEnabled: false, appium:derivedDataPath: /Users/ltadmin/Documents/ap..., appium:deviceName: iPhone 14, appium:headless: false, appium:javascriptEnabled: true, appium:locale: US, appium:locationContextEnabled: false, appium:maxTypingFrequency: 7, appium:nativeWebScreenshot: true, appium:networkConnectionEnabled: false, appium:newCommandTimeout: 0, appium:noReset: false, appium:orientation: PORTRAIT, appium:platformVersion: 16, appium:takesScreenshot: true, appium:udid: 00008110-001C54C00111401E, appium:uiautomator2ServerLaunchTimeout: 60000, appium:usePrebuiltWDA: true, appium:waitForQuiescence: false, appium:wdaLocalPort: 11280, appium:wdaStartupRetries: 3, appium:webStorageEnabled: false, appium:webkitResponseTimeout: 20000, platformName: IOS}
Session ID: 76b5a2bc-a2cb-4d5a-8f95-06df53140997
at java.base/jdk.internal.reflect.DirectConstructorHandleAccessor.newInstance(DirectConstructorHandleAccessor.java:62)
at java.base/java.lang.reflect.Constructor.newInstanceWithCaller(Constructor.java:502)
at java.base/java.lang.reflect.Constructor.newInstance(Constructor.java:486)
at org.openqa.selenium.remote.codec.w3c.W3CHttpResponseCodec.createException(W3CHttpResponseCodec.java:200)
at org.openqa.selenium.remote.codec.w3c.W3CHttpResponseCodec.decode(W3CHttpResponseCodec.java:133)
at org.openqa.selenium.remote.codec.w3c.W3CHttpResponseCodec.decode(W3CHttpResponseCodec.java:52)
at org.openqa.selenium.remote.HttpCommandExecutor.execute(HttpCommandExecutor.java:191)
at io.appium.java_client.remote.AppiumCommandExecutor.execute(AppiumCommandExecutor.java:250)
at org.openqa.selenium.remote.RemoteWebDriver.execute(RemoteWebDriver.java:602)
at org.openqa.selenium.remote.ElementLocation$ElementFinder$2.findElement(ElementLocation.java:165)
at org.openqa.selenium.remote.ElementLocation.findElement(ElementLocation.java:59)
at org.openqa.selenium.remote.RemoteWebDriver.findElement(RemoteWebDriver.java:359)
at org.openqa.selenium.remote.RemoteWebDriver.findElement(RemoteWebDriver.java:353)
at config.pages.quizzes.QuizzesSubTabsPage.tapOnCanWeGuess(QuizzesSubTabsPage.java:44)
at testModules.editions.CanadaEditionTests2.testTapOnCanWeGuessCategory(CanadaEditionTests2.java:412)
at java.base/jdk.internal.reflect.DirectMethodHandleAccessor.invoke(DirectMethodHandleAccessor.java:103)
at java.base/java.lang.reflect.Method.invoke(Method.java:580)
at org.testng.internal.MethodInvocationHelper.invokeMethod(MethodInvocationHelper.java:133)
at org.testng.internal.TestInvoker.invokeMethod(TestInvoker.java:598)
at org.testng.internal.TestInvoker.invokeTestMethod(TestInvoker.java:173)
at org.testng.internal.MethodRunner.runInSequence(MethodRunner.java:46)
at org.testng.internal.TestInvoker$MethodInvocationAgent.invoke(TestInvoker.java:824)
at org.testng.internal.TestInvoker.invokeTestMethods(TestInvoker.java:146)
at org.testng.internal.TestMethodWorker.invokeTestMethods(TestMethodWorker.java:146)
at org.testng.internal.TestMethodWorker.run(TestMethodWorker.java:128)
at java.base/java.util.ArrayList.forEach(ArrayList.java:1596)
at org.testng.TestRunner.privateRun(TestRunner.java:794)
at org.testng.TestRunner.run(TestRunner.java:596)
at org.testng.SuiteRunner.runTest(SuiteRunner.java:377)
at org.testng.SuiteRunner.runSequentially(SuiteRunner.java:371)
at org.testng.SuiteRunner.privateRun(SuiteRunner.java:332)
at org.testng.SuiteRunner.run(SuiteRunner.java:276)
at org.testng.SuiteRunnerWorker.runSuite(SuiteRunnerWorker.java:53)
at org.testng.SuiteRunnerWorker.run(SuiteRunnerWorker.java:96)
at org.testng.TestNG.runSuitesSequentially(TestNG.java:1212)
at org.testng.TestNG.runSuitesSequentially(TestNG.java:1207)
at org.testng.TestNG.runSuitesLocally(TestNG.java:1134)
at org.testng.TestNG.runSuites(TestNG.java:1063)
at org.testng.TestNG.run(TestNG.java:1031)
at org.apache.maven.surefire.testng.TestNGExecutor.run(TestNGExecutor.java:283)
at org.apache.maven.surefire.testng.TestNGXmlTestSuite.execute(TestNGXmlTestSuite.java:75)
at org.apache.maven.surefire.testng.TestNGProvider.invoke(TestNGProvider.java:120)
at org.apache.maven.surefire.booter.ForkedBooter.invokeProviderInSameClassLoader(ForkedBooter.java:383)
at org.apache.maven.surefire.booter.ForkedBooter.runSuitesInProcess(ForkedBooter.java:344)
at org.apache.maven.surefire.booter.ForkedBooter.execute(ForkedBooter.java:125)
at org.apache.maven.surefire.booter.ForkedBooter.main(ForkedBooter.java:417)
]]>
    </error>
  </testcase> <!-- testTapOnCanWeGuessCategory -->
  <system-out/>
  <testcase classname="testModules.editions.CanadaEditionTests2" name="testTapPolls" time="0.505">
    <error message="An element could not be located on the page using the given search parameters.
For documentation on this error, please visit: https://www.selenium.dev/documentation/webdriver/troubleshooting/errors#no-such-element-exception
Build info: version: &#039;4.13.0&#039;, revision: &#039;ba948ece5b*&#039;
System info: os.name: &#039;Mac OS X&#039;, os.arch: &#039;x86_64&#039;, os.version: &#039;14.0&#039;, java.version: &#039;21.0.2&#039;
Driver info: io.appium.java_client.ios.IOSDriver
Command: [76b5a2bc-a2cb-4d5a-8f95-06df53140997, findElement {using=accessibility id, value=Polls}]
Capabilities {appium:autoAcceptAlerts: true, appium:automationName: XCUITest, appium:bundleID: com.buzzfeed.buzzfeed-alpha, appium:bundleId: com.buzzfeed.buzzfeed-alpha, appium:databaseEnabled: false, appium:derivedDataPath: /Users/ltadmin/Documents/ap..., appium:deviceName: iPhone 14, appium:headless: false, appium:javascriptEnabled: true, appium:locale: US, appium:locationContextEnabled: false, appium:maxTypingFrequency: 7, appium:nativeWebScreenshot: true, appium:networkConnectionEnabled: false, appium:newCommandTimeout: 0, appium:noReset: false, appium:orientation: PORTRAIT, appium:platformVersion: 16, appium:takesScreenshot: true, appium:udid: 00008110-001C54C00111401E, appium:uiautomator2ServerLaunchTimeout: 60000, appium:usePrebuiltWDA: true, appium:waitForQuiescence: false, appium:wdaLocalPort: 11280, appium:wdaStartupRetries: 3, appium:webStorageEnabled: false, appium:webkitResponseTimeout: 20000, platformName: IOS}
Session ID: 76b5a2bc-a2cb-4d5a-8f95-06df53140997" type="org.openqa.selenium.NoSuchElementException">
      <![CDATA[org.openqa.selenium.NoSuchElementException: An element could not be located on the page using the given search parameters.
For documentation on this error, please visit: https://www.selenium.dev/documentation/webdriver/troubleshooting/errors#no-such-element-exception
Build info: version: '4.13.0', revision: 'ba948ece5b*'
System info: os.name: 'Mac OS X', os.arch: 'x86_64', os.version: '14.0', java.version: '21.0.2'
Driver info: io.appium.java_client.ios.IOSDriver
Command: [76b5a2bc-a2cb-4d5a-8f95-06df53140997, findElement {using=accessibility id, value=Polls}]
Capabilities {appium:autoAcceptAlerts: true, appium:automationName: XCUITest, appium:bundleID: com.buzzfeed.buzzfeed-alpha, appium:bundleId: com.buzzfeed.buzzfeed-alpha, appium:databaseEnabled: false, appium:derivedDataPath: /Users/ltadmin/Documents/ap..., appium:deviceName: iPhone 14, appium:headless: false, appium:javascriptEnabled: true, appium:locale: US, appium:locationContextEnabled: false, appium:maxTypingFrequency: 7, appium:nativeWebScreenshot: true, appium:networkConnectionEnabled: false, appium:newCommandTimeout: 0, appium:noReset: false, appium:orientation: PORTRAIT, appium:platformVersion: 16, appium:takesScreenshot: true, appium:udid: 00008110-001C54C00111401E, appium:uiautomator2ServerLaunchTimeout: 60000, appium:usePrebuiltWDA: true, appium:waitForQuiescence: false, appium:wdaLocalPort: 11280, appium:wdaStartupRetries: 3, appium:webStorageEnabled: false, appium:webkitResponseTimeout: 20000, platformName: IOS}
Session ID: 76b5a2bc-a2cb-4d5a-8f95-06df53140997
at java.base/jdk.internal.reflect.DirectConstructorHandleAccessor.newInstance(DirectConstructorHandleAccessor.java:62)
at java.base/java.lang.reflect.Constructor.newInstanceWithCaller(Constructor.java:502)
at java.base/java.lang.reflect.Constructor.newInstance(Constructor.java:486)
at org.openqa.selenium.remote.codec.w3c.W3CHttpResponseCodec.createException(W3CHttpResponseCodec.java:200)
at org.openqa.selenium.remote.codec.w3c.W3CHttpResponseCodec.decode(W3CHttpResponseCodec.java:133)
at org.openqa.selenium.remote.codec.w3c.W3CHttpResponseCodec.decode(W3CHttpResponseCodec.java:52)
at org.openqa.selenium.remote.HttpCommandExecutor.execute(HttpCommandExecutor.java:191)
at io.appium.java_client.remote.AppiumCommandExecutor.execute(AppiumCommandExecutor.java:250)
at org.openqa.selenium.remote.RemoteWebDriver.execute(RemoteWebDriver.java:602)
at org.openqa.selenium.remote.ElementLocation$ElementFinder$2.findElement(ElementLocation.java:165)
at org.openqa.selenium.remote.ElementLocation.findElement(ElementLocation.java:59)
at org.openqa.selenium.remote.RemoteWebDriver.findElement(RemoteWebDriver.java:359)
at org.openqa.selenium.remote.RemoteWebDriver.findElement(RemoteWebDriver.java:353)
at config.pages.quizzes.QuizzesSubTabsPage.tapOnPolls(QuizzesSubTabsPage.java:54)
at testModules.editions.CanadaEditionTests2.testTapPolls(CanadaEditionTests2.java:419)
at java.base/jdk.internal.reflect.DirectMethodHandleAccessor.invoke(DirectMethodHandleAccessor.java:103)
at java.base/java.lang.reflect.Method.invoke(Method.java:580)
at org.testng.internal.MethodInvocationHelper.invokeMethod(MethodInvocationHelper.java:133)
at org.testng.internal.TestInvoker.invokeMethod(TestInvoker.java:598)
at org.testng.internal.TestInvoker.invokeTestMethod(TestInvoker.java:173)
at org.testng.internal.MethodRunner.runInSequence(MethodRunner.java:46)
at org.testng.internal.TestInvoker$MethodInvocationAgent.invoke(TestInvoker.java:824)
at org.testng.internal.TestInvoker.invokeTestMethods(TestInvoker.java:146)
at org.testng.internal.TestMethodWorker.invokeTestMethods(TestMethodWorker.java:146)
at org.testng.internal.TestMethodWorker.run(TestMethodWorker.java:128)
at java.base/java.util.ArrayList.forEach(ArrayList.java:1596)
at org.testng.TestRunner.privateRun(TestRunner.java:794)
at org.testng.TestRunner.run(TestRunner.java:596)
at org.testng.SuiteRunner.runTest(SuiteRunner.java:377)
at org.testng.SuiteRunner.runSequentially(SuiteRunner.java:371)
at org.testng.SuiteRunner.privateRun(SuiteRunner.java:332)
at org.testng.SuiteRunner.run(SuiteRunner.java:276)
at org.testng.SuiteRunnerWorker.runSuite(SuiteRunnerWorker.java:53)
at org.testng.SuiteRunnerWorker.run(SuiteRunnerWorker.java:96)
at org.testng.TestNG.runSuitesSequentially(TestNG.java:1212)
at org.testng.TestNG.runSuitesSequentially(TestNG.java:1207)
at org.testng.TestNG.runSuitesLocally(TestNG.java:1134)
at org.testng.TestNG.runSuites(TestNG.java:1063)
at org.testng.TestNG.run(TestNG.java:1031)
at org.apache.maven.surefire.testng.TestNGExecutor.run(TestNGExecutor.java:283)
at org.apache.maven.surefire.testng.TestNGXmlTestSuite.execute(TestNGXmlTestSuite.java:75)
at org.apache.maven.surefire.testng.TestNGProvider.invoke(TestNGProvider.java:120)
at org.apache.maven.surefire.booter.ForkedBooter.invokeProviderInSameClassLoader(ForkedBooter.java:383)
at org.apache.maven.surefire.booter.ForkedBooter.runSuitesInProcess(ForkedBooter.java:344)
at org.apache.maven.surefire.booter.ForkedBooter.execute(ForkedBooter.java:125)
at org.apache.maven.surefire.booter.ForkedBooter.main(ForkedBooter.java:417)
]]>
    </error>
  </testcase> <!-- testTapPolls -->
  <system-out/>
  <testcase classname="testModules.editions.CanadaEditionTests2" name="testOnMore" time="0.522">
    <error message="An element could not be located on the page using the given search parameters.
For documentation on this error, please visit: https://www.selenium.dev/documentation/webdriver/troubleshooting/errors#no-such-element-exception
Build info: version: &#039;4.13.0&#039;, revision: &#039;ba948ece5b*&#039;
System info: os.name: &#039;Mac OS X&#039;, os.arch: &#039;x86_64&#039;, os.version: &#039;14.0&#039;, java.version: &#039;21.0.2&#039;
Driver info: io.appium.java_client.ios.IOSDriver
Command: [76b5a2bc-a2cb-4d5a-8f95-06df53140997, findElement {using=accessibility id, value=More}]
Capabilities {appium:autoAcceptAlerts: true, appium:automationName: XCUITest, appium:bundleID: com.buzzfeed.buzzfeed-alpha, appium:bundleId: com.buzzfeed.buzzfeed-alpha, appium:databaseEnabled: false, appium:derivedDataPath: /Users/ltadmin/Documents/ap..., appium:deviceName: iPhone 14, appium:headless: false, appium:javascriptEnabled: true, appium:locale: US, appium:locationContextEnabled: false, appium:maxTypingFrequency: 7, appium:nativeWebScreenshot: true, appium:networkConnectionEnabled: false, appium:newCommandTimeout: 0, appium:noReset: false, appium:orientation: PORTRAIT, appium:platformVersion: 16, appium:takesScreenshot: true, appium:udid: 00008110-001C54C00111401E, appium:uiautomator2ServerLaunchTimeout: 60000, appium:usePrebuiltWDA: true, appium:waitForQuiescence: false, appium:wdaLocalPort: 11280, appium:wdaStartupRetries: 3, appium:webStorageEnabled: false, appium:webkitResponseTimeout: 20000, platformName: IOS}
Session ID: 76b5a2bc-a2cb-4d5a-8f95-06df53140997" type="org.openqa.selenium.NoSuchElementException">
      <![CDATA[org.openqa.selenium.NoSuchElementException: An element could not be located on the page using the given search parameters.
For documentation on this error, please visit: https://www.selenium.dev/documentation/webdriver/troubleshooting/errors#no-such-element-exception
Build info: version: '4.13.0', revision: 'ba948ece5b*'
System info: os.name: 'Mac OS X', os.arch: 'x86_64', os.version: '14.0', java.version: '21.0.2'
Driver info: io.appium.java_client.ios.IOSDriver
Command: [76b5a2bc-a2cb-4d5a-8f95-06df53140997, findElement {using=accessibility id, value=More}]
Capabilities {appium:autoAcceptAlerts: true, appium:automationName: XCUITest, appium:bundleID: com.buzzfeed.buzzfeed-alpha, appium:bundleId: com.buzzfeed.buzzfeed-alpha, appium:databaseEnabled: false, appium:derivedDataPath: /Users/ltadmin/Documents/ap..., appium:deviceName: iPhone 14, appium:headless: false, appium:javascriptEnabled: true, appium:locale: US, appium:locationContextEnabled: false, appium:maxTypingFrequency: 7, appium:nativeWebScreenshot: true, appium:networkConnectionEnabled: false, appium:newCommandTimeout: 0, appium:noReset: false, appium:orientation: PORTRAIT, appium:platformVersion: 16, appium:takesScreenshot: true, appium:udid: 00008110-001C54C00111401E, appium:uiautomator2ServerLaunchTimeout: 60000, appium:usePrebuiltWDA: true, appium:waitForQuiescence: false, appium:wdaLocalPort: 11280, appium:wdaStartupRetries: 3, appium:webStorageEnabled: false, appium:webkitResponseTimeout: 20000, platformName: IOS}
Session ID: 76b5a2bc-a2cb-4d5a-8f95-06df53140997
at java.base/jdk.internal.reflect.DirectConstructorHandleAccessor.newInstance(DirectConstructorHandleAccessor.java:62)
at java.base/java.lang.reflect.Constructor.newInstanceWithCaller(Constructor.java:502)
at java.base/java.lang.reflect.Constructor.newInstance(Constructor.java:486)
at org.openqa.selenium.remote.codec.w3c.W3CHttpResponseCodec.createException(W3CHttpResponseCodec.java:200)
at org.openqa.selenium.remote.codec.w3c.W3CHttpResponseCodec.decode(W3CHttpResponseCodec.java:133)
at org.openqa.selenium.remote.codec.w3c.W3CHttpResponseCodec.decode(W3CHttpResponseCodec.java:52)
at org.openqa.selenium.remote.HttpCommandExecutor.execute(HttpCommandExecutor.java:191)
at io.appium.java_client.remote.AppiumCommandExecutor.execute(AppiumCommandExecutor.java:250)
at org.openqa.selenium.remote.RemoteWebDriver.execute(RemoteWebDriver.java:602)
at org.openqa.selenium.remote.ElementLocation$ElementFinder$2.findElement(ElementLocation.java:165)
at org.openqa.selenium.remote.ElementLocation.findElement(ElementLocation.java:59)
at org.openqa.selenium.remote.RemoteWebDriver.findElement(RemoteWebDriver.java:359)
at org.openqa.selenium.remote.RemoteWebDriver.findElement(RemoteWebDriver.java:353)
at config.pages.quizzes.QuizzesSubTabsPage.tapOnMore(QuizzesSubTabsPage.java:50)
at testModules.editions.CanadaEditionTests2.testOnMore(CanadaEditionTests2.java:427)
at java.base/jdk.internal.reflect.DirectMethodHandleAccessor.invoke(DirectMethodHandleAccessor.java:103)
at java.base/java.lang.reflect.Method.invoke(Method.java:580)
at org.testng.internal.MethodInvocationHelper.invokeMethod(MethodInvocationHelper.java:133)
at org.testng.internal.TestInvoker.invokeMethod(TestInvoker.java:598)
at org.testng.internal.TestInvoker.invokeTestMethod(TestInvoker.java:173)
at org.testng.internal.MethodRunner.runInSequence(MethodRunner.java:46)
at org.testng.internal.TestInvoker$MethodInvocationAgent.invoke(TestInvoker.java:824)
at org.testng.internal.TestInvoker.invokeTestMethods(TestInvoker.java:146)
at org.testng.internal.TestMethodWorker.invokeTestMethods(TestMethodWorker.java:146)
at org.testng.internal.TestMethodWorker.run(TestMethodWorker.java:128)
at java.base/java.util.ArrayList.forEach(ArrayList.java:1596)
at org.testng.TestRunner.privateRun(TestRunner.java:794)
at org.testng.TestRunner.run(TestRunner.java:596)
at org.testng.SuiteRunner.runTest(SuiteRunner.java:377)
at org.testng.SuiteRunner.runSequentially(SuiteRunner.java:371)
at org.testng.SuiteRunner.privateRun(SuiteRunner.java:332)
at org.testng.SuiteRunner.run(SuiteRunner.java:276)
at org.testng.SuiteRunnerWorker.runSuite(SuiteRunnerWorker.java:53)
at org.testng.SuiteRunnerWorker.run(SuiteRunnerWorker.java:96)
at org.testng.TestNG.runSuitesSequentially(TestNG.java:1212)
at org.testng.TestNG.runSuitesSequentially(TestNG.java:1207)
at org.testng.TestNG.runSuitesLocally(TestNG.java:1134)
at org.testng.TestNG.runSuites(TestNG.java:1063)
at org.testng.TestNG.run(TestNG.java:1031)
at org.apache.maven.surefire.testng.TestNGExecutor.run(TestNGExecutor.java:283)
at org.apache.maven.surefire.testng.TestNGXmlTestSuite.execute(TestNGXmlTestSuite.java:75)
at org.apache.maven.surefire.testng.TestNGProvider.invoke(TestNGProvider.java:120)
at org.apache.maven.surefire.booter.ForkedBooter.invokeProviderInSameClassLoader(ForkedBooter.java:383)
at org.apache.maven.surefire.booter.ForkedBooter.runSuitesInProcess(ForkedBooter.java:344)
at org.apache.maven.surefire.booter.ForkedBooter.execute(ForkedBooter.java:125)
at org.apache.maven.surefire.booter.ForkedBooter.main(ForkedBooter.java:417)
]]>
    </error>
  </testcase> <!-- testOnMore -->
  <system-out/>
  <testcase classname="testModules.editions.CanadaEditionTests2" name="testTapOnTaylorSwift" time="0.508">
    <error message="An element could not be located on the page using the given search parameters.
For documentation on this error, please visit: https://www.selenium.dev/documentation/webdriver/troubleshooting/errors#no-such-element-exception
Build info: version: &#039;4.13.0&#039;, revision: &#039;ba948ece5b*&#039;
System info: os.name: &#039;Mac OS X&#039;, os.arch: &#039;x86_64&#039;, os.version: &#039;14.0&#039;, java.version: &#039;21.0.2&#039;
Driver info: io.appium.java_client.ios.IOSDriver
Command: [76b5a2bc-a2cb-4d5a-8f95-06df53140997, findElement {using=accessibility id, value=Taylor Swift}]
Capabilities {appium:autoAcceptAlerts: true, appium:automationName: XCUITest, appium:bundleID: com.buzzfeed.buzzfeed-alpha, appium:bundleId: com.buzzfeed.buzzfeed-alpha, appium:databaseEnabled: false, appium:derivedDataPath: /Users/ltadmin/Documents/ap..., appium:deviceName: iPhone 14, appium:headless: false, appium:javascriptEnabled: true, appium:locale: US, appium:locationContextEnabled: false, appium:maxTypingFrequency: 7, appium:nativeWebScreenshot: true, appium:networkConnectionEnabled: false, appium:newCommandTimeout: 0, appium:noReset: false, appium:orientation: PORTRAIT, appium:platformVersion: 16, appium:takesScreenshot: true, appium:udid: 00008110-001C54C00111401E, appium:uiautomator2ServerLaunchTimeout: 60000, appium:usePrebuiltWDA: true, appium:waitForQuiescence: false, appium:wdaLocalPort: 11280, appium:wdaStartupRetries: 3, appium:webStorageEnabled: false, appium:webkitResponseTimeout: 20000, platformName: IOS}
Session ID: 76b5a2bc-a2cb-4d5a-8f95-06df53140997" type="org.openqa.selenium.NoSuchElementException">
      <![CDATA[org.openqa.selenium.NoSuchElementException: An element could not be located on the page using the given search parameters.
For documentation on this error, please visit: https://www.selenium.dev/documentation/webdriver/troubleshooting/errors#no-such-element-exception
Build info: version: '4.13.0', revision: 'ba948ece5b*'
System info: os.name: 'Mac OS X', os.arch: 'x86_64', os.version: '14.0', java.version: '21.0.2'
Driver info: io.appium.java_client.ios.IOSDriver
Command: [76b5a2bc-a2cb-4d5a-8f95-06df53140997, findElement {using=accessibility id, value=Taylor Swift}]
Capabilities {appium:autoAcceptAlerts: true, appium:automationName: XCUITest, appium:bundleID: com.buzzfeed.buzzfeed-alpha, appium:bundleId: com.buzzfeed.buzzfeed-alpha, appium:databaseEnabled: false, appium:derivedDataPath: /Users/ltadmin/Documents/ap..., appium:deviceName: iPhone 14, appium:headless: false, appium:javascriptEnabled: true, appium:locale: US, appium:locationContextEnabled: false, appium:maxTypingFrequency: 7, appium:nativeWebScreenshot: true, appium:networkConnectionEnabled: false, appium:newCommandTimeout: 0, appium:noReset: false, appium:orientation: PORTRAIT, appium:platformVersion: 16, appium:takesScreenshot: true, appium:udid: 00008110-001C54C00111401E, appium:uiautomator2ServerLaunchTimeout: 60000, appium:usePrebuiltWDA: true, appium:waitForQuiescence: false, appium:wdaLocalPort: 11280, appium:wdaStartupRetries: 3, appium:webStorageEnabled: false, appium:webkitResponseTimeout: 20000, platformName: IOS}
Session ID: 76b5a2bc-a2cb-4d5a-8f95-06df53140997
at java.base/jdk.internal.reflect.DirectConstructorHandleAccessor.newInstance(DirectConstructorHandleAccessor.java:62)
at java.base/java.lang.reflect.Constructor.newInstanceWithCaller(Constructor.java:502)
at java.base/java.lang.reflect.Constructor.newInstance(Constructor.java:486)
at org.openqa.selenium.remote.codec.w3c.W3CHttpResponseCodec.createException(W3CHttpResponseCodec.java:200)
at org.openqa.selenium.remote.codec.w3c.W3CHttpResponseCodec.decode(W3CHttpResponseCodec.java:133)
at org.openqa.selenium.remote.codec.w3c.W3CHttpResponseCodec.decode(W3CHttpResponseCodec.java:52)
at org.openqa.selenium.remote.HttpCommandExecutor.execute(HttpCommandExecutor.java:191)
at io.appium.java_client.remote.AppiumCommandExecutor.execute(AppiumCommandExecutor.java:250)
at org.openqa.selenium.remote.RemoteWebDriver.execute(RemoteWebDriver.java:602)
at org.openqa.selenium.remote.ElementLocation$ElementFinder$2.findElement(ElementLocation.java:165)
at org.openqa.selenium.remote.ElementLocation.findElement(ElementLocation.java:59)
at org.openqa.selenium.remote.RemoteWebDriver.findElement(RemoteWebDriver.java:359)
at org.openqa.selenium.remote.RemoteWebDriver.findElement(RemoteWebDriver.java:353)
at config.pages.quizzes.QuizzesSubTabsPage.tapOnTaylorSwift(QuizzesSubTabsPage.java:55)
at testModules.editions.CanadaEditionTests2.testTapOnTaylorSwift(CanadaEditionTests2.java:433)
at java.base/jdk.internal.reflect.DirectMethodHandleAccessor.invoke(DirectMethodHandleAccessor.java:103)
at java.base/java.lang.reflect.Method.invoke(Method.java:580)
at org.testng.internal.MethodInvocationHelper.invokeMethod(MethodInvocationHelper.java:133)
at org.testng.internal.TestInvoker.invokeMethod(TestInvoker.java:598)
at org.testng.internal.TestInvoker.invokeTestMethod(TestInvoker.java:173)
at org.testng.internal.MethodRunner.runInSequence(MethodRunner.java:46)
at org.testng.internal.TestInvoker$MethodInvocationAgent.invoke(TestInvoker.java:824)
at org.testng.internal.TestInvoker.invokeTestMethods(TestInvoker.java:146)
at org.testng.internal.TestMethodWorker.invokeTestMethods(TestMethodWorker.java:146)
at org.testng.internal.TestMethodWorker.run(TestMethodWorker.java:128)
at java.base/java.util.ArrayList.forEach(ArrayList.java:1596)
at org.testng.TestRunner.privateRun(TestRunner.java:794)
at org.testng.TestRunner.run(TestRunner.java:596)
at org.testng.SuiteRunner.runTest(SuiteRunner.java:377)
at org.testng.SuiteRunner.runSequentially(SuiteRunner.java:371)
at org.testng.SuiteRunner.privateRun(SuiteRunner.java:332)
at org.testng.SuiteRunner.run(SuiteRunner.java:276)
at org.testng.SuiteRunnerWorker.runSuite(SuiteRunnerWorker.java:53)
at org.testng.SuiteRunnerWorker.run(SuiteRunnerWorker.java:96)
at org.testng.TestNG.runSuitesSequentially(TestNG.java:1212)
at org.testng.TestNG.runSuitesSequentially(TestNG.java:1207)
at org.testng.TestNG.runSuitesLocally(TestNG.java:1134)
at org.testng.TestNG.runSuites(TestNG.java:1063)
at org.testng.TestNG.run(TestNG.java:1031)
at org.apache.maven.surefire.testng.TestNGExecutor.run(TestNGExecutor.java:283)
at org.apache.maven.surefire.testng.TestNGXmlTestSuite.execute(TestNGXmlTestSuite.java:75)
at org.apache.maven.surefire.testng.TestNGProvider.invoke(TestNGProvider.java:120)
at org.apache.maven.surefire.booter.ForkedBooter.invokeProviderInSameClassLoader(ForkedBooter.java:383)
at org.apache.maven.surefire.booter.ForkedBooter.runSuitesInProcess(ForkedBooter.java:344)
at org.apache.maven.surefire.booter.ForkedBooter.execute(ForkedBooter.java:125)
at org.apache.maven.surefire.booter.ForkedBooter.main(ForkedBooter.java:417)
]]>
    </error>
  </testcase> <!-- testTapOnTaylorSwift -->
  <system-out/>
  <testcase classname="testModules.editions.CanadaEditionTests2" name="testTapOnMarvel" time="0.512">
    <error message="An element could not be located on the page using the given search parameters.
For documentation on this error, please visit: https://www.selenium.dev/documentation/webdriver/troubleshooting/errors#no-such-element-exception
Build info: version: &#039;4.13.0&#039;, revision: &#039;ba948ece5b*&#039;
System info: os.name: &#039;Mac OS X&#039;, os.arch: &#039;x86_64&#039;, os.version: &#039;14.0&#039;, java.version: &#039;21.0.2&#039;
Driver info: io.appium.java_client.ios.IOSDriver
Command: [76b5a2bc-a2cb-4d5a-8f95-06df53140997, findElement {using=accessibility id, value=Marvel}]
Capabilities {appium:autoAcceptAlerts: true, appium:automationName: XCUITest, appium:bundleID: com.buzzfeed.buzzfeed-alpha, appium:bundleId: com.buzzfeed.buzzfeed-alpha, appium:databaseEnabled: false, appium:derivedDataPath: /Users/ltadmin/Documents/ap..., appium:deviceName: iPhone 14, appium:headless: false, appium:javascriptEnabled: true, appium:locale: US, appium:locationContextEnabled: false, appium:maxTypingFrequency: 7, appium:nativeWebScreenshot: true, appium:networkConnectionEnabled: false, appium:newCommandTimeout: 0, appium:noReset: false, appium:orientation: PORTRAIT, appium:platformVersion: 16, appium:takesScreenshot: true, appium:udid: 00008110-001C54C00111401E, appium:uiautomator2ServerLaunchTimeout: 60000, appium:usePrebuiltWDA: true, appium:waitForQuiescence: false, appium:wdaLocalPort: 11280, appium:wdaStartupRetries: 3, appium:webStorageEnabled: false, appium:webkitResponseTimeout: 20000, platformName: IOS}
Session ID: 76b5a2bc-a2cb-4d5a-8f95-06df53140997" type="org.openqa.selenium.NoSuchElementException">
      <![CDATA[org.openqa.selenium.NoSuchElementException: An element could not be located on the page using the given search parameters.
For documentation on this error, please visit: https://www.selenium.dev/documentation/webdriver/troubleshooting/errors#no-such-element-exception
Build info: version: '4.13.0', revision: 'ba948ece5b*'
System info: os.name: 'Mac OS X', os.arch: 'x86_64', os.version: '14.0', java.version: '21.0.2'
Driver info: io.appium.java_client.ios.IOSDriver
Command: [76b5a2bc-a2cb-4d5a-8f95-06df53140997, findElement {using=accessibility id, value=Marvel}]
Capabilities {appium:autoAcceptAlerts: true, appium:automationName: XCUITest, appium:bundleID: com.buzzfeed.buzzfeed-alpha, appium:bundleId: com.buzzfeed.buzzfeed-alpha, appium:databaseEnabled: false, appium:derivedDataPath: /Users/ltadmin/Documents/ap..., appium:deviceName: iPhone 14, appium:headless: false, appium:javascriptEnabled: true, appium:locale: US, appium:locationContextEnabled: false, appium:maxTypingFrequency: 7, appium:nativeWebScreenshot: true, appium:networkConnectionEnabled: false, appium:newCommandTimeout: 0, appium:noReset: false, appium:orientation: PORTRAIT, appium:platformVersion: 16, appium:takesScreenshot: true, appium:udid: 00008110-001C54C00111401E, appium:uiautomator2ServerLaunchTimeout: 60000, appium:usePrebuiltWDA: true, appium:waitForQuiescence: false, appium:wdaLocalPort: 11280, appium:wdaStartupRetries: 3, appium:webStorageEnabled: false, appium:webkitResponseTimeout: 20000, platformName: IOS}
Session ID: 76b5a2bc-a2cb-4d5a-8f95-06df53140997
at java.base/jdk.internal.reflect.DirectConstructorHandleAccessor.newInstance(DirectConstructorHandleAccessor.java:62)
at java.base/java.lang.reflect.Constructor.newInstanceWithCaller(Constructor.java:502)
at java.base/java.lang.reflect.Constructor.newInstance(Constructor.java:486)
at org.openqa.selenium.remote.codec.w3c.W3CHttpResponseCodec.createException(W3CHttpResponseCodec.java:200)
at org.openqa.selenium.remote.codec.w3c.W3CHttpResponseCodec.decode(W3CHttpResponseCodec.java:133)
at org.openqa.selenium.remote.codec.w3c.W3CHttpResponseCodec.decode(W3CHttpResponseCodec.java:52)
at org.openqa.selenium.remote.HttpCommandExecutor.execute(HttpCommandExecutor.java:191)
at io.appium.java_client.remote.AppiumCommandExecutor.execute(AppiumCommandExecutor.java:250)
at org.openqa.selenium.remote.RemoteWebDriver.execute(RemoteWebDriver.java:602)
at org.openqa.selenium.remote.ElementLocation$ElementFinder$2.findElement(ElementLocation.java:165)
at org.openqa.selenium.remote.ElementLocation.findElement(ElementLocation.java:59)
at org.openqa.selenium.remote.RemoteWebDriver.findElement(RemoteWebDriver.java:359)
at org.openqa.selenium.remote.RemoteWebDriver.findElement(RemoteWebDriver.java:353)
at config.pages.quizzes.QuizzesSubTabsPage.tapOnMarvel(QuizzesSubTabsPage.java:56)
at testModules.editions.CanadaEditionTests2.testTapOnMarvel(CanadaEditionTests2.java:440)
at java.base/jdk.internal.reflect.DirectMethodHandleAccessor.invoke(DirectMethodHandleAccessor.java:103)
at java.base/java.lang.reflect.Method.invoke(Method.java:580)
at org.testng.internal.MethodInvocationHelper.invokeMethod(MethodInvocationHelper.java:133)
at org.testng.internal.TestInvoker.invokeMethod(TestInvoker.java:598)
at org.testng.internal.TestInvoker.invokeTestMethod(TestInvoker.java:173)
at org.testng.internal.MethodRunner.runInSequence(MethodRunner.java:46)
at org.testng.internal.TestInvoker$MethodInvocationAgent.invoke(TestInvoker.java:824)
at org.testng.internal.TestInvoker.invokeTestMethods(TestInvoker.java:146)
at org.testng.internal.TestMethodWorker.invokeTestMethods(TestMethodWorker.java:146)
at org.testng.internal.TestMethodWorker.run(TestMethodWorker.java:128)
at java.base/java.util.ArrayList.forEach(ArrayList.java:1596)
at org.testng.TestRunner.privateRun(TestRunner.java:794)
at org.testng.TestRunner.run(TestRunner.java:596)
at org.testng.SuiteRunner.runTest(SuiteRunner.java:377)
at org.testng.SuiteRunner.runSequentially(SuiteRunner.java:371)
at org.testng.SuiteRunner.privateRun(SuiteRunner.java:332)
at org.testng.SuiteRunner.run(SuiteRunner.java:276)
at org.testng.SuiteRunnerWorker.runSuite(SuiteRunnerWorker.java:53)
at org.testng.SuiteRunnerWorker.run(SuiteRunnerWorker.java:96)
at org.testng.TestNG.runSuitesSequentially(TestNG.java:1212)
at org.testng.TestNG.runSuitesSequentially(TestNG.java:1207)
at org.testng.TestNG.runSuitesLocally(TestNG.java:1134)
at org.testng.TestNG.runSuites(TestNG.java:1063)
at org.testng.TestNG.run(TestNG.java:1031)
at org.apache.maven.surefire.testng.TestNGExecutor.run(TestNGExecutor.java:283)
at org.apache.maven.surefire.testng.TestNGXmlTestSuite.execute(TestNGXmlTestSuite.java:75)
at org.apache.maven.surefire.testng.TestNGProvider.invoke(TestNGProvider.java:120)
at org.apache.maven.surefire.booter.ForkedBooter.invokeProviderInSameClassLoader(ForkedBooter.java:383)
at org.apache.maven.surefire.booter.ForkedBooter.runSuitesInProcess(ForkedBooter.java:344)
at org.apache.maven.surefire.booter.ForkedBooter.execute(ForkedBooter.java:125)
at org.apache.maven.surefire.booter.ForkedBooter.main(ForkedBooter.java:417)
]]>
    </error>
  </testcase> <!-- testTapOnMarvel -->
  <system-out/>
  <testcase classname="testModules.editions.CanadaEditionTests2" name="testTapOnZodiac" time="0.613">
    <error message="An element could not be located on the page using the given search parameters.
For documentation on this error, please visit: https://www.selenium.dev/documentation/webdriver/troubleshooting/errors#no-such-element-exception
Build info: version: &#039;4.13.0&#039;, revision: &#039;ba948ece5b*&#039;
System info: os.name: &#039;Mac OS X&#039;, os.arch: &#039;x86_64&#039;, os.version: &#039;14.0&#039;, java.version: &#039;21.0.2&#039;
Driver info: io.appium.java_client.ios.IOSDriver
Command: [76b5a2bc-a2cb-4d5a-8f95-06df53140997, findElement {using=accessibility id, value=Zodiac}]
Capabilities {appium:autoAcceptAlerts: true, appium:automationName: XCUITest, appium:bundleID: com.buzzfeed.buzzfeed-alpha, appium:bundleId: com.buzzfeed.buzzfeed-alpha, appium:databaseEnabled: false, appium:derivedDataPath: /Users/ltadmin/Documents/ap..., appium:deviceName: iPhone 14, appium:headless: false, appium:javascriptEnabled: true, appium:locale: US, appium:locationContextEnabled: false, appium:maxTypingFrequency: 7, appium:nativeWebScreenshot: true, appium:networkConnectionEnabled: false, appium:newCommandTimeout: 0, appium:noReset: false, appium:orientation: PORTRAIT, appium:platformVersion: 16, appium:takesScreenshot: true, appium:udid: 00008110-001C54C00111401E, appium:uiautomator2ServerLaunchTimeout: 60000, appium:usePrebuiltWDA: true, appium:waitForQuiescence: false, appium:wdaLocalPort: 11280, appium:wdaStartupRetries: 3, appium:webStorageEnabled: false, appium:webkitResponseTimeout: 20000, platformName: IOS}
Session ID: 76b5a2bc-a2cb-4d5a-8f95-06df53140997" type="org.openqa.selenium.NoSuchElementException">
      <![CDATA[org.openqa.selenium.NoSuchElementException: An element could not be located on the page using the given search parameters.
For documentation on this error, please visit: https://www.selenium.dev/documentation/webdriver/troubleshooting/errors#no-such-element-exception
Build info: version: '4.13.0', revision: 'ba948ece5b*'
System info: os.name: 'Mac OS X', os.arch: 'x86_64', os.version: '14.0', java.version: '21.0.2'
Driver info: io.appium.java_client.ios.IOSDriver
Command: [76b5a2bc-a2cb-4d5a-8f95-06df53140997, findElement {using=accessibility id, value=Zodiac}]
Capabilities {appium:autoAcceptAlerts: true, appium:automationName: XCUITest, appium:bundleID: com.buzzfeed.buzzfeed-alpha, appium:bundleId: com.buzzfeed.buzzfeed-alpha, appium:databaseEnabled: false, appium:derivedDataPath: /Users/ltadmin/Documents/ap..., appium:deviceName: iPhone 14, appium:headless: false, appium:javascriptEnabled: true, appium:locale: US, appium:locationContextEnabled: false, appium:maxTypingFrequency: 7, appium:nativeWebScreenshot: true, appium:networkConnectionEnabled: false, appium:newCommandTimeout: 0, appium:noReset: false, appium:orientation: PORTRAIT, appium:platformVersion: 16, appium:takesScreenshot: true, appium:udid: 00008110-001C54C00111401E, appium:uiautomator2ServerLaunchTimeout: 60000, appium:usePrebuiltWDA: true, appium:waitForQuiescence: false, appium:wdaLocalPort: 11280, appium:wdaStartupRetries: 3, appium:webStorageEnabled: false, appium:webkitResponseTimeout: 20000, platformName: IOS}
Session ID: 76b5a2bc-a2cb-4d5a-8f95-06df53140997
at java.base/jdk.internal.reflect.DirectConstructorHandleAccessor.newInstance(DirectConstructorHandleAccessor.java:62)
at java.base/java.lang.reflect.Constructor.newInstanceWithCaller(Constructor.java:502)
at java.base/java.lang.reflect.Constructor.newInstance(Constructor.java:486)
at org.openqa.selenium.remote.codec.w3c.W3CHttpResponseCodec.createException(W3CHttpResponseCodec.java:200)
at org.openqa.selenium.remote.codec.w3c.W3CHttpResponseCodec.decode(W3CHttpResponseCodec.java:133)
at org.openqa.selenium.remote.codec.w3c.W3CHttpResponseCodec.decode(W3CHttpResponseCodec.java:52)
at org.openqa.selenium.remote.HttpCommandExecutor.execute(HttpCommandExecutor.java:191)
at io.appium.java_client.remote.AppiumCommandExecutor.execute(AppiumCommandExecutor.java:250)
at org.openqa.selenium.remote.RemoteWebDriver.execute(RemoteWebDriver.java:602)
at org.openqa.selenium.remote.ElementLocation$ElementFinder$2.findElement(ElementLocation.java:165)
at org.openqa.selenium.remote.ElementLocation.findElement(ElementLocation.java:59)
at org.openqa.selenium.remote.RemoteWebDriver.findElement(RemoteWebDriver.java:359)
at org.openqa.selenium.remote.RemoteWebDriver.findElement(RemoteWebDriver.java:353)
at config.pages.quizzes.QuizzesSubTabsPage.tapOnZodiac(QuizzesSubTabsPage.java:57)
at testModules.editions.CanadaEditionTests2.testTapOnZodiac(CanadaEditionTests2.java:447)
at java.base/jdk.internal.reflect.DirectMethodHandleAccessor.invoke(DirectMethodHandleAccessor.java:103)
at java.base/java.lang.reflect.Method.invoke(Method.java:580)
at org.testng.internal.MethodInvocationHelper.invokeMethod(MethodInvocationHelper.java:133)
at org.testng.internal.TestInvoker.invokeMethod(TestInvoker.java:598)
at org.testng.internal.TestInvoker.invokeTestMethod(TestInvoker.java:173)
at org.testng.internal.MethodRunner.runInSequence(MethodRunner.java:46)
at org.testng.internal.TestInvoker$MethodInvocationAgent.invoke(TestInvoker.java:824)
at org.testng.internal.TestInvoker.invokeTestMethods(TestInvoker.java:146)
at org.testng.internal.TestMethodWorker.invokeTestMethods(TestMethodWorker.java:146)
at org.testng.internal.TestMethodWorker.run(TestMethodWorker.java:128)
at java.base/java.util.ArrayList.forEach(ArrayList.java:1596)
at org.testng.TestRunner.privateRun(TestRunner.java:794)
at org.testng.TestRunner.run(TestRunner.java:596)
at org.testng.SuiteRunner.runTest(SuiteRunner.java:377)
at org.testng.SuiteRunner.runSequentially(SuiteRunner.java:371)
at org.testng.SuiteRunner.privateRun(SuiteRunner.java:332)
at org.testng.SuiteRunner.run(SuiteRunner.java:276)
at org.testng.SuiteRunnerWorker.runSuite(SuiteRunnerWorker.java:53)
at org.testng.SuiteRunnerWorker.run(SuiteRunnerWorker.java:96)
at org.testng.TestNG.runSuitesSequentially(TestNG.java:1212)
at org.testng.TestNG.runSuitesSequentially(TestNG.java:1207)
at org.testng.TestNG.runSuitesLocally(TestNG.java:1134)
at org.testng.TestNG.runSuites(TestNG.java:1063)
at org.testng.TestNG.run(TestNG.java:1031)
at org.apache.maven.surefire.testng.TestNGExecutor.run(TestNGExecutor.java:283)
at org.apache.maven.surefire.testng.TestNGXmlTestSuite.execute(TestNGXmlTestSuite.java:75)
at org.apache.maven.surefire.testng.TestNGProvider.invoke(TestNGProvider.java:120)
at org.apache.maven.surefire.booter.ForkedBooter.invokeProviderInSameClassLoader(ForkedBooter.java:383)
at org.apache.maven.surefire.booter.ForkedBooter.runSuitesInProcess(ForkedBooter.java:344)
at org.apache.maven.surefire.booter.ForkedBooter.execute(ForkedBooter.java:125)
at org.apache.maven.surefire.booter.ForkedBooter.main(ForkedBooter.java:417)
]]>
    </error>
  </testcase> <!-- testTapOnZodiac -->
  <system-out/>
  <testcase classname="testModules.editions.CanadaEditionTests2" name="testTapOnHarryPotter" time="0.511">
    <error message="An element could not be located on the page using the given search parameters.
For documentation on this error, please visit: https://www.selenium.dev/documentation/webdriver/troubleshooting/errors#no-such-element-exception
Build info: version: &#039;4.13.0&#039;, revision: &#039;ba948ece5b*&#039;
System info: os.name: &#039;Mac OS X&#039;, os.arch: &#039;x86_64&#039;, os.version: &#039;14.0&#039;, java.version: &#039;21.0.2&#039;
Driver info: io.appium.java_client.ios.IOSDriver
Command: [76b5a2bc-a2cb-4d5a-8f95-06df53140997, findElement {using=accessibility id, value=Harry Potter}]
Capabilities {appium:autoAcceptAlerts: true, appium:automationName: XCUITest, appium:bundleID: com.buzzfeed.buzzfeed-alpha, appium:bundleId: com.buzzfeed.buzzfeed-alpha, appium:databaseEnabled: false, appium:derivedDataPath: /Users/ltadmin/Documents/ap..., appium:deviceName: iPhone 14, appium:headless: false, appium:javascriptEnabled: true, appium:locale: US, appium:locationContextEnabled: false, appium:maxTypingFrequency: 7, appium:nativeWebScreenshot: true, appium:networkConnectionEnabled: false, appium:newCommandTimeout: 0, appium:noReset: false, appium:orientation: PORTRAIT, appium:platformVersion: 16, appium:takesScreenshot: true, appium:udid: 00008110-001C54C00111401E, appium:uiautomator2ServerLaunchTimeout: 60000, appium:usePrebuiltWDA: true, appium:waitForQuiescence: false, appium:wdaLocalPort: 11280, appium:wdaStartupRetries: 3, appium:webStorageEnabled: false, appium:webkitResponseTimeout: 20000, platformName: IOS}
Session ID: 76b5a2bc-a2cb-4d5a-8f95-06df53140997" type="org.openqa.selenium.NoSuchElementException">
      <![CDATA[org.openqa.selenium.NoSuchElementException: An element could not be located on the page using the given search parameters.
For documentation on this error, please visit: https://www.selenium.dev/documentation/webdriver/troubleshooting/errors#no-such-element-exception
Build info: version: '4.13.0', revision: 'ba948ece5b*'
System info: os.name: 'Mac OS X', os.arch: 'x86_64', os.version: '14.0', java.version: '21.0.2'
Driver info: io.appium.java_client.ios.IOSDriver
Command: [76b5a2bc-a2cb-4d5a-8f95-06df53140997, findElement {using=accessibility id, value=Harry Potter}]
Capabilities {appium:autoAcceptAlerts: true, appium:automationName: XCUITest, appium:bundleID: com.buzzfeed.buzzfeed-alpha, appium:bundleId: com.buzzfeed.buzzfeed-alpha, appium:databaseEnabled: false, appium:derivedDataPath: /Users/ltadmin/Documents/ap..., appium:deviceName: iPhone 14, appium:headless: false, appium:javascriptEnabled: true, appium:locale: US, appium:locationContextEnabled: false, appium:maxTypingFrequency: 7, appium:nativeWebScreenshot: true, appium:networkConnectionEnabled: false, appium:newCommandTimeout: 0, appium:noReset: false, appium:orientation: PORTRAIT, appium:platformVersion: 16, appium:takesScreenshot: true, appium:udid: 00008110-001C54C00111401E, appium:uiautomator2ServerLaunchTimeout: 60000, appium:usePrebuiltWDA: true, appium:waitForQuiescence: false, appium:wdaLocalPort: 11280, appium:wdaStartupRetries: 3, appium:webStorageEnabled: false, appium:webkitResponseTimeout: 20000, platformName: IOS}
Session ID: 76b5a2bc-a2cb-4d5a-8f95-06df53140997
at java.base/jdk.internal.reflect.DirectConstructorHandleAccessor.newInstance(DirectConstructorHandleAccessor.java:62)
at java.base/java.lang.reflect.Constructor.newInstanceWithCaller(Constructor.java:502)
at java.base/java.lang.reflect.Constructor.newInstance(Constructor.java:486)
at org.openqa.selenium.remote.codec.w3c.W3CHttpResponseCodec.createException(W3CHttpResponseCodec.java:200)
at org.openqa.selenium.remote.codec.w3c.W3CHttpResponseCodec.decode(W3CHttpResponseCodec.java:133)
at org.openqa.selenium.remote.codec.w3c.W3CHttpResponseCodec.decode(W3CHttpResponseCodec.java:52)
at org.openqa.selenium.remote.HttpCommandExecutor.execute(HttpCommandExecutor.java:191)
at io.appium.java_client.remote.AppiumCommandExecutor.execute(AppiumCommandExecutor.java:250)
at org.openqa.selenium.remote.RemoteWebDriver.execute(RemoteWebDriver.java:602)
at org.openqa.selenium.remote.ElementLocation$ElementFinder$2.findElement(ElementLocation.java:165)
at org.openqa.selenium.remote.ElementLocation.findElement(ElementLocation.java:59)
at org.openqa.selenium.remote.RemoteWebDriver.findElement(RemoteWebDriver.java:359)
at org.openqa.selenium.remote.RemoteWebDriver.findElement(RemoteWebDriver.java:353)
at config.pages.quizzes.QuizzesSubTabsPage.tapOnHarryPotter(QuizzesSubTabsPage.java:58)
at testModules.editions.CanadaEditionTests2.testTapOnHarryPotter(CanadaEditionTests2.java:454)
at java.base/jdk.internal.reflect.DirectMethodHandleAccessor.invoke(DirectMethodHandleAccessor.java:103)
at java.base/java.lang.reflect.Method.invoke(Method.java:580)
at org.testng.internal.MethodInvocationHelper.invokeMethod(MethodInvocationHelper.java:133)
at org.testng.internal.TestInvoker.invokeMethod(TestInvoker.java:598)
at org.testng.internal.TestInvoker.invokeTestMethod(TestInvoker.java:173)
at org.testng.internal.MethodRunner.runInSequence(MethodRunner.java:46)
at org.testng.internal.TestInvoker$MethodInvocationAgent.invoke(TestInvoker.java:824)
at org.testng.internal.TestInvoker.invokeTestMethods(TestInvoker.java:146)
at org.testng.internal.TestMethodWorker.invokeTestMethods(TestMethodWorker.java:146)
at org.testng.internal.TestMethodWorker.run(TestMethodWorker.java:128)
at java.base/java.util.ArrayList.forEach(ArrayList.java:1596)
at org.testng.TestRunner.privateRun(TestRunner.java:794)
at org.testng.TestRunner.run(TestRunner.java:596)
at org.testng.SuiteRunner.runTest(SuiteRunner.java:377)
at org.testng.SuiteRunner.runSequentially(SuiteRunner.java:371)
at org.testng.SuiteRunner.privateRun(SuiteRunner.java:332)
at org.testng.SuiteRunner.run(SuiteRunner.java:276)
at org.testng.SuiteRunnerWorker.runSuite(SuiteRunnerWorker.java:53)
at org.testng.SuiteRunnerWorker.run(SuiteRunnerWorker.java:96)
at org.testng.TestNG.runSuitesSequentially(TestNG.java:1212)
at org.testng.TestNG.runSuitesSequentially(TestNG.java:1207)
at org.testng.TestNG.runSuitesLocally(TestNG.java:1134)
at org.testng.TestNG.runSuites(TestNG.java:1063)
at org.testng.TestNG.run(TestNG.java:1031)
at org.apache.maven.surefire.testng.TestNGExecutor.run(TestNGExecutor.java:283)
at org.apache.maven.surefire.testng.TestNGXmlTestSuite.execute(TestNGXmlTestSuite.java:75)
at org.apache.maven.surefire.testng.TestNGProvider.invoke(TestNGProvider.java:120)
at org.apache.maven.surefire.booter.ForkedBooter.invokeProviderInSameClassLoader(ForkedBooter.java:383)
at org.apache.maven.surefire.booter.ForkedBooter.runSuitesInProcess(ForkedBooter.java:344)
at org.apache.maven.surefire.booter.ForkedBooter.execute(ForkedBooter.java:125)
at org.apache.maven.surefire.booter.ForkedBooter.main(ForkedBooter.java:417)
]]>
    </error>
  </testcase> <!-- testTapOnHarryPotter -->
  <system-out/>
  <testcase classname="testModules.editions.CanadaEditionTests2" name="testTapOnAnime" time="0.514">
    <error message="An element could not be located on the page using the given search parameters.
For documentation on this error, please visit: https://www.selenium.dev/documentation/webdriver/troubleshooting/errors#no-such-element-exception
Build info: version: &#039;4.13.0&#039;, revision: &#039;ba948ece5b*&#039;
System info: os.name: &#039;Mac OS X&#039;, os.arch: &#039;x86_64&#039;, os.version: &#039;14.0&#039;, java.version: &#039;21.0.2&#039;
Driver info: io.appium.java_client.ios.IOSDriver
Command: [76b5a2bc-a2cb-4d5a-8f95-06df53140997, findElement {using=accessibility id, value=Anime}]
Capabilities {appium:autoAcceptAlerts: true, appium:automationName: XCUITest, appium:bundleID: com.buzzfeed.buzzfeed-alpha, appium:bundleId: com.buzzfeed.buzzfeed-alpha, appium:databaseEnabled: false, appium:derivedDataPath: /Users/ltadmin/Documents/ap..., appium:deviceName: iPhone 14, appium:headless: false, appium:javascriptEnabled: true, appium:locale: US, appium:locationContextEnabled: false, appium:maxTypingFrequency: 7, appium:nativeWebScreenshot: true, appium:networkConnectionEnabled: false, appium:newCommandTimeout: 0, appium:noReset: false, appium:orientation: PORTRAIT, appium:platformVersion: 16, appium:takesScreenshot: true, appium:udid: 00008110-001C54C00111401E, appium:uiautomator2ServerLaunchTimeout: 60000, appium:usePrebuiltWDA: true, appium:waitForQuiescence: false, appium:wdaLocalPort: 11280, appium:wdaStartupRetries: 3, appium:webStorageEnabled: false, appium:webkitResponseTimeout: 20000, platformName: IOS}
Session ID: 76b5a2bc-a2cb-4d5a-8f95-06df53140997" type="org.openqa.selenium.NoSuchElementException">
      <![CDATA[org.openqa.selenium.NoSuchElementException: An element could not be located on the page using the given search parameters.
For documentation on this error, please visit: https://www.selenium.dev/documentation/webdriver/troubleshooting/errors#no-such-element-exception
Build info: version: '4.13.0', revision: 'ba948ece5b*'
System info: os.name: 'Mac OS X', os.arch: 'x86_64', os.version: '14.0', java.version: '21.0.2'
Driver info: io.appium.java_client.ios.IOSDriver
Command: [76b5a2bc-a2cb-4d5a-8f95-06df53140997, findElement {using=accessibility id, value=Anime}]
Capabilities {appium:autoAcceptAlerts: true, appium:automationName: XCUITest, appium:bundleID: com.buzzfeed.buzzfeed-alpha, appium:bundleId: com.buzzfeed.buzzfeed-alpha, appium:databaseEnabled: false, appium:derivedDataPath: /Users/ltadmin/Documents/ap..., appium:deviceName: iPhone 14, appium:headless: false, appium:javascriptEnabled: true, appium:locale: US, appium:locationContextEnabled: false, appium:maxTypingFrequency: 7, appium:nativeWebScreenshot: true, appium:networkConnectionEnabled: false, appium:newCommandTimeout: 0, appium:noReset: false, appium:orientation: PORTRAIT, appium:platformVersion: 16, appium:takesScreenshot: true, appium:udid: 00008110-001C54C00111401E, appium:uiautomator2ServerLaunchTimeout: 60000, appium:usePrebuiltWDA: true, appium:waitForQuiescence: false, appium:wdaLocalPort: 11280, appium:wdaStartupRetries: 3, appium:webStorageEnabled: false, appium:webkitResponseTimeout: 20000, platformName: IOS}
Session ID: 76b5a2bc-a2cb-4d5a-8f95-06df53140997
at java.base/jdk.internal.reflect.DirectConstructorHandleAccessor.newInstance(DirectConstructorHandleAccessor.java:62)
at java.base/java.lang.reflect.Constructor.newInstanceWithCaller(Constructor.java:502)
at java.base/java.lang.reflect.Constructor.newInstance(Constructor.java:486)
at org.openqa.selenium.remote.codec.w3c.W3CHttpResponseCodec.createException(W3CHttpResponseCodec.java:200)
at org.openqa.selenium.remote.codec.w3c.W3CHttpResponseCodec.decode(W3CHttpResponseCodec.java:133)
at org.openqa.selenium.remote.codec.w3c.W3CHttpResponseCodec.decode(W3CHttpResponseCodec.java:52)
at org.openqa.selenium.remote.HttpCommandExecutor.execute(HttpCommandExecutor.java:191)
at io.appium.java_client.remote.AppiumCommandExecutor.execute(AppiumCommandExecutor.java:250)
at org.openqa.selenium.remote.RemoteWebDriver.execute(RemoteWebDriver.java:602)
at org.openqa.selenium.remote.ElementLocation$ElementFinder$2.findElement(ElementLocation.java:165)
at org.openqa.selenium.remote.ElementLocation.findElement(ElementLocation.java:59)
at org.openqa.selenium.remote.RemoteWebDriver.findElement(RemoteWebDriver.java:359)
at org.openqa.selenium.remote.RemoteWebDriver.findElement(RemoteWebDriver.java:353)
at config.pages.quizzes.QuizzesSubTabsPage.tapOnAnime(QuizzesSubTabsPage.java:59)
at testModules.editions.CanadaEditionTests2.testTapOnAnime(CanadaEditionTests2.java:461)
at java.base/jdk.internal.reflect.DirectMethodHandleAccessor.invoke(DirectMethodHandleAccessor.java:103)
at java.base/java.lang.reflect.Method.invoke(Method.java:580)
at org.testng.internal.MethodInvocationHelper.invokeMethod(MethodInvocationHelper.java:133)
at org.testng.internal.TestInvoker.invokeMethod(TestInvoker.java:598)
at org.testng.internal.TestInvoker.invokeTestMethod(TestInvoker.java:173)
at org.testng.internal.MethodRunner.runInSequence(MethodRunner.java:46)
at org.testng.internal.TestInvoker$MethodInvocationAgent.invoke(TestInvoker.java:824)
at org.testng.internal.TestInvoker.invokeTestMethods(TestInvoker.java:146)
at org.testng.internal.TestMethodWorker.invokeTestMethods(TestMethodWorker.java:146)
at org.testng.internal.TestMethodWorker.run(TestMethodWorker.java:128)
at java.base/java.util.ArrayList.forEach(ArrayList.java:1596)
at org.testng.TestRunner.privateRun(TestRunner.java:794)
at org.testng.TestRunner.run(TestRunner.java:596)
at org.testng.SuiteRunner.runTest(SuiteRunner.java:377)
at org.testng.SuiteRunner.runSequentially(SuiteRunner.java:371)
at org.testng.SuiteRunner.privateRun(SuiteRunner.java:332)
at org.testng.SuiteRunner.run(SuiteRunner.java:276)
at org.testng.SuiteRunnerWorker.runSuite(SuiteRunnerWorker.java:53)
at org.testng.SuiteRunnerWorker.run(SuiteRunnerWorker.java:96)
at org.testng.TestNG.runSuitesSequentially(TestNG.java:1212)
at org.testng.TestNG.runSuitesSequentially(TestNG.java:1207)
at org.testng.TestNG.runSuitesLocally(TestNG.java:1134)
at org.testng.TestNG.runSuites(TestNG.java:1063)
at org.testng.TestNG.run(TestNG.java:1031)
at org.apache.maven.surefire.testng.TestNGExecutor.run(TestNGExecutor.java:283)
at org.apache.maven.surefire.testng.TestNGXmlTestSuite.execute(TestNGXmlTestSuite.java:75)
at org.apache.maven.surefire.testng.TestNGProvider.invoke(TestNGProvider.java:120)
at org.apache.maven.surefire.booter.ForkedBooter.invokeProviderInSameClassLoader(ForkedBooter.java:383)
at org.apache.maven.surefire.booter.ForkedBooter.runSuitesInProcess(ForkedBooter.java:344)
at org.apache.maven.surefire.booter.ForkedBooter.execute(ForkedBooter.java:125)
at org.apache.maven.surefire.booter.ForkedBooter.main(ForkedBooter.java:417)
]]>
    </error>
  </testcase> <!-- testTapOnAnime -->
  <system-out/>
  <testcase classname="testModules.editions.CanadaEditionTests2" name="testTapOnKPop" time="0.512">
    <error message="An element could not be located on the page using the given search parameters.
For documentation on this error, please visit: https://www.selenium.dev/documentation/webdriver/troubleshooting/errors#no-such-element-exception
Build info: version: &#039;4.13.0&#039;, revision: &#039;ba948ece5b*&#039;
System info: os.name: &#039;Mac OS X&#039;, os.arch: &#039;x86_64&#039;, os.version: &#039;14.0&#039;, java.version: &#039;21.0.2&#039;
Driver info: io.appium.java_client.ios.IOSDriver
Command: [76b5a2bc-a2cb-4d5a-8f95-06df53140997, findElement {using=accessibility id, value=Kpop}]
Capabilities {appium:autoAcceptAlerts: true, appium:automationName: XCUITest, appium:bundleID: com.buzzfeed.buzzfeed-alpha, appium:bundleId: com.buzzfeed.buzzfeed-alpha, appium:databaseEnabled: false, appium:derivedDataPath: /Users/ltadmin/Documents/ap..., appium:deviceName: iPhone 14, appium:headless: false, appium:javascriptEnabled: true, appium:locale: US, appium:locationContextEnabled: false, appium:maxTypingFrequency: 7, appium:nativeWebScreenshot: true, appium:networkConnectionEnabled: false, appium:newCommandTimeout: 0, appium:noReset: false, appium:orientation: PORTRAIT, appium:platformVersion: 16, appium:takesScreenshot: true, appium:udid: 00008110-001C54C00111401E, appium:uiautomator2ServerLaunchTimeout: 60000, appium:usePrebuiltWDA: true, appium:waitForQuiescence: false, appium:wdaLocalPort: 11280, appium:wdaStartupRetries: 3, appium:webStorageEnabled: false, appium:webkitResponseTimeout: 20000, platformName: IOS}
Session ID: 76b5a2bc-a2cb-4d5a-8f95-06df53140997" type="org.openqa.selenium.NoSuchElementException">
      <![CDATA[org.openqa.selenium.NoSuchElementException: An element could not be located on the page using the given search parameters.
For documentation on this error, please visit: https://www.selenium.dev/documentation/webdriver/troubleshooting/errors#no-such-element-exception
Build info: version: '4.13.0', revision: 'ba948ece5b*'
System info: os.name: 'Mac OS X', os.arch: 'x86_64', os.version: '14.0', java.version: '21.0.2'
Driver info: io.appium.java_client.ios.IOSDriver
Command: [76b5a2bc-a2cb-4d5a-8f95-06df53140997, findElement {using=accessibility id, value=Kpop}]
Capabilities {appium:autoAcceptAlerts: true, appium:automationName: XCUITest, appium:bundleID: com.buzzfeed.buzzfeed-alpha, appium:bundleId: com.buzzfeed.buzzfeed-alpha, appium:databaseEnabled: false, appium:derivedDataPath: /Users/ltadmin/Documents/ap..., appium:deviceName: iPhone 14, appium:headless: false, appium:javascriptEnabled: true, appium:locale: US, appium:locationContextEnabled: false, appium:maxTypingFrequency: 7, appium:nativeWebScreenshot: true, appium:networkConnectionEnabled: false, appium:newCommandTimeout: 0, appium:noReset: false, appium:orientation: PORTRAIT, appium:platformVersion: 16, appium:takesScreenshot: true, appium:udid: 00008110-001C54C00111401E, appium:uiautomator2ServerLaunchTimeout: 60000, appium:usePrebuiltWDA: true, appium:waitForQuiescence: false, appium:wdaLocalPort: 11280, appium:wdaStartupRetries: 3, appium:webStorageEnabled: false, appium:webkitResponseTimeout: 20000, platformName: IOS}
Session ID: 76b5a2bc-a2cb-4d5a-8f95-06df53140997
at java.base/jdk.internal.reflect.DirectConstructorHandleAccessor.newInstance(DirectConstructorHandleAccessor.java:62)
at java.base/java.lang.reflect.Constructor.newInstanceWithCaller(Constructor.java:502)
at java.base/java.lang.reflect.Constructor.newInstance(Constructor.java:486)
at org.openqa.selenium.remote.codec.w3c.W3CHttpResponseCodec.createException(W3CHttpResponseCodec.java:200)
at org.openqa.selenium.remote.codec.w3c.W3CHttpResponseCodec.decode(W3CHttpResponseCodec.java:133)
at org.openqa.selenium.remote.codec.w3c.W3CHttpResponseCodec.decode(W3CHttpResponseCodec.java:52)
at org.openqa.selenium.remote.HttpCommandExecutor.execute(HttpCommandExecutor.java:191)
at io.appium.java_client.remote.AppiumCommandExecutor.execute(AppiumCommandExecutor.java:250)
at org.openqa.selenium.remote.RemoteWebDriver.execute(RemoteWebDriver.java:602)
at org.openqa.selenium.remote.ElementLocation$ElementFinder$2.findElement(ElementLocation.java:165)
at org.openqa.selenium.remote.ElementLocation.findElement(ElementLocation.java:59)
at org.openqa.selenium.remote.RemoteWebDriver.findElement(RemoteWebDriver.java:359)
at org.openqa.selenium.remote.RemoteWebDriver.findElement(RemoteWebDriver.java:353)
at config.pages.quizzes.QuizzesSubTabsPage.tapOnKpop(QuizzesSubTabsPage.java:60)
at testModules.editions.CanadaEditionTests2.testTapOnKPop(CanadaEditionTests2.java:468)
at java.base/jdk.internal.reflect.DirectMethodHandleAccessor.invoke(DirectMethodHandleAccessor.java:103)
at java.base/java.lang.reflect.Method.invoke(Method.java:580)
at org.testng.internal.MethodInvocationHelper.invokeMethod(MethodInvocationHelper.java:133)
at org.testng.internal.TestInvoker.invokeMethod(TestInvoker.java:598)
at org.testng.internal.TestInvoker.invokeTestMethod(TestInvoker.java:173)
at org.testng.internal.MethodRunner.runInSequence(MethodRunner.java:46)
at org.testng.internal.TestInvoker$MethodInvocationAgent.invoke(TestInvoker.java:824)
at org.testng.internal.TestInvoker.invokeTestMethods(TestInvoker.java:146)
at org.testng.internal.TestMethodWorker.invokeTestMethods(TestMethodWorker.java:146)
at org.testng.internal.TestMethodWorker.run(TestMethodWorker.java:128)
at java.base/java.util.ArrayList.forEach(ArrayList.java:1596)
at org.testng.TestRunner.privateRun(TestRunner.java:794)
at org.testng.TestRunner.run(TestRunner.java:596)
at org.testng.SuiteRunner.runTest(SuiteRunner.java:377)
at org.testng.SuiteRunner.runSequentially(SuiteRunner.java:371)
at org.testng.SuiteRunner.privateRun(SuiteRunner.java:332)
at org.testng.SuiteRunner.run(SuiteRunner.java:276)
at org.testng.SuiteRunnerWorker.runSuite(SuiteRunnerWorker.java:53)
at org.testng.SuiteRunnerWorker.run(SuiteRunnerWorker.java:96)
at org.testng.TestNG.runSuitesSequentially(TestNG.java:1212)
at org.testng.TestNG.runSuitesSequentially(TestNG.java:1207)
at org.testng.TestNG.runSuitesLocally(TestNG.java:1134)
at org.testng.TestNG.runSuites(TestNG.java:1063)
at org.testng.TestNG.run(TestNG.java:1031)
at org.apache.maven.surefire.testng.TestNGExecutor.run(TestNGExecutor.java:283)
at org.apache.maven.surefire.testng.TestNGXmlTestSuite.execute(TestNGXmlTestSuite.java:75)
at org.apache.maven.surefire.testng.TestNGProvider.invoke(TestNGProvider.java:120)
at org.apache.maven.surefire.booter.ForkedBooter.invokeProviderInSameClassLoader(ForkedBooter.java:383)
at org.apache.maven.surefire.booter.ForkedBooter.runSuitesInProcess(ForkedBooter.java:344)
at org.apache.maven.surefire.booter.ForkedBooter.execute(ForkedBooter.java:125)
at org.apache.maven.surefire.booter.ForkedBooter.main(ForkedBooter.java:417)
]]>
    </error>
  </testcase> <!-- testTapOnKPop -->
  <system-out/>
  <testcase classname="testModules.editions.CanadaEditionTests2" name="testTapOnGeography" time="0.509">
    <error message="An element could not be located on the page using the given search parameters.
For documentation on this error, please visit: https://www.selenium.dev/documentation/webdriver/troubleshooting/errors#no-such-element-exception
Build info: version: &#039;4.13.0&#039;, revision: &#039;ba948ece5b*&#039;
System info: os.name: &#039;Mac OS X&#039;, os.arch: &#039;x86_64&#039;, os.version: &#039;14.0&#039;, java.version: &#039;21.0.2&#039;
Driver info: io.appium.java_client.ios.IOSDriver
Command: [76b5a2bc-a2cb-4d5a-8f95-06df53140997, findElement {using=accessibility id, value=Geography}]
Capabilities {appium:autoAcceptAlerts: true, appium:automationName: XCUITest, appium:bundleID: com.buzzfeed.buzzfeed-alpha, appium:bundleId: com.buzzfeed.buzzfeed-alpha, appium:databaseEnabled: false, appium:derivedDataPath: /Users/ltadmin/Documents/ap..., appium:deviceName: iPhone 14, appium:headless: false, appium:javascriptEnabled: true, appium:locale: US, appium:locationContextEnabled: false, appium:maxTypingFrequency: 7, appium:nativeWebScreenshot: true, appium:networkConnectionEnabled: false, appium:newCommandTimeout: 0, appium:noReset: false, appium:orientation: PORTRAIT, appium:platformVersion: 16, appium:takesScreenshot: true, appium:udid: 00008110-001C54C00111401E, appium:uiautomator2ServerLaunchTimeout: 60000, appium:usePrebuiltWDA: true, appium:waitForQuiescence: false, appium:wdaLocalPort: 11280, appium:wdaStartupRetries: 3, appium:webStorageEnabled: false, appium:webkitResponseTimeout: 20000, platformName: IOS}
Session ID: 76b5a2bc-a2cb-4d5a-8f95-06df53140997" type="org.openqa.selenium.NoSuchElementException">
      <![CDATA[org.openqa.selenium.NoSuchElementException: An element could not be located on the page using the given search parameters.
For documentation on this error, please visit: https://www.selenium.dev/documentation/webdriver/troubleshooting/errors#no-such-element-exception
Build info: version: '4.13.0', revision: 'ba948ece5b*'
System info: os.name: 'Mac OS X', os.arch: 'x86_64', os.version: '14.0', java.version: '21.0.2'
Driver info: io.appium.java_client.ios.IOSDriver
Command: [76b5a2bc-a2cb-4d5a-8f95-06df53140997, findElement {using=accessibility id, value=Geography}]
Capabilities {appium:autoAcceptAlerts: true, appium:automationName: XCUITest, appium:bundleID: com.buzzfeed.buzzfeed-alpha, appium:bundleId: com.buzzfeed.buzzfeed-alpha, appium:databaseEnabled: false, appium:derivedDataPath: /Users/ltadmin/Documents/ap..., appium:deviceName: iPhone 14, appium:headless: false, appium:javascriptEnabled: true, appium:locale: US, appium:locationContextEnabled: false, appium:maxTypingFrequency: 7, appium:nativeWebScreenshot: true, appium:networkConnectionEnabled: false, appium:newCommandTimeout: 0, appium:noReset: false, appium:orientation: PORTRAIT, appium:platformVersion: 16, appium:takesScreenshot: true, appium:udid: 00008110-001C54C00111401E, appium:uiautomator2ServerLaunchTimeout: 60000, appium:usePrebuiltWDA: true, appium:waitForQuiescence: false, appium:wdaLocalPort: 11280, appium:wdaStartupRetries: 3, appium:webStorageEnabled: false, appium:webkitResponseTimeout: 20000, platformName: IOS}
Session ID: 76b5a2bc-a2cb-4d5a-8f95-06df53140997
at java.base/jdk.internal.reflect.DirectConstructorHandleAccessor.newInstance(DirectConstructorHandleAccessor.java:62)
at java.base/java.lang.reflect.Constructor.newInstanceWithCaller(Constructor.java:502)
at java.base/java.lang.reflect.Constructor.newInstance(Constructor.java:486)
at org.openqa.selenium.remote.codec.w3c.W3CHttpResponseCodec.createException(W3CHttpResponseCodec.java:200)
at org.openqa.selenium.remote.codec.w3c.W3CHttpResponseCodec.decode(W3CHttpResponseCodec.java:133)
at org.openqa.selenium.remote.codec.w3c.W3CHttpResponseCodec.decode(W3CHttpResponseCodec.java:52)
at org.openqa.selenium.remote.HttpCommandExecutor.execute(HttpCommandExecutor.java:191)
at io.appium.java_client.remote.AppiumCommandExecutor.execute(AppiumCommandExecutor.java:250)
at org.openqa.selenium.remote.RemoteWebDriver.execute(RemoteWebDriver.java:602)
at org.openqa.selenium.remote.ElementLocation$ElementFinder$2.findElement(ElementLocation.java:165)
at org.openqa.selenium.remote.ElementLocation.findElement(ElementLocation.java:59)
at org.openqa.selenium.remote.RemoteWebDriver.findElement(RemoteWebDriver.java:359)
at org.openqa.selenium.remote.RemoteWebDriver.findElement(RemoteWebDriver.java:353)
at config.pages.quizzes.QuizzesSubTabsPage.tapOnGeographys(QuizzesSubTabsPage.java:61)
at testModules.editions.CanadaEditionTests2.testTapOnGeography(CanadaEditionTests2.java:475)
at java.base/jdk.internal.reflect.DirectMethodHandleAccessor.invoke(DirectMethodHandleAccessor.java:103)
at java.base/java.lang.reflect.Method.invoke(Method.java:580)
at org.testng.internal.MethodInvocationHelper.invokeMethod(MethodInvocationHelper.java:133)
at org.testng.internal.TestInvoker.invokeMethod(TestInvoker.java:598)
at org.testng.internal.TestInvoker.invokeTestMethod(TestInvoker.java:173)
at org.testng.internal.MethodRunner.runInSequence(MethodRunner.java:46)
at org.testng.internal.TestInvoker$MethodInvocationAgent.invoke(TestInvoker.java:824)
at org.testng.internal.TestInvoker.invokeTestMethods(TestInvoker.java:146)
at org.testng.internal.TestMethodWorker.invokeTestMethods(TestMethodWorker.java:146)
at org.testng.internal.TestMethodWorker.run(TestMethodWorker.java:128)
at java.base/java.util.ArrayList.forEach(ArrayList.java:1596)
at org.testng.TestRunner.privateRun(TestRunner.java:794)
at org.testng.TestRunner.run(TestRunner.java:596)
at org.testng.SuiteRunner.runTest(SuiteRunner.java:377)
at org.testng.SuiteRunner.runSequentially(SuiteRunner.java:371)
at org.testng.SuiteRunner.privateRun(SuiteRunner.java:332)
at org.testng.SuiteRunner.run(SuiteRunner.java:276)
at org.testng.SuiteRunnerWorker.runSuite(SuiteRunnerWorker.java:53)
at org.testng.SuiteRunnerWorker.run(SuiteRunnerWorker.java:96)
at org.testng.TestNG.runSuitesSequentially(TestNG.java:1212)
at org.testng.TestNG.runSuitesSequentially(TestNG.java:1207)
at org.testng.TestNG.runSuitesLocally(TestNG.java:1134)
at org.testng.TestNG.runSuites(TestNG.java:1063)
at org.testng.TestNG.run(TestNG.java:1031)
at org.apache.maven.surefire.testng.TestNGExecutor.run(TestNGExecutor.java:283)
at org.apache.maven.surefire.testng.TestNGXmlTestSuite.execute(TestNGXmlTestSuite.java:75)
at org.apache.maven.surefire.testng.TestNGProvider.invoke(TestNGProvider.java:120)
at org.apache.maven.surefire.booter.ForkedBooter.invokeProviderInSameClassLoader(ForkedBooter.java:383)
at org.apache.maven.surefire.booter.ForkedBooter.runSuitesInProcess(ForkedBooter.java:344)
at org.apache.maven.surefire.booter.ForkedBooter.execute(ForkedBooter.java:125)
at org.apache.maven.surefire.booter.ForkedBooter.main(ForkedBooter.java:417)
]]>
    </error>
  </testcase> <!-- testTapOnGeography -->
  <system-out/>
  <testcase classname="testModules.editions.CanadaEditionTests2" name="testTapOnChecklist" time="0.510">
    <error message="An element could not be located on the page using the given search parameters.
For documentation on this error, please visit: https://www.selenium.dev/documentation/webdriver/troubleshooting/errors#no-such-element-exception
Build info: version: &#039;4.13.0&#039;, revision: &#039;ba948ece5b*&#039;
System info: os.name: &#039;Mac OS X&#039;, os.arch: &#039;x86_64&#039;, os.version: &#039;14.0&#039;, java.version: &#039;21.0.2&#039;
Driver info: io.appium.java_client.ios.IOSDriver
Command: [76b5a2bc-a2cb-4d5a-8f95-06df53140997, findElement {using=accessibility id, value=Checklist}]
Capabilities {appium:autoAcceptAlerts: true, appium:automationName: XCUITest, appium:bundleID: com.buzzfeed.buzzfeed-alpha, appium:bundleId: com.buzzfeed.buzzfeed-alpha, appium:databaseEnabled: false, appium:derivedDataPath: /Users/ltadmin/Documents/ap..., appium:deviceName: iPhone 14, appium:headless: false, appium:javascriptEnabled: true, appium:locale: US, appium:locationContextEnabled: false, appium:maxTypingFrequency: 7, appium:nativeWebScreenshot: true, appium:networkConnectionEnabled: false, appium:newCommandTimeout: 0, appium:noReset: false, appium:orientation: PORTRAIT, appium:platformVersion: 16, appium:takesScreenshot: true, appium:udid: 00008110-001C54C00111401E, appium:uiautomator2ServerLaunchTimeout: 60000, appium:usePrebuiltWDA: true, appium:waitForQuiescence: false, appium:wdaLocalPort: 11280, appium:wdaStartupRetries: 3, appium:webStorageEnabled: false, appium:webkitResponseTimeout: 20000, platformName: IOS}
Session ID: 76b5a2bc-a2cb-4d5a-8f95-06df53140997" type="org.openqa.selenium.NoSuchElementException">
      <![CDATA[org.openqa.selenium.NoSuchElementException: An element could not be located on the page using the given search parameters.
For documentation on this error, please visit: https://www.selenium.dev/documentation/webdriver/troubleshooting/errors#no-such-element-exception
Build info: version: '4.13.0', revision: 'ba948ece5b*'
System info: os.name: 'Mac OS X', os.arch: 'x86_64', os.version: '14.0', java.version: '21.0.2'
Driver info: io.appium.java_client.ios.IOSDriver
Command: [76b5a2bc-a2cb-4d5a-8f95-06df53140997, findElement {using=accessibility id, value=Checklist}]
Capabilities {appium:autoAcceptAlerts: true, appium:automationName: XCUITest, appium:bundleID: com.buzzfeed.buzzfeed-alpha, appium:bundleId: com.buzzfeed.buzzfeed-alpha, appium:databaseEnabled: false, appium:derivedDataPath: /Users/ltadmin/Documents/ap..., appium:deviceName: iPhone 14, appium:headless: false, appium:javascriptEnabled: true, appium:locale: US, appium:locationContextEnabled: false, appium:maxTypingFrequency: 7, appium:nativeWebScreenshot: true, appium:networkConnectionEnabled: false, appium:newCommandTimeout: 0, appium:noReset: false, appium:orientation: PORTRAIT, appium:platformVersion: 16, appium:takesScreenshot: true, appium:udid: 00008110-001C54C00111401E, appium:uiautomator2ServerLaunchTimeout: 60000, appium:usePrebuiltWDA: true, appium:waitForQuiescence: false, appium:wdaLocalPort: 11280, appium:wdaStartupRetries: 3, appium:webStorageEnabled: false, appium:webkitResponseTimeout: 20000, platformName: IOS}
Session ID: 76b5a2bc-a2cb-4d5a-8f95-06df53140997
at java.base/jdk.internal.reflect.DirectConstructorHandleAccessor.newInstance(DirectConstructorHandleAccessor.java:62)
at java.base/java.lang.reflect.Constructor.newInstanceWithCaller(Constructor.java:502)
at java.base/java.lang.reflect.Constructor.newInstance(Constructor.java:486)
at org.openqa.selenium.remote.codec.w3c.W3CHttpResponseCodec.createException(W3CHttpResponseCodec.java:200)
at org.openqa.selenium.remote.codec.w3c.W3CHttpResponseCodec.decode(W3CHttpResponseCodec.java:133)
at org.openqa.selenium.remote.codec.w3c.W3CHttpResponseCodec.decode(W3CHttpResponseCodec.java:52)
at org.openqa.selenium.remote.HttpCommandExecutor.execute(HttpCommandExecutor.java:191)
at io.appium.java_client.remote.AppiumCommandExecutor.execute(AppiumCommandExecutor.java:250)
at org.openqa.selenium.remote.RemoteWebDriver.execute(RemoteWebDriver.java:602)
at org.openqa.selenium.remote.ElementLocation$ElementFinder$2.findElement(ElementLocation.java:165)
at org.openqa.selenium.remote.ElementLocation.findElement(ElementLocation.java:59)
at org.openqa.selenium.remote.RemoteWebDriver.findElement(RemoteWebDriver.java:359)
at org.openqa.selenium.remote.RemoteWebDriver.findElement(RemoteWebDriver.java:353)
at config.pages.quizzes.QuizzesSubTabsPage.tapOnChecklist(QuizzesSubTabsPage.java:62)
at testModules.editions.CanadaEditionTests2.testTapOnChecklist(CanadaEditionTests2.java:482)
at java.base/jdk.internal.reflect.DirectMethodHandleAccessor.invoke(DirectMethodHandleAccessor.java:103)
at java.base/java.lang.reflect.Method.invoke(Method.java:580)
at org.testng.internal.MethodInvocationHelper.invokeMethod(MethodInvocationHelper.java:133)
at org.testng.internal.TestInvoker.invokeMethod(TestInvoker.java:598)
at org.testng.internal.TestInvoker.invokeTestMethod(TestInvoker.java:173)
at org.testng.internal.MethodRunner.runInSequence(MethodRunner.java:46)
at org.testng.internal.TestInvoker$MethodInvocationAgent.invoke(TestInvoker.java:824)
at org.testng.internal.TestInvoker.invokeTestMethods(TestInvoker.java:146)
at org.testng.internal.TestMethodWorker.invokeTestMethods(TestMethodWorker.java:146)
at org.testng.internal.TestMethodWorker.run(TestMethodWorker.java:128)
at java.base/java.util.ArrayList.forEach(ArrayList.java:1596)
at org.testng.TestRunner.privateRun(TestRunner.java:794)
at org.testng.TestRunner.run(TestRunner.java:596)
at org.testng.SuiteRunner.runTest(SuiteRunner.java:377)
at org.testng.SuiteRunner.runSequentially(SuiteRunner.java:371)
at org.testng.SuiteRunner.privateRun(SuiteRunner.java:332)
at org.testng.SuiteRunner.run(SuiteRunner.java:276)
at org.testng.SuiteRunnerWorker.runSuite(SuiteRunnerWorker.java:53)
at org.testng.SuiteRunnerWorker.run(SuiteRunnerWorker.java:96)
at org.testng.TestNG.runSuitesSequentially(TestNG.java:1212)
at org.testng.TestNG.runSuitesSequentially(TestNG.java:1207)
at org.testng.TestNG.runSuitesLocally(TestNG.java:1134)
at org.testng.TestNG.runSuites(TestNG.java:1063)
at org.testng.TestNG.run(TestNG.java:1031)
at org.apache.maven.surefire.testng.TestNGExecutor.run(TestNGExecutor.java:283)
at org.apache.maven.surefire.testng.TestNGXmlTestSuite.execute(TestNGXmlTestSuite.java:75)
at org.apache.maven.surefire.testng.TestNGProvider.invoke(TestNGProvider.java:120)
at org.apache.maven.surefire.booter.ForkedBooter.invokeProviderInSameClassLoader(ForkedBooter.java:383)
at org.apache.maven.surefire.booter.ForkedBooter.runSuitesInProcess(ForkedBooter.java:344)
at org.apache.maven.surefire.booter.ForkedBooter.execute(ForkedBooter.java:125)
at org.apache.maven.surefire.booter.ForkedBooter.main(ForkedBooter.java:417)
]]>
    </error>
  </testcase> <!-- testTapOnChecklist -->
  <system-out/>
  <testcase classname="testModules.editions.CanadaEditionTests2" name="tapGamesTab" time="0.513"/>
  <system-out/>
</testsuite> <!-- testModules.editions.CanadaEditionTests2 -->
