<?xml version="1.0" encoding="UTF-8"?>
<!-- Generated by org.testng.reporters.JUnitReportReporter -->
<testsuite skipped="0" hostname="Gabrielas-MBP.fibertel.com.ar" name="testModules.search.RecentSearchesTests2" tests="6" failures="0" timestamp="2023-09-05T19:37:59 ART" time="15.999" errors="0">
  <testcase name="testCancelButton" time="6.590" classname="testModules.search.RecentSearchesTests2"/>
  <system-out/>
  <testcase name="testRecentSearchesTitle" time="0.352" classname="testModules.search.RecentSearchesTests2"/>
  <system-out/>
  <testcase name="testRecentSearches" time="1.518" classname="testModules.search.RecentSearchesTests2"/>
  <system-out/>
  <testcase name="testSearchResults" time="2.658" classname="testModules.search.RecentSearchesTests2"/>
  <system-out/>
  <testcase name="testClearButton" time="3.066" classname="testModules.search.RecentSearchesTests2"/>
  <system-out/>
  <testcase name="testClearRecentSearchesButton" time="1.815" classname="testModules.search.RecentSearchesTests2"/>
  <system-out/>
</testsuite> <!-- testModules.search.RecentSearchesTests2 -->
