<?xml version="1.0" encoding="UTF-8"?>
<!-- Generated by org.testng.reporters.JUnitReportReporter -->
<testsuite skipped="0" hostname="Gabrielas-MBP.fibertel.com.ar" name="testModules.bpage.FallBpageTests4" tests="9" failures="0" timestamp="2023-08-09T11:36:46 ART" time="47.746" errors="0">
  <testcase name="testSearchFallbackBpage" time="13.802" classname="testModules.bpage.FallBpageTests4"/>
  <system-out/>
  <testcase name="verifyTitleIsPresent" time="3.980" classname="testModules.bpage.FallBpageTests4"/>
  <system-out/>
  <testcase name="verifySubTitleIsPresent" time="0.615" classname="testModules.bpage.FallBpageTests4"/>
  <system-out/>
  <testcase name="verifyAuthorInfoIsPresentOnBpage" time="1.591" classname="testModules.bpage.FallBpageTests4"/>
  <system-out/>
  <testcase name="verifyShareButtonIsPresent" time="0.580" classname="testModules.bpage.FallBpageTests4"/>
  <system-out/>
  <testcase name="tapShareButtonOnBpage" time="3.843" classname="testModules.bpage.FallBpageTests4"/>
  <system-out/>
  <testcase name="verifyMoreOnThisHeaderIsPresent" time="12.539" classname="testModules.bpage.FallBpageTests4"/>
  <system-out/>
  <testcase name="verifyMoreOnThisBpageIsPresent" time="0.953" classname="testModules.bpage.FallBpageTests4"/>
  <system-out/>
  <testcase name="verifyMoreOnThisBpage" time="9.843" classname="testModules.bpage.FallBpageTests4"/>
  <system-out/>
</testsuite> <!-- testModules.bpage.FallBpageTests4 -->
