<?xml version="1.0" encoding="UTF-8"?>
<!-- Generated by org.testng.reporters.JUnitReportReporter -->
<testsuite skipped="0" hostname="Gabrielas-MBP.fibertel.com.ar" name="testModules.search.RecentSearchesTests2" tests="7" failures="0" timestamp="2022-07-26T12:43:07 ART" time="56.628" errors="0">
  <testcase name="testCancelButton" time="50.107" classname="testModules.search.RecentSearchesTests2"/>
  <system-out/>
  <testcase name="testRecentSearchesTitle" time="0.203" classname="testModules.search.RecentSearchesTests2"/>
  <system-out/>
  <testcase name="testRecentSearches" time="0.780" classname="testModules.search.RecentSearchesTests2"/>
  <system-out/>
  <testcase name="testSearchResults" time="2.608" classname="testModules.search.RecentSearchesTests2"/>
  <system-out/>
  <testcase name="testClearButton" time="1.512" classname="testModules.search.RecentSearchesTests2"/>
  <system-out/>
  <testcase name="testClearRecentSearchesButton" time="1.418" classname="testModules.search.RecentSearchesTests2"/>
  <system-out/>
  <testcase name="testRemoveRecent" time="0.000" classname="testModules.search.RecentSearchesTests2"/>
  <system-out/>
</testsuite> <!-- testModules.search.RecentSearchesTests2 -->
