<?xml version="1.0" encoding="UTF-8"?>
<!-- Generated by org.testng.reporters.JUnitReportReporter -->
<testsuite skipped="0" hostname="Gabrielas-MBP.fibertel.com.ar" name="testModules.quizzes.quizzesTypes.QuizPredetTests" tests="33" failures="0" timestamp="2023-08-09T12:11:52 ART" time="89.319" errors="0">
  <testcase name="testSearchPredetQuiz" time="14.989" classname="testModules.quizzes.quizzesTypes.QuizPredetTests"/>
  <system-out/>
  <testcase name="testQuizTitleIsPresentAtBeginning" time="3.923" classname="testModules.quizzes.quizzesTypes.QuizPredetTests"/>
  <system-out/>
  <testcase name="testMainImageIsPresent" time="0.854" classname="testModules.quizzes.quizzesTypes.QuizPredetTests"/>
  <system-out/>
  <testcase name="testSubTextIsPresent" time="0.325" classname="testModules.quizzes.quizzesTypes.QuizPredetTests"/>
  <system-out/>
  <testcase name="testAuthorInfoIsPresent" time="0.290" classname="testModules.quizzes.quizzesTypes.QuizPredetTests"/>
  <system-out/>
  <testcase name="testPlayWithFriendsButton" time="0.639" classname="testModules.quizzes.quizzesTypes.QuizPredetTests"/>
  <system-out/>
  <testcase name="testPlayNowButton" time="1.696" classname="testModules.quizzes.quizzesTypes.QuizPredetTests"/>
  <system-out/>
  <testcase name="testProgressBarFirstQ" time="0.788" classname="testModules.quizzes.quizzesTypes.QuizPredetTests"/>
  <system-out/>
  <testcase name="testSendFirstAnswer" time="1.226" classname="testModules.quizzes.quizzesTypes.QuizPredetTests"/>
  <system-out/>
  <testcase name="testCorrectTextIsPresent" time="0.715" classname="testModules.quizzes.quizzesTypes.QuizPredetTests"/>
  <system-out/>
  <testcase name="testFirstAnswerTextIsPresent" time="0.301" classname="testModules.quizzes.quizzesTypes.QuizPredetTests"/>
  <system-out/>
  <testcase name="testNextButtonGoodAnswerIsPresent" time="0.342" classname="testModules.quizzes.quizzesTypes.QuizPredetTests"/>
  <system-out/>
  <testcase name="testTapNextGoodAnswerButton" time="0.782" classname="testModules.quizzes.quizzesTypes.QuizPredetTests"/>
  <system-out/>
  <testcase name="testProgressBarSecondQ" time="0.769" classname="testModules.quizzes.quizzesTypes.QuizPredetTests"/>
  <system-out/>
  <testcase name="testSendSecondAnswer" time="1.313" classname="testModules.quizzes.quizzesTypes.QuizPredetTests"/>
  <system-out/>
  <testcase name="testWrongTextIsPresent" time="0.735" classname="testModules.quizzes.quizzesTypes.QuizPredetTests"/>
  <system-out/>
  <testcase name="testSecondAnswerTextIsPresent" time="0.351" classname="testModules.quizzes.quizzesTypes.QuizPredetTests"/>
  <system-out/>
  <testcase name="testNextButtonWrongAnswerIsPresent" time="0.356" classname="testModules.quizzes.quizzesTypes.QuizPredetTests"/>
  <system-out/>
  <testcase name="testTapNextWrongAnswerButton" time="0.921" classname="testModules.quizzes.quizzesTypes.QuizPredetTests"/>
  <system-out/>
  <testcase name="testCompletingQuiz" time="4.119" classname="testModules.quizzes.quizzesTypes.QuizPredetTests"/>
  <system-out/>
  <testcase name="testCompletingQuiz" time="4.018" classname="testModules.quizzes.quizzesTypes.QuizPredetTests"/>
  <system-out/>
  <testcase name="testCompletingQuiz" time="4.016" classname="testModules.quizzes.quizzesTypes.QuizPredetTests"/>
  <system-out/>
  <testcase name="testCompletingQuiz" time="4.017" classname="testModules.quizzes.quizzesTypes.QuizPredetTests"/>
  <system-out/>
  <testcase name="testCompletingQuiz" time="3.969" classname="testModules.quizzes.quizzesTypes.QuizPredetTests"/>
  <system-out/>
  <testcase name="testCompletingQuiz" time="4.047" classname="testModules.quizzes.quizzesTypes.QuizPredetTests"/>
  <system-out/>
  <testcase name="testCompletingQuiz" time="4.032" classname="testModules.quizzes.quizzesTypes.QuizPredetTests"/>
  <system-out/>
  <testcase name="testCompletingQuiz" time="4.000" classname="testModules.quizzes.quizzesTypes.QuizPredetTests"/>
  <system-out/>
  <testcase name="testCompletingQuiz" time="4.064" classname="testModules.quizzes.quizzesTypes.QuizPredetTests"/>
  <system-out/>
  <testcase name="testCompletingQuiz" time="4.082" classname="testModules.quizzes.quizzesTypes.QuizPredetTests"/>
  <system-out/>
  <testcase name="testCompletingQuiz" time="3.980" classname="testModules.quizzes.quizzesTypes.QuizPredetTests"/>
  <system-out/>
  <testcase name="testCompletingQuiz" time="3.982" classname="testModules.quizzes.quizzesTypes.QuizPredetTests"/>
  <system-out/>
  <testcase name="testQuizTitleResultScreenIsPresent" time="4.531" classname="testModules.quizzes.quizzesTypes.QuizPredetTests"/>
  <system-out/>
  <testcase name="testScoreResultScreenIsPresent" time="5.147" classname="testModules.quizzes.quizzesTypes.QuizPredetTests"/>
  <system-out/>
</testsuite> <!-- testModules.quizzes.quizzesTypes.QuizPredetTests -->
