<?xml version="1.0" encoding="UTF-8"?>
<!-- Generated by org.testng.reporters.JUnitReportReporter -->
<testsuite skipped="0" hostname="Gabrielas-MBP.fibertel.com.ar" name="testModules.bpage.FallBpageTests4" tests="14" failures="0" timestamp="2022-11-29T16:30:41 ART" time="63.218" errors="0">
  <testcase name="testSearchFallbackBpage" time="19.782" classname="testModules.bpage.FallBpageTests4"/>
  <system-out/>
  <testcase name="verifyDataCategoryArePresent" time="1.961" classname="testModules.bpage.FallBpageTests4"/>
  <system-out/>
  <testcase name="verifyTitleIsPresent" time="4.308" classname="testModules.bpage.FallBpageTests4"/>
  <system-out/>
  <testcase name="verifySubTitleIsPresent" time="1.249" classname="testModules.bpage.FallBpageTests4"/>
  <system-out/>
  <testcase name="verifyAuthorInfoIsPresentOnBpage" time="2.556" classname="testModules.bpage.FallBpageTests4"/>
  <system-out/>
  <testcase name="tapExternalLink" time="9.734" classname="testModules.bpage.FallBpageTests4"/>
  <system-out/>
  <testcase name="verifyInternalLinkLoadsFine" time="2.624" classname="testModules.bpage.FallBpageTests4"/>
  <system-out/>
  <testcase name="verifyShareButtonIsPresent" time="1.922" classname="testModules.bpage.FallBpageTests4"/>
  <system-out/>
  <testcase name="tapShareButtonOnBpage" time="1.221" classname="testModules.bpage.FallBpageTests4"/>
  <system-out/>
  <testcase name="verifyCopyLinkbuttonIsPresent" time="1.414" classname="testModules.bpage.FallBpageTests4"/>
  <system-out/>
  <testcase name="testTapCopyLinkAndToast" time="1.697" classname="testModules.bpage.FallBpageTests4"/>
  <system-out/>
  <testcase name="verifyMoreOnThisHeaderIsPresent" time="9.131" classname="testModules.bpage.FallBpageTests4"/>
  <system-out/>
  <testcase name="verifyMoreOnThisBpageIsPresent" time="0.001" classname="testModules.bpage.FallBpageTests4"/>
  <system-out/>
  <testcase name="verifyMoreOnThisBpage" time="5.618" classname="testModules.bpage.FallBpageTests4"/>
  <system-out/>
</testsuite> <!-- testModules.bpage.FallBpageTests4 -->
