<?xml version="1.0" encoding="UTF-8"?>
<!-- Generated by org.testng.reporters.JUnitReportReporter -->
<testsuite hostname="Gabrielas-MBP.fibertel.com.ar" failures="0" tests="180" name="testModules.shopping.ShoppingTests" time="1633.371" errors="0" timestamp="2024-09-05T17:56:33 ART" skipped="0">
  <testcase classname="testModules.shopping.ShoppingTests" name="testShoppingTab" time="4.551"/>
  <system-out/>
  <testcase classname="testModules.shopping.ShoppingTests" name="testShoppingTab" time="4.213"/>
  <system-out/>
  <testcase classname="testModules.shopping.ShoppingTests" name="testShoppingHeaderIsPresent" time="7.519"/>
  <system-out/>
  <testcase classname="testModules.shopping.ShoppingTests" name="testShoppingHeaderIsPresent" time="7.426"/>
  <system-out/>
  <testcase classname="testModules.shopping.ShoppingTests" name="testFashionCategory" time="9.369"/>
  <system-out/>
  <testcase classname="testModules.shopping.ShoppingTests" name="testFashionCategory" time="9.329"/>
  <system-out/>
  <testcase classname="testModules.shopping.ShoppingTests" name="testBeautyCategory" time="8.539"/>
  <system-out/>
  <testcase classname="testModules.shopping.ShoppingTests" name="testBeautyCategory" time="8.203"/>
  <system-out/>
  <testcase classname="testModules.shopping.ShoppingTests" name="testHomeCategory" time="17.460"/>
  <system-out/>
  <testcase classname="testModules.shopping.ShoppingTests" name="testHomeCategory" time="17.975"/>
  <system-out/>
  <testcase classname="testModules.shopping.ShoppingTests" name="testKidsCategory" time="8.229"/>
  <system-out/>
  <testcase classname="testModules.shopping.ShoppingTests" name="testKidsCategory" time="8.624"/>
  <system-out/>
  <testcase classname="testModules.shopping.ShoppingTests" name="testPetsCategory" time="8.370"/>
  <system-out/>
  <testcase classname="testModules.shopping.ShoppingTests" name="testPetsCategory" time="8.659"/>
  <system-out/>
  <testcase classname="testModules.shopping.ShoppingTests" name="testSexToysCategory" time="12.130"/>
  <system-out/>
  <testcase classname="testModules.shopping.ShoppingTests" name="testSexToysCategory" time="13.118"/>
  <system-out/>
  <testcase classname="testModules.shopping.ShoppingTests" name="testMore" time="11.450"/>
  <system-out/>
  <testcase classname="testModules.shopping.ShoppingTests" name="testMore" time="11.097"/>
  <system-out/>
  <testcase classname="testModules.shopping.ShoppingTests" name="validateBeautyAndCareMenu" time="8.389"/>
  <system-out/>
  <testcase classname="testModules.shopping.ShoppingTests" name="validateBeautyAndCareMenu" time="8.666"/>
  <system-out/>
  <testcase classname="testModules.shopping.ShoppingTests" name="validateShopAllBeautyAndPersonalCareSubMenu" time="8.310"/>
  <system-out/>
  <testcase classname="testModules.shopping.ShoppingTests" name="validateShopAllBeautyAndPersonalCareSubMenu" time="8.755"/>
  <system-out/>
  <testcase classname="testModules.shopping.ShoppingTests" name="validateHairSubMenu" time="7.707"/>
  <system-out/>
  <testcase classname="testModules.shopping.ShoppingTests" name="validateHairSubMenu" time="7.987"/>
  <system-out/>
  <testcase classname="testModules.shopping.ShoppingTests" name="validateSMakeUpSubMenu" time="12.032"/>
  <system-out/>
  <testcase classname="testModules.shopping.ShoppingTests" name="validateSMakeUpSubMenu" time="12.013"/>
  <system-out/>
  <testcase classname="testModules.shopping.ShoppingTests" name="validateOutDoorProductsSubMenu" time="8.284"/>
  <system-out/>
  <testcase classname="testModules.shopping.ShoppingTests" name="validateOutDoorProductsSubMenu" time="7.956"/>
  <system-out/>
  <testcase classname="testModules.shopping.ShoppingTests" name="validatePersonalToolsSubMenu" time="9.567"/>
  <system-out/>
  <testcase classname="testModules.shopping.ShoppingTests" name="validatePersonalToolsSubMenu" time="9.588"/>
  <system-out/>
  <testcase classname="testModules.shopping.ShoppingTests" name="validateSkinCareSubMenu" time="6.276"/>
  <system-out/>
  <testcase classname="testModules.shopping.ShoppingTests" name="validateSkinCareSubMenu" time="5.564"/>
  <system-out/>
  <testcase classname="testModules.shopping.ShoppingTests" name="validateAcneSolutionsSubMenu" time="8.726"/>
  <system-out/>
  <testcase classname="testModules.shopping.ShoppingTests" name="validateAcneSolutionsSubMenu" time="8.668"/>
  <system-out/>
  <testcase classname="testModules.shopping.ShoppingTests" name="validateBodySubMenu" time="8.421"/>
  <system-out/>
  <testcase classname="testModules.shopping.ShoppingTests" name="validateBodySubMenu" time="8.191"/>
  <system-out/>
  <testcase classname="testModules.shopping.ShoppingTests" name="validateFaceSubMenu" time="11.349"/>
  <system-out/>
  <testcase classname="testModules.shopping.ShoppingTests" name="validateFaceSubMenu" time="10.851"/>
  <system-out/>
  <testcase classname="testModules.shopping.ShoppingTests" name="validateFashionMenu" time="6.964"/>
  <system-out/>
  <testcase classname="testModules.shopping.ShoppingTests" name="validateFashionMenu" time="6.735"/>
  <system-out/>
  <testcase classname="testModules.shopping.ShoppingTests" name="validateShopAllFashionSubMenu" time="8.225"/>
  <system-out/>
  <testcase classname="testModules.shopping.ShoppingTests" name="validateShopAllFashionSubMenu" time="8.327"/>
  <system-out/>
  <testcase classname="testModules.shopping.ShoppingTests" name="validateFashionAccesoriesSubMenu" time="7.040"/>
  <system-out/>
  <testcase classname="testModules.shopping.ShoppingTests" name="validateFashionAccesoriesSubMenu" time="6.624"/>
  <system-out/>
  <testcase classname="testModules.shopping.ShoppingTests" name="validateBagsSubMenu" time="8.711"/>
  <system-out/>
  <testcase classname="testModules.shopping.ShoppingTests" name="validateBagsSubMenu" time="8.647"/>
  <system-out/>
  <testcase classname="testModules.shopping.ShoppingTests" name="validateColdWeatherSubMenu" time="8.203"/>
  <system-out/>
  <testcase classname="testModules.shopping.ShoppingTests" name="validateColdWeatherSubMenu" time="8.214"/>
  <system-out/>
  <testcase classname="testModules.shopping.ShoppingTests" name="validateGlassesAndSunglassesSubMenu" time="7.991"/>
  <system-out/>
  <testcase classname="testModules.shopping.ShoppingTests" name="validateGlassesAndSunglassesSubMenu" time="8.764"/>
  <system-out/>
  <testcase classname="testModules.shopping.ShoppingTests" name="validateJewerlySubMenu" time="12.126"/>
  <system-out/>
  <testcase classname="testModules.shopping.ShoppingTests" name="validateJewerlySubMenu" time="11.509"/>
  <system-out/>
  <testcase classname="testModules.shopping.ShoppingTests" name="validateDressesSubMenu" time="7.831"/>
  <system-out/>
  <testcase classname="testModules.shopping.ShoppingTests" name="validateDressesSubMenu" time="8.401"/>
  <system-out/>
  <testcase classname="testModules.shopping.ShoppingTests" name="validateFootwareSubMenu" time="6.783"/>
  <system-out/>
  <testcase classname="testModules.shopping.ShoppingTests" name="validateFootwareSubMenu" time="7.456"/>
  <system-out/>
  <testcase classname="testModules.shopping.ShoppingTests" name="validateBootsSubMenu" time="8.161"/>
  <system-out/>
  <testcase classname="testModules.shopping.ShoppingTests" name="validateBootsSubMenu" time="9.410"/>
  <system-out/>
  <testcase classname="testModules.shopping.ShoppingTests" name="validateDressSubMenu" time="7.943"/>
  <system-out/>
  <testcase classname="testModules.shopping.ShoppingTests" name="validateDressSubMenu" time="8.027"/>
  <system-out/>
  <testcase classname="testModules.shopping.ShoppingTests" name="validateFlatsSubMenu" time="8.924"/>
  <system-out/>
  <testcase classname="testModules.shopping.ShoppingTests" name="validateFlatsSubMenu" time="8.231"/>
  <system-out/>
  <testcase classname="testModules.shopping.ShoppingTests" name="validateHeelsSubMenu" time="8.878"/>
  <system-out/>
  <testcase classname="testModules.shopping.ShoppingTests" name="validateHeelsSubMenu" time="8.425"/>
  <system-out/>
  <testcase classname="testModules.shopping.ShoppingTests" name="validateOutDoorSubMenu" time="10.806"/>
  <system-out/>
  <testcase classname="testModules.shopping.ShoppingTests" name="validateOutDoorSubMenu" time="9.457"/>
  <system-out/>
  <testcase classname="testModules.shopping.ShoppingTests" name="validateSandalsSubMenu" time="7.939"/>
  <system-out/>
  <testcase classname="testModules.shopping.ShoppingTests" name="validateSandalsSubMenu" time="8.036"/>
  <system-out/>
  <testcase classname="testModules.shopping.ShoppingTests" name="validateSneakersSubMenu" time="10.388"/>
  <system-out/>
  <testcase classname="testModules.shopping.ShoppingTests" name="validateSneakersSubMenu" time="9.622"/>
  <system-out/>
  <testcase classname="testModules.shopping.ShoppingTests" name="validateFormalWareSubMenu" time="9.827"/>
  <system-out/>
  <testcase classname="testModules.shopping.ShoppingTests" name="validateFormalWareSubMenu" time="8.772"/>
  <system-out/>
  <testcase classname="testModules.shopping.ShoppingTests" name="validateJacketsSubMenu" time="10.049"/>
  <system-out/>
  <testcase classname="testModules.shopping.ShoppingTests" name="validateJacketsSubMenu" time="9.524"/>
  <system-out/>
  <testcase classname="testModules.shopping.ShoppingTests" name="validateJeansSubMenu" time="8.961"/>
  <system-out/>
  <testcase classname="testModules.shopping.ShoppingTests" name="validateJeansSubMenu" time="9.460"/>
  <system-out/>
  <testcase classname="testModules.shopping.ShoppingTests" name="validateLoungeWareSubMenu" time="8.465"/>
  <system-out/>
  <testcase classname="testModules.shopping.ShoppingTests" name="validateLoungeWareSubMenu" time="8.295"/>
  <system-out/>
  <testcase classname="testModules.shopping.ShoppingTests" name="validatePantsSubMenu" time="8.493"/>
  <system-out/>
  <testcase classname="testModules.shopping.ShoppingTests" name="validatePantsSubMenu" time="9.157"/>
  <system-out/>
  <testcase classname="testModules.shopping.ShoppingTests" name="validateSweatersSubMenu" time="12.193"/>
  <system-out/>
  <testcase classname="testModules.shopping.ShoppingTests" name="validateSweatersSubMenu" time="10.468"/>
  <system-out/>
  <testcase classname="testModules.shopping.ShoppingTests" name="validateSwimsuitsSubMenu" time="9.673"/>
  <system-out/>
  <testcase classname="testModules.shopping.ShoppingTests" name="validateSwimsuitsSubMenu" time="10.004"/>
  <system-out/>
  <testcase classname="testModules.shopping.ShoppingTests" name="validateTopsSubMenu" time="8.668"/>
  <system-out/>
  <testcase classname="testModules.shopping.ShoppingTests" name="validateTopsSubMenu" time="8.751"/>
  <system-out/>
  <testcase classname="testModules.shopping.ShoppingTests" name="validateUnderwareSubMenu" time="10.239"/>
  <system-out/>
  <testcase classname="testModules.shopping.ShoppingTests" name="validateUnderwareSubMenu" time="12.183"/>
  <system-out/>
  <testcase classname="testModules.shopping.ShoppingTests" name="validateHomeMenu" time="5.875"/>
  <system-out/>
  <testcase classname="testModules.shopping.ShoppingTests" name="validateHomeMenu" time="8.887"/>
  <system-out/>
  <testcase classname="testModules.shopping.ShoppingTests" name="validateBathroomSubMenu" time="8.843"/>
  <system-out/>
  <testcase classname="testModules.shopping.ShoppingTests" name="validateBathroomSubMenu" time="9.721"/>
  <system-out/>
  <testcase classname="testModules.shopping.ShoppingTests" name="validateBeddingAndMatressSubMenu" time="9.751"/>
  <system-out/>
  <testcase classname="testModules.shopping.ShoppingTests" name="validateBeddingAndMatressSubMenu" time="9.897"/>
  <system-out/>
  <testcase classname="testModules.shopping.ShoppingTests" name="validateCleaningSubMenu" time="9.837"/>
  <system-out/>
  <testcase classname="testModules.shopping.ShoppingTests" name="validateCleaningSubMenu" time="11.714"/>
  <system-out/>
  <testcase classname="testModules.shopping.ShoppingTests" name="validateKitchenSubMenu" time="8.874"/>
  <system-out/>
  <testcase classname="testModules.shopping.ShoppingTests" name="validateKitchenSubMenu" time="9.903"/>
  <system-out/>
  <testcase classname="testModules.shopping.ShoppingTests" name="validateAppliancesSubMenu" time="8.637"/>
  <system-out/>
  <testcase classname="testModules.shopping.ShoppingTests" name="validateAppliancesSubMenu" time="9.696"/>
  <system-out/>
  <testcase classname="testModules.shopping.ShoppingTests" name="validatToolsSubMenu" time="16.869"/>
  <system-out/>
  <testcase classname="testModules.shopping.ShoppingTests" name="validatToolsSubMenu" time="12.273"/>
  <system-out/>
  <testcase classname="testModules.shopping.ShoppingTests" name="validateDecorSubMenu" time="10.936"/>
  <system-out/>
  <testcase classname="testModules.shopping.ShoppingTests" name="validateDecorSubMenu" time="12.763"/>
  <system-out/>
  <testcase classname="testModules.shopping.ShoppingTests" name="validateFurnitureSubMenu" time="11.422"/>
  <system-out/>
  <testcase classname="testModules.shopping.ShoppingTests" name="validateFurnitureSubMenu" time="6.890"/>
  <system-out/>
  <testcase classname="testModules.shopping.ShoppingTests" name="validateBedroomSubMenu" time="8.588"/>
  <system-out/>
  <testcase classname="testModules.shopping.ShoppingTests" name="validateBedroomSubMenu" time="8.766"/>
  <system-out/>
  <testcase classname="testModules.shopping.ShoppingTests" name="validateKidsRoomSubMenu" time="8.713"/>
  <system-out/>
  <testcase classname="testModules.shopping.ShoppingTests" name="validateKidsRoomSubMenu" time="8.946"/>
  <system-out/>
  <testcase classname="testModules.shopping.ShoppingTests" name="validateKitchenRoomSubMenu" time="8.657"/>
  <system-out/>
  <testcase classname="testModules.shopping.ShoppingTests" name="validateKitchenRoomSubMenu" time="8.608"/>
  <system-out/>
  <testcase classname="testModules.shopping.ShoppingTests" name="validateLivingRoomSubMenu" time="8.944"/>
  <system-out/>
  <testcase classname="testModules.shopping.ShoppingTests" name="validateLivingRoomSubMenu" time="9.395"/>
  <system-out/>
  <testcase classname="testModules.shopping.ShoppingTests" name="validateSecondOfficeSubMenu" time="11.199"/>
  <system-out/>
  <testcase classname="testModules.shopping.ShoppingTests" name="validateSecondOfficeSubMenu" time="10.694"/>
  <system-out/>
  <testcase classname="testModules.shopping.ShoppingTests" name="validateOfficeSubMenu" time="8.917"/>
  <system-out/>
  <testcase classname="testModules.shopping.ShoppingTests" name="validateOfficeSubMenu" time="9.839"/>
  <system-out/>
  <testcase classname="testModules.shopping.ShoppingTests" name="validateOrganizationSubMenu" time="8.889"/>
  <system-out/>
  <testcase classname="testModules.shopping.ShoppingTests" name="validateOrganizationSubMenu" time="8.548"/>
  <system-out/>
  <testcase classname="testModules.shopping.ShoppingTests" name="validateOutdoorSubMenu" time="6.831"/>
  <system-out/>
  <testcase classname="testModules.shopping.ShoppingTests" name="validateOutdoorSubMenu" time="7.365"/>
  <system-out/>
  <testcase classname="testModules.shopping.ShoppingTests" name="validateBackyardSubMenu" time="9.580"/>
  <system-out/>
  <testcase classname="testModules.shopping.ShoppingTests" name="validateBackyardSubMenu" time="9.362"/>
  <system-out/>
  <testcase classname="testModules.shopping.ShoppingTests" name="validateGardenSubMenu" time="8.075"/>
  <system-out/>
  <testcase classname="testModules.shopping.ShoppingTests" name="validateGardenSubMenu" time="9.162"/>
  <system-out/>
  <testcase classname="testModules.shopping.ShoppingTests" name="validateRecreationSubMenu" time="13.059"/>
  <system-out/>
  <testcase classname="testModules.shopping.ShoppingTests" name="validateRecreationSubMenu" time="17.042"/>
  <system-out/>
  <testcase classname="testModules.shopping.ShoppingTests" name="validateKidsMenu" time="10.282"/>
  <system-out/>
  <testcase classname="testModules.shopping.ShoppingTests" name="validateKidsMenu" time="9.570"/>
  <system-out/>
  <testcase classname="testModules.shopping.ShoppingTests" name="validatePetsMenu" time="9.650"/>
  <system-out/>
  <testcase classname="testModules.shopping.ShoppingTests" name="validatePetsMenu" time="10.762"/>
  <system-out/>
  <testcase classname="testModules.shopping.ShoppingTests" name="validateSexToysMenu" time="8.048"/>
  <system-out/>
  <testcase classname="testModules.shopping.ShoppingTests" name="validateSexToysMenu" time="9.089"/>
  <system-out/>
  <testcase classname="testModules.shopping.ShoppingTests" name="validateSportsAndFitnessMenu" time="6.154"/>
  <system-out/>
  <testcase classname="testModules.shopping.ShoppingTests" name="validateSportsAndFitnessMenu" time="6.265"/>
  <system-out/>
  <testcase classname="testModules.shopping.ShoppingTests" name="validateShopAllSportsAndFitnessMenu" time="10.848"/>
  <system-out/>
  <testcase classname="testModules.shopping.ShoppingTests" name="validateShopAllSportsAndFitnessMenu" time="9.179"/>
  <system-out/>
  <testcase classname="testModules.shopping.ShoppingTests" name="validateFitnessAccesoriesMenu" time="9.857"/>
  <system-out/>
  <testcase classname="testModules.shopping.ShoppingTests" name="validateFitnessAccesoriesMenu" time="9.159"/>
  <system-out/>
  <testcase classname="testModules.shopping.ShoppingTests" name="validateMachineryMenu" time="9.321"/>
  <system-out/>
  <testcase classname="testModules.shopping.ShoppingTests" name="validateMachineryMenu" time="10.202"/>
  <system-out/>
  <testcase classname="testModules.shopping.ShoppingTests" name="validatePersonalCareMenu" time="10.849"/>
  <system-out/>
  <testcase classname="testModules.shopping.ShoppingTests" name="validatePersonalCareMenu" time="9.603"/>
  <system-out/>
  <testcase classname="testModules.shopping.ShoppingTests" name="validateStoresMenu" time="5.836"/>
  <system-out/>
  <testcase classname="testModules.shopping.ShoppingTests" name="validateStoresMenu" time="6.396"/>
  <system-out/>
  <testcase classname="testModules.shopping.ShoppingTests" name="validateShopAllStoresMenu" time="9.014"/>
  <system-out/>
  <testcase classname="testModules.shopping.ShoppingTests" name="validateShopAllStoresMenu" time="9.098"/>
  <system-out/>
  <testcase classname="testModules.shopping.ShoppingTests" name="validateAmazonMenu" time="8.548"/>
  <system-out/>
  <testcase classname="testModules.shopping.ShoppingTests" name="validateAmazonMenu" time="9.869"/>
  <system-out/>
  <testcase classname="testModules.shopping.ShoppingTests" name="validateEtsyMenu" time="9.874"/>
  <system-out/>
  <testcase classname="testModules.shopping.ShoppingTests" name="validateEtsyMenu" time="8.971"/>
  <system-out/>
  <testcase classname="testModules.shopping.ShoppingTests" name="validateNordstromMenu" time="9.485"/>
  <system-out/>
  <testcase classname="testModules.shopping.ShoppingTests" name="validateNordstromMenu" time="8.971"/>
  <system-out/>
  <testcase classname="testModules.shopping.ShoppingTests" name="validateSephoraMenu" time="9.607"/>
  <system-out/>
  <testcase classname="testModules.shopping.ShoppingTests" name="validateSephoraMenu" time="9.553"/>
  <system-out/>
  <testcase classname="testModules.shopping.ShoppingTests" name="validateShopSmallMenu" time="8.689"/>
  <system-out/>
  <testcase classname="testModules.shopping.ShoppingTests" name="validateShopSmallMenu" time="9.687"/>
  <system-out/>
  <testcase classname="testModules.shopping.ShoppingTests" name="validateTargetMenu" time="9.670"/>
  <system-out/>
  <testcase classname="testModules.shopping.ShoppingTests" name="validateTargetMenu" time="9.412"/>
  <system-out/>
  <testcase classname="testModules.shopping.ShoppingTests" name="validateWalmartMenu" time="9.931"/>
  <system-out/>
  <testcase classname="testModules.shopping.ShoppingTests" name="validateWalmartMenu" time="8.796"/>
  <system-out/>
  <testcase classname="testModules.shopping.ShoppingTests" name="validateWayfairMenu" time="9.346"/>
  <system-out/>
  <testcase classname="testModules.shopping.ShoppingTests" name="validateWayfairMenu" time="10.164"/>
  <system-out/>
  <testcase classname="testModules.shopping.ShoppingTests" name="validateSubscriptionsMenu" time="7.886"/>
  <system-out/>
  <testcase classname="testModules.shopping.ShoppingTests" name="validateSubscriptionsMenu" time="8.762"/>
  <system-out/>
  <testcase classname="testModules.shopping.ShoppingTests" name="validateTechMenu" time="7.015"/>
  <system-out/>
  <testcase classname="testModules.shopping.ShoppingTests" name="validateTechMenu" time="6.545"/>
  <system-out/>
  <testcase classname="testModules.shopping.ShoppingTests" name="validateShopAllTechMenu" time="8.020"/>
  <system-out/>
  <testcase classname="testModules.shopping.ShoppingTests" name="validateShopAllTechMenu" time="8.550"/>
  <system-out/>
  <testcase classname="testModules.shopping.ShoppingTests" name="validateTechAccessoriesMenu" time="7.927"/>
  <system-out/>
  <testcase classname="testModules.shopping.ShoppingTests" name="validateTechAccessoriesMenu" time="10.273"/>
  <system-out/>
  <testcase classname="testModules.shopping.ShoppingTests" name="validateGadgetsMenu" time="8.199"/>
  <system-out/>
  <testcase classname="testModules.shopping.ShoppingTests" name="validateGadgetsMenu" time="7.711"/>
  <system-out/>
  <testcase classname="testModules.shopping.ShoppingTests" name="validateHomeElectronicsMenu" time="10.952"/>
  <system-out/>
  <testcase classname="testModules.shopping.ShoppingTests" name="validateHomeElectronicsMenu" time="11.851"/>
  <system-out/>
  <testcase classname="testModules.shopping.ShoppingTests" name="validateFeatureStoriesTitle" time="1.059"/>
  <system-out/>
  <testcase classname="testModules.shopping.ShoppingTests" name="validateFeatureStoriesTitle" time="1.071"/>
  <system-out/>
  <testcase classname="testModules.shopping.ShoppingTests" name="validateFeatureStoriesDisplays" time="2.781"/>
  <system-out/>
  <testcase classname="testModules.shopping.ShoppingTests" name="validateFeatureStoriesDisplays" time="3.506"/>
  <system-out/>
</testsuite> <!-- testModules.shopping.ShoppingTests -->
