<?xml version="1.0" encoding="UTF-8"?>
<!-- Generated by org.testng.reporters.JUnitReportReporter -->
<testsuite skipped="0" hostname="Gabrielas-MBP.fibertel.com.ar" name="testModules.profile.RecentlyViewedEmptyTests2" tests="2" failures="0" timestamp="2023-08-09T11:24:53 ART" time="4.040" errors="0">
  <testcase name="testRecentlyViewedTab" time="3.793" classname="testModules.profile.RecentlyViewedEmptyTests2"/>
  <system-out/>
  <testcase name="testRecentlyViewedEmpty" time="0.247" classname="testModules.profile.RecentlyViewedEmptyTests2"/>
  <system-out/>
</testsuite> <!-- testModules.profile.RecentlyViewedEmptyTests2 -->
