<?xml version="1.0" encoding="UTF-8"?>
<!-- Generated by org.testng.reporters.JUnitReportReporter -->
<testsuite skipped="0" hostname="Gabrielas-MBP.fibertel.com.ar" name="testModules.search.SuggestedSearchesTests3" tests="6" failures="0" timestamp="2022-07-26T12:43:07 ART" time="132.257" errors="0">
  <testcase name="testSuggestedSearches" time="0.927" classname="testModules.search.SuggestedSearchesTests3"/>
  <system-out/>
  <testcase name="testSearchResults" time="0.655" classname="testModules.search.SuggestedSearchesTests3"/>
  <system-out/>
  <testcase name="testRecentSearches" time="2.216" classname="testModules.search.SuggestedSearchesTests3"/>
  <system-out/>
  <testcase name="validateShoppingSearch" time="50.650" classname="testModules.search.SuggestedSearchesTests3"/>
  <system-out/>
  <testcase name="clickOnAmazonPost" time="50.350" classname="testModules.search.SuggestedSearchesTests3"/>
  <system-out/>
  <testcase name="scrollDownOnPosts" time="27.459" classname="testModules.search.SuggestedSearchesTests3"/>
  <system-out/>
</testsuite> <!-- testModules.search.SuggestedSearchesTests3 -->
