<?xml version="1.0" encoding="UTF-8"?>
<!-- Generated by org.testng.reporters.JUnitReportReporter -->
<testsuite skipped="0" hostname="Gabrielas-MBP.fibertel.com.ar" name="testModules.quizzes.quizzesTypes.QuizInstantTests" tests="23" failures="0" timestamp="2022-06-02T00:18:59 ART" time="31.808" errors="0">
  <testcase name="testSearchInstantQuiz" time="12.749" classname="testModules.quizzes.quizzesTypes.QuizInstantTests"/>
  <system-out/>
  <testcase name="testQuizTitleIsPresentAtBeginning" time="2.063" classname="testModules.quizzes.quizzesTypes.QuizInstantTests"/>
  <system-out/>
  <testcase name="testMainImageIsPresent" time="0.356" classname="testModules.quizzes.quizzesTypes.QuizInstantTests"/>
  <system-out/>
  <testcase name="testSubTextIsPresent" time="0.159" classname="testModules.quizzes.quizzesTypes.QuizInstantTests"/>
  <system-out/>
  <testcase name="testAuthorInfoIsPresent" time="0.146" classname="testModules.quizzes.quizzesTypes.QuizInstantTests"/>
  <system-out/>
  <testcase name="testPlayWithFriendsButtonIsPresent" time="0.298" classname="testModules.quizzes.quizzesTypes.QuizInstantTests"/>
  <system-out/>
  <testcase name="testPlayNowButton" time="0.446" classname="testModules.quizzes.quizzesTypes.QuizInstantTests"/>
  <system-out/>
  <testcase name="testQuestion1Countdown" time="0.893" classname="testModules.quizzes.quizzesTypes.QuizInstantTests"/>
  <system-out/>
  <testcase name="testQuestion1" time="1.019" classname="testModules.quizzes.quizzesTypes.QuizInstantTests"/>
  <system-out/>
  <testcase name="testQuestion2Countdown" time="0.530" classname="testModules.quizzes.quizzesTypes.QuizInstantTests"/>
  <system-out/>
  <testcase name="testQuestion2" time="1.009" classname="testModules.quizzes.quizzesTypes.QuizInstantTests"/>
  <system-out/>
  <testcase name="testQuestion3Countdown" time="0.485" classname="testModules.quizzes.quizzesTypes.QuizInstantTests"/>
  <system-out/>
  <testcase name="testQuestion3" time="1.017" classname="testModules.quizzes.quizzesTypes.QuizInstantTests"/>
  <system-out/>
  <testcase name="testQuestion4Countdown" time="0.491" classname="testModules.quizzes.quizzesTypes.QuizInstantTests"/>
  <system-out/>
  <testcase name="testQuestion4" time="1.006" classname="testModules.quizzes.quizzesTypes.QuizInstantTests"/>
  <system-out/>
  <testcase name="testQuestion5Countdown" time="0.495" classname="testModules.quizzes.quizzesTypes.QuizInstantTests"/>
  <system-out/>
  <testcase name="testQuestion5" time="1.006" classname="testModules.quizzes.quizzesTypes.QuizInstantTests"/>
  <system-out/>
  <testcase name="testQuestion6Countdown" time="0.502" classname="testModules.quizzes.quizzesTypes.QuizInstantTests"/>
  <system-out/>
  <testcase name="testQuestion6" time="1.049" classname="testModules.quizzes.quizzesTypes.QuizInstantTests"/>
  <system-out/>
  <testcase name="testQuizTitleResultScreenIsPresent" time="0.866" classname="testModules.quizzes.quizzesTypes.QuizInstantTests"/>
  <system-out/>
  <testcase name="testImageResultScreenIsPresent" time="0.481" classname="testModules.quizzes.quizzesTypes.QuizInstantTests"/>
  <system-out/>
  <testcase name="testDescriptionsResultScreenArePresent" time="1.805" classname="testModules.quizzes.quizzesTypes.QuizInstantTests"/>
  <system-out/>
  <testcase name="testResultsSubTab" time="2.937" classname="testModules.quizzes.quizzesTypes.QuizInstantTests"/>
  <system-out/>
</testsuite> <!-- testModules.quizzes.quizzesTypes.QuizInstantTests -->
