<?xml version="1.0" encoding="UTF-8"?>
<!-- Generated by org.testng.reporters.JUnitReportReporter -->
<testsuite skipped="0" hostname="Gabrielas-MBP.fibertel.com.ar" name="testModules.profile.RecentlyViewedTests7" tests="2" failures="0" timestamp="2023-08-09T11:24:53 ART" time="26.697" errors="0">
  <testcase name="testRecentlyViewedBapge" time="26.407" classname="testModules.profile.RecentlyViewedTests7"/>
  <system-out/>
  <testcase name="testRecentlyViewedScreen" time="0.290" classname="testModules.profile.RecentlyViewedTests7"/>
  <system-out/>
</testsuite> <!-- testModules.profile.RecentlyViewedTests7 -->
