<?xml version="1.0" encoding="UTF-8"?>
<!-- Generated by org.testng.reporters.JUnitReportReporter -->
<testsuite skipped="0" hostname="Gabrielas-MBP.fibertel.com.ar" name="testModules.quizzes.QuizzesLatestTests" tests="15" failures="0" timestamp="2023-04-24T15:20:22 ART" time="203.275" errors="0">
  <testcase name="tapQuizzesTab" time="0.733" classname="testModules.quizzes.QuizzesLatestTests"/>
  <system-out/>
  <testcase name="verifyQuizzesHeaderIsPresent" time="0.270" classname="testModules.quizzes.QuizzesLatestTests"/>
  <system-out/>
  <testcase name="tapSplash" time="3.116" classname="testModules.quizzes.QuizzesLatestTests"/>
  <system-out/>
  <testcase name="tapFirstCell" time="3.107" classname="testModules.quizzes.QuizzesLatestTests"/>
  <system-out/>
  <testcase name="tapOnMatchups" time="50.066" classname="testModules.quizzes.QuizzesLatestTests"/>
  <system-out/>
  <testcase name="tapOnAIQuizzes" time="2.801" classname="testModules.quizzes.QuizzesLatestTests"/>
  <system-out/>
  <testcase name="tapOnTrending" time="4.882" classname="testModules.quizzes.QuizzesLatestTests"/>
  <system-out/>
  <testcase name="tapOnResults" time="2.132" classname="testModules.quizzes.QuizzesLatestTests"/>
  <system-out/>
  <testcase name="tapOnFood" time="50.081" classname="testModules.quizzes.QuizzesLatestTests"/>
  <system-out/>
  <testcase name="tapOnTrivia" time="5.053" classname="testModules.quizzes.QuizzesLatestTests"/>
  <system-out/>
  <testcase name="tapOnMore" time="1.048" classname="testModules.quizzes.QuizzesLatestTests"/>
  <system-out/>
  <testcase name="tapOnCanWeGuess" time="14.799" classname="testModules.quizzes.QuizzesLatestTests"/>
  <system-out/>
  <testcase name="tapOnDisney" time="53.851" classname="testModules.quizzes.QuizzesLatestTests"/>
  <system-out/>
  <testcase name="tapOnWhoAreYou" time="5.144" classname="testModules.quizzes.QuizzesLatestTests"/>
  <system-out/>
  <testcase name="tapOnLove" time="6.192" classname="testModules.quizzes.QuizzesLatestTests"/>
  <system-out/>
</testsuite> <!-- testModules.quizzes.QuizzesLatestTests -->
