<?xml version="1.0" encoding="UTF-8"?>
<!-- Generated by org.testng.reporters.JUnitReportReporter -->
<testsuite skipped="0" hostname="Gabrielas-MBP.fibertel.com.ar" name="testModules.home.HomeTrendingVisualFeed" tests="13" failures="0" timestamp="2023-09-05T18:41:17 ART" time="172.061" errors="0">
  <testcase name="validateCommentsButton" time="20.101" classname="testModules.home.HomeTrendingVisualFeed"/>
  <system-out/>
  <testcase name="validateBookmarksButton" time="35.009" classname="testModules.home.HomeTrendingVisualFeed"/>
  <system-out/>
  <testcase name="validateShareButton" time="6.109" classname="testModules.home.HomeTrendingVisualFeed"/>
  <system-out/>
  <testcase name="validateViewsButton" time="6.664" classname="testModules.home.HomeTrendingVisualFeed"/>
  <system-out/>
  <testcase name="validateAuthorButton" time="5.317" classname="testModules.home.HomeTrendingVisualFeed"/>
  <system-out/>
  <testcase name="scrollDownOnVisualFeed" time="66.645" classname="testModules.home.HomeTrendingVisualFeed"/>
  <system-out/>
  <testcase name="isContinueReadingLblDisplayed" time="2.528" classname="testModules.home.HomeTrendingVisualFeed"/>
  <system-out/>
  <testcase name="tapOnLifeBtn" time="4.995" classname="testModules.home.HomeTrendingVisualFeed"/>
  <system-out/>
  <testcase name="tapOnVideosBtn" time="4.691" classname="testModules.home.HomeTrendingVisualFeed"/>
  <system-out/>
  <testcase name="tapOnCelebrityBtn" time="5.119" classname="testModules.home.HomeTrendingVisualFeed"/>
  <system-out/>
  <testcase name="tapOnAnimalsBtn" time="5.019" classname="testModules.home.HomeTrendingVisualFeed"/>
  <system-out/>
  <testcase name="tapOnFoodBtn" time="5.121" classname="testModules.home.HomeTrendingVisualFeed"/>
  <system-out/>
  <testcase name="tapOnMusicBtn" time="4.743" classname="testModules.home.HomeTrendingVisualFeed"/>
  <system-out/>
</testsuite> <!-- testModules.home.HomeTrendingVisualFeed -->
