<?xml version="1.0" encoding="UTF-8"?>
<!-- Generated by org.testng.reporters.JUnitReportReporter -->
<testsuite skipped="0" hostname="Gabrielas-MBP.fibertel.com.ar" name="testModules.profile.WishlistTests3" tests="11" failures="0" timestamp="2023-08-09T11:24:53 ART" time="392.593" errors="0">
  <testcase name="testWishlistTab" time="1.242" classname="testModules.profile.WishlistTests3"/>
  <system-out/>
  <testcase name="testWishlistEmpty" time="3.314" classname="testModules.profile.WishlistTests3"/>
  <system-out/>
  <testcase name="testExploreButton" time="4.537" classname="testModules.profile.WishlistTests3"/>
  <system-out/>
  <testcase name="testAddToWishlist" time="15.874" classname="testModules.profile.WishlistTests3"/>
  <system-out/>
  <testcase name="testAddedToWishlist" time="147.733" classname="testModules.profile.WishlistTests3"/>
  <system-out/>
  <testcase name="testGetItButton" time="3.422" classname="testModules.profile.WishlistTests3"/>
  <system-out/>
  <testcase name="testCancelButton" time="5.556" classname="testModules.profile.WishlistTests3"/>
  <system-out/>
  <testcase name="testRemoveFromWishlist" time="34.649" classname="testModules.profile.WishlistTests3"/>
  <system-out/>
  <testcase name="testWishlistAfterRemoval" time="5.288" classname="testModules.profile.WishlistTests3"/>
  <system-out/>
  <testcase name="testAddingOneItemToWishList" time="16.470" classname="testModules.profile.WishlistTests3"/>
  <system-out/>
  <testcase name="testVerifySingleItemAdded" time="154.508" classname="testModules.profile.WishlistTests3"/>
  <system-out/>
</testsuite> <!-- testModules.profile.WishlistTests3 -->
