<?xml version="1.0" encoding="UTF-8"?>
<!-- Generated by org.testng.reporters.JUnitReportReporter -->
<testsuite skipped="0" hostname="Gabrielas-MBP.fibertel.com.ar" name="testModules.bpage.NatBpageEmbedsTests3" tests="10" failures="0" timestamp="2023-06-15T21:01:27 ART" time="132.387" errors="0">
  <testcase name="testSearchIGYTNativeBpage" time="14.684" classname="testModules.bpage.NatBpageEmbedsTests3"/>
  <system-out/>
  <testcase name="testIGEmbedIsPresent" time="6.494" classname="testModules.bpage.NatBpageEmbedsTests3"/>
  <system-out/>
  <testcase name="testTapIGProfileIsPresent" time="0.086" classname="testModules.bpage.NatBpageEmbedsTests3"/>
  <system-out/>
  <testcase name="testSearchYTVideoNativeBpage" time="14.268" classname="testModules.bpage.NatBpageEmbedsTests3"/>
  <system-out/>
  <testcase name="testPlayYTButtonIsPresent" time="2.784" classname="testModules.bpage.NatBpageEmbedsTests3"/>
  <system-out/>
  <testcase name="testSearchTwitterNativeBpage" time="15.668" classname="testModules.bpage.NatBpageEmbedsTests3"/>
  <system-out/>
  <testcase name="testTWEmbedIsPresent" time="6.533" classname="testModules.bpage.NatBpageEmbedsTests3"/>
  <system-out/>
  <testcase name="testSearchIGVideoNativeBpage" time="16.185" classname="testModules.bpage.NatBpageEmbedsTests3"/>
  <system-out/>
  <testcase name="testSearchTikTokVideoNativeBpage" time="15.377" classname="testModules.bpage.NatBpageEmbedsTests3"/>
  <system-out/>
  <testcase name="testTikTokVideoIsPresent" time="40.308" classname="testModules.bpage.NatBpageEmbedsTests3"/>
  <system-out/>
</testsuite> <!-- testModules.bpage.NatBpageEmbedsTests3 -->
