<?xml version="1.0" encoding="UTF-8"?>
<!-- Generated by org.testng.reporters.JUnitReportReporter -->
<testsuite skipped="0" hostname="Gabrielas-MBP.fibertel.com.ar" name="testModules.bpage.NatBpageCommentsTests7" tests="16" failures="0" timestamp="2023-09-05T21:56:40 ART" time="82.245" errors="0">
  <testcase name="testSearchNativeBpage" time="19.510" classname="testModules.bpage.NatBpageCommentsTests7"/>
  <system-out/>
  <testcase name="verifyCommentsBtnIsPresent" time="3.910" classname="testModules.bpage.NatBpageCommentsTests7"/>
  <system-out/>
  <testcase name="addComment" time="3.409" classname="testModules.bpage.NatBpageCommentsTests7"/>
  <system-out/>
  <testcase name="verifyPostButtonIsPresent" time="0.473" classname="testModules.bpage.NatBpageCommentsTests7"/>
  <system-out/>
  <testcase name="tapPostButton" time="1.358" classname="testModules.bpage.NatBpageCommentsTests7"/>
  <system-out/>
  <testcase name="testEnterEmail" time="2.558" classname="testModules.bpage.NatBpageCommentsTests7"/>
  <system-out/>
  <testcase name="testEnterPassword" time="13.058" classname="testModules.bpage.NatBpageCommentsTests7"/>
  <system-out/>
  <testcase name="verifyMostHeartSectionIsPresent" time="2.468" classname="testModules.bpage.NatBpageCommentsTests7"/>
  <system-out/>
  <testcase name="verifyMostHeartSectionLoads" time="5.042" classname="testModules.bpage.NatBpageCommentsTests7"/>
  <system-out/>
  <testcase name="verifyMostRecentSectionIsPresent" time="1.475" classname="testModules.bpage.NatBpageCommentsTests7"/>
  <system-out/>
  <testcase name="verifyUserIsPresentOnMoreRecentSection" time="4.199" classname="testModules.bpage.NatBpageCommentsTests7"/>
  <system-out/>
  <testcase name="verifyCommentIsPresent" time="1.139" classname="testModules.bpage.NatBpageCommentsTests7"/>
  <system-out/>
  <testcase name="tapLikeCommentButton" time="0.975" classname="testModules.bpage.NatBpageCommentsTests7"/>
  <system-out/>
  <testcase name="verifyReplyButtonIsPresent" time="6.174" classname="testModules.bpage.NatBpageCommentsTests7"/>
  <system-out/>
  <testcase name="replyComment" time="4.235" classname="testModules.bpage.NatBpageCommentsTests7"/>
  <system-out/>
  <testcase name="verifyReplyCommentIsPresent" time="12.262" classname="testModules.bpage.NatBpageCommentsTests7"/>
  <system-out/>
</testsuite> <!-- testModules.bpage.NatBpageCommentsTests7 -->
