<?xml version="1.0" encoding="UTF-8"?>
<!-- Generated by org.testng.reporters.JUnitReportReporter -->
<testsuite skipped="0" hostname="Gabrielas-MBP.fibertel.com.ar" name="testModules.home.ShowsSubTabTests" tests="1" failures="0" timestamp="2023-04-24T17:18:41 ART" time="61.699" errors="0">
  <testcase name="tapShows" time="61.699" classname="testModules.home.ShowsSubTabTests"/>
  <system-out/>
</testsuite> <!-- testModules.home.ShowsSubTabTests -->
