<?xml version="1.0" encoding="UTF-8"?>
<!-- Generated by org.testng.reporters.JUnitReportReporter -->
<testsuite skipped="0" hostname="Gabrielas-MBP.fibertel.com.ar" name="testModules.bpage.NatBpageTests1" tests="21" failures="0" timestamp="2022-11-29T16:30:41 ART" time="197.684" errors="0">
  <testcase name="disableAdExp" time="77.639" classname="testModules.bpage.NatBpageTests1"/>
  <system-out/>
  <testcase name="testSearchNativeBpage" time="13.654" classname="testModules.bpage.NatBpageTests1"/>
  <system-out/>
  <testcase name="verifyDataCategoryArePresent" time="0.404" classname="testModules.bpage.NatBpageTests1"/>
  <system-out/>
  <testcase name="verifyTitleIsPresent" time="0.802" classname="testModules.bpage.NatBpageTests1"/>
  <system-out/>
  <testcase name="verifySubTitleIsPresent" time="0.406" classname="testModules.bpage.NatBpageTests1"/>
  <system-out/>
  <testcase name="verifyAuthorInfoIsPresentOnBpage" time="0.795" classname="testModules.bpage.NatBpageTests1"/>
  <system-out/>
  <testcase name="verifyImagePresentOnBpage" time="0.405" classname="testModules.bpage.NatBpageTests1"/>
  <system-out/>
  <testcase name="tapImage" time="0.573" classname="testModules.bpage.NatBpageTests1"/>
  <system-out/>
  <testcase name="verifyShareButtonIsPresentOnMV" time="0.437" classname="testModules.bpage.NatBpageTests1"/>
  <system-out/>
  <testcase name="tapShareButtonOnMV" time="1.928" classname="testModules.bpage.NatBpageTests1"/>
  <system-out/>
  <testcase name="verifyDismissMV" time="1.666" classname="testModules.bpage.NatBpageTests1"/>
  <system-out/>
  <testcase name="tapInternalLink" time="3.726" classname="testModules.bpage.NatBpageTests1"/>
  <system-out/>
  <testcase name="verifyInternalLinkLoadsFine" time="0.000" classname="testModules.bpage.NatBpageTests1"/>
  <system-out/>
  <testcase name="verifyShareButtonIsPresent" time="0.181" classname="testModules.bpage.NatBpageTests1"/>
  <system-out/>
  <testcase name="tapShareButtonOnBpage" time="9.982" classname="testModules.bpage.NatBpageTests1"/>
  <system-out/>
  <testcase name="verifyCopyLinkbuttonIsPresent" time="4.980" classname="testModules.bpage.NatBpageTests1"/>
  <system-out/>
  <testcase name="testTapCopyLinkAndToast" time="1.589" classname="testModules.bpage.NatBpageTests1"/>
  <system-out/>
  <testcase name="verifyMoreOnThisHeaderIsPresent" time="10.081" classname="testModules.bpage.NatBpageTests1"/>
  <system-out/>
  <testcase name="verifyMoreLikeThisHeaderIsPresent" time="16.931" classname="testModules.bpage.NatBpageTests1"/>
  <system-out/>
  <testcase name="verifyMoreLikeThisBpageIsPresent" time="44.325" classname="testModules.bpage.NatBpageTests1"/>
  <system-out/>
  <testcase name="tapFirstMoreLikeThisBpage" time="7.180" classname="testModules.bpage.NatBpageTests1"/>
  <system-out/>
</testsuite> <!-- testModules.bpage.NatBpageTests1 -->
