<?xml version="1.0" encoding="UTF-8"?>
<!-- Generated by org.testng.reporters.JUnitReportReporter -->
<testsuite skipped="1" hostname="Gabrielas-MBP.fibertel.com.ar" name="testModules.home.HomeLatestNewNavTests" tests="23" failures="0" timestamp="2022-11-29T17:09:40 ART" time="517.970" errors="0">
  <testcase name="testAllowButton" time="16.333" classname="testModules.home.HomeLatestNewNavTests"/>
  <system-out/>
  <testcase name="disableAdExp" time="134.251" classname="testModules.home.HomeLatestNewNavTests"/>
  <system-out/>
  <testcase name="verifyBuzzFeedLogo" time="1.062" classname="testModules.home.HomeLatestNewNavTests"/>
  <system-out/>
  <testcase name="tapSplash" time="39.721" classname="testModules.home.HomeLatestNewNavTests"/>
  <system-out/>
  <testcase name="tapFirstBpage" time="15.829" classname="testModules.home.HomeLatestNewNavTests"/>
  <system-out/>
  <testcase name="tapItemsShoppingPackage" time="62.951" classname="testModules.home.HomeLatestNewNavTests"/>
  <system-out/>
  <testcase name="openTrendingModal" time="60.257" classname="testModules.home.HomeLatestNewNavTests"/>
  <system-out/>
  <testcase name="tapOnTrending" time="13.252" classname="testModules.home.HomeLatestNewNavTests"/>
  <system-out/>
  <testcase name="tapOnCelebrity" time="18.272" classname="testModules.home.HomeLatestNewNavTests"/>
  <system-out/>
  <testcase name="tapOnFood" time="13.824" classname="testModules.home.HomeLatestNewNavTests"/>
  <system-out/>
  <testcase name="tapOnTVAndMovies" time="18.628" classname="testModules.home.HomeLatestNewNavTests"/>
  <system-out/>
  <testcase name="tapOnMore1" time="10.992" classname="testModules.home.HomeLatestNewNavTests"/>
  <system-out/>
  <testcase name="tapOnCoronavirus" time="13.048" classname="testModules.home.HomeLatestNewNavTests"/>
  <system-out/>
  <testcase name="tapOnVideos" time="3.620" classname="testModules.home.HomeLatestNewNavTests"/>
  <system-out/>
  <testcase name="tapOnAnimals" time="26.568" classname="testModules.home.HomeLatestNewNavTests"/>
  <system-out/>
  <testcase name="tapOnBooks" time="8.244" classname="testModules.home.HomeLatestNewNavTests"/>
  <system-out/>
  <testcase name="tapOnComunity" time="8.523" classname="testModules.home.HomeLatestNewNavTests"/>
  <system-out/>
  <testcase name="tapOnHealth" time="19.207" classname="testModules.home.HomeLatestNewNavTests"/>
  <system-out/>
  <testcase name="tapOnLGBTQ" time="8.097" classname="testModules.home.HomeLatestNewNavTests"/>
  <system-out/>
  <testcase name="tapOnNifty" time="8.255" classname="testModules.home.HomeLatestNewNavTests"/>
  <system-out/>
  <testcase name="tapOnParents" time="8.446" classname="testModules.home.HomeLatestNewNavTests"/>
  <system-out/>
  <testcase name="tapOnRewind" time="8.590" classname="testModules.home.HomeLatestNewNavTests"/>
  <system-out/>
  <testcase name="enableTrendingPackageExp" classname="testModules.home.HomeLatestNewNavTests">
    <skipped/>
  </testcase> <!-- enableTrendingPackageExp -->
  <system-out/>
</testsuite> <!-- testModules.home.HomeLatestNewNavTests -->
