<?xml version="1.0" encoding="UTF-8"?>
<!-- Generated by org.testng.reporters.JUnitReportReporter -->
<testsuite skipped="0" hostname="Gabrielas-MBP.fibertel.com.ar" name="testModules.search.SuggestedSearchesTests3" tests="6" failures="0" timestamp="2023-06-15T19:18:26 ART" time="52.562" errors="0">
  <testcase name="testSuggestedSearches" time="2.308" classname="testModules.search.SuggestedSearchesTests3"/>
  <system-out/>
  <testcase name="testSearchResults" time="1.697" classname="testModules.search.SuggestedSearchesTests3"/>
  <system-out/>
  <testcase name="testRecentSearches" time="6.255" classname="testModules.search.SuggestedSearchesTests3"/>
  <system-out/>
  <testcase name="validateShoppingSearch" time="5.741" classname="testModules.search.SuggestedSearchesTests3"/>
  <system-out/>
  <testcase name="clickOnAmazonPost" time="2.161" classname="testModules.search.SuggestedSearchesTests3"/>
  <system-out/>
  <testcase name="scrollDownOnPosts" time="34.400" classname="testModules.search.SuggestedSearchesTests3"/>
  <system-out/>
</testsuite> <!-- testModules.search.SuggestedSearchesTests3 -->
