<?xml version="1.0" encoding="UTF-8"?>
<!-- Generated by org.testng.reporters.JUnitReportReporter -->
<testsuite skipped="0" hostname="Gabrielas-MBP.fibertel.com.ar" name="testModules.profile.MyPostsTests5" tests="1" failures="0" timestamp="2023-06-15T20:50:32 ART" time="17.699" errors="0">
  <testcase name="testMyPosts" time="17.699" classname="testModules.profile.MyPostsTests5"/>
  <system-out/>
</testsuite> <!-- testModules.profile.MyPostsTests5 -->
