<?xml version="1.0" encoding="UTF-8"?>
<!-- Generated by org.testng.reporters.JUnitReportReporter -->
<testsuite skipped="0" hostname="Gabrielas-MBP.fibertel.com.ar" name="testModules.quizzes.quizzesTypes.QuizTriviaTests" tests="35" failures="0" timestamp="2022-11-29T16:54:16 ART" time="240.127" errors="0">
  <testcase name="testSearchTriviaQuiz" time="21.642" classname="testModules.quizzes.quizzesTypes.QuizTriviaTests"/>
  <system-out/>
  <testcase name="testQuizTitleIsPresentAtBeginning" time="4.864" classname="testModules.quizzes.quizzesTypes.QuizTriviaTests"/>
  <system-out/>
  <testcase name="testImageIsPresent" time="2.457" classname="testModules.quizzes.quizzesTypes.QuizTriviaTests"/>
  <system-out/>
  <testcase name="testSubTextIsPresent" time="0.753" classname="testModules.quizzes.quizzesTypes.QuizTriviaTests"/>
  <system-out/>
  <testcase name="testAuthorInfoIsPresent" time="0.737" classname="testModules.quizzes.quizzesTypes.QuizTriviaTests"/>
  <system-out/>
  <testcase name="testPlayWithFriendsButton" time="1.603" classname="testModules.quizzes.quizzesTypes.QuizTriviaTests"/>
  <system-out/>
  <testcase name="testPlayNowButton" time="1.978" classname="testModules.quizzes.quizzesTypes.QuizTriviaTests"/>
  <system-out/>
  <testcase name="testProgressBar1" time="1.538" classname="testModules.quizzes.quizzesTypes.QuizTriviaTests"/>
  <system-out/>
  <testcase name="testSendFirstAnswer" time="6.034" classname="testModules.quizzes.quizzesTypes.QuizTriviaTests"/>
  <system-out/>
  <testcase name="testCorrectTextIsPresent" time="1.735" classname="testModules.quizzes.quizzesTypes.QuizTriviaTests"/>
  <system-out/>
  <testcase name="testFirstAnswerTextIsPresent" time="0.702" classname="testModules.quizzes.quizzesTypes.QuizTriviaTests"/>
  <system-out/>
  <testcase name="testNextButtonIsPresent" time="0.706" classname="testModules.quizzes.quizzesTypes.QuizTriviaTests"/>
  <system-out/>
  <testcase name="testTapNextButton" time="1.312" classname="testModules.quizzes.quizzesTypes.QuizTriviaTests"/>
  <system-out/>
  <testcase name="testIntermediateAnswers" time="11.914" classname="testModules.quizzes.quizzesTypes.QuizTriviaTests"/>
  <system-out/>
  <testcase name="testIntermediateAnswers" time="14.906" classname="testModules.quizzes.quizzesTypes.QuizTriviaTests"/>
  <system-out/>
  <testcase name="testIntermediateAnswers" time="13.141" classname="testModules.quizzes.quizzesTypes.QuizTriviaTests"/>
  <system-out/>
  <testcase name="testIntermediateAnswers" time="11.159" classname="testModules.quizzes.quizzesTypes.QuizTriviaTests"/>
  <system-out/>
  <testcase name="testIntermediateAnswers" time="16.623" classname="testModules.quizzes.quizzesTypes.QuizTriviaTests"/>
  <system-out/>
  <testcase name="testIntermediateAnswers" time="9.816" classname="testModules.quizzes.quizzesTypes.QuizTriviaTests"/>
  <system-out/>
  <testcase name="testIntermediateAnswers" time="13.643" classname="testModules.quizzes.quizzesTypes.QuizTriviaTests"/>
  <system-out/>
  <testcase name="testIntermediateAnswers" time="13.164" classname="testModules.quizzes.quizzesTypes.QuizTriviaTests"/>
  <system-out/>
  <testcase name="testIntermediateAnswers" time="13.018" classname="testModules.quizzes.quizzesTypes.QuizTriviaTests"/>
  <system-out/>
  <testcase name="testIntermediateAnswers" time="10.209" classname="testModules.quizzes.quizzesTypes.QuizTriviaTests"/>
  <system-out/>
  <testcase name="testIntermediateAnswers" time="10.365" classname="testModules.quizzes.quizzesTypes.QuizTriviaTests"/>
  <system-out/>
  <testcase name="testIntermediateAnswers" time="13.661" classname="testModules.quizzes.quizzesTypes.QuizTriviaTests"/>
  <system-out/>
  <testcase name="testProgressBar14" time="3.816" classname="testModules.quizzes.quizzesTypes.QuizTriviaTests"/>
  <system-out/>
  <testcase name="testSendLatestAnswer" time="7.892" classname="testModules.quizzes.quizzesTypes.QuizTriviaTests"/>
  <system-out/>
  <testcase name="testIGiveUpButtonIsPresent" time="1.739" classname="testModules.quizzes.quizzesTypes.QuizTriviaTests"/>
  <system-out/>
  <testcase name="testTapIGiveUpButton" time="3.485" classname="testModules.quizzes.quizzesTypes.QuizTriviaTests"/>
  <system-out/>
  <testcase name="testWrongTextIsPresent" time="4.310" classname="testModules.quizzes.quizzesTypes.QuizTriviaTests"/>
  <system-out/>
  <testcase name="testLatestAnswerTextIsPresent" time="3.991" classname="testModules.quizzes.quizzesTypes.QuizTriviaTests"/>
  <system-out/>
  <testcase name="testQuizTitleResultScreenIsPresent" time="6.114" classname="testModules.quizzes.quizzesTypes.QuizTriviaTests"/>
  <system-out/>
  <testcase name="testScoreTextResultScreenIsPresent" time="4.878" classname="testModules.quizzes.quizzesTypes.QuizTriviaTests"/>
  <system-out/>
  <testcase name="testResultsTextIsPresent" time="3.317" classname="testModules.quizzes.quizzesTypes.QuizTriviaTests"/>
  <system-out/>
  <testcase name="testResultsDescriptionTextIsPresent" time="2.905" classname="testModules.quizzes.quizzesTypes.QuizTriviaTests"/>
  <system-out/>
</testsuite> <!-- testModules.quizzes.quizzesTypes.QuizTriviaTests -->
