<?xml version="1.0" encoding="UTF-8"?>
<!-- Generated by org.testng.reporters.JUnitReportReporter -->
<testsuite skipped="0" hostname="Gabrielas-MBP.fibertel.com.ar" name="testModules.profile.MyCommentsTests4" tests="1" failures="0" timestamp="2022-09-27T21:58:06 ART" time="0.979" errors="0">
  <testcase name="testMyComments" time="0.979" classname="testModules.profile.MyCommentsTests4"/>
  <system-out/>
</testsuite> <!-- testModules.profile.MyCommentsTests4 -->
