<?xml version="1.0" encoding="UTF-8"?>
<!-- Generated by org.testng.reporters.JUnitReportReporter -->
<testsuite skipped="0" hostname="Gabrielas-MBP.fibertel.com.ar" name="testModules.quizzes.quizzesTypes.QuizPollTests" tests="12" failures="0" timestamp="2022-11-29T16:54:16 ART" time="40.819" errors="0">
  <testcase name="testSearchPollQuiz" time="14.674" classname="testModules.quizzes.quizzesTypes.QuizPollTests"/>
  <system-out/>
  <testcase name="testCategoryDateIsPresent" time="3.144" classname="testModules.quizzes.quizzesTypes.QuizPollTests"/>
  <system-out/>
  <testcase name="testQuizTitleIsPresent" time="0.471" classname="testModules.quizzes.quizzesTypes.QuizPollTests"/>
  <system-out/>
  <testcase name="testSubTextIsPresent" time="0.841" classname="testModules.quizzes.quizzesTypes.QuizPollTests"/>
  <system-out/>
  <testcase name="testAuthorInfoIsPresent" time="0.734" classname="testModules.quizzes.quizzesTypes.QuizPollTests"/>
  <system-out/>
  <testcase name="testQuestionIsPresent" time="0.601" classname="testModules.quizzes.quizzesTypes.QuizPollTests"/>
  <system-out/>
  <testcase name="testTapAnswerFirstQuestion" time="1.795" classname="testModules.quizzes.quizzesTypes.QuizPollTests"/>
  <system-out/>
  <testcase name="testTapShareVoteButton" time="1.870" classname="testModules.quizzes.quizzesTypes.QuizPollTests"/>
  <system-out/>
  <testcase name="testTapCopyLinkAndToast" time="2.035" classname="testModules.quizzes.quizzesTypes.QuizPollTests"/>
  <system-out/>
  <testcase name="testTapViewResults" time="7.551" classname="testModules.quizzes.quizzesTypes.QuizPollTests"/>
  <system-out/>
  <testcase name="testTapGoBackAndVote" time="3.913" classname="testModules.quizzes.quizzesTypes.QuizPollTests"/>
  <system-out/>
  <testcase name="testTapAnswerSecondQuestion" time="3.190" classname="testModules.quizzes.quizzesTypes.QuizPollTests"/>
  <system-out/>
</testsuite> <!-- testModules.quizzes.quizzesTypes.QuizPollTests -->
