<?xml version="1.0" encoding="UTF-8"?>
<!-- Generated by org.testng.reporters.JUnitReportReporter -->
<testsuite skipped="2" hostname="Gabrielas-MBP.fibertel.com.ar" name="testModules.signIn.SignInFBTests" tests="6" failures="0" timestamp="2022-09-27T21:58:06 ART" time="29.552" errors="0">
  <testcase name="loginUserWOCAndDelete" time="6.718" classname="testModules.signIn.SignInFBTests"/>
  <system-out/>
  <testcase name="signInFstTime" time="14.392" classname="testModules.signIn.SignInFBTests"/>
  <system-out/>
  <testcase name="testUserName" time="8.240" classname="testModules.signIn.SignInFBTests"/>
  <system-out/>
  <testcase name="testDate" time="0.202" classname="testModules.signIn.SignInFBTests"/>
  <system-out/>
  <testcase name="loginPasswordCredentials" classname="testModules.signIn.SignInFBTests">
    <skipped/>
  </testcase> <!-- loginPasswordCredentials -->
  <system-out/>
  <testcase name="loginUserCredentials" classname="testModules.signIn.SignInFBTests">
    <skipped/>
  </testcase> <!-- loginUserCredentials -->
  <system-out/>
</testsuite> <!-- testModules.signIn.SignInFBTests -->
