<?xml version="1.0" encoding="UTF-8"?>
<!-- Generated by org.testng.reporters.JUnitReportReporter -->
<testsuite skipped="0" hostname="Gabrielas-MBP.fibertel.com.ar" name="testModules.bpage.NatBpageTests1" tests="26" failures="1" timestamp="2023-06-15T21:01:27 ART" time="189.771" errors="0">
  <testcase name="disableAdExp" time="29.286" classname="testModules.bpage.NatBpageTests1"/>
  <system-out/>
  <testcase name="testSearchNativeBpage" time="15.132" classname="testModules.bpage.NatBpageTests1"/>
  <system-out/>
  <testcase name="verifyDataCategoryArePresent" time="0.446" classname="testModules.bpage.NatBpageTests1"/>
  <system-out/>
  <testcase name="verifyTitleIsPresent" time="0.912" classname="testModules.bpage.NatBpageTests1"/>
  <system-out/>
  <testcase name="verifySubTitleIsPresent" time="0.321" classname="testModules.bpage.NatBpageTests1"/>
  <system-out/>
  <testcase name="verifyAuthorInfoIsPresentOnBpage" time="1.322" classname="testModules.bpage.NatBpageTests1"/>
  <system-out/>
  <testcase name="verifyImagePresentOnBpage" time="0.546" classname="testModules.bpage.NatBpageTests1"/>
  <system-out/>
  <testcase name="tapImage" time="1.169" classname="testModules.bpage.NatBpageTests1"/>
  <system-out/>
  <testcase name="verifyShareButtonIsPresentOnMV" time="0.299" classname="testModules.bpage.NatBpageTests1"/>
  <system-out/>
  <testcase name="tapShareButtonOnMV" time="2.401" classname="testModules.bpage.NatBpageTests1"/>
  <system-out/>
  <testcase name="verifyDismissMV" time="1.195" classname="testModules.bpage.NatBpageTests1"/>
  <system-out/>
  <testcase name="tapInternalLink" time="8.278" classname="testModules.bpage.NatBpageTests1"/>
  <system-out/>
  <testcase name="verifyInternalLinkLoadsFine" time="3.791" classname="testModules.bpage.NatBpageTests1"/>
  <system-out/>
  <testcase name="verifyShareButtonIsPresent" time="0.352" classname="testModules.bpage.NatBpageTests1"/>
  <system-out/>
  <testcase name="tapShareButtonOnBpage" time="6.553" classname="testModules.bpage.NatBpageTests1"/>
  <system-out/>
  <testcase name="verifyMoreOnThisHeaderIsPresent" time="10.481" classname="testModules.bpage.NatBpageTests1"/>
  <system-out/>
  <testcase name="verifyMoreOnThisBpageIsPresent" time="0.481" classname="testModules.bpage.NatBpageTests1"/>
  <system-out/>
  <testcase name="verifyMoreOnThisBpage" time="8.986" classname="testModules.bpage.NatBpageTests1"/>
  <system-out/>
  <testcase name="validateRelatedContentHeader" time="5.833" classname="testModules.bpage.NatBpageTests1"/>
  <system-out/>
  <testcase name="validateRelatedContentItemDisplays" time="10.419" classname="testModules.bpage.NatBpageTests1"/>
  <system-out/>
  <testcase name="verifyMoreLikeThisBpageIsPresent" time="57.154" classname="testModules.bpage.NatBpageTests1"/>
  <system-out/>
  <testcase name="tapFirstMoreLikeThisBpage" time="2.598" classname="testModules.bpage.NatBpageTests1"/>
  <system-out/>
  <testcase name="verifyTrendingHeader" time="16.971" classname="testModules.bpage.NatBpageTests1"/>
  <system-out/>
  <testcase name="verifyTrendingBpageIsPresent" time="0.482" classname="testModules.bpage.NatBpageTests1"/>
  <system-out/>
  <testcase name="tapTrendingBpage" time="4.363" classname="testModules.bpage.NatBpageTests1"/>
  <system-out/>
  <testcase name="failTest" time="0.000" classname="testModules.bpage.NatBpageTests1">
    <failure type="java.lang.AssertionError" message="expected [true] but found [false]">
      <![CDATA[java.lang.AssertionError: expected [true] but found [false]
at org.testng.Assert.fail(Assert.java:99)
at org.testng.Assert.failNotEquals(Assert.java:1037)
at org.testng.Assert.assertTrue(Assert.java:45)
at org.testng.Assert.assertTrue(Assert.java:55)
at testModules.bpage.NatBpageTests1.failTest(NatBpageTests1.java:466)
at sun.reflect.NativeMethodAccessorImpl.invoke0(Native Method)
at sun.reflect.NativeMethodAccessorImpl.invoke(NativeMethodAccessorImpl.java:62)
at sun.reflect.DelegatingMethodAccessorImpl.invoke(DelegatingMethodAccessorImpl.java:43)
at java.lang.reflect.Method.invoke(Method.java:498)
at org.testng.internal.MethodInvocationHelper.invokeMethod(MethodInvocationHelper.java:133)
at org.testng.internal.TestInvoker.invokeMethod(TestInvoker.java:598)
at org.testng.internal.TestInvoker.invokeTestMethod(TestInvoker.java:173)
at org.testng.internal.MethodRunner.runInSequence(MethodRunner.java:46)
at org.testng.internal.TestInvoker$MethodInvocationAgent.invoke(TestInvoker.java:824)
at org.testng.internal.TestInvoker.invokeTestMethods(TestInvoker.java:146)
at org.testng.internal.TestMethodWorker.invokeTestMethods(TestMethodWorker.java:146)
at org.testng.internal.TestMethodWorker.run(TestMethodWorker.java:128)
at java.util.ArrayList.forEach(ArrayList.java:1259)
at org.testng.TestRunner.privateRun(TestRunner.java:794)
at org.testng.TestRunner.run(TestRunner.java:596)
at org.testng.SuiteRunner.runTest(SuiteRunner.java:377)
at org.testng.SuiteRunner.runSequentially(SuiteRunner.java:371)
at org.testng.SuiteRunner.privateRun(SuiteRunner.java:332)
at org.testng.SuiteRunner.run(SuiteRunner.java:276)
at org.testng.SuiteRunnerWorker.runSuite(SuiteRunnerWorker.java:53)
at org.testng.SuiteRunnerWorker.run(SuiteRunnerWorker.java:96)
at org.testng.TestNG.runSuitesSequentially(TestNG.java:1212)
at org.testng.TestNG.runSuitesSequentially(TestNG.java:1207)
at org.testng.TestNG.runSuitesLocally(TestNG.java:1134)
at org.testng.TestNG.runSuites(TestNG.java:1063)
at org.testng.TestNG.run(TestNG.java:1031)
at org.apache.maven.surefire.testng.TestNGExecutor.run(TestNGExecutor.java:283)
at org.apache.maven.surefire.testng.TestNGXmlTestSuite.execute(TestNGXmlTestSuite.java:75)
at org.apache.maven.surefire.testng.TestNGProvider.invoke(TestNGProvider.java:120)
at org.apache.maven.surefire.booter.ForkedBooter.invokeProviderInSameClassLoader(ForkedBooter.java:383)
at org.apache.maven.surefire.booter.ForkedBooter.runSuitesInProcess(ForkedBooter.java:344)
at org.apache.maven.surefire.booter.ForkedBooter.execute(ForkedBooter.java:125)
at org.apache.maven.surefire.booter.ForkedBooter.main(ForkedBooter.java:417)
]]>
    </failure>
  </testcase> <!-- failTest -->
  <system-out/>
</testsuite> <!-- testModules.bpage.NatBpageTests1 -->
