<?xml version="1.0" encoding="UTF-8"?>
<!-- Generated by org.testng.reporters.JUnitReportReporter -->
<testsuite skipped="0" hostname="Gabrielas-MBP.fibertel.com.ar" name="testModules.quizzes.quizzesTypes.QuizTriviaTests" tests="34" failures="0" timestamp="2023-09-05T20:49:56 ART" time="121.053" errors="0">
  <testcase name="testSearchTriviaQuiz" time="15.741" classname="testModules.quizzes.quizzesTypes.QuizTriviaTests"/>
  <system-out/>
  <testcase name="testQuizTitleIsPresentAtBeginning" time="5.203" classname="testModules.quizzes.quizzesTypes.QuizTriviaTests"/>
  <system-out/>
  <testcase name="testSubTextIsPresent" time="0.410" classname="testModules.quizzes.quizzesTypes.QuizTriviaTests"/>
  <system-out/>
  <testcase name="testAuthorInfoIsPresent" time="0.344" classname="testModules.quizzes.quizzesTypes.QuizTriviaTests"/>
  <system-out/>
  <testcase name="testPlayWithFriendsButton" time="0.748" classname="testModules.quizzes.quizzesTypes.QuizTriviaTests"/>
  <system-out/>
  <testcase name="testPlayNowButton" time="1.393" classname="testModules.quizzes.quizzesTypes.QuizTriviaTests"/>
  <system-out/>
  <testcase name="testProgressBar1" time="0.589" classname="testModules.quizzes.quizzesTypes.QuizTriviaTests"/>
  <system-out/>
  <testcase name="testSendFirstAnswer" time="3.544" classname="testModules.quizzes.quizzesTypes.QuizTriviaTests"/>
  <system-out/>
  <testcase name="testCorrectTextIsPresent" time="0.828" classname="testModules.quizzes.quizzesTypes.QuizTriviaTests"/>
  <system-out/>
  <testcase name="testFirstAnswerTextIsPresent" time="0.329" classname="testModules.quizzes.quizzesTypes.QuizTriviaTests"/>
  <system-out/>
  <testcase name="testNextButtonIsPresent" time="0.316" classname="testModules.quizzes.quizzesTypes.QuizTriviaTests"/>
  <system-out/>
  <testcase name="testTapNextButton" time="0.834" classname="testModules.quizzes.quizzesTypes.QuizTriviaTests"/>
  <system-out/>
  <testcase name="testIntermediateAnswers" time="5.799" classname="testModules.quizzes.quizzesTypes.QuizTriviaTests"/>
  <system-out/>
  <testcase name="testIntermediateAnswers" time="5.484" classname="testModules.quizzes.quizzesTypes.QuizTriviaTests"/>
  <system-out/>
  <testcase name="testIntermediateAnswers" time="5.917" classname="testModules.quizzes.quizzesTypes.QuizTriviaTests"/>
  <system-out/>
  <testcase name="testIntermediateAnswers" time="5.216" classname="testModules.quizzes.quizzesTypes.QuizTriviaTests"/>
  <system-out/>
  <testcase name="testIntermediateAnswers" time="5.933" classname="testModules.quizzes.quizzesTypes.QuizTriviaTests"/>
  <system-out/>
  <testcase name="testIntermediateAnswers" time="5.866" classname="testModules.quizzes.quizzesTypes.QuizTriviaTests"/>
  <system-out/>
  <testcase name="testIntermediateAnswers" time="5.650" classname="testModules.quizzes.quizzesTypes.QuizTriviaTests"/>
  <system-out/>
  <testcase name="testIntermediateAnswers" time="5.883" classname="testModules.quizzes.quizzesTypes.QuizTriviaTests"/>
  <system-out/>
  <testcase name="testIntermediateAnswers" time="5.482" classname="testModules.quizzes.quizzesTypes.QuizTriviaTests"/>
  <system-out/>
  <testcase name="testIntermediateAnswers" time="5.684" classname="testModules.quizzes.quizzesTypes.QuizTriviaTests"/>
  <system-out/>
  <testcase name="testIntermediateAnswers" time="5.648" classname="testModules.quizzes.quizzesTypes.QuizTriviaTests"/>
  <system-out/>
  <testcase name="testIntermediateAnswers" time="5.181" classname="testModules.quizzes.quizzesTypes.QuizTriviaTests"/>
  <system-out/>
  <testcase name="testProgressBar14" time="3.533" classname="testModules.quizzes.quizzesTypes.QuizTriviaTests"/>
  <system-out/>
  <testcase name="testSendLatestAnswer" time="2.911" classname="testModules.quizzes.quizzesTypes.QuizTriviaTests"/>
  <system-out/>
  <testcase name="testIGiveUpButtonIsPresent" time="0.441" classname="testModules.quizzes.quizzesTypes.QuizTriviaTests"/>
  <system-out/>
  <testcase name="testTapIGiveUpButton" time="1.211" classname="testModules.quizzes.quizzesTypes.QuizTriviaTests"/>
  <system-out/>
  <testcase name="testWrongTextIsPresent" time="0.810" classname="testModules.quizzes.quizzesTypes.QuizTriviaTests"/>
  <system-out/>
  <testcase name="testLatestAnswerTextIsPresent" time="1.229" classname="testModules.quizzes.quizzesTypes.QuizTriviaTests"/>
  <system-out/>
  <testcase name="testQuizTitleResultScreenIsPresent" time="4.913" classname="testModules.quizzes.quizzesTypes.QuizTriviaTests"/>
  <system-out/>
  <testcase name="testScoreTextResultScreenIsPresent" time="3.810" classname="testModules.quizzes.quizzesTypes.QuizTriviaTests"/>
  <system-out/>
  <testcase name="testResultsTextIsPresent" time="3.540" classname="testModules.quizzes.quizzesTypes.QuizTriviaTests"/>
  <system-out/>
  <testcase name="testResultsDescriptionTextIsPresent" time="0.633" classname="testModules.quizzes.quizzesTypes.QuizTriviaTests"/>
  <system-out/>
</testsuite> <!-- testModules.quizzes.quizzesTypes.QuizTriviaTests -->
