<?xml version="1.0" encoding="UTF-8"?>
<!-- Generated by org.testng.reporters.JUnitReportReporter -->
<testsuite skipped="0" hostname="Gabrielas-MBP.fibertel.com.ar" name="testModules.editions.JapanEditionTests" tests="10" failures="0" timestamp="2022-06-29T10:14:02 ART" time="115.821" errors="0">
  <testcase name="testJapanEditionIsPresent" time="51.308" classname="testModules.editions.JapanEditionTests"/>
  <system-out/>
  <testcase name="testNowHomeSubTab" time="1.822" classname="testModules.editions.JapanEditionTests"/>
  <system-out/>
  <testcase name="testBuzzSubTab" time="7.102" classname="testModules.editions.JapanEditionTests"/>
  <system-out/>
  <testcase name="testHomeSubTab" time="7.348" classname="testModules.editions.JapanEditionTests"/>
  <system-out/>
  <testcase name="testLolSubTab" time="9.177" classname="testModules.editions.JapanEditionTests"/>
  <system-out/>
  <testcase name="testKawaiiSubTab" time="4.495" classname="testModules.editions.JapanEditionTests"/>
  <system-out/>
  <testcase name="testWinSubTab" time="9.165" classname="testModules.editions.JapanEditionTests"/>
  <system-out/>
  <testcase name="testGoingNewsTab" time="9.458" classname="testModules.editions.JapanEditionTests"/>
  <system-out/>
  <testcase name="testGoingToQuizzesTab" time="13.693" classname="testModules.editions.JapanEditionTests"/>
  <system-out/>
  <testcase name="testSearchTab" time="2.253" classname="testModules.editions.JapanEditionTests"/>
  <system-out/>
</testsuite> <!-- testModules.editions.JapanEditionTests -->
