<?xml version="1.0" encoding="UTF-8"?>
<!-- Generated by org.testng.reporters.JUnitReportReporter -->
<testsuite skipped="0" hostname="Gabrielas-MBP.fibertel.com.ar" name="testModules.search.SearchTests1" tests="5" failures="0" timestamp="2023-06-15T19:18:26 ART" time="21.159" errors="0">
  <testcase name="testSearchTab" time="6.572" classname="testModules.search.SearchTests1"/>
  <system-out/>
  <testcase name="testSearchField" time="3.066" classname="testModules.search.SearchTests1"/>
  <system-out/>
  <testcase name="testSearchTerm" time="2.908" classname="testModules.search.SearchTests1"/>
  <system-out/>
  <testcase name="testSearchResult" time="4.421" classname="testModules.search.SearchTests1"/>
  <system-out/>
  <testcase name="testClearSearch" time="4.192" classname="testModules.search.SearchTests1"/>
  <system-out/>
</testsuite> <!-- testModules.search.SearchTests1 -->
