<?xml version="1.0" encoding="UTF-8"?>
<!-- Generated by org.testng.reporters.JUnitReportReporter -->
<testsuite skipped="0" hostname="Gabrielas-MBP.fibertel.com.ar" name="testModules.editions.CanadaEditionTests2" tests="27" failures="0" timestamp="2023-06-15T18:40:26 ART" time="134.929" errors="2">
  <testcase name="testAustraliaEditionIsPresent" time="0.104" classname="testModules.editions.CanadaEditionTests2">
    <error type="org.openqa.selenium.NoSuchElementException" message="An element could not be located on the page using the given search parameters.
For documentation on this error, please visit: https://www.seleniumhq.org/exceptions/no_such_element.html
Build info: version: &#039;3.141.59&#039;, revision: &#039;e82be7d358&#039;, time: &#039;2018-11-14T08:17:03&#039;
System info: host: &#039;Gabrielas-MBP.fibertel.com.ar&#039;, ip: &#039;fe80:0:0:0:18d9:797c:eb6f:f93e%en0&#039;, os.name: &#039;Mac OS X&#039;, os.arch: &#039;x86_64&#039;, os.version: &#039;13.3.1&#039;, java.version: &#039;1.8.0_322&#039;
Driver info: io.appium.java_client.ios.IOSDriver
Capabilities {app: /Users/gabrielaconde/Librar..., automationName: XCUITest, browserName: , databaseEnabled: false, deviceName: iPhone 14 Pro, fullReset: false, javascriptEnabled: true, locationContextEnabled: false, networkConnectionEnabled: false, noReset: true, platform: MAC, platformName: iOS, platformVersion: 16.4, shouldTerminateApp: true, takesScreenshot: true, udid: 06E2C02A-F2BA-45A6-8B24-98D..., webStorageEnabled: false}
Session ID: 7454328d-0bae-4b6e-96a2-edc5be2882a9
*** Element info: {Using=accessibility id, value=Profile}">
      <![CDATA[org.openqa.selenium.NoSuchElementException: An element could not be located on the page using the given search parameters.
For documentation on this error, please visit: https://www.seleniumhq.org/exceptions/no_such_element.html
Build info: version: '3.141.59', revision: 'e82be7d358', time: '2018-11-14T08:17:03'
System info: host: 'Gabrielas-MBP.fibertel.com.ar', ip: 'fe80:0:0:0:18d9:797c:eb6f:f93e%en0', os.name: 'Mac OS X', os.arch: 'x86_64', os.version: '13.3.1', java.version: '1.8.0_322'
Driver info: io.appium.java_client.ios.IOSDriver
Capabilities {app: /Users/gabrielaconde/Librar..., automationName: XCUITest, browserName: , databaseEnabled: false, deviceName: iPhone 14 Pro, fullReset: false, javascriptEnabled: true, locationContextEnabled: false, networkConnectionEnabled: false, noReset: true, platform: MAC, platformName: iOS, platformVersion: 16.4, shouldTerminateApp: true, takesScreenshot: true, udid: 06E2C02A-F2BA-45A6-8B24-98D..., webStorageEnabled: false}
Session ID: 7454328d-0bae-4b6e-96a2-edc5be2882a9
*** Element info: {Using=accessibility id, value=Profile}
at sun.reflect.NativeConstructorAccessorImpl.newInstance0(Native Method)
at sun.reflect.NativeConstructorAccessorImpl.newInstance(NativeConstructorAccessorImpl.java:62)
at sun.reflect.DelegatingConstructorAccessorImpl.newInstance(DelegatingConstructorAccessorImpl.java:45)
at java.lang.reflect.Constructor.newInstance(Constructor.java:423)
at org.openqa.selenium.remote.http.W3CHttpResponseCodec.createException(W3CHttpResponseCodec.java:187)
at org.openqa.selenium.remote.http.W3CHttpResponseCodec.decode(W3CHttpResponseCodec.java:122)
at org.openqa.selenium.remote.http.W3CHttpResponseCodec.decode(W3CHttpResponseCodec.java:49)
at org.openqa.selenium.remote.HttpCommandExecutor.execute(HttpCommandExecutor.java:158)
at io.appium.java_client.remote.AppiumCommandExecutor.execute(AppiumCommandExecutor.java:239)
at org.openqa.selenium.remote.RemoteWebDriver.execute(RemoteWebDriver.java:552)
at io.appium.java_client.DefaultGenericMobileDriver.execute(DefaultGenericMobileDriver.java:42)
at io.appium.java_client.AppiumDriver.execute(AppiumDriver.java:1)
at io.appium.java_client.ios.IOSDriver.execute(IOSDriver.java:1)
at org.openqa.selenium.remote.RemoteWebDriver.findElement(RemoteWebDriver.java:323)
at io.appium.java_client.DefaultGenericMobileDriver.findElement(DefaultGenericMobileDriver.java:62)
at io.appium.java_client.AppiumDriver.findElement(AppiumDriver.java:1)
at io.appium.java_client.ios.IOSDriver.findElement(IOSDriver.java:1)
at io.appium.java_client.FindsByAccessibilityId.findElementByAccessibilityId(FindsByAccessibilityId.java:37)
at io.appium.java_client.MobileBy$ByAccessibilityId.findElement(MobileBy.java:342)
at org.openqa.selenium.remote.RemoteWebDriver.findElement(RemoteWebDriver.java:315)
at io.appium.java_client.DefaultGenericMobileDriver.findElement(DefaultGenericMobileDriver.java:58)
at io.appium.java_client.AppiumDriver.findElement(AppiumDriver.java:1)
at io.appium.java_client.ios.IOSDriver.findElement(IOSDriver.java:1)
at config.pages.CommonPage.tapProfileButton(CommonPage.java:425)
at testModules.editions.CanadaEditionTests2.testAustraliaEditionIsPresent(CanadaEditionTests2.java:30)
at sun.reflect.NativeMethodAccessorImpl.invoke0(Native Method)
at sun.reflect.NativeMethodAccessorImpl.invoke(NativeMethodAccessorImpl.java:62)
at sun.reflect.DelegatingMethodAccessorImpl.invoke(DelegatingMethodAccessorImpl.java:43)
at java.lang.reflect.Method.invoke(Method.java:498)
at org.testng.internal.MethodInvocationHelper.invokeMethod(MethodInvocationHelper.java:133)
at org.testng.internal.TestInvoker.invokeMethod(TestInvoker.java:598)
at org.testng.internal.TestInvoker.invokeTestMethod(TestInvoker.java:173)
at org.testng.internal.MethodRunner.runInSequence(MethodRunner.java:46)
at org.testng.internal.TestInvoker$MethodInvocationAgent.invoke(TestInvoker.java:824)
at org.testng.internal.TestInvoker.invokeTestMethods(TestInvoker.java:146)
at org.testng.internal.TestMethodWorker.invokeTestMethods(TestMethodWorker.java:146)
at org.testng.internal.TestMethodWorker.run(TestMethodWorker.java:128)
at java.util.ArrayList.forEach(ArrayList.java:1259)
at org.testng.TestRunner.privateRun(TestRunner.java:794)
at org.testng.TestRunner.run(TestRunner.java:596)
at org.testng.SuiteRunner.runTest(SuiteRunner.java:377)
at org.testng.SuiteRunner.runSequentially(SuiteRunner.java:371)
at org.testng.SuiteRunner.privateRun(SuiteRunner.java:332)
at org.testng.SuiteRunner.run(SuiteRunner.java:276)
at org.testng.SuiteRunnerWorker.runSuite(SuiteRunnerWorker.java:53)
at org.testng.SuiteRunnerWorker.run(SuiteRunnerWorker.java:96)
at org.testng.TestNG.runSuitesSequentially(TestNG.java:1212)
at org.testng.TestNG.runSuitesSequentially(TestNG.java:1207)
at org.testng.TestNG.runSuitesLocally(TestNG.java:1134)
at org.testng.TestNG.runSuites(TestNG.java:1063)
at org.testng.TestNG.run(TestNG.java:1031)
at org.apache.maven.surefire.testng.TestNGExecutor.run(TestNGExecutor.java:283)
at org.apache.maven.surefire.testng.TestNGXmlTestSuite.execute(TestNGXmlTestSuite.java:75)
at org.apache.maven.surefire.testng.TestNGProvider.invoke(TestNGProvider.java:120)
at org.apache.maven.surefire.booter.ForkedBooter.invokeProviderInSameClassLoader(ForkedBooter.java:383)
at org.apache.maven.surefire.booter.ForkedBooter.runSuitesInProcess(ForkedBooter.java:344)
at org.apache.maven.surefire.booter.ForkedBooter.execute(ForkedBooter.java:125)
at org.apache.maven.surefire.booter.ForkedBooter.main(ForkedBooter.java:417)
]]>
    </error>
  </testcase> <!-- testAustraliaEditionIsPresent -->
  <system-out/>
  <testcase name="testLatestSubTab" time="8.279" classname="testModules.editions.CanadaEditionTests2"/>
  <system-out/>
  <testcase name="testTrendingSubTab" time="3.065" classname="testModules.editions.CanadaEditionTests2"/>
  <system-out/>
  <testcase name="testShowsSubTab" time="26.102" classname="testModules.editions.CanadaEditionTests2"/>
  <system-out/>
  <testcase name="testVideosSubTab" time="6.505" classname="testModules.editions.CanadaEditionTests2"/>
  <system-out/>
  <testcase name="testAnimalsSubTab" time="7.016" classname="testModules.editions.CanadaEditionTests2"/>
  <system-out/>
  <testcase name="testBooksSubTab" time="7.239" classname="testModules.editions.CanadaEditionTests2"/>
  <system-out/>
  <testcase name="testCelebritySubTab" time="5.270" classname="testModules.editions.CanadaEditionTests2"/>
  <system-out/>
  <testcase name="testFoodSubTab" time="3.255" classname="testModules.editions.CanadaEditionTests2">
    <error type="org.openqa.selenium.NoSuchElementException" message="An element could not be located on the page using the given search parameters.
For documentation on this error, please visit: https://www.seleniumhq.org/exceptions/no_such_element.html
Build info: version: &#039;3.141.59&#039;, revision: &#039;e82be7d358&#039;, time: &#039;2018-11-14T08:17:03&#039;
System info: host: &#039;Gabrielas-MBP.fibertel.com.ar&#039;, ip: &#039;fe80:0:0:0:18d9:797c:eb6f:f93e%en0&#039;, os.name: &#039;Mac OS X&#039;, os.arch: &#039;x86_64&#039;, os.version: &#039;13.3.1&#039;, java.version: &#039;1.8.0_322&#039;
Driver info: io.appium.java_client.ios.IOSDriver
Capabilities {app: /Users/gabrielaconde/Librar..., automationName: XCUITest, browserName: , databaseEnabled: false, deviceName: iPhone 14 Pro, fullReset: false, javascriptEnabled: true, locationContextEnabled: false, networkConnectionEnabled: false, noReset: true, platform: MAC, platformName: iOS, platformVersion: 16.4, shouldTerminateApp: true, takesScreenshot: true, udid: 06E2C02A-F2BA-45A6-8B24-98D..., webStorageEnabled: false}
Session ID: 7454328d-0bae-4b6e-96a2-edc5be2882a9
*** Element info: {Using=accessibility id, value=Shows}">
      <![CDATA[org.openqa.selenium.NoSuchElementException: An element could not be located on the page using the given search parameters.
For documentation on this error, please visit: https://www.seleniumhq.org/exceptions/no_such_element.html
Build info: version: '3.141.59', revision: 'e82be7d358', time: '2018-11-14T08:17:03'
System info: host: 'Gabrielas-MBP.fibertel.com.ar', ip: 'fe80:0:0:0:18d9:797c:eb6f:f93e%en0', os.name: 'Mac OS X', os.arch: 'x86_64', os.version: '13.3.1', java.version: '1.8.0_322'
Driver info: io.appium.java_client.ios.IOSDriver
Capabilities {app: /Users/gabrielaconde/Librar..., automationName: XCUITest, browserName: , databaseEnabled: false, deviceName: iPhone 14 Pro, fullReset: false, javascriptEnabled: true, locationContextEnabled: false, networkConnectionEnabled: false, noReset: true, platform: MAC, platformName: iOS, platformVersion: 16.4, shouldTerminateApp: true, takesScreenshot: true, udid: 06E2C02A-F2BA-45A6-8B24-98D..., webStorageEnabled: false}
Session ID: 7454328d-0bae-4b6e-96a2-edc5be2882a9
*** Element info: {Using=accessibility id, value=Shows}
at sun.reflect.GeneratedConstructorAccessor11.newInstance(Unknown Source)
at sun.reflect.DelegatingConstructorAccessorImpl.newInstance(DelegatingConstructorAccessorImpl.java:45)
at java.lang.reflect.Constructor.newInstance(Constructor.java:423)
at org.openqa.selenium.remote.http.W3CHttpResponseCodec.createException(W3CHttpResponseCodec.java:187)
at org.openqa.selenium.remote.http.W3CHttpResponseCodec.decode(W3CHttpResponseCodec.java:122)
at org.openqa.selenium.remote.http.W3CHttpResponseCodec.decode(W3CHttpResponseCodec.java:49)
at org.openqa.selenium.remote.HttpCommandExecutor.execute(HttpCommandExecutor.java:158)
at io.appium.java_client.remote.AppiumCommandExecutor.execute(AppiumCommandExecutor.java:239)
at org.openqa.selenium.remote.RemoteWebDriver.execute(RemoteWebDriver.java:552)
at io.appium.java_client.DefaultGenericMobileDriver.execute(DefaultGenericMobileDriver.java:42)
at io.appium.java_client.AppiumDriver.execute(AppiumDriver.java:1)
at io.appium.java_client.ios.IOSDriver.execute(IOSDriver.java:1)
at org.openqa.selenium.remote.RemoteWebDriver.findElement(RemoteWebDriver.java:323)
at io.appium.java_client.DefaultGenericMobileDriver.findElement(DefaultGenericMobileDriver.java:62)
at io.appium.java_client.AppiumDriver.findElement(AppiumDriver.java:1)
at io.appium.java_client.ios.IOSDriver.findElement(IOSDriver.java:1)
at io.appium.java_client.FindsByAccessibilityId.findElementByAccessibilityId(FindsByAccessibilityId.java:37)
at io.appium.java_client.MobileBy$ByAccessibilityId.findElement(MobileBy.java:342)
at org.openqa.selenium.remote.RemoteWebDriver.findElement(RemoteWebDriver.java:315)
at io.appium.java_client.DefaultGenericMobileDriver.findElement(DefaultGenericMobileDriver.java:58)
at io.appium.java_client.AppiumDriver.findElement(AppiumDriver.java:1)
at io.appium.java_client.ios.IOSDriver.findElement(IOSDriver.java:1)
at config.pages.home.HomeSubTabsPage.clickOnShowsBtn(HomeSubTabsPage.java:56)
at testModules.editions.CanadaEditionTests2.testFoodSubTab(CanadaEditionTests2.java:159)
at sun.reflect.NativeMethodAccessorImpl.invoke0(Native Method)
at sun.reflect.NativeMethodAccessorImpl.invoke(NativeMethodAccessorImpl.java:62)
at sun.reflect.DelegatingMethodAccessorImpl.invoke(DelegatingMethodAccessorImpl.java:43)
at java.lang.reflect.Method.invoke(Method.java:498)
at org.testng.internal.MethodInvocationHelper.invokeMethod(MethodInvocationHelper.java:133)
at org.testng.internal.TestInvoker.invokeMethod(TestInvoker.java:598)
at org.testng.internal.TestInvoker.invokeTestMethod(TestInvoker.java:173)
at org.testng.internal.MethodRunner.runInSequence(MethodRunner.java:46)
at org.testng.internal.TestInvoker$MethodInvocationAgent.invoke(TestInvoker.java:824)
at org.testng.internal.TestInvoker.invokeTestMethods(TestInvoker.java:146)
at org.testng.internal.TestMethodWorker.invokeTestMethods(TestMethodWorker.java:146)
at org.testng.internal.TestMethodWorker.run(TestMethodWorker.java:128)
at java.util.ArrayList.forEach(ArrayList.java:1259)
at org.testng.TestRunner.privateRun(TestRunner.java:794)
at org.testng.TestRunner.run(TestRunner.java:596)
at org.testng.SuiteRunner.runTest(SuiteRunner.java:377)
at org.testng.SuiteRunner.runSequentially(SuiteRunner.java:371)
at org.testng.SuiteRunner.privateRun(SuiteRunner.java:332)
at org.testng.SuiteRunner.run(SuiteRunner.java:276)
at org.testng.SuiteRunnerWorker.runSuite(SuiteRunnerWorker.java:53)
at org.testng.SuiteRunnerWorker.run(SuiteRunnerWorker.java:96)
at org.testng.TestNG.runSuitesSequentially(TestNG.java:1212)
at org.testng.TestNG.runSuitesSequentially(TestNG.java:1207)
at org.testng.TestNG.runSuitesLocally(TestNG.java:1134)
at org.testng.TestNG.runSuites(TestNG.java:1063)
at org.testng.TestNG.run(TestNG.java:1031)
at org.apache.maven.surefire.testng.TestNGExecutor.run(TestNGExecutor.java:283)
at org.apache.maven.surefire.testng.TestNGXmlTestSuite.execute(TestNGXmlTestSuite.java:75)
at org.apache.maven.surefire.testng.TestNGProvider.invoke(TestNGProvider.java:120)
at org.apache.maven.surefire.booter.ForkedBooter.invokeProviderInSameClassLoader(ForkedBooter.java:383)
at org.apache.maven.surefire.booter.ForkedBooter.runSuitesInProcess(ForkedBooter.java:344)
at org.apache.maven.surefire.booter.ForkedBooter.execute(ForkedBooter.java:125)
at org.apache.maven.surefire.booter.ForkedBooter.main(ForkedBooter.java:417)
]]>
    </error>
  </testcase> <!-- testFoodSubTab -->
  <system-out/>
  <testcase name="testCommunitySubTab" time="2.665" classname="testModules.editions.CanadaEditionTests2"/>
  <system-out/>
  <testcase name="testMusicSubTab" time="2.889" classname="testModules.editions.CanadaEditionTests2"/>
  <system-out/>
  <testcase name="testNiftySubTab" time="2.926" classname="testModules.editions.CanadaEditionTests2"/>
  <system-out/>
  <testcase name="testParentsSubTab" time="2.971" classname="testModules.editions.CanadaEditionTests2"/>
  <system-out/>
  <testcase name="testRewindSubTab" time="3.020" classname="testModules.editions.CanadaEditionTests2"/>
  <system-out/>
  <testcase name="testTravelSubTab" time="2.882" classname="testModules.editions.CanadaEditionTests2"/>
  <system-out/>
  <testcase name="testStyleSubTab" time="2.992" classname="testModules.editions.CanadaEditionTests2"/>
  <system-out/>
  <testcase name="testGoingNewsTab" time="1.469" classname="testModules.editions.CanadaEditionTests2"/>
  <system-out/>
  <testcase name="tapFstNewsCell" time="3.032" classname="testModules.editions.CanadaEditionTests2"/>
  <system-out/>
  <testcase name="testGoingShoppingTab" time="6.601" classname="testModules.editions.CanadaEditionTests2"/>
  <system-out/>
  <testcase name="testGoingToQuizzesTab" time="6.039" classname="testModules.editions.CanadaEditionTests2"/>
  <system-out/>
  <testcase name="testTapOnTrendingCategory" time="9.382" classname="testModules.editions.CanadaEditionTests2"/>
  <system-out/>
  <testcase name="testTapOnResultsCategory" time="3.547" classname="testModules.editions.CanadaEditionTests2"/>
  <system-out/>
  <testcase name="testTapOnAIQuizzes" time="3.850" classname="testModules.editions.CanadaEditionTests2"/>
  <system-out/>
  <testcase name="testTapOnTriviaCategory" time="3.996" classname="testModules.editions.CanadaEditionTests2"/>
  <system-out/>
  <testcase name="testTapCanWeGuess" time="3.882" classname="testModules.editions.CanadaEditionTests2"/>
  <system-out/>
  <testcase name="testTapOnMatchups" time="3.431" classname="testModules.editions.CanadaEditionTests2"/>
  <system-out/>
  <testcase name="tapGamesTab" time="2.520" classname="testModules.editions.CanadaEditionTests2"/>
  <system-out/>
</testsuite> <!-- testModules.editions.CanadaEditionTests2 -->
