<?xml version="1.0" encoding="UTF-8"?>
<!-- Generated by org.testng.reporters.JUnitReportReporter -->
<testsuite skipped="0" hostname="Gabrielas-MBP.fibertel.com.ar" name="testModules.quizzes.QuizzesLatestTests" tests="13" failures="0" timestamp="2023-09-05T18:41:17 ART" time="60.686" errors="0">
  <testcase name="tapQuizzesTab" time="0.882" classname="testModules.quizzes.QuizzesLatestTests"/>
  <system-out/>
  <testcase name="verifyQuizzesHeaderIsPresent" time="0.285" classname="testModules.quizzes.QuizzesLatestTests"/>
  <system-out/>
  <testcase name="tapSplash" time="3.307" classname="testModules.quizzes.QuizzesLatestTests"/>
  <system-out/>
  <testcase name="tapFirstCell" time="2.920" classname="testModules.quizzes.QuizzesLatestTests"/>
  <system-out/>
  <testcase name="tapOnAIQuizzes" time="3.098" classname="testModules.quizzes.QuizzesLatestTests"/>
  <system-out/>
  <testcase name="tapOnTrending" time="5.640" classname="testModules.quizzes.QuizzesLatestTests"/>
  <system-out/>
  <testcase name="tapOnTrivia" time="5.162" classname="testModules.quizzes.QuizzesLatestTests"/>
  <system-out/>
  <testcase name="tapOnCanWeGuess" time="5.726" classname="testModules.quizzes.QuizzesLatestTests"/>
  <system-out/>
  <testcase name="tapOnFood" time="6.904" classname="testModules.quizzes.QuizzesLatestTests"/>
  <system-out/>
  <testcase name="tapOnMore" time="1.071" classname="testModules.quizzes.QuizzesLatestTests"/>
  <system-out/>
  <testcase name="tapOnDisney" time="10.224" classname="testModules.quizzes.QuizzesLatestTests"/>
  <system-out/>
  <testcase name="tapOnWhoAreYou" time="8.691" classname="testModules.quizzes.QuizzesLatestTests"/>
  <system-out/>
  <testcase name="tapOnLove" time="6.776" classname="testModules.quizzes.QuizzesLatestTests"/>
  <system-out/>
</testsuite> <!-- testModules.quizzes.QuizzesLatestTests -->
