<?xml version="1.0" encoding="UTF-8"?>
<!-- Generated by org.testng.reporters.JUnitReportReporter -->
<testsuite skipped="0" hostname="Gabrielas-MBP.fibertel.com.ar" name="testModules.home.ShowsSubTabTests" tests="2" failures="0" timestamp="2022-06-06T11:34:04 ART" time="54.509" errors="0">
  <testcase name="verifyShowTabActive" time="0.000" classname="testModules.home.ShowsSubTabTests"/>
  <system-out/>
  <testcase name="tapShows" time="54.509" classname="testModules.home.ShowsSubTabTests"/>
  <system-out/>
</testsuite> <!-- testModules.home.ShowsSubTabTests -->
