<?xml version="1.0" encoding="UTF-8"?>
<!-- Generated by org.testng.reporters.JUnitReportReporter -->
<testsuite skipped="0" hostname="Gabrielas-MBP.fibertel.com.ar" name="testModules.editions.CanadaEditionTests2" tests="29" failures="1" timestamp="2023-09-05T19:10:01 ART" time="103.909" errors="0">
  <testcase name="testAustraliaEditionIsPresent" time="8.691" classname="testModules.editions.CanadaEditionTests2"/>
  <system-out/>
  <testcase name="testLatestSubTab" time="3.457" classname="testModules.editions.CanadaEditionTests2"/>
  <system-out/>
  <testcase name="testTrendingSubTab" time="2.136" classname="testModules.editions.CanadaEditionTests2"/>
  <system-out/>
  <testcase name="testFunnyTweetsSubTab" time="5.343" classname="testModules.editions.CanadaEditionTests2"/>
  <system-out/>
  <testcase name="testGamesSubTab" time="5.301" classname="testModules.editions.CanadaEditionTests2"/>
  <system-out/>
  <testcase name="testLatestsSubTab" time="5.996" classname="testModules.editions.CanadaEditionTests2"/>
  <system-out/>
  <testcase name="testRandomSubTab" time="7.945" classname="testModules.editions.CanadaEditionTests2"/>
  <system-out/>
  <testcase name="testGossipSubTab" time="3.077" classname="testModules.editions.CanadaEditionTests2"/>
  <system-out/>
  <testcase name="testGayStuffSubTab" time="4.951" classname="testModules.editions.CanadaEditionTests2"/>
  <system-out/>
  <testcase name="testMoreSubTab" time="1.080" classname="testModules.editions.CanadaEditionTests2"/>
  <system-out/>
  <testcase name="testAnimalsSubTab" time="2.809" classname="testModules.editions.CanadaEditionTests2"/>
  <system-out/>
  <testcase name="testBooksSubTab" time="2.859" classname="testModules.editions.CanadaEditionTests2"/>
  <system-out/>
  <testcase name="testCommunitySubTab" time="2.846" classname="testModules.editions.CanadaEditionTests2"/>
  <system-out/>
  <testcase name="testMusicSubTab" time="2.866" classname="testModules.editions.CanadaEditionTests2"/>
  <system-out/>
  <testcase name="testNiftySubTab" time="2.820" classname="testModules.editions.CanadaEditionTests2"/>
  <system-out/>
  <testcase name="testParentsSubTab" time="2.790" classname="testModules.editions.CanadaEditionTests2"/>
  <system-out/>
  <testcase name="testRewindSubTab" time="2.382" classname="testModules.editions.CanadaEditionTests2"/>
  <system-out/>
  <testcase name="testStyleSubTab" time="2.789" classname="testModules.editions.CanadaEditionTests2"/>
  <system-out/>
  <testcase name="testTravelSubTab" time="2.830" classname="testModules.editions.CanadaEditionTests2"/>
  <system-out/>
  <testcase name="testGoingNewsTab" time="0.995" classname="testModules.editions.CanadaEditionTests2"/>
  <system-out/>
  <testcase name="tapFstNewsCell" time="1.005" classname="testModules.editions.CanadaEditionTests2"/>
  <system-out/>
  <testcase name="testGoingShoppingTab" time="6.038" classname="testModules.editions.CanadaEditionTests2"/>
  <system-out/>
  <testcase name="testGoingToQuizzesTab" time="4.831" classname="testModules.editions.CanadaEditionTests2"/>
  <system-out/>
  <testcase name="testTapOnTrendingCategory" time="7.822" classname="testModules.editions.CanadaEditionTests2"/>
  <system-out/>
  <testcase name="testTapOnAIQuizzes" time="3.449" classname="testModules.editions.CanadaEditionTests2"/>
  <system-out/>
  <testcase name="testTapOnTriviaCategory" time="2.806" classname="testModules.editions.CanadaEditionTests2"/>
  <system-out/>
  <testcase name="testTapCanWeGuess" time="2.879" classname="testModules.editions.CanadaEditionTests2"/>
  <system-out/>
  <testcase name="tapGamesTab" time="1.116" classname="testModules.editions.CanadaEditionTests2"/>
  <system-out/>
  <testcase name="testFail" time="0.000" classname="testModules.editions.CanadaEditionTests2">
    <failure type="java.lang.AssertionError" message="expected [true] but found [false]">
      <![CDATA[java.lang.AssertionError: expected [true] but found [false]
at org.testng.Assert.fail(Assert.java:99)
at org.testng.Assert.failNotEquals(Assert.java:1037)
at org.testng.Assert.assertTrue(Assert.java:45)
at org.testng.Assert.assertTrue(Assert.java:55)
at testModules.editions.CanadaEditionTests2.testFail(CanadaEditionTests2.java:401)
at sun.reflect.NativeMethodAccessorImpl.invoke0(Native Method)
at sun.reflect.NativeMethodAccessorImpl.invoke(NativeMethodAccessorImpl.java:62)
at sun.reflect.DelegatingMethodAccessorImpl.invoke(DelegatingMethodAccessorImpl.java:43)
at java.lang.reflect.Method.invoke(Method.java:498)
at org.testng.internal.MethodInvocationHelper.invokeMethod(MethodInvocationHelper.java:133)
at org.testng.internal.TestInvoker.invokeMethod(TestInvoker.java:598)
at org.testng.internal.TestInvoker.invokeTestMethod(TestInvoker.java:173)
at org.testng.internal.MethodRunner.runInSequence(MethodRunner.java:46)
at org.testng.internal.TestInvoker$MethodInvocationAgent.invoke(TestInvoker.java:824)
at org.testng.internal.TestInvoker.invokeTestMethods(TestInvoker.java:146)
at org.testng.internal.TestMethodWorker.invokeTestMethods(TestMethodWorker.java:146)
at org.testng.internal.TestMethodWorker.run(TestMethodWorker.java:128)
at java.util.ArrayList.forEach(ArrayList.java:1259)
at org.testng.TestRunner.privateRun(TestRunner.java:794)
at org.testng.TestRunner.run(TestRunner.java:596)
at org.testng.SuiteRunner.runTest(SuiteRunner.java:377)
at org.testng.SuiteRunner.runSequentially(SuiteRunner.java:371)
at org.testng.SuiteRunner.privateRun(SuiteRunner.java:332)
at org.testng.SuiteRunner.run(SuiteRunner.java:276)
at org.testng.SuiteRunnerWorker.runSuite(SuiteRunnerWorker.java:53)
at org.testng.SuiteRunnerWorker.run(SuiteRunnerWorker.java:96)
at org.testng.TestNG.runSuitesSequentially(TestNG.java:1212)
at org.testng.TestNG.runSuitesSequentially(TestNG.java:1207)
at org.testng.TestNG.runSuitesLocally(TestNG.java:1134)
at org.testng.TestNG.runSuites(TestNG.java:1063)
at org.testng.TestNG.run(TestNG.java:1031)
at org.apache.maven.surefire.testng.TestNGExecutor.run(TestNGExecutor.java:283)
at org.apache.maven.surefire.testng.TestNGXmlTestSuite.execute(TestNGXmlTestSuite.java:75)
at org.apache.maven.surefire.testng.TestNGProvider.invoke(TestNGProvider.java:120)
at org.apache.maven.surefire.booter.ForkedBooter.invokeProviderInSameClassLoader(ForkedBooter.java:383)
at org.apache.maven.surefire.booter.ForkedBooter.runSuitesInProcess(ForkedBooter.java:344)
at org.apache.maven.surefire.booter.ForkedBooter.execute(ForkedBooter.java:125)
at org.apache.maven.surefire.booter.ForkedBooter.main(ForkedBooter.java:417)
]]>
    </failure>
  </testcase> <!-- testFail -->
  <system-out/>
</testsuite> <!-- testModules.editions.CanadaEditionTests2 -->
