<?xml version="1.0" encoding="UTF-8"?>
<!-- Generated by org.testng.reporters.JUnitReportReporter -->
<testsuite hostname="Gabrielas-MBP.fibertel.com.ar" failures="0" tests="1" name="testModules.signIn.SignInEmailTests" time="27.394" errors="0" timestamp="2024-05-14T19:29:51 ART" skipped="0">
  <testcase classname="testModules.signIn.SignInEmailTests" name="signInOnFstLaunch" time="27.394"/>
  <system-out/>
</testsuite> <!-- testModules.signIn.SignInEmailTests -->
