<?xml version="1.0" encoding="UTF-8"?>
<!-- Generated by org.testng.reporters.JUnitReportReporter -->
<testsuite skipped="0" hostname="Gabrielas-MBP.fibertel.com.ar" name="testModules.bpage.NatBpageTests1" tests="25" failures="0" timestamp="2023-08-09T11:36:46 ART" time="188.764" errors="0">
  <testcase name="disableAdExp" time="31.743" classname="testModules.bpage.NatBpageTests1"/>
  <system-out/>
  <testcase name="testSearchNativeBpage" time="15.886" classname="testModules.bpage.NatBpageTests1"/>
  <system-out/>
  <testcase name="verifyDataCategoryArePresent" time="0.649" classname="testModules.bpage.NatBpageTests1"/>
  <system-out/>
  <testcase name="verifyTitleIsPresent" time="1.211" classname="testModules.bpage.NatBpageTests1"/>
  <system-out/>
  <testcase name="verifySubTitleIsPresent" time="0.279" classname="testModules.bpage.NatBpageTests1"/>
  <system-out/>
  <testcase name="verifyAuthorInfoIsPresentOnBpage" time="1.362" classname="testModules.bpage.NatBpageTests1"/>
  <system-out/>
  <testcase name="verifyImagePresentOnBpage" time="0.494" classname="testModules.bpage.NatBpageTests1"/>
  <system-out/>
  <testcase name="tapImage" time="1.235" classname="testModules.bpage.NatBpageTests1"/>
  <system-out/>
  <testcase name="verifyShareButtonIsPresentOnMV" time="0.305" classname="testModules.bpage.NatBpageTests1"/>
  <system-out/>
  <testcase name="tapShareButtonOnMV" time="2.334" classname="testModules.bpage.NatBpageTests1"/>
  <system-out/>
  <testcase name="verifyDismissMV" time="1.285" classname="testModules.bpage.NatBpageTests1"/>
  <system-out/>
  <testcase name="tapInternalLink" time="8.346" classname="testModules.bpage.NatBpageTests1"/>
  <system-out/>
  <testcase name="verifyInternalLinkLoadsFine" time="3.949" classname="testModules.bpage.NatBpageTests1"/>
  <system-out/>
  <testcase name="verifyShareButtonIsPresent" time="0.380" classname="testModules.bpage.NatBpageTests1"/>
  <system-out/>
  <testcase name="tapShareButtonOnBpage" time="6.722" classname="testModules.bpage.NatBpageTests1"/>
  <system-out/>
  <testcase name="verifyMoreOnThisHeaderIsPresent" time="10.459" classname="testModules.bpage.NatBpageTests1"/>
  <system-out/>
  <testcase name="verifyMoreOnThisBpageIsPresent" time="0.485" classname="testModules.bpage.NatBpageTests1"/>
  <system-out/>
  <testcase name="verifyMoreOnThisBpage" time="10.141" classname="testModules.bpage.NatBpageTests1"/>
  <system-out/>
  <testcase name="validateRelatedContentHeader" time="5.811" classname="testModules.bpage.NatBpageTests1"/>
  <system-out/>
  <testcase name="validateRelatedContentItemDisplays" time="9.051" classname="testModules.bpage.NatBpageTests1"/>
  <system-out/>
  <testcase name="verifyMoreLikeThisBpageIsPresent" time="45.629" classname="testModules.bpage.NatBpageTests1"/>
  <system-out/>
  <testcase name="tapFirstMoreLikeThisBpage" time="8.768" classname="testModules.bpage.NatBpageTests1"/>
  <system-out/>
  <testcase name="verifyTrendingHeader" time="17.413" classname="testModules.bpage.NatBpageTests1"/>
  <system-out/>
  <testcase name="verifyTrendingBpageIsPresent" time="0.484" classname="testModules.bpage.NatBpageTests1"/>
  <system-out/>
  <testcase name="tapTrendingBpage" time="4.343" classname="testModules.bpage.NatBpageTests1"/>
  <system-out/>
</testsuite> <!-- testModules.bpage.NatBpageTests1 -->
