<?xml version="1.0" encoding="UTF-8"?>
<!-- Generated by org.testng.reporters.JUnitReportReporter -->
<testsuite skipped="1" hostname="Gabrielas-MBP.fibertel.com.ar" name="testModules.home.HomeLatestTests" tests="17" failures="0" timestamp="2022-06-06T11:34:04 ART" time="113.774" errors="0">
  <testcase name="testAllowButton" time="1.428" classname="testModules.home.HomeLatestTests"/>
  <system-out/>
  <testcase name="disableAdExp" time="24.366" classname="testModules.home.HomeLatestTests"/>
  <system-out/>
  <testcase name="verifyBuzzFeedLogo" time="0.490" classname="testModules.home.HomeLatestTests"/>
  <system-out/>
  <testcase name="verifyLatestIsPresentActive" time="0.256" classname="testModules.home.HomeLatestTests"/>
  <system-out/>
  <testcase name="tapSplash" time="6.593" classname="testModules.home.HomeLatestTests"/>
  <system-out/>
  <testcase name="tapFirstBpage" time="5.956" classname="testModules.home.HomeLatestTests"/>
  <system-out/>
  <testcase name="tapItemsShoppingPackage" time="16.256" classname="testModules.home.HomeLatestTests"/>
  <system-out/>
  <testcase name="openTrendingModal" time="20.712" classname="testModules.home.HomeLatestTests"/>
  <system-out/>
  <testcase name="shopNowButtonIsPresent" time="14.090" classname="testModules.home.HomeLatestTests"/>
  <system-out/>
  <testcase name="trendingHeaderIsPresent" time="1.579" classname="testModules.home.HomeLatestTests"/>
  <system-out/>
  <testcase name="collectDataDisclaimerIsPresent" time="3.865" classname="testModules.home.HomeLatestTests"/>
  <system-out/>
  <testcase name="tapFirstItemVideoPackage" time="13.141" classname="testModules.home.HomeLatestTests"/>
  <system-out/>
  <testcase name="seeMoreButtonIsPresent" time="0.316" classname="testModules.home.HomeLatestTests"/>
  <system-out/>
  <testcase name="videoHeaderIsPresent" time="3.447" classname="testModules.home.HomeLatestTests"/>
  <system-out/>
  <testcase name="tapSeeMoreVideoButton" time="1.005" classname="testModules.home.HomeLatestTests"/>
  <system-out/>
  <testcase name="videosSubTabIsActive" time="0.274" classname="testModules.home.HomeLatestTests"/>
  <system-out/>
  <testcase name="enableTrendingPackageExp" classname="testModules.home.HomeLatestTests">
    <skipped/>
  </testcase> <!-- enableTrendingPackageExp -->
  <system-out/>
</testsuite> <!-- testModules.home.HomeLatestTests -->
