<?xml version="1.0" encoding="UTF-8"?>
<!-- Generated by org.testng.reporters.JUnitReportReporter -->
<testsuite skipped="0" hostname="Gabrielas-MBP.fibertel.com.ar" name="testModules.bpage.FallBpageCommentsTests5" tests="19" failures="0" timestamp="2022-11-29T16:30:41 ART" time="113.713" errors="0">
  <testcase name="testSearchNativeBpage" time="21.269" classname="testModules.bpage.FallBpageCommentsTests5"/>
  <system-out/>
  <testcase name="verifyReadCommentsIsPresent" time="2.831" classname="testModules.bpage.FallBpageCommentsTests5"/>
  <system-out/>
  <testcase name="verifyReportButtonIsPresent" time="3.092" classname="testModules.bpage.FallBpageCommentsTests5"/>
  <system-out/>
  <testcase name="addComment" time="2.799" classname="testModules.bpage.FallBpageCommentsTests5"/>
  <system-out/>
  <testcase name="verifyPostButtonIsPresent" time="0.798" classname="testModules.bpage.FallBpageCommentsTests5"/>
  <system-out/>
  <testcase name="tapPostButton" time="1.218" classname="testModules.bpage.FallBpageCommentsTests5"/>
  <system-out/>
  <testcase name="testEnterEmail" time="2.885" classname="testModules.bpage.FallBpageCommentsTests5"/>
  <system-out/>
  <testcase name="testEnterPassword" time="55.508" classname="testModules.bpage.FallBpageCommentsTests5"/>
  <system-out/>
  <testcase name="verifyMostHeartSectionIsPresent" time="0.000" classname="testModules.bpage.FallBpageCommentsTests5"/>
  <system-out/>
  <testcase name="verifyMostHeartSectionLoads" time="4.285" classname="testModules.bpage.FallBpageCommentsTests5"/>
  <system-out/>
  <testcase name="verifyMostRecentSectionIsPresent" time="1.931" classname="testModules.bpage.FallBpageCommentsTests5"/>
  <system-out/>
  <testcase name="verifyUserIsPresentOnMoreRecentSection" time="1.323" classname="testModules.bpage.FallBpageCommentsTests5"/>
  <system-out/>
  <testcase name="verifyCommentIsPresent" time="1.295" classname="testModules.bpage.FallBpageCommentsTests5"/>
  <system-out/>
  <testcase name="verifyLikeCommentButtonIsPresent" time="0.000" classname="testModules.bpage.FallBpageCommentsTests5"/>
  <system-out/>
  <testcase name="tapLikeCommentButton" time="1.432" classname="testModules.bpage.FallBpageCommentsTests5"/>
  <system-out/>
  <testcase name="verifyLikeButtonIsFilled" time="0.000" classname="testModules.bpage.FallBpageCommentsTests5"/>
  <system-out/>
  <testcase name="verifyReplyButtonIsPresent" time="3.499" classname="testModules.bpage.FallBpageCommentsTests5"/>
  <system-out/>
  <testcase name="replyComment" time="3.924" classname="testModules.bpage.FallBpageCommentsTests5"/>
  <system-out/>
  <testcase name="verifyReplyCommentIsPresent" time="5.624" classname="testModules.bpage.FallBpageCommentsTests5"/>
  <system-out/>
</testsuite> <!-- testModules.bpage.FallBpageCommentsTests5 -->
