<?xml version="1.0" encoding="UTF-8"?>
<!-- Generated by org.testng.reporters.JUnitReportReporter -->
<testsuite skipped="0" hostname="Gabrielas-MBP.fibertel.com.ar" name="testModules.news.NewsLatestTests" tests="6" failures="0" timestamp="2022-06-06T13:00:50 ART" time="24.969" errors="0">
  <testcase name="testNewsTab" time="2.694" classname="testModules.news.NewsLatestTests"/>
  <system-out/>
  <testcase name="testLatestSubTab" time="0.987" classname="testModules.news.NewsLatestTests"/>
  <system-out/>
  <testcase name="testNewsHeader" time="0.831" classname="testModules.news.NewsLatestTests"/>
  <system-out/>
  <testcase name="testQCUSection" time="1.492" classname="testModules.news.NewsLatestTests"/>
  <system-out/>
  <testcase name="testBPage" time="7.709" classname="testModules.news.NewsLatestTests"/>
  <system-out/>
  <testcase name="testScroll" time="11.256" classname="testModules.news.NewsLatestTests"/>
  <system-out/>
</testsuite> <!-- testModules.news.NewsLatestTests -->
