<?xml version="1.0" encoding="UTF-8"?>
<!-- Generated by org.testng.reporters.JUnitReportReporter -->
<testsuite skipped="0" hostname="Gabrielas-MBP.fibertel.com.ar" name="testModules.quizzes.quizzesTypes.QuizPredetTests" tests="33" failures="0" timestamp="2023-09-05T20:49:56 ART" time="94.684" errors="0">
  <testcase name="testSearchPredetQuiz" time="15.393" classname="testModules.quizzes.quizzesTypes.QuizPredetTests"/>
  <system-out/>
  <testcase name="testQuizTitleIsPresentAtBeginning" time="4.132" classname="testModules.quizzes.quizzesTypes.QuizPredetTests"/>
  <system-out/>
  <testcase name="testMainImageIsPresent" time="0.735" classname="testModules.quizzes.quizzesTypes.QuizPredetTests"/>
  <system-out/>
  <testcase name="testSubTextIsPresent" time="0.299" classname="testModules.quizzes.quizzesTypes.QuizPredetTests"/>
  <system-out/>
  <testcase name="testAuthorInfoIsPresent" time="0.291" classname="testModules.quizzes.quizzesTypes.QuizPredetTests"/>
  <system-out/>
  <testcase name="testPlayWithFriendsButton" time="0.637" classname="testModules.quizzes.quizzesTypes.QuizPredetTests"/>
  <system-out/>
  <testcase name="testPlayNowButton" time="1.685" classname="testModules.quizzes.quizzesTypes.QuizPredetTests"/>
  <system-out/>
  <testcase name="testProgressBarFirstQ" time="0.661" classname="testModules.quizzes.quizzesTypes.QuizPredetTests"/>
  <system-out/>
  <testcase name="testSendFirstAnswer" time="1.153" classname="testModules.quizzes.quizzesTypes.QuizPredetTests"/>
  <system-out/>
  <testcase name="testCorrectTextIsPresent" time="0.796" classname="testModules.quizzes.quizzesTypes.QuizPredetTests"/>
  <system-out/>
  <testcase name="testFirstAnswerTextIsPresent" time="0.333" classname="testModules.quizzes.quizzesTypes.QuizPredetTests"/>
  <system-out/>
  <testcase name="testNextButtonGoodAnswerIsPresent" time="0.324" classname="testModules.quizzes.quizzesTypes.QuizPredetTests"/>
  <system-out/>
  <testcase name="testTapNextGoodAnswerButton" time="0.812" classname="testModules.quizzes.quizzesTypes.QuizPredetTests"/>
  <system-out/>
  <testcase name="testProgressBarSecondQ" time="0.951" classname="testModules.quizzes.quizzesTypes.QuizPredetTests"/>
  <system-out/>
  <testcase name="testSendSecondAnswer" time="1.603" classname="testModules.quizzes.quizzesTypes.QuizPredetTests"/>
  <system-out/>
  <testcase name="testWrongTextIsPresent" time="0.860" classname="testModules.quizzes.quizzesTypes.QuizPredetTests"/>
  <system-out/>
  <testcase name="testSecondAnswerTextIsPresent" time="0.320" classname="testModules.quizzes.quizzesTypes.QuizPredetTests"/>
  <system-out/>
  <testcase name="testNextButtonWrongAnswerIsPresent" time="0.403" classname="testModules.quizzes.quizzesTypes.QuizPredetTests"/>
  <system-out/>
  <testcase name="testTapNextWrongAnswerButton" time="1.058" classname="testModules.quizzes.quizzesTypes.QuizPredetTests"/>
  <system-out/>
  <testcase name="testCompletingQuiz" time="4.267" classname="testModules.quizzes.quizzesTypes.QuizPredetTests"/>
  <system-out/>
  <testcase name="testCompletingQuiz" time="4.216" classname="testModules.quizzes.quizzesTypes.QuizPredetTests"/>
  <system-out/>
  <testcase name="testCompletingQuiz" time="4.600" classname="testModules.quizzes.quizzesTypes.QuizPredetTests"/>
  <system-out/>
  <testcase name="testCompletingQuiz" time="4.663" classname="testModules.quizzes.quizzesTypes.QuizPredetTests"/>
  <system-out/>
  <testcase name="testCompletingQuiz" time="4.268" classname="testModules.quizzes.quizzesTypes.QuizPredetTests"/>
  <system-out/>
  <testcase name="testCompletingQuiz" time="4.299" classname="testModules.quizzes.quizzesTypes.QuizPredetTests"/>
  <system-out/>
  <testcase name="testCompletingQuiz" time="4.270" classname="testModules.quizzes.quizzesTypes.QuizPredetTests"/>
  <system-out/>
  <testcase name="testCompletingQuiz" time="4.545" classname="testModules.quizzes.quizzesTypes.QuizPredetTests"/>
  <system-out/>
  <testcase name="testCompletingQuiz" time="4.262" classname="testModules.quizzes.quizzesTypes.QuizPredetTests"/>
  <system-out/>
  <testcase name="testCompletingQuiz" time="4.265" classname="testModules.quizzes.quizzesTypes.QuizPredetTests"/>
  <system-out/>
  <testcase name="testCompletingQuiz" time="4.287" classname="testModules.quizzes.quizzesTypes.QuizPredetTests"/>
  <system-out/>
  <testcase name="testCompletingQuiz" time="4.637" classname="testModules.quizzes.quizzesTypes.QuizPredetTests"/>
  <system-out/>
  <testcase name="testQuizTitleResultScreenIsPresent" time="4.514" classname="testModules.quizzes.quizzesTypes.QuizPredetTests"/>
  <system-out/>
  <testcase name="testScoreResultScreenIsPresent" time="5.145" classname="testModules.quizzes.quizzesTypes.QuizPredetTests"/>
  <system-out/>
</testsuite> <!-- testModules.quizzes.quizzesTypes.QuizPredetTests -->
