<?xml version="1.0" encoding="UTF-8"?>
<!-- Generated by org.testng.reporters.JUnitReportReporter -->
<testsuite hostname="Gabrielas-MacBook-Pro.local" failures="0" tests="26" name="testModules.bpage.NatBpageTests1" time="145.341" errors="0" timestamp="2025-03-18T21:15:27 ART" skipped="0">
  <testcase classname="testModules.bpage.NatBpageTests1" name="testSearchNativeBpage" time="26.080"/>
  <system-out/>
  <testcase classname="testModules.bpage.NatBpageTests1" name="testSearchNativeBpage" time="6.551"/>
  <system-out/>
  <testcase classname="testModules.bpage.NatBpageTests1" name="verifyDataCategoryArePresent" time="0.000"/>
  <system-out/>
  <testcase classname="testModules.bpage.NatBpageTests1" name="verifyDataCategoryArePresent" time="0.000"/>
  <system-out/>
  <testcase classname="testModules.bpage.NatBpageTests1" name="verifyTitleIsPresent" time="0.537"/>
  <system-out/>
  <testcase classname="testModules.bpage.NatBpageTests1" name="verifyTitleIsPresent" time="0.916"/>
  <system-out/>
  <testcase classname="testModules.bpage.NatBpageTests1" name="verifySubTitleIsPresent" time="0.919"/>
  <system-out/>
  <testcase classname="testModules.bpage.NatBpageTests1" name="verifySubTitleIsPresent" time="0.461"/>
  <system-out/>
  <testcase classname="testModules.bpage.NatBpageTests1" name="verifyAuthorInfoIsPresentOnBpage" time="1.769"/>
  <system-out/>
  <testcase classname="testModules.bpage.NatBpageTests1" name="verifyAuthorInfoIsPresentOnBpage" time="0.540"/>
  <system-out/>
  <testcase classname="testModules.bpage.NatBpageTests1" name="verifyImagePresentOnBpage" time="0.854"/>
  <system-out/>
  <testcase classname="testModules.bpage.NatBpageTests1" name="verifyImagePresentOnBpage" time="0.451"/>
  <system-out/>
  <testcase classname="testModules.bpage.NatBpageTests1" name="tapImage" time="1.265"/>
  <system-out/>
  <testcase classname="testModules.bpage.NatBpageTests1" name="tapImage" time="0.454"/>
  <system-out/>
  <testcase classname="testModules.bpage.NatBpageTests1" name="verifyShareButtonIsPresentOnMV" time="0.504"/>
  <system-out/>
  <testcase classname="testModules.bpage.NatBpageTests1" name="verifyShareButtonIsPresentOnMV" time="0.829"/>
  <system-out/>
  <testcase classname="testModules.bpage.NatBpageTests1" name="tapShareButtonOnMV" time="1.762"/>
  <system-out/>
  <testcase classname="testModules.bpage.NatBpageTests1" name="tapShareButtonOnMV" time="0.533"/>
  <system-out/>
  <testcase classname="testModules.bpage.NatBpageTests1" name="verifyDismissMV" time="0.467"/>
  <system-out/>
  <testcase classname="testModules.bpage.NatBpageTests1" name="verifyDismissMV" time="10.243"/>
  <system-out/>
  <testcase classname="testModules.bpage.NatBpageTests1" name="testSearchFallbackBpage" time="7.532"/>
  <system-out/>
  <testcase classname="testModules.bpage.NatBpageTests1" name="testSearchFallbackBpage" time="11.375"/>
  <system-out/>
  <testcase classname="testModules.bpage.NatBpageTests1" name="testBuyFromAmazonButtonIsPresent" time="60.882"/>
  <system-out/>
  <testcase classname="testModules.bpage.NatBpageTests1" name="testBuyFromAmazonButtonIsPresent" time="1.465"/>
  <system-out/>
  <testcase classname="testModules.bpage.NatBpageTests1" name="testBuyFromAmazonButton" time="4.444"/>
  <system-out/>
  <testcase classname="testModules.bpage.NatBpageTests1" name="testBuyFromAmazonButton" time="4.508"/>
  <system-out/>
</testsuite> <!-- testModules.bpage.NatBpageTests1 -->
