<?xml version="1.0" encoding="UTF-8"?>
<!-- Generated by org.testng.reporters.JUnitReportReporter -->
<testsuite skipped="0" hostname="Gabrielas-MBP.fibertel.com.ar" name="testModules.profile.BFHeaderTests1" tests="11" failures="0" timestamp="2022-07-26T13:11:45 ART" time="35.593" errors="0">
  <testcase name="testDisplayName" time="0.233" classname="testModules.profile.BFHeaderTests1"/>
  <system-out/>
  <testcase name="testEditProfileButton" time="0.762" classname="testModules.profile.BFHeaderTests1"/>
  <system-out/>
  <testcase name="testEditDisplayNameButton" time="1.987" classname="testModules.profile.BFHeaderTests1"/>
  <system-out/>
  <testcase name="testEditDisplayName" time="3.422" classname="testModules.profile.BFHeaderTests1"/>
  <system-out/>
  <testcase name="testNewDisplayName" time="2.326" classname="testModules.profile.BFHeaderTests1"/>
  <system-out/>
  <testcase name="testChangeBackDisplayName" time="4.571" classname="testModules.profile.BFHeaderTests1"/>
  <system-out/>
  <testcase name="testEditUsernameButton" time="4.396" classname="testModules.profile.BFHeaderTests1"/>
  <system-out/>
  <testcase name="testEditUsernameModal" time="6.648" classname="testModules.profile.BFHeaderTests1"/>
  <system-out/>
  <testcase name="testUpdateProfilePhoto" time="1.162" classname="testModules.profile.BFHeaderTests1"/>
  <system-out/>
  <testcase name="testDeleteProfilePhoto" time="1.296" classname="testModules.profile.BFHeaderTests1"/>
  <system-out/>
  <testcase name="testAddProfilePhoto" time="8.790" classname="testModules.profile.BFHeaderTests1"/>
  <system-out/>
</testsuite> <!-- testModules.profile.BFHeaderTests1 -->
