<?xml version="1.0" encoding="UTF-8"?>
<!-- Generated by org.testng.reporters.JUnitReportReporter -->
<testsuite skipped="0" hostname="Gabrielas-MBP.fibertel.com.ar" name="testModules.editions.IndiaEditionTests" tests="22" failures="0" timestamp="2023-08-09T10:38:00 ART" time="112.327" errors="0">
  <testcase name="testIndiaEditionIsPresent" time="8.011" classname="testModules.editions.IndiaEditionTests"/>
  <system-out/>
  <testcase name="testLatestSubTab" time="0.859" classname="testModules.editions.IndiaEditionTests"/>
  <system-out/>
  <testcase name="testVideosSubTab" time="5.329" classname="testModules.editions.IndiaEditionTests"/>
  <system-out/>
  <testcase name="testTrendingSubTab" time="3.334" classname="testModules.editions.IndiaEditionTests"/>
  <system-out/>
  <testcase name="testShowsSubTab" time="5.643" classname="testModules.editions.IndiaEditionTests"/>
  <system-out/>
  <testcase name="testAnimalsSubTab" time="2.901" classname="testModules.editions.IndiaEditionTests"/>
  <system-out/>
  <testcase name="testCelebritySubTab" time="7.047" classname="testModules.editions.IndiaEditionTests"/>
  <system-out/>
  <testcase name="testBooksSubTab" time="5.801" classname="testModules.editions.IndiaEditionTests"/>
  <system-out/>
  <testcase name="testCommunitySubTab" time="5.908" classname="testModules.editions.IndiaEditionTests"/>
  <system-out/>
  <testcase name="testFoodSubTab" time="5.802" classname="testModules.editions.IndiaEditionTests"/>
  <system-out/>
  <testcase name="testMusicSubTab" time="6.850" classname="testModules.editions.IndiaEditionTests"/>
  <system-out/>
  <testcase name="testNiftySubTab" time="6.688" classname="testModules.editions.IndiaEditionTests"/>
  <system-out/>
  <testcase name="testParentsSubTab" time="8.708" classname="testModules.editions.IndiaEditionTests"/>
  <system-out/>
  <testcase name="testRewindSubTab" time="6.835" classname="testModules.editions.IndiaEditionTests"/>
  <system-out/>
  <testcase name="testStyleSubTab" time="6.854" classname="testModules.editions.IndiaEditionTests"/>
  <system-out/>
  <testcase name="testTravelSubTab" time="6.600" classname="testModules.editions.IndiaEditionTests"/>
  <system-out/>
  <testcase name="testGoingNewsTab" time="1.084" classname="testModules.editions.IndiaEditionTests"/>
  <system-out/>
  <testcase name="tapFstNewsCell" time="0.858" classname="testModules.editions.IndiaEditionTests"/>
  <system-out/>
  <testcase name="testGoingShoppingTab" time="6.076" classname="testModules.editions.IndiaEditionTests"/>
  <system-out/>
  <testcase name="testGoingToQuizzesTab" time="4.138" classname="testModules.editions.IndiaEditionTests"/>
  <system-out/>
  <testcase name="testTapOnTrendingCategory" time="5.763" classname="testModules.editions.IndiaEditionTests"/>
  <system-out/>
  <testcase name="tapGamesTab" time="1.238" classname="testModules.editions.IndiaEditionTests"/>
  <system-out/>
</testsuite> <!-- testModules.editions.IndiaEditionTests -->
