<?xml version="1.0" encoding="UTF-8"?>
<!-- Generated by org.testng.reporters.JUnitReportReporter -->
<testsuite skipped="0" hostname="Gabrielas-MBP.fibertel.com.ar" name="testModules.search.SuggestedSearchesTests3" tests="6" failures="0" timestamp="2023-09-05T19:37:59 ART" time="61.559" errors="0">
  <testcase name="testSuggestedSearches" time="1.384" classname="testModules.search.SuggestedSearchesTests3"/>
  <system-out/>
  <testcase name="testSearchResults" time="4.317" classname="testModules.search.SuggestedSearchesTests3"/>
  <system-out/>
  <testcase name="testRecentSearches" time="7.465" classname="testModules.search.SuggestedSearchesTests3"/>
  <system-out/>
  <testcase name="validateShoppingSearch" time="5.507" classname="testModules.search.SuggestedSearchesTests3"/>
  <system-out/>
  <testcase name="clickOnAmazonPost" time="10.686" classname="testModules.search.SuggestedSearchesTests3"/>
  <system-out/>
  <testcase name="scrollDownOnPosts" time="32.200" classname="testModules.search.SuggestedSearchesTests3"/>
  <system-out/>
</testsuite> <!-- testModules.search.SuggestedSearchesTests3 -->
