<?xml version="1.0" encoding="UTF-8"?>
<!-- Generated by org.testng.reporters.JUnitReportReporter -->
<testsuite skipped="0" hostname="Gabrielas-MBP.fibertel.com.ar" name="testModules.profile.FBHeaderTests1" tests="11" failures="0" timestamp="2022-09-27T21:58:06 ART" time="80.749" errors="0">
  <testcase name="testDisplayName" time="0.202" classname="testModules.profile.FBHeaderTests1"/>
  <system-out/>
  <testcase name="testEditProfileButton" time="0.544" classname="testModules.profile.FBHeaderTests1"/>
  <system-out/>
  <testcase name="testEditDisplayNameButton" time="1.745" classname="testModules.profile.FBHeaderTests1"/>
  <system-out/>
  <testcase name="testEditDisplayName" time="3.190" classname="testModules.profile.FBHeaderTests1"/>
  <system-out/>
  <testcase name="testNewDisplayName" time="2.313" classname="testModules.profile.FBHeaderTests1"/>
  <system-out/>
  <testcase name="testChangeBackDisplayName" time="4.137" classname="testModules.profile.FBHeaderTests1"/>
  <system-out/>
  <testcase name="testEditUsernameButton" time="4.048" classname="testModules.profile.FBHeaderTests1"/>
  <system-out/>
  <testcase name="testEditUsernameModal" time="50.226" classname="testModules.profile.FBHeaderTests1"/>
  <system-out/>
  <testcase name="testUpdateProfilePhoto" time="3.892" classname="testModules.profile.FBHeaderTests1"/>
  <system-out/>
  <testcase name="testDeleteProfilePhoto" time="1.495" classname="testModules.profile.FBHeaderTests1"/>
  <system-out/>
  <testcase name="testAddProfilePhoto" time="8.957" classname="testModules.profile.FBHeaderTests1"/>
  <system-out/>
</testsuite> <!-- testModules.profile.FBHeaderTests1 -->
