<?xml version="1.0" encoding="UTF-8"?>
<!-- Generated by org.testng.reporters.JUnitReportReporter -->
<testsuite skipped="0" hostname="Gabrielas-MBP.fibertel.com.ar" name="testModules.editions.UKEditionTests2" tests="33" failures="0" timestamp="2023-08-09T10:38:00 ART" time="174.069" errors="0">
  <testcase name="testUKEditionIsPresent" time="8.172" classname="testModules.editions.UKEditionTests2"/>
  <system-out/>
  <testcase name="testLatestSubTab" time="3.420" classname="testModules.editions.UKEditionTests2"/>
  <system-out/>
  <testcase name="testTrendingSubTab" time="2.130" classname="testModules.editions.UKEditionTests2"/>
  <system-out/>
  <testcase name="testShowsSubTab" time="6.574" classname="testModules.editions.UKEditionTests2"/>
  <system-out/>
  <testcase name="testVideosSubTab" time="2.654" classname="testModules.editions.UKEditionTests2"/>
  <system-out/>
  <testcase name="testAnimalsSubTab" time="2.754" classname="testModules.editions.UKEditionTests2"/>
  <system-out/>
  <testcase name="testBooksSubTab" time="6.948" classname="testModules.editions.UKEditionTests2"/>
  <system-out/>
  <testcase name="testCelebritySubTab" time="8.997" classname="testModules.editions.UKEditionTests2"/>
  <system-out/>
  <testcase name="testFoodSubTab" time="6.903" classname="testModules.editions.UKEditionTests2"/>
  <system-out/>
  <testcase name="testCommunitySubTab" time="6.898" classname="testModules.editions.UKEditionTests2"/>
  <system-out/>
  <testcase name="testMusicSubTab" time="8.934" classname="testModules.editions.UKEditionTests2"/>
  <system-out/>
  <testcase name="testNiftySubTab" time="6.751" classname="testModules.editions.UKEditionTests2"/>
  <system-out/>
  <testcase name="testParentsSubTab" time="6.812" classname="testModules.editions.UKEditionTests2"/>
  <system-out/>
  <testcase name="testRewindSubTab" time="6.828" classname="testModules.editions.UKEditionTests2"/>
  <system-out/>
  <testcase name="testStyleSubTab" time="6.853" classname="testModules.editions.UKEditionTests2"/>
  <system-out/>
  <testcase name="testTravelHomeSubTab" time="6.749" classname="testModules.editions.UKEditionTests2"/>
  <system-out/>
  <testcase name="testGoingNewsTab" time="1.123" classname="testModules.editions.UKEditionTests2"/>
  <system-out/>
  <testcase name="tapFstNewsCell" time="0.996" classname="testModules.editions.UKEditionTests2"/>
  <system-out/>
  <testcase name="testGoingShoppingTab" time="4.554" classname="testModules.editions.UKEditionTests2"/>
  <system-out/>
  <testcase name="testTrendingShoppingSubTab" time="5.931" classname="testModules.editions.UKEditionTests2"/>
  <system-out/>
  <testcase name="testBeautySubTab" time="6.919" classname="testModules.editions.UKEditionTests2"/>
  <system-out/>
  <testcase name="testDealsSubTab" time="6.430" classname="testModules.editions.UKEditionTests2"/>
  <system-out/>
  <testcase name="testHomeSubTab" time="6.295" classname="testModules.editions.UKEditionTests2"/>
  <system-out/>
  <testcase name="testClothingSubTab" time="6.390" classname="testModules.editions.UKEditionTests2"/>
  <system-out/>
  <testcase name="testClickShoppingOnMoreNews" time="0.933" classname="testModules.editions.UKEditionTests2"/>
  <system-out/>
  <testcase name="testGiftSubTab" time="6.640" classname="testModules.editions.UKEditionTests2"/>
  <system-out/>
  <testcase name="testUnder20SubTab" time="6.865" classname="testModules.editions.UKEditionTests2"/>
  <system-out/>
  <testcase name="testGoingToQuizzesTab" time="4.032" classname="testModules.editions.UKEditionTests2"/>
  <system-out/>
  <testcase name="testTapOnTrendingCategory" time="2.960" classname="testModules.editions.UKEditionTests2"/>
  <system-out/>
  <testcase name="testTapOnAIQuizzes" time="2.824" classname="testModules.editions.UKEditionTests2"/>
  <system-out/>
  <testcase name="testTapOnTriviaCategory" time="5.779" classname="testModules.editions.UKEditionTests2"/>
  <system-out/>
  <testcase name="testTapCanWeGuess" time="5.904" classname="testModules.editions.UKEditionTests2"/>
  <system-out/>
  <testcase name="tapGamesTab" time="1.117" classname="testModules.editions.UKEditionTests2"/>
  <system-out/>
</testsuite> <!-- testModules.editions.UKEditionTests2 -->
