<?xml version="1.0" encoding="UTF-8"?>
<!-- Generated by org.testng.reporters.JUnitReportReporter -->
<testsuite skipped="0" hostname="Gabrielas-MBP.fibertel.com.ar" name="testModules.editions.LatamEditionTests" tests="20" failures="0" timestamp="2022-06-29T10:14:02 ART" time="231.168" errors="0">
  <testcase name="testLatamEditionIsPresent" time="12.698" classname="testModules.editions.LatamEditionTests"/>
  <system-out/>
  <testcase name="testLoUltimoSubTab" time="4.815" classname="testModules.editions.LatamEditionTests"/>
  <system-out/>
  <testcase name="testTendenciasSubTab" time="7.483" classname="testModules.editions.LatamEditionTests"/>
  <system-out/>
  <testcase name="testJajajaSubTab" time="16.954" classname="testModules.editions.LatamEditionTests"/>
  <system-out/>
  <testcase name="testJajajSubTab" time="23.331" classname="testModules.editions.LatamEditionTests"/>
  <system-out/>
  <testcase name="testChidoSubTab" time="12.015" classname="testModules.editions.LatamEditionTests"/>
  <system-out/>
  <testcase name="testMadreDeDiosSubTab" time="8.150" classname="testModules.editions.LatamEditionTests"/>
  <system-out/>
  <testcase name="testBooksSubTab" time="8.899" classname="testModules.editions.LatamEditionTests"/>
  <system-out/>
  <testcase name="testFailSubTab" time="9.472" classname="testModules.editions.LatamEditionTests"/>
  <system-out/>
  <testcase name="testWTFSubTab" time="9.807" classname="testModules.editions.LatamEditionTests"/>
  <system-out/>
  <testcase name="testShoppingTab" time="11.484" classname="testModules.editions.LatamEditionTests"/>
  <system-out/>
  <testcase name="testBellezaSubTab" time="11.715" classname="testModules.editions.LatamEditionTests"/>
  <system-out/>
  <testcase name="testOfertasShoppingSubTab" time="10.963" classname="testModules.editions.LatamEditionTests"/>
  <system-out/>
  <testcase name="testHogarSubTab" time="12.520" classname="testModules.editions.LatamEditionTests"/>
  <system-out/>
  <testcase name="testEstiloSubTab" time="12.644" classname="testModules.editions.LatamEditionTests"/>
  <system-out/>
  <testcase name="testIdeasSubTab" time="12.912" classname="testModules.editions.LatamEditionTests"/>
  <system-out/>
  <testcase name="testDeMenos500SubTab" time="14.365" classname="testModules.editions.LatamEditionTests"/>
  <system-out/>
  <testcase name="testElectronicosSubTab" time="13.794" classname="testModules.editions.LatamEditionTests"/>
  <system-out/>
  <testcase name="testValenSubTab" time="14.574" classname="testModules.editions.LatamEditionTests"/>
  <system-out/>
  <testcase name="testSearchTab" time="2.573" classname="testModules.editions.LatamEditionTests"/>
  <system-out/>
</testsuite> <!-- testModules.editions.LatamEditionTests -->
