<?xml version="1.0" encoding="UTF-8"?>
<!-- Generated by org.testng.reporters.JUnitReportReporter -->
<testsuite skipped="0" hostname="Gabrielas-MBP.fibertel.com.ar" name="testModules.search.RecentSearchesTests2" tests="6" failures="0" timestamp="2023-08-09T11:08:51 ART" time="17.688" errors="0">
  <testcase name="testCancelButton" time="6.266" classname="testModules.search.RecentSearchesTests2"/>
  <system-out/>
  <testcase name="testRecentSearchesTitle" time="0.325" classname="testModules.search.RecentSearchesTests2"/>
  <system-out/>
  <testcase name="testRecentSearches" time="1.418" classname="testModules.search.RecentSearchesTests2"/>
  <system-out/>
  <testcase name="testSearchResults" time="5.360" classname="testModules.search.RecentSearchesTests2"/>
  <system-out/>
  <testcase name="testClearButton" time="2.851" classname="testModules.search.RecentSearchesTests2"/>
  <system-out/>
  <testcase name="testClearRecentSearchesButton" time="1.468" classname="testModules.search.RecentSearchesTests2"/>
  <system-out/>
</testsuite> <!-- testModules.search.RecentSearchesTests2 -->
