<?xml version="1.0" encoding="UTF-8"?>
<!-- Generated by org.testng.reporters.JUnitReportReporter -->
<testsuite skipped="0" hostname="Gabrielas-MBP.fibertel.com.ar" name="testModules.profile.BFHeaderTests1" tests="11" failures="0" timestamp="2023-06-15T20:50:32 ART" time="39.211" errors="0">
  <testcase name="testDisplayName" time="0.000" classname="testModules.profile.BFHeaderTests1"/>
  <system-out/>
  <testcase name="testEditProfileButton" time="0.908" classname="testModules.profile.BFHeaderTests1"/>
  <system-out/>
  <testcase name="testEditDisplayNameButton" time="0.965" classname="testModules.profile.BFHeaderTests1"/>
  <system-out/>
  <testcase name="testEditDisplayName" time="3.275" classname="testModules.profile.BFHeaderTests1"/>
  <system-out/>
  <testcase name="testNewDisplayName" time="0.543" classname="testModules.profile.BFHeaderTests1"/>
  <system-out/>
  <testcase name="testChangeBackDisplayName" time="5.441" classname="testModules.profile.BFHeaderTests1"/>
  <system-out/>
  <testcase name="testEditUsernameButton" time="3.180" classname="testModules.profile.BFHeaderTests1"/>
  <system-out/>
  <testcase name="testEditUsernameModal" time="7.804" classname="testModules.profile.BFHeaderTests1"/>
  <system-out/>
  <testcase name="testUpdateProfilePhoto" time="2.059" classname="testModules.profile.BFHeaderTests1"/>
  <system-out/>
  <testcase name="testDeleteProfilePhoto" time="4.262" classname="testModules.profile.BFHeaderTests1"/>
  <system-out/>
  <testcase name="testAddProfilePhoto" time="10.774" classname="testModules.profile.BFHeaderTests1"/>
  <system-out/>
</testsuite> <!-- testModules.profile.BFHeaderTests1 -->
