<?xml version="1.0" encoding="UTF-8"?>
<!-- Generated by org.testng.reporters.JUnitReportReporter -->
<testsuite skipped="0" hostname="Gabrielas-MBP.fibertel.com.ar" name="testModules.editions.IndiaEditionTests" tests="23" failures="0" timestamp="2023-06-15T18:40:26 ART" time="161.883" errors="0">
  <testcase name="testIndiaEditionIsPresent" time="0.160" classname="testModules.editions.IndiaEditionTests"/>
  <system-out/>
  <testcase name="testLatestSubTab" time="14.983" classname="testModules.editions.IndiaEditionTests"/>
  <system-out/>
  <testcase name="testVideosSubTab" time="25.262" classname="testModules.editions.IndiaEditionTests"/>
  <system-out/>
  <testcase name="testTrendingSubTab" time="3.736" classname="testModules.editions.IndiaEditionTests"/>
  <system-out/>
  <testcase name="testShowsSubTab" time="3.632" classname="testModules.editions.IndiaEditionTests"/>
  <system-out/>
  <testcase name="testAnimalsSubTab" time="8.588" classname="testModules.editions.IndiaEditionTests"/>
  <system-out/>
  <testcase name="testCelebritySubTab" time="7.618" classname="testModules.editions.IndiaEditionTests"/>
  <system-out/>
  <testcase name="testBooksSubTab" time="6.695" classname="testModules.editions.IndiaEditionTests"/>
  <system-out/>
  <testcase name="testCommunitySubTab" time="6.553" classname="testModules.editions.IndiaEditionTests"/>
  <system-out/>
  <testcase name="testFoodSubTab" time="6.585" classname="testModules.editions.IndiaEditionTests"/>
  <system-out/>
  <testcase name="testMusicSubTab" time="7.174" classname="testModules.editions.IndiaEditionTests"/>
  <system-out/>
  <testcase name="testNiftySubTab" time="7.523" classname="testModules.editions.IndiaEditionTests"/>
  <system-out/>
  <testcase name="testParentsSubTab" time="9.552" classname="testModules.editions.IndiaEditionTests"/>
  <system-out/>
  <testcase name="testRewindSubTab" time="7.590" classname="testModules.editions.IndiaEditionTests"/>
  <system-out/>
  <testcase name="testStyleSubTab" time="7.603" classname="testModules.editions.IndiaEditionTests"/>
  <system-out/>
  <testcase name="testTravelSubTab" time="7.501" classname="testModules.editions.IndiaEditionTests"/>
  <system-out/>
  <testcase name="testGoingNewsTab" time="1.509" classname="testModules.editions.IndiaEditionTests"/>
  <system-out/>
  <testcase name="tapFstNewsCell" time="0.659" classname="testModules.editions.IndiaEditionTests"/>
  <system-out/>
  <testcase name="testGoingShoppingTab" time="7.725" classname="testModules.editions.IndiaEditionTests"/>
  <system-out/>
  <testcase name="testGoingToQuizzesTab" time="6.369" classname="testModules.editions.IndiaEditionTests"/>
  <system-out/>
  <testcase name="testTapOnTrendingCategory" time="9.161" classname="testModules.editions.IndiaEditionTests"/>
  <system-out/>
  <testcase name="testTapOnResultsCategory" time="3.525" classname="testModules.editions.IndiaEditionTests"/>
  <system-out/>
  <testcase name="tapGamesTab" time="2.180" classname="testModules.editions.IndiaEditionTests"/>
  <system-out/>
</testsuite> <!-- testModules.editions.IndiaEditionTests -->
