<?xml version="1.0" encoding="UTF-8"?>
<!-- Generated by org.testng.reporters.JUnitReportReporter -->
<testsuite hostname="Gabrielas-MacBook-Pro.local" failures="0" tests="90" name="testModules.shopping.ShoppingTests" time="673.343" errors="0" timestamp="2025-03-18T20:46:49 ART" skipped="0">
  <testcase classname="testModules.shopping.ShoppingTests" name="testShoppingTab" time="3.927"/>
  <system-out/>
  <testcase classname="testModules.shopping.ShoppingTests" name="testShoppingHeaderIsPresent" time="7.125"/>
  <system-out/>
  <testcase classname="testModules.shopping.ShoppingTests" name="testFashionCategory" time="7.395"/>
  <system-out/>
  <testcase classname="testModules.shopping.ShoppingTests" name="testBeautyCategory" time="7.522"/>
  <system-out/>
  <testcase classname="testModules.shopping.ShoppingTests" name="testHomeCategory" time="7.778"/>
  <system-out/>
  <testcase classname="testModules.shopping.ShoppingTests" name="testKidsCategory" time="7.365"/>
  <system-out/>
  <testcase classname="testModules.shopping.ShoppingTests" name="testPetsCategory" time="8.080"/>
  <system-out/>
  <testcase classname="testModules.shopping.ShoppingTests" name="testSexToysCategory" time="11.364"/>
  <system-out/>
  <testcase classname="testModules.shopping.ShoppingTests" name="testMore" time="10.400"/>
  <system-out/>
  <testcase classname="testModules.shopping.ShoppingTests" name="validateBeautyAndCareMenu" time="7.260"/>
  <system-out/>
  <testcase classname="testModules.shopping.ShoppingTests" name="validateShopAllBeautyAndPersonalCareSubMenu" time="7.478"/>
  <system-out/>
  <testcase classname="testModules.shopping.ShoppingTests" name="validateHairSubMenu" time="7.605"/>
  <system-out/>
  <testcase classname="testModules.shopping.ShoppingTests" name="validateSMakeUpSubMenu" time="10.619"/>
  <system-out/>
  <testcase classname="testModules.shopping.ShoppingTests" name="validateOutDoorProductsSubMenu" time="8.008"/>
  <system-out/>
  <testcase classname="testModules.shopping.ShoppingTests" name="validatePersonalToolsSubMenu" time="8.238"/>
  <system-out/>
  <testcase classname="testModules.shopping.ShoppingTests" name="validateSkinCareSubMenu" time="5.409"/>
  <system-out/>
  <testcase classname="testModules.shopping.ShoppingTests" name="validateAcneSolutionsSubMenu" time="7.358"/>
  <system-out/>
  <testcase classname="testModules.shopping.ShoppingTests" name="validateBodySubMenu" time="7.342"/>
  <system-out/>
  <testcase classname="testModules.shopping.ShoppingTests" name="validateFaceSubMenu" time="9.817"/>
  <system-out/>
  <testcase classname="testModules.shopping.ShoppingTests" name="validateFashionMenu" time="6.389"/>
  <system-out/>
  <testcase classname="testModules.shopping.ShoppingTests" name="validateShopAllFashionSubMenu" time="7.676"/>
  <system-out/>
  <testcase classname="testModules.shopping.ShoppingTests" name="validateFashionAccesoriesSubMenu" time="6.309"/>
  <system-out/>
  <testcase classname="testModules.shopping.ShoppingTests" name="validateBagsSubMenu" time="7.447"/>
  <system-out/>
  <testcase classname="testModules.shopping.ShoppingTests" name="validateColdWeatherSubMenu" time="7.374"/>
  <system-out/>
  <testcase classname="testModules.shopping.ShoppingTests" name="validateGlassesAndSunglassesSubMenu" time="7.307"/>
  <system-out/>
  <testcase classname="testModules.shopping.ShoppingTests" name="validateJewerlySubMenu" time="7.699"/>
  <system-out/>
  <testcase classname="testModules.shopping.ShoppingTests" name="validateDressesSubMenu" time="7.568"/>
  <system-out/>
  <testcase classname="testModules.shopping.ShoppingTests" name="validateFootwareSubMenu" time="6.118"/>
  <system-out/>
  <testcase classname="testModules.shopping.ShoppingTests" name="validateBootsSubMenu" time="7.577"/>
  <system-out/>
  <testcase classname="testModules.shopping.ShoppingTests" name="validateDressSubMenu" time="7.583"/>
  <system-out/>
  <testcase classname="testModules.shopping.ShoppingTests" name="validateFlatsSubMenu" time="7.852"/>
  <system-out/>
  <testcase classname="testModules.shopping.ShoppingTests" name="validateHeelsSubMenu" time="7.757"/>
  <system-out/>
  <testcase classname="testModules.shopping.ShoppingTests" name="validateOutDoorSubMenu" time="8.212"/>
  <system-out/>
  <testcase classname="testModules.shopping.ShoppingTests" name="validateSandalsSubMenu" time="7.484"/>
  <system-out/>
  <testcase classname="testModules.shopping.ShoppingTests" name="validateSneakersSubMenu" time="9.124"/>
  <system-out/>
  <testcase classname="testModules.shopping.ShoppingTests" name="validateFormalWareSubMenu" time="7.674"/>
  <system-out/>
  <testcase classname="testModules.shopping.ShoppingTests" name="validateJacketsSubMenu" time="7.766"/>
  <system-out/>
  <testcase classname="testModules.shopping.ShoppingTests" name="validateJeansSubMenu" time="7.476"/>
  <system-out/>
  <testcase classname="testModules.shopping.ShoppingTests" name="validateLoungeWareSubMenu" time="7.658"/>
  <system-out/>
  <testcase classname="testModules.shopping.ShoppingTests" name="validatePantsSubMenu" time="7.997"/>
  <system-out/>
  <testcase classname="testModules.shopping.ShoppingTests" name="validateSweatersSubMenu" time="8.199"/>
  <system-out/>
  <testcase classname="testModules.shopping.ShoppingTests" name="validateSwimsuitsSubMenu" time="7.836"/>
  <system-out/>
  <testcase classname="testModules.shopping.ShoppingTests" name="validateTopsSubMenu" time="7.499"/>
  <system-out/>
  <testcase classname="testModules.shopping.ShoppingTests" name="validateUnderwareSubMenu" time="8.896"/>
  <system-out/>
  <testcase classname="testModules.shopping.ShoppingTests" name="validateHomeMenu" time="5.517"/>
  <system-out/>
  <testcase classname="testModules.shopping.ShoppingTests" name="validateBathroomSubMenu" time="7.550"/>
  <system-out/>
  <testcase classname="testModules.shopping.ShoppingTests" name="validateBeddingAndMatressSubMenu" time="7.562"/>
  <system-out/>
  <testcase classname="testModules.shopping.ShoppingTests" name="validateCleaningSubMenu" time="7.668"/>
  <system-out/>
  <testcase classname="testModules.shopping.ShoppingTests" name="validateKitchenSubMenu" time="6.188"/>
  <system-out/>
  <testcase classname="testModules.shopping.ShoppingTests" name="validateAppliancesSubMenu" time="8.086"/>
  <system-out/>
  <testcase classname="testModules.shopping.ShoppingTests" name="validatToolsSubMenu" time="9.174"/>
  <system-out/>
  <testcase classname="testModules.shopping.ShoppingTests" name="validateDecorSubMenu" time="7.491"/>
  <system-out/>
  <testcase classname="testModules.shopping.ShoppingTests" name="validateFurnitureSubMenu" time="6.284"/>
  <system-out/>
  <testcase classname="testModules.shopping.ShoppingTests" name="validateBedroomSubMenu" time="7.317"/>
  <system-out/>
  <testcase classname="testModules.shopping.ShoppingTests" name="validateKidsRoomSubMenu" time="7.473"/>
  <system-out/>
  <testcase classname="testModules.shopping.ShoppingTests" name="validateKitchenRoomSubMenu" time="7.269"/>
  <system-out/>
  <testcase classname="testModules.shopping.ShoppingTests" name="validateLivingRoomSubMenu" time="7.453"/>
  <system-out/>
  <testcase classname="testModules.shopping.ShoppingTests" name="validateSecondOfficeSubMenu" time="8.907"/>
  <system-out/>
  <testcase classname="testModules.shopping.ShoppingTests" name="validateOfficeSubMenu" time="7.604"/>
  <system-out/>
  <testcase classname="testModules.shopping.ShoppingTests" name="validateOrganizationSubMenu" time="7.315"/>
  <system-out/>
  <testcase classname="testModules.shopping.ShoppingTests" name="validateOutdoorSubMenu" time="6.414"/>
  <system-out/>
  <testcase classname="testModules.shopping.ShoppingTests" name="validateBackyardSubMenu" time="7.401"/>
  <system-out/>
  <testcase classname="testModules.shopping.ShoppingTests" name="validateGardenSubMenu" time="7.539"/>
  <system-out/>
  <testcase classname="testModules.shopping.ShoppingTests" name="validateRecreationSubMenu" time="9.840"/>
  <system-out/>
  <testcase classname="testModules.shopping.ShoppingTests" name="validateKidsMenu" time="7.565"/>
  <system-out/>
  <testcase classname="testModules.shopping.ShoppingTests" name="validatePetsMenu" time="8.047"/>
  <system-out/>
  <testcase classname="testModules.shopping.ShoppingTests" name="validateSexToysMenu" time="7.668"/>
  <system-out/>
  <testcase classname="testModules.shopping.ShoppingTests" name="validateSportsAndFitnessMenu" time="5.431"/>
  <system-out/>
  <testcase classname="testModules.shopping.ShoppingTests" name="validateShopAllSportsAndFitnessMenu" time="7.353"/>
  <system-out/>
  <testcase classname="testModules.shopping.ShoppingTests" name="validateFitnessAccesoriesMenu" time="7.441"/>
  <system-out/>
  <testcase classname="testModules.shopping.ShoppingTests" name="validateMachineryMenu" time="7.626"/>
  <system-out/>
  <testcase classname="testModules.shopping.ShoppingTests" name="validatePersonalCareMenu" time="8.767"/>
  <system-out/>
  <testcase classname="testModules.shopping.ShoppingTests" name="validateStoresMenu" time="5.411"/>
  <system-out/>
  <testcase classname="testModules.shopping.ShoppingTests" name="validateShopAllStoresMenu" time="7.496"/>
  <system-out/>
  <testcase classname="testModules.shopping.ShoppingTests" name="validateAmazonMenu" time="7.437"/>
  <system-out/>
  <testcase classname="testModules.shopping.ShoppingTests" name="validateEtsyMenu" time="7.343"/>
  <system-out/>
  <testcase classname="testModules.shopping.ShoppingTests" name="validateNordstromMenu" time="7.418"/>
  <system-out/>
  <testcase classname="testModules.shopping.ShoppingTests" name="validateSephoraMenu" time="7.357"/>
  <system-out/>
  <testcase classname="testModules.shopping.ShoppingTests" name="validateShopSmallMenu" time="7.424"/>
  <system-out/>
  <testcase classname="testModules.shopping.ShoppingTests" name="validateTargetMenu" time="7.435"/>
  <system-out/>
  <testcase classname="testModules.shopping.ShoppingTests" name="validateWalmartMenu" time="7.464"/>
  <system-out/>
  <testcase classname="testModules.shopping.ShoppingTests" name="validateWayfairMenu" time="8.709"/>
  <system-out/>
  <testcase classname="testModules.shopping.ShoppingTests" name="validateSubscriptionsMenu" time="8.166"/>
  <system-out/>
  <testcase classname="testModules.shopping.ShoppingTests" name="validateTechMenu" time="6.203"/>
  <system-out/>
  <testcase classname="testModules.shopping.ShoppingTests" name="validateShopAllTechMenu" time="7.378"/>
  <system-out/>
  <testcase classname="testModules.shopping.ShoppingTests" name="validateTechAccessoriesMenu" time="7.320"/>
  <system-out/>
  <testcase classname="testModules.shopping.ShoppingTests" name="validateGadgetsMenu" time="7.385"/>
  <system-out/>
  <testcase classname="testModules.shopping.ShoppingTests" name="validateHomeElectronicsMenu" time="10.317"/>
  <system-out/>
  <testcase classname="testModules.shopping.ShoppingTests" name="validateFeatureStoriesTitle" time="0.880"/>
  <system-out/>
  <testcase classname="testModules.shopping.ShoppingTests" name="validateFeatureStoriesDisplays" time="1.683"/>
  <system-out/>
</testsuite> <!-- testModules.shopping.ShoppingTests -->
