<?xml version="1.0" encoding="UTF-8"?>
<!-- Generated by org.testng.reporters.JUnitReportReporter -->
<testsuite hostname="Gabrielas-MBP.fibertel.com.ar" failures="0" tests="52" name="testModules.home.HomeLatestNewNavTests" time="234.101" errors="0" timestamp="2024-10-02T08:56:59 ART" skipped="0">
  <testcase classname="testModules.home.HomeLatestNewNavTests" name="signInOnFstLaunch" time="8.427"/>
  <system-out/>
  <testcase classname="testModules.home.HomeLatestNewNavTests" name="signInOnFstLaunch" time="8.115"/>
  <system-out/>
  <testcase classname="testModules.home.HomeLatestNewNavTests" name="tapItemsShoppingPackage" time="4.464"/>
  <system-out/>
  <testcase classname="testModules.home.HomeLatestNewNavTests" name="tapItemsShoppingPackage" time="4.620"/>
  <system-out/>
  <testcase classname="testModules.home.HomeLatestNewNavTests" name="tapCTALink" time="11.481"/>
  <system-out/>
  <testcase classname="testModules.home.HomeLatestNewNavTests" name="tapCTALink" time="12.851"/>
  <system-out/>
  <testcase classname="testModules.home.HomeLatestNewNavTests" name="tapOnTrending" time="8.864"/>
  <system-out/>
  <testcase classname="testModules.home.HomeLatestNewNavTests" name="tapOnTrending" time="8.869"/>
  <system-out/>
  <testcase classname="testModules.home.HomeLatestNewNavTests" name="tapOnFunnyTweets" time="4.778"/>
  <system-out/>
  <testcase classname="testModules.home.HomeLatestNewNavTests" name="tapOnFunnyTweets" time="4.649"/>
  <system-out/>
  <testcase classname="testModules.home.HomeLatestNewNavTests" name="tapOnGames" time="4.773"/>
  <system-out/>
  <testcase classname="testModules.home.HomeLatestNewNavTests" name="tapOnGames" time="4.633"/>
  <system-out/>
  <testcase classname="testModules.home.HomeLatestNewNavTests" name="tapOnLatest" time="4.677"/>
  <system-out/>
  <testcase classname="testModules.home.HomeLatestNewNavTests" name="tapOnLatest" time="4.744"/>
  <system-out/>
  <testcase classname="testModules.home.HomeLatestNewNavTests" name="tapOnRandom" time="6.656"/>
  <system-out/>
  <testcase classname="testModules.home.HomeLatestNewNavTests" name="tapOnRandom" time="6.456"/>
  <system-out/>
  <testcase classname="testModules.home.HomeLatestNewNavTests" name="tapOnGossip" time="6.787"/>
  <system-out/>
  <testcase classname="testModules.home.HomeLatestNewNavTests" name="tapOnGossip" time="6.787"/>
  <system-out/>
  <testcase classname="testModules.home.HomeLatestNewNavTests" name="tapOnGayStuff" time="4.206"/>
  <system-out/>
  <testcase classname="testModules.home.HomeLatestNewNavTests" name="tapOnGayStuff" time="4.282"/>
  <system-out/>
  <testcase classname="testModules.home.HomeLatestNewNavTests" name="tapOnMore" time="3.810"/>
  <system-out/>
  <testcase classname="testModules.home.HomeLatestNewNavTests" name="tapOnMore" time="3.852"/>
  <system-out/>
  <testcase classname="testModules.home.HomeLatestNewNavTests" name="tapOnVideos" time="3.596"/>
  <system-out/>
  <testcase classname="testModules.home.HomeLatestNewNavTests" name="tapOnVideos" time="3.561"/>
  <system-out/>
  <testcase classname="testModules.home.HomeLatestNewNavTests" name="tapOnEntentainment" time="2.512"/>
  <system-out/>
  <testcase classname="testModules.home.HomeLatestNewNavTests" name="tapOnEntentainment" time="2.536"/>
  <system-out/>
  <testcase classname="testModules.home.HomeLatestNewNavTests" name="tapOnTVAndMovies" time="2.571"/>
  <system-out/>
  <testcase classname="testModules.home.HomeLatestNewNavTests" name="tapOnTVAndMovies" time="2.596"/>
  <system-out/>
  <testcase classname="testModules.home.HomeLatestNewNavTests" name="tapOnAnimals" time="2.662"/>
  <system-out/>
  <testcase classname="testModules.home.HomeLatestNewNavTests" name="tapOnAnimals" time="2.719"/>
  <system-out/>
  <testcase classname="testModules.home.HomeLatestNewNavTests" name="tapOnBooks" time="2.532"/>
  <system-out/>
  <testcase classname="testModules.home.HomeLatestNewNavTests" name="tapOnBooks" time="2.526"/>
  <system-out/>
  <testcase classname="testModules.home.HomeLatestNewNavTests" name="tapOnComunity" time="2.528"/>
  <system-out/>
  <testcase classname="testModules.home.HomeLatestNewNavTests" name="tapOnComunity" time="2.591"/>
  <system-out/>
  <testcase classname="testModules.home.HomeLatestNewNavTests" name="tapOnFood" time="2.665"/>
  <system-out/>
  <testcase classname="testModules.home.HomeLatestNewNavTests" name="tapOnFood" time="2.667"/>
  <system-out/>
  <testcase classname="testModules.home.HomeLatestNewNavTests" name="tapOnMusic" time="4.146"/>
  <system-out/>
  <testcase classname="testModules.home.HomeLatestNewNavTests" name="tapOnMusic" time="4.459"/>
  <system-out/>
  <testcase classname="testModules.home.HomeLatestNewNavTests" name="tapOnNifty" time="2.531"/>
  <system-out/>
  <testcase classname="testModules.home.HomeLatestNewNavTests" name="tapOnNifty" time="2.534"/>
  <system-out/>
  <testcase classname="testModules.home.HomeLatestNewNavTests" name="tapOnParents" time="2.570"/>
  <system-out/>
  <testcase classname="testModules.home.HomeLatestNewNavTests" name="tapOnParents" time="2.533"/>
  <system-out/>
  <testcase classname="testModules.home.HomeLatestNewNavTests" name="tapOnRewind" time="2.617"/>
  <system-out/>
  <testcase classname="testModules.home.HomeLatestNewNavTests" name="tapOnRewind" time="2.538"/>
  <system-out/>
  <testcase classname="testModules.home.HomeLatestNewNavTests" name="tapOnStyle" time="3.518"/>
  <system-out/>
  <testcase classname="testModules.home.HomeLatestNewNavTests" name="tapOnStyle" time="3.541"/>
  <system-out/>
  <testcase classname="testModules.home.HomeLatestNewNavTests" name="tapOnTravel" time="3.729"/>
  <system-out/>
  <testcase classname="testModules.home.HomeLatestNewNavTests" name="tapOnTravel" time="3.539"/>
  <system-out/>
  <testcase classname="testModules.home.HomeLatestNewNavTests" name="moveToNewsTab" time="3.583"/>
  <system-out/>
  <testcase classname="testModules.home.HomeLatestNewNavTests" name="moveToNewsTab" time="3.350"/>
  <system-out/>
  <testcase classname="testModules.home.HomeLatestNewNavTests" name="tapGamesTab" time="5.717"/>
  <system-out/>
  <testcase classname="testModules.home.HomeLatestNewNavTests" name="tapGamesTab" time="6.153"/>
  <system-out/>
</testsuite> <!-- testModules.home.HomeLatestNewNavTests -->
