<?xml version="1.0" encoding="UTF-8"?>
<!-- Generated by org.testng.reporters.JUnitReportReporter -->
<testsuite skipped="0" hostname="Gabrielas-MBP.fibertel.com.ar" name="testModules.editions.JapanEditionTests" tests="6" failures="0" timestamp="2023-06-15T18:40:26 ART" time="39.937" errors="0">
  <testcase name="testJapanEditionIsPresent" time="8.635" classname="testModules.editions.JapanEditionTests"/>
  <system-out/>
  <testcase name="testHomeSubTab" time="5.971" classname="testModules.editions.JapanEditionTests"/>
  <system-out/>
  <testcase name="testLolSubTab" time="7.768" classname="testModules.editions.JapanEditionTests"/>
  <system-out/>
  <testcase name="testFstItemSubTab" time="3.169" classname="testModules.editions.JapanEditionTests"/>
  <system-out/>
  <testcase name="testShoppingTab" time="6.968" classname="testModules.editions.JapanEditionTests"/>
  <system-out/>
  <testcase name="testGoingToQuizzesTab" time="7.426" classname="testModules.editions.JapanEditionTests"/>
  <system-out/>
</testsuite> <!-- testModules.editions.JapanEditionTests -->
