<?xml version="1.0" encoding="UTF-8"?>
<!-- Generated by org.testng.reporters.JUnitReportReporter -->
<testsuite skipped="0" hostname="Gabrielas-MBP.fibertel.com.ar" name="testModules.editions.CanadaEditionTests2" tests="25" failures="0" timestamp="2023-08-09T10:38:00 ART" time="114.527" errors="0">
  <testcase name="testAustraliaEditionIsPresent" time="8.024" classname="testModules.editions.CanadaEditionTests2"/>
  <system-out/>
  <testcase name="testLatestSubTab" time="2.905" classname="testModules.editions.CanadaEditionTests2"/>
  <system-out/>
  <testcase name="testTrendingSubTab" time="2.268" classname="testModules.editions.CanadaEditionTests2"/>
  <system-out/>
  <testcase name="testShowsSubTab" time="7.279" classname="testModules.editions.CanadaEditionTests2"/>
  <system-out/>
  <testcase name="testVideosSubTab" time="6.504" classname="testModules.editions.CanadaEditionTests2"/>
  <system-out/>
  <testcase name="testAnimalsSubTab" time="8.592" classname="testModules.editions.CanadaEditionTests2"/>
  <system-out/>
  <testcase name="testBooksSubTab" time="6.855" classname="testModules.editions.CanadaEditionTests2"/>
  <system-out/>
  <testcase name="testCelebritySubTab" time="4.789" classname="testModules.editions.CanadaEditionTests2"/>
  <system-out/>
  <testcase name="testFoodSubTab" time="6.755" classname="testModules.editions.CanadaEditionTests2"/>
  <system-out/>
  <testcase name="testCommunitySubTab" time="4.757" classname="testModules.editions.CanadaEditionTests2"/>
  <system-out/>
  <testcase name="testMusicSubTab" time="4.889" classname="testModules.editions.CanadaEditionTests2"/>
  <system-out/>
  <testcase name="testNiftySubTab" time="4.784" classname="testModules.editions.CanadaEditionTests2"/>
  <system-out/>
  <testcase name="testParentsSubTab" time="4.716" classname="testModules.editions.CanadaEditionTests2"/>
  <system-out/>
  <testcase name="testRewindSubTab" time="4.258" classname="testModules.editions.CanadaEditionTests2"/>
  <system-out/>
  <testcase name="testTravelSubTab" time="4.929" classname="testModules.editions.CanadaEditionTests2"/>
  <system-out/>
  <testcase name="testStyleSubTab" time="4.352" classname="testModules.editions.CanadaEditionTests2"/>
  <system-out/>
  <testcase name="testGoingNewsTab" time="1.103" classname="testModules.editions.CanadaEditionTests2"/>
  <system-out/>
  <testcase name="tapFstNewsCell" time="0.973" classname="testModules.editions.CanadaEditionTests2"/>
  <system-out/>
  <testcase name="testGoingShoppingTab" time="4.904" classname="testModules.editions.CanadaEditionTests2"/>
  <system-out/>
  <testcase name="testGoingToQuizzesTab" time="4.920" classname="testModules.editions.CanadaEditionTests2"/>
  <system-out/>
  <testcase name="testTapOnTrendingCategory" time="5.229" classname="testModules.editions.CanadaEditionTests2"/>
  <system-out/>
  <testcase name="testTapOnAIQuizzes" time="3.244" classname="testModules.editions.CanadaEditionTests2"/>
  <system-out/>
  <testcase name="testTapOnTriviaCategory" time="2.963" classname="testModules.editions.CanadaEditionTests2"/>
  <system-out/>
  <testcase name="testTapCanWeGuess" time="3.281" classname="testModules.editions.CanadaEditionTests2"/>
  <system-out/>
  <testcase name="tapGamesTab" time="1.254" classname="testModules.editions.CanadaEditionTests2"/>
  <system-out/>
</testsuite> <!-- testModules.editions.CanadaEditionTests2 -->
