<?xml version="1.0" encoding="UTF-8"?>
<!-- Generated by org.testng.reporters.JUnitReportReporter -->
<testsuite skipped="0" hostname="Gabrielas-MBP.fibertel.com.ar" name="testModules.bpage.NatBpageAddYoursTests6" tests="8" failures="0" timestamp="2022-11-29T16:30:41 ART" time="83.618" errors="0">
  <testcase name="testSearchNativeBpageWAddYoursButton" time="16.437" classname="testModules.bpage.NatBpageAddYoursTests6"/>
  <system-out/>
  <testcase name="testAddYoursButtonIsPresent" time="2.171" classname="testModules.bpage.NatBpageAddYoursTests6"/>
  <system-out/>
  <testcase name="testChooseFromLibraryButtonIsPresent" time="1.201" classname="testModules.bpage.NatBpageAddYoursTests6"/>
  <system-out/>
  <testcase name="testPhotoOnLibraryIsPresent" time="3.522" classname="testModules.bpage.NatBpageAddYoursTests6"/>
  <system-out/>
  <testcase name="testDeletePhotoButtonIsPresent" time="4.492" classname="testModules.bpage.NatBpageAddYoursTests6"/>
  <system-out/>
  <testcase name="testDeletedPic" time="50.266" classname="testModules.bpage.NatBpageAddYoursTests6"/>
  <system-out/>
  <testcase name="testAddCommentWithPic" time="3.911" classname="testModules.bpage.NatBpageAddYoursTests6"/>
  <system-out/>
  <testcase name="verifyPicIsPresentOnComment" time="1.618" classname="testModules.bpage.NatBpageAddYoursTests6"/>
  <system-out/>
</testsuite> <!-- testModules.bpage.NatBpageAddYoursTests6 -->
