<?xml version="1.0" encoding="UTF-8"?>
<!-- Generated by org.testng.reporters.JUnitReportReporter -->
<testsuite skipped="0" hostname="Gabrielas-MBP.fibertel.com.ar" name="testModules.news.NewsLatestNewNavTests" tests="16" failures="0" timestamp="2023-04-24T15:20:22 ART" time="256.644" errors="0">
  <testcase name="moveToNewsTab" time="0.646" classname="testModules.news.NewsLatestNewNavTests"/>
  <system-out/>
  <testcase name="testNewsHeader" time="0.256" classname="testModules.news.NewsLatestNewNavTests"/>
  <system-out/>
  <testcase name="testQCUSection" time="1.429" classname="testModules.news.NewsLatestNewNavTests"/>
  <system-out/>
  <testcase name="testBPage" time="3.511" classname="testModules.news.NewsLatestNewNavTests"/>
  <system-out/>
  <testcase name="testScroll" time="9.415" classname="testModules.news.NewsLatestNewNavTests"/>
  <system-out/>
  <testcase name="tapOnEntertainment" time="50.090" classname="testModules.news.NewsLatestNewNavTests"/>
  <system-out/>
  <testcase name="tapOnCulture" time="8.757" classname="testModules.news.NewsLatestNewNavTests"/>
  <system-out/>
  <testcase name="tapOnTech" time="8.154" classname="testModules.news.NewsLatestNewNavTests"/>
  <system-out/>
  <testcase name="tapOnHealth" time="9.837" classname="testModules.news.NewsLatestNewNavTests"/>
  <system-out/>
  <testcase name="tapOnJPG" time="9.129" classname="testModules.news.NewsLatestNewNavTests"/>
  <system-out/>
  <testcase name="tapOnMore" time="1.018" classname="testModules.news.NewsLatestNewNavTests"/>
  <system-out/>
  <testcase name="tapOnScience" time="50.052" classname="testModules.news.NewsLatestNewNavTests"/>
  <system-out/>
  <testcase name="tapOnInequity" time="8.755" classname="testModules.news.NewsLatestNewNavTests"/>
  <system-out/>
  <testcase name="tapOnPolitics" time="11.195" classname="testModules.news.NewsLatestNewNavTests"/>
  <system-out/>
  <testcase name="tapOnWorld" time="50.090" classname="testModules.news.NewsLatestNewNavTests"/>
  <system-out/>
  <testcase name="tapOnOpinion" time="34.310" classname="testModules.news.NewsLatestNewNavTests"/>
  <system-out/>
</testsuite> <!-- testModules.news.NewsLatestNewNavTests -->
