<?xml version="1.0" encoding="UTF-8"?>
<!-- Generated by org.testng.reporters.JUnitReportReporter -->
<testsuite skipped="0" hostname="Gabrielas-MBP.fibertel.com.ar" name="testModules.editions.UKEditionTests2" tests="35" failures="0" timestamp="2023-06-15T18:40:26 ART" time="237.154" errors="0">
  <testcase name="testUKEditionIsPresent" time="10.153" classname="testModules.editions.UKEditionTests2"/>
  <system-out/>
  <testcase name="testLatestSubTab" time="4.061" classname="testModules.editions.UKEditionTests2"/>
  <system-out/>
  <testcase name="testTrendingSubTab" time="3.206" classname="testModules.editions.UKEditionTests2"/>
  <system-out/>
  <testcase name="testShowsSubTab" time="3.059" classname="testModules.editions.UKEditionTests2"/>
  <system-out/>
  <testcase name="testVideosSubTab" time="2.740" classname="testModules.editions.UKEditionTests2"/>
  <system-out/>
  <testcase name="testAnimalsSubTab" time="7.614" classname="testModules.editions.UKEditionTests2"/>
  <system-out/>
  <testcase name="testBooksSubTab" time="7.788" classname="testModules.editions.UKEditionTests2"/>
  <system-out/>
  <testcase name="testCelebritySubTab" time="9.630" classname="testModules.editions.UKEditionTests2"/>
  <system-out/>
  <testcase name="testFoodSubTab" time="7.707" classname="testModules.editions.UKEditionTests2"/>
  <system-out/>
  <testcase name="testCommunitySubTab" time="7.683" classname="testModules.editions.UKEditionTests2"/>
  <system-out/>
  <testcase name="testMusicSubTab" time="9.770" classname="testModules.editions.UKEditionTests2"/>
  <system-out/>
  <testcase name="testNiftySubTab" time="7.631" classname="testModules.editions.UKEditionTests2"/>
  <system-out/>
  <testcase name="testParentsSubTab" time="7.907" classname="testModules.editions.UKEditionTests2"/>
  <system-out/>
  <testcase name="testRewindSubTab" time="7.649" classname="testModules.editions.UKEditionTests2"/>
  <system-out/>
  <testcase name="testStyleSubTab" time="7.546" classname="testModules.editions.UKEditionTests2"/>
  <system-out/>
  <testcase name="testTravelHomeSubTab" time="7.562" classname="testModules.editions.UKEditionTests2"/>
  <system-out/>
  <testcase name="testGoingNewsTab" time="1.604" classname="testModules.editions.UKEditionTests2"/>
  <system-out/>
  <testcase name="tapFstNewsCell" time="3.475" classname="testModules.editions.UKEditionTests2"/>
  <system-out/>
  <testcase name="testGoingShoppingTab" time="6.877" classname="testModules.editions.UKEditionTests2"/>
  <system-out/>
  <testcase name="testTrendingShoppingSubTab" time="9.221" classname="testModules.editions.UKEditionTests2"/>
  <system-out/>
  <testcase name="testBeautySubTab" time="10.339" classname="testModules.editions.UKEditionTests2"/>
  <system-out/>
  <testcase name="testDealsSubTab" time="9.454" classname="testModules.editions.UKEditionTests2"/>
  <system-out/>
  <testcase name="testHomeSubTab" time="10.133" classname="testModules.editions.UKEditionTests2"/>
  <system-out/>
  <testcase name="testClothingSubTab" time="9.855" classname="testModules.editions.UKEditionTests2"/>
  <system-out/>
  <testcase name="testClickShoppingOnMoreNews" time="1.541" classname="testModules.editions.UKEditionTests2"/>
  <system-out/>
  <testcase name="testGiftSubTab" time="10.445" classname="testModules.editions.UKEditionTests2"/>
  <system-out/>
  <testcase name="testUnder20SubTab" time="9.716" classname="testModules.editions.UKEditionTests2"/>
  <system-out/>
  <testcase name="testGoingToQuizzesTab" time="5.933" classname="testModules.editions.UKEditionTests2"/>
  <system-out/>
  <testcase name="testTapOnTrendingCategory" time="4.251" classname="testModules.editions.UKEditionTests2"/>
  <system-out/>
  <testcase name="testTapOnResultsCategory" time="3.415" classname="testModules.editions.UKEditionTests2"/>
  <system-out/>
  <testcase name="testTapOnAIQuizzes" time="3.881" classname="testModules.editions.UKEditionTests2"/>
  <system-out/>
  <testcase name="testTapOnTriviaCategory" time="9.693" classname="testModules.editions.UKEditionTests2"/>
  <system-out/>
  <testcase name="testTapCanWeGuess" time="9.933" classname="testModules.editions.UKEditionTests2"/>
  <system-out/>
  <testcase name="testTapOnMatchups" time="3.342" classname="testModules.editions.UKEditionTests2"/>
  <system-out/>
  <testcase name="tapGamesTab" time="2.340" classname="testModules.editions.UKEditionTests2"/>
  <system-out/>
</testsuite> <!-- testModules.editions.UKEditionTests2 -->
