<?xml version="1.0" encoding="UTF-8"?>
<!-- Generated by org.testng.reporters.JUnitReportReporter -->
<testsuite skipped="0" hostname="Gabrielas-MBP.fibertel.com.ar" name="testModules.bpage.FallBpageTests4" tests="9" failures="0" timestamp="2023-09-05T21:56:40 ART" time="49.947" errors="0">
  <testcase name="testSearchFallbackBpage" time="14.181" classname="testModules.bpage.FallBpageTests4"/>
  <system-out/>
  <testcase name="verifyTitleIsPresent" time="4.124" classname="testModules.bpage.FallBpageTests4"/>
  <system-out/>
  <testcase name="verifySubTitleIsPresent" time="0.604" classname="testModules.bpage.FallBpageTests4"/>
  <system-out/>
  <testcase name="verifyAuthorInfoIsPresentOnBpage" time="1.755" classname="testModules.bpage.FallBpageTests4"/>
  <system-out/>
  <testcase name="verifyShareButtonIsPresent" time="0.627" classname="testModules.bpage.FallBpageTests4"/>
  <system-out/>
  <testcase name="tapShareButtonOnBpage" time="3.982" classname="testModules.bpage.FallBpageTests4"/>
  <system-out/>
  <testcase name="verifyMoreOnThisHeaderIsPresent" time="12.776" classname="testModules.bpage.FallBpageTests4"/>
  <system-out/>
  <testcase name="verifyMoreOnThisBpageIsPresent" time="1.024" classname="testModules.bpage.FallBpageTests4"/>
  <system-out/>
  <testcase name="verifyMoreOnThisBpage" time="10.874" classname="testModules.bpage.FallBpageTests4"/>
  <system-out/>
</testsuite> <!-- testModules.bpage.FallBpageTests4 -->
