<?xml version="1.0" encoding="UTF-8"?>
<!-- Generated by org.testng.reporters.JUnitReportReporter -->
<testsuite skipped="0" hostname="Gabrielas-MBP.fibertel.com.ar" name="testModules.bpage.NatBpageShoppingButtonsTests2" tests="5" failures="0" timestamp="2023-08-09T11:36:46 ART" time="65.874" errors="0">
  <testcase name="testSearchFallbackBpage" time="15.811" classname="testModules.bpage.NatBpageShoppingButtonsTests2"/>
  <system-out/>
  <testcase name="testBuyFromAmazonButtonIsPresent" time="8.759" classname="testModules.bpage.NatBpageShoppingButtonsTests2"/>
  <system-out/>
  <testcase name="testBuyFromAmazonButton" time="2.210" classname="testModules.bpage.NatBpageShoppingButtonsTests2"/>
  <system-out/>
  <testcase name="testBuyNowIsPresent" time="35.761" classname="testModules.bpage.NatBpageShoppingButtonsTests2"/>
  <system-out/>
  <testcase name="testBuyNowButton" time="3.333" classname="testModules.bpage.NatBpageShoppingButtonsTests2"/>
  <system-out/>
</testsuite> <!-- testModules.bpage.NatBpageShoppingButtonsTests2 -->
