<?xml version="1.0" encoding="UTF-8"?>
<!-- Generated by org.testng.reporters.JUnitReportReporter -->
<testsuite skipped="0" hostname="Gabrielas-MBP.fibertel.com.ar" name="testModules.home.GamesFeed" tests="7" failures="0" timestamp="2023-08-09T10:17:20 ART" time="29.190" errors="0">
  <testcase name="isGamesLblDisplayed" time="10.856" classname="testModules.home.GamesFeed"/>
  <system-out/>
  <testcase name="arePyramidSchemeElementsDisplayed" time="0.969" classname="testModules.home.GamesFeed"/>
  <system-out/>
  <testcase name="validateTappingOnPyramidScheme" time="2.489" classname="testModules.home.GamesFeed"/>
  <system-out/>
  <testcase name="validateTappingOnQuizParty" time="2.559" classname="testModules.home.GamesFeed"/>
  <system-out/>
  <testcase name="validateTappingOnTrivia" time="2.932" classname="testModules.home.GamesFeed"/>
  <system-out/>
  <testcase name="validateTappingOnWhoDis" time="3.058" classname="testModules.home.GamesFeed"/>
  <system-out/>
  <testcase name="validateTappingOnNepogochi" time="6.327" classname="testModules.home.GamesFeed"/>
  <system-out/>
</testsuite> <!-- testModules.home.GamesFeed -->
