<?xml version="1.0" encoding="UTF-8"?>
<!-- Generated by org.testng.reporters.JUnitReportReporter -->
<testsuite skipped="0" hostname="Gabrielas-MBP.fibertel.com.ar" name="testModules.quizzes.quizzesTypes.QuizChecklistTests" tests="13" failures="0" timestamp="2023-06-15T21:38:21 ART" time="51.400" errors="0">
  <testcase name="testSearchInstantQuiz" time="17.211" classname="testModules.quizzes.quizzesTypes.QuizChecklistTests"/>
  <system-out/>
  <testcase name="testQuizTitleIsPresentAtBeginning" time="3.999" classname="testModules.quizzes.quizzesTypes.QuizChecklistTests"/>
  <system-out/>
  <testcase name="testMainImageIsPresent" time="0.818" classname="testModules.quizzes.quizzesTypes.QuizChecklistTests"/>
  <system-out/>
  <testcase name="testSubTextIsPresent" time="0.321" classname="testModules.quizzes.quizzesTypes.QuizChecklistTests"/>
  <system-out/>
  <testcase name="testAuthorInfoIsPresent" time="0.334" classname="testModules.quizzes.quizzesTypes.QuizChecklistTests"/>
  <system-out/>
  <testcase name="testPlayNowButton" time="1.708" classname="testModules.quizzes.quizzesTypes.QuizChecklistTests"/>
  <system-out/>
  <testcase name="testChoicesAreLoading" time="0.840" classname="testModules.quizzes.quizzesTypes.QuizChecklistTests"/>
  <system-out/>
  <testcase name="testTapChecklistChoice" time="5.767" classname="testModules.quizzes.quizzesTypes.QuizChecklistTests"/>
  <system-out/>
  <testcase name="testTapShowMeResults" time="1.802" classname="testModules.quizzes.quizzesTypes.QuizChecklistTests"/>
  <system-out/>
  <testcase name="testQuizTitleResultScreenIsPresent" time="4.595" classname="testModules.quizzes.quizzesTypes.QuizChecklistTests"/>
  <system-out/>
  <testcase name="testYouCheckedTextResultIsPresent" time="3.184" classname="testModules.quizzes.quizzesTypes.QuizChecklistTests"/>
  <system-out/>
  <testcase name="verifyRetakeQuiz" time="3.880" classname="testModules.quizzes.quizzesTypes.QuizChecklistTests"/>
  <system-out/>
  <testcase name="testResultsSubTab" time="6.941" classname="testModules.quizzes.quizzesTypes.QuizChecklistTests"/>
  <system-out/>
</testsuite> <!-- testModules.quizzes.quizzesTypes.QuizChecklistTests -->
