<?xml version="1.0" encoding="UTF-8"?>
<!-- Generated by org.testng.reporters.JUnitReportReporter -->
<testsuite skipped="0" hostname="Gabrielas-MBP.fibertel.com.ar" name="testModules.profile.BookmarksTests6" tests="6" failures="0" timestamp="2023-08-09T11:24:53 ART" time="79.555" errors="0">
  <testcase name="testBookmarksTab" time="1.083" classname="testModules.profile.BookmarksTests6"/>
  <system-out/>
  <testcase name="testEmptyBookmarks" time="4.401" classname="testModules.profile.BookmarksTests6"/>
  <system-out/>
  <testcase name="testAddBookmark" time="31.047" classname="testModules.profile.BookmarksTests6"/>
  <system-out/>
  <testcase name="testBookmarkAdded" time="5.643" classname="testModules.profile.BookmarksTests6"/>
  <system-out/>
  <testcase name="testRemoveBookmark" time="30.663" classname="testModules.profile.BookmarksTests6"/>
  <system-out/>
  <testcase name="testBookmarkRemoved" time="6.718" classname="testModules.profile.BookmarksTests6"/>
  <system-out/>
</testsuite> <!-- testModules.profile.BookmarksTests6 -->
