<?xml version="1.0" encoding="UTF-8"?>
<!-- Generated by org.testng.reporters.JUnitReportReporter -->
<testsuite skipped="0" hostname="Gabrielas-MBP.fibertel.com.ar" name="testModules.quizzes.AsyncQuizzes.InvitationFlow" tests="6" failures="0" timestamp="2022-06-02T00:29:46 ART" time="86.172" errors="0">
  <testcase name="init" time="36.001" classname="testModules.quizzes.AsyncQuizzes.InvitationFlow"/>
  <system-out/>
  <testcase name="testSearchInstantQuiz" time="9.652" classname="testModules.quizzes.AsyncQuizzes.InvitationFlow"/>
  <system-out/>
  <testcase name="runQUiz" time="15.517" classname="testModules.quizzes.AsyncQuizzes.InvitationFlow"/>
  <system-out/>
  <testcase name="signInToPlayEnterEmail" time="2.614" classname="testModules.quizzes.AsyncQuizzes.InvitationFlow"/>
  <system-out/>
  <testcase name="signInToPlayEnterPass" time="4.783" classname="testModules.quizzes.AsyncQuizzes.InvitationFlow"/>
  <system-out/>
  <testcase name="inviteFriend" time="17.605" classname="testModules.quizzes.AsyncQuizzes.InvitationFlow"/>
  <system-out/>
</testsuite> <!-- testModules.quizzes.AsyncQuizzes.InvitationFlow -->
