<?xml version="1.0" encoding="UTF-8"?>
<!-- Generated by org.testng.reporters.JUnitReportReporter -->
<testsuite skipped="0" hostname="Gabrielas-MBP.fibertel.com.ar" name="testModules.editions.JapanEditionTests" tests="6" failures="0" timestamp="2023-08-09T10:38:00 ART" time="32.842" errors="0">
  <testcase name="testJapanEditionIsPresent" time="7.615" classname="testModules.editions.JapanEditionTests"/>
  <system-out/>
  <testcase name="testHomeSubTab" time="3.760" classname="testModules.editions.JapanEditionTests"/>
  <system-out/>
  <testcase name="testLolSubTab" time="5.967" classname="testModules.editions.JapanEditionTests"/>
  <system-out/>
  <testcase name="testFstItemSubTab" time="2.303" classname="testModules.editions.JapanEditionTests"/>
  <system-out/>
  <testcase name="testShoppingTab" time="6.941" classname="testModules.editions.JapanEditionTests"/>
  <system-out/>
  <testcase name="testGoingToQuizzesTab" time="6.256" classname="testModules.editions.JapanEditionTests"/>
  <system-out/>
</testsuite> <!-- testModules.editions.JapanEditionTests -->
