<?xml version="1.0" encoding="UTF-8"?>
<!-- Generated by org.testng.reporters.JUnitReportReporter -->
<testsuite skipped="0" hostname="Gabrielas-MBP.fibertel.com.ar" name="testModules.home.HomeLatestNewNavTests" tests="33" failures="0" timestamp="2023-06-15T18:06:02 ART" time="252.054" errors="0">
  <testcase name="testAllowButton" time="3.900" classname="testModules.home.HomeLatestNewNavTests"/>
  <system-out/>
  <testcase name="enableGamesTabExp" time="2.346" classname="testModules.home.HomeLatestNewNavTests"/>
  <system-out/>
  <testcase name="validatePyremidSchemeLogo" time="7.993" classname="testModules.home.HomeLatestNewNavTests"/>
  <system-out/>
  <testcase name="verifyBuzzFeedLogo" time="2.574" classname="testModules.home.HomeLatestNewNavTests"/>
  <system-out/>
  <testcase name="tapSplash" time="3.343" classname="testModules.home.HomeLatestNewNavTests"/>
  <system-out/>
  <testcase name="tapFirstBpage" time="7.981" classname="testModules.home.HomeLatestNewNavTests"/>
  <system-out/>
  <testcase name="tapItemsShoppingPackage" time="24.499" classname="testModules.home.HomeLatestNewNavTests"/>
  <system-out/>
  <testcase name="validateTrendingVideos" time="5.395" classname="testModules.home.HomeLatestNewNavTests"/>
  <system-out/>
  <testcase name="openTrendingModal" time="24.517" classname="testModules.home.HomeLatestNewNavTests"/>
  <system-out/>
  <testcase name="tapOnRecentlyViewed" time="10.580" classname="testModules.home.HomeLatestNewNavTests"/>
  <system-out/>
  <testcase name="tapOnTrending" time="2.645" classname="testModules.home.HomeLatestNewNavTests"/>
  <system-out/>
  <testcase name="tapOnAIQuizzes" time="11.735" classname="testModules.home.HomeLatestNewNavTests"/>
  <system-out/>
  <testcase name="tapOnVideos" time="2.836" classname="testModules.home.HomeLatestNewNavTests"/>
  <system-out/>
  <testcase name="tapOnShows" time="2.837" classname="testModules.home.HomeLatestNewNavTests"/>
  <system-out/>
  <testcase name="tapOnMore1" time="1.114" classname="testModules.home.HomeLatestNewNavTests"/>
  <system-out/>
  <testcase name="tapOnTVAndMovies" time="9.572" classname="testModules.home.HomeLatestNewNavTests"/>
  <system-out/>
  <testcase name="tapOnEntertainment" time="8.004" classname="testModules.home.HomeLatestNewNavTests"/>
  <system-out/>
  <testcase name="tapOnAnimals" time="6.496" classname="testModules.home.HomeLatestNewNavTests"/>
  <system-out/>
  <testcase name="tapOnBooks" time="7.553" classname="testModules.home.HomeLatestNewNavTests"/>
  <system-out/>
  <testcase name="tapOnCelebrity" time="8.785" classname="testModules.home.HomeLatestNewNavTests"/>
  <system-out/>
  <testcase name="tapOnComunity" time="8.990" classname="testModules.home.HomeLatestNewNavTests"/>
  <system-out/>
  <testcase name="tapOnFood" time="9.907" classname="testModules.home.HomeLatestNewNavTests"/>
  <system-out/>
  <testcase name="tapOnLGBTQ" time="8.077" classname="testModules.home.HomeLatestNewNavTests"/>
  <system-out/>
  <testcase name="tapOnMusic" time="7.926" classname="testModules.home.HomeLatestNewNavTests"/>
  <system-out/>
  <testcase name="tapOnNifty" time="7.645" classname="testModules.home.HomeLatestNewNavTests"/>
  <system-out/>
  <testcase name="tapOnParents" time="7.640" classname="testModules.home.HomeLatestNewNavTests"/>
  <system-out/>
  <testcase name="tapOnRewind" time="11.448" classname="testModules.home.HomeLatestNewNavTests"/>
  <system-out/>
  <testcase name="tapOnStyle" time="7.779" classname="testModules.home.HomeLatestNewNavTests"/>
  <system-out/>
  <testcase name="tapOnTravel" time="13.819" classname="testModules.home.HomeLatestNewNavTests"/>
  <system-out/>
  <testcase name="moveToNewsTab" time="1.155" classname="testModules.home.HomeLatestNewNavTests"/>
  <system-out/>
  <testcase name="tapNewsSplash" time="7.467" classname="testModules.home.HomeLatestNewNavTests"/>
  <system-out/>
  <testcase name="tapFstNewsCell" time="4.184" classname="testModules.home.HomeLatestNewNavTests"/>
  <system-out/>
  <testcase name="tapGamesTab" time="1.312" classname="testModules.home.HomeLatestNewNavTests"/>
  <system-out/>
</testsuite> <!-- testModules.home.HomeLatestNewNavTests -->
