<?xml version="1.0" encoding="UTF-8"?>
<!-- Generated by org.testng.reporters.JUnitReportReporter -->
<testsuite skipped="0" hostname="Gabrielas-MBP.fibertel.com.ar" name="testModules.profile.BookmarksTests6" tests="3" failures="0" timestamp="2022-09-27T21:58:06 ART" time="203.072" errors="0">
  <testcase name="testBookmarksTab" time="0.378" classname="testModules.profile.BookmarksTests6"/>
  <system-out/>
  <testcase name="testEmptyBookmarks" time="1.158" classname="testModules.profile.BookmarksTests6"/>
  <system-out/>
  <testcase name="testAddBookmark" time="201.536" classname="testModules.profile.BookmarksTests6"/>
  <system-out/>
</testsuite> <!-- testModules.profile.BookmarksTests6 -->
