<?xml version="1.0" encoding="UTF-8"?>
<!-- Generated by org.testng.reporters.JUnitReportReporter -->
<testsuite skipped="0" hostname="Gabrielas-MBP.fibertel.com.ar" name="testModules.profile.BFHeaderTests1" tests="11" failures="0" timestamp="2023-08-09T11:24:53 ART" time="54.349" errors="0">
  <testcase name="testDisplayName" time="0.227" classname="testModules.profile.BFHeaderTests1"/>
  <system-out/>
  <testcase name="testEditProfileButton" time="1.120" classname="testModules.profile.BFHeaderTests1"/>
  <system-out/>
  <testcase name="testEditDisplayNameButton" time="1.248" classname="testModules.profile.BFHeaderTests1"/>
  <system-out/>
  <testcase name="testEditDisplayName" time="11.219" classname="testModules.profile.BFHeaderTests1"/>
  <system-out/>
  <testcase name="testNewDisplayName" time="0.456" classname="testModules.profile.BFHeaderTests1"/>
  <system-out/>
  <testcase name="testChangeBackDisplayName" time="12.683" classname="testModules.profile.BFHeaderTests1"/>
  <system-out/>
  <testcase name="testEditUsernameButton" time="2.128" classname="testModules.profile.BFHeaderTests1"/>
  <system-out/>
  <testcase name="testEditUsernameModal" time="8.037" classname="testModules.profile.BFHeaderTests1"/>
  <system-out/>
  <testcase name="testUpdateProfilePhoto" time="2.136" classname="testModules.profile.BFHeaderTests1"/>
  <system-out/>
  <testcase name="testDeleteProfilePhoto" time="4.255" classname="testModules.profile.BFHeaderTests1"/>
  <system-out/>
  <testcase name="testAddProfilePhoto" time="10.840" classname="testModules.profile.BFHeaderTests1"/>
  <system-out/>
</testsuite> <!-- testModules.profile.BFHeaderTests1 -->
