<?xml version="1.0" encoding="UTF-8"?>
<!-- Generated by org.testng.reporters.JUnitReportReporter -->
<testsuite hostname="Gabrielas-MacBook-Pro.local" failures="0" tests="180" name="testModules.shopping.ShoppingTests" time="1404.539" errors="0" timestamp="2025-01-23T09:10:30 ART" skipped="0">
  <testcase classname="testModules.shopping.ShoppingTests" name="testShoppingTab" time="4.082"/>
  <system-out/>
  <testcase classname="testModules.shopping.ShoppingTests" name="testShoppingTab" time="4.191"/>
  <system-out/>
  <testcase classname="testModules.shopping.ShoppingTests" name="testShoppingHeaderIsPresent" time="7.419"/>
  <system-out/>
  <testcase classname="testModules.shopping.ShoppingTests" name="testShoppingHeaderIsPresent" time="7.430"/>
  <system-out/>
  <testcase classname="testModules.shopping.ShoppingTests" name="testFashionCategory" time="7.833"/>
  <system-out/>
  <testcase classname="testModules.shopping.ShoppingTests" name="testBeautyCategory" time="7.745"/>
  <system-out/>
  <testcase classname="testModules.shopping.ShoppingTests" name="testBeautyCategory" time="7.780"/>
  <system-out/>
  <testcase classname="testModules.shopping.ShoppingTests" name="testFashionCategory" time="7.935"/>
  <system-out/>
  <testcase classname="testModules.shopping.ShoppingTests" name="testHomeCategory" time="7.730"/>
  <system-out/>
  <testcase classname="testModules.shopping.ShoppingTests" name="testHomeCategory" time="7.568"/>
  <system-out/>
  <testcase classname="testModules.shopping.ShoppingTests" name="testKidsCategory" time="7.680"/>
  <system-out/>
  <testcase classname="testModules.shopping.ShoppingTests" name="testKidsCategory" time="7.987"/>
  <system-out/>
  <testcase classname="testModules.shopping.ShoppingTests" name="testPetsCategory" time="8.089"/>
  <system-out/>
  <testcase classname="testModules.shopping.ShoppingTests" name="testPetsCategory" time="10.341"/>
  <system-out/>
  <testcase classname="testModules.shopping.ShoppingTests" name="testSexToysCategory" time="11.879"/>
  <system-out/>
  <testcase classname="testModules.shopping.ShoppingTests" name="testSexToysCategory" time="11.672"/>
  <system-out/>
  <testcase classname="testModules.shopping.ShoppingTests" name="testMore" time="10.648"/>
  <system-out/>
  <testcase classname="testModules.shopping.ShoppingTests" name="testMore" time="10.366"/>
  <system-out/>
  <testcase classname="testModules.shopping.ShoppingTests" name="validateBeautyAndCareMenu" time="7.885"/>
  <system-out/>
  <testcase classname="testModules.shopping.ShoppingTests" name="validateBeautyAndCareMenu" time="7.476"/>
  <system-out/>
  <testcase classname="testModules.shopping.ShoppingTests" name="validateShopAllBeautyAndPersonalCareSubMenu" time="7.552"/>
  <system-out/>
  <testcase classname="testModules.shopping.ShoppingTests" name="validateShopAllBeautyAndPersonalCareSubMenu" time="7.986"/>
  <system-out/>
  <testcase classname="testModules.shopping.ShoppingTests" name="validateHairSubMenu" time="7.675"/>
  <system-out/>
  <testcase classname="testModules.shopping.ShoppingTests" name="validateHairSubMenu" time="7.774"/>
  <system-out/>
  <testcase classname="testModules.shopping.ShoppingTests" name="validateSMakeUpSubMenu" time="10.689"/>
  <system-out/>
  <testcase classname="testModules.shopping.ShoppingTests" name="validateSMakeUpSubMenu" time="10.961"/>
  <system-out/>
  <testcase classname="testModules.shopping.ShoppingTests" name="validateOutDoorProductsSubMenu" time="7.687"/>
  <system-out/>
  <testcase classname="testModules.shopping.ShoppingTests" name="validateOutDoorProductsSubMenu" time="8.088"/>
  <system-out/>
  <testcase classname="testModules.shopping.ShoppingTests" name="validatePersonalToolsSubMenu" time="7.946"/>
  <system-out/>
  <testcase classname="testModules.shopping.ShoppingTests" name="validatePersonalToolsSubMenu" time="8.001"/>
  <system-out/>
  <testcase classname="testModules.shopping.ShoppingTests" name="validateSkinCareSubMenu" time="5.576"/>
  <system-out/>
  <testcase classname="testModules.shopping.ShoppingTests" name="validateSkinCareSubMenu" time="5.489"/>
  <system-out/>
  <testcase classname="testModules.shopping.ShoppingTests" name="validateAcneSolutionsSubMenu" time="8.214"/>
  <system-out/>
  <testcase classname="testModules.shopping.ShoppingTests" name="validateAcneSolutionsSubMenu" time="7.731"/>
  <system-out/>
  <testcase classname="testModules.shopping.ShoppingTests" name="validateBodySubMenu" time="7.967"/>
  <system-out/>
  <testcase classname="testModules.shopping.ShoppingTests" name="validateBodySubMenu" time="7.922"/>
  <system-out/>
  <testcase classname="testModules.shopping.ShoppingTests" name="validateFaceSubMenu" time="10.827"/>
  <system-out/>
  <testcase classname="testModules.shopping.ShoppingTests" name="validateFaceSubMenu" time="10.404"/>
  <system-out/>
  <testcase classname="testModules.shopping.ShoppingTests" name="validateFashionMenu" time="6.777"/>
  <system-out/>
  <testcase classname="testModules.shopping.ShoppingTests" name="validateFashionMenu" time="6.403"/>
  <system-out/>
  <testcase classname="testModules.shopping.ShoppingTests" name="validateShopAllFashionSubMenu" time="7.650"/>
  <system-out/>
  <testcase classname="testModules.shopping.ShoppingTests" name="validateShopAllFashionSubMenu" time="7.836"/>
  <system-out/>
  <testcase classname="testModules.shopping.ShoppingTests" name="validateFashionAccesoriesSubMenu" time="6.423"/>
  <system-out/>
  <testcase classname="testModules.shopping.ShoppingTests" name="validateFashionAccesoriesSubMenu" time="6.402"/>
  <system-out/>
  <testcase classname="testModules.shopping.ShoppingTests" name="validateBagsSubMenu" time="7.885"/>
  <system-out/>
  <testcase classname="testModules.shopping.ShoppingTests" name="validateBagsSubMenu" time="7.533"/>
  <system-out/>
  <testcase classname="testModules.shopping.ShoppingTests" name="validateColdWeatherSubMenu" time="7.746"/>
  <system-out/>
  <testcase classname="testModules.shopping.ShoppingTests" name="validateColdWeatherSubMenu" time="7.502"/>
  <system-out/>
  <testcase classname="testModules.shopping.ShoppingTests" name="validateGlassesAndSunglassesSubMenu" time="7.805"/>
  <system-out/>
  <testcase classname="testModules.shopping.ShoppingTests" name="validateGlassesAndSunglassesSubMenu" time="7.698"/>
  <system-out/>
  <testcase classname="testModules.shopping.ShoppingTests" name="validateJewerlySubMenu" time="8.377"/>
  <system-out/>
  <testcase classname="testModules.shopping.ShoppingTests" name="validateJewerlySubMenu" time="8.040"/>
  <system-out/>
  <testcase classname="testModules.shopping.ShoppingTests" name="validateDressesSubMenu" time="7.986"/>
  <system-out/>
  <testcase classname="testModules.shopping.ShoppingTests" name="validateDressesSubMenu" time="7.686"/>
  <system-out/>
  <testcase classname="testModules.shopping.ShoppingTests" name="validateFootwareSubMenu" time="5.657"/>
  <system-out/>
  <testcase classname="testModules.shopping.ShoppingTests" name="validateFootwareSubMenu" time="5.758"/>
  <system-out/>
  <testcase classname="testModules.shopping.ShoppingTests" name="validateBootsSubMenu" time="7.848"/>
  <system-out/>
  <testcase classname="testModules.shopping.ShoppingTests" name="validateBootsSubMenu" time="9.089"/>
  <system-out/>
  <testcase classname="testModules.shopping.ShoppingTests" name="validateDressSubMenu" time="7.786"/>
  <system-out/>
  <testcase classname="testModules.shopping.ShoppingTests" name="validateDressSubMenu" time="8.089"/>
  <system-out/>
  <testcase classname="testModules.shopping.ShoppingTests" name="validateFlatsSubMenu" time="7.680"/>
  <system-out/>
  <testcase classname="testModules.shopping.ShoppingTests" name="validateFlatsSubMenu" time="7.958"/>
  <system-out/>
  <testcase classname="testModules.shopping.ShoppingTests" name="validateHeelsSubMenu" time="7.908"/>
  <system-out/>
  <testcase classname="testModules.shopping.ShoppingTests" name="validateHeelsSubMenu" time="7.884"/>
  <system-out/>
  <testcase classname="testModules.shopping.ShoppingTests" name="validateOutDoorSubMenu" time="7.741"/>
  <system-out/>
  <testcase classname="testModules.shopping.ShoppingTests" name="validateOutDoorSubMenu" time="7.680"/>
  <system-out/>
  <testcase classname="testModules.shopping.ShoppingTests" name="validateSandalsSubMenu" time="7.582"/>
  <system-out/>
  <testcase classname="testModules.shopping.ShoppingTests" name="validateSandalsSubMenu" time="7.781"/>
  <system-out/>
  <testcase classname="testModules.shopping.ShoppingTests" name="validateSneakersSubMenu" time="9.113"/>
  <system-out/>
  <testcase classname="testModules.shopping.ShoppingTests" name="validateSneakersSubMenu" time="9.057"/>
  <system-out/>
  <testcase classname="testModules.shopping.ShoppingTests" name="validateFormalWareSubMenu" time="8.294"/>
  <system-out/>
  <testcase classname="testModules.shopping.ShoppingTests" name="validateFormalWareSubMenu" time="7.679"/>
  <system-out/>
  <testcase classname="testModules.shopping.ShoppingTests" name="validateJacketsSubMenu" time="7.987"/>
  <system-out/>
  <testcase classname="testModules.shopping.ShoppingTests" name="validateJacketsSubMenu" time="8.180"/>
  <system-out/>
  <testcase classname="testModules.shopping.ShoppingTests" name="validateJeansSubMenu" time="7.997"/>
  <system-out/>
  <testcase classname="testModules.shopping.ShoppingTests" name="validateJeansSubMenu" time="7.986"/>
  <system-out/>
  <testcase classname="testModules.shopping.ShoppingTests" name="validateLoungeWareSubMenu" time="7.681"/>
  <system-out/>
  <testcase classname="testModules.shopping.ShoppingTests" name="validateLoungeWareSubMenu" time="7.987"/>
  <system-out/>
  <testcase classname="testModules.shopping.ShoppingTests" name="validatePantsSubMenu" time="7.986"/>
  <system-out/>
  <testcase classname="testModules.shopping.ShoppingTests" name="validatePantsSubMenu" time="8.191"/>
  <system-out/>
  <testcase classname="testModules.shopping.ShoppingTests" name="validateSweatersSubMenu" time="7.735"/>
  <system-out/>
  <testcase classname="testModules.shopping.ShoppingTests" name="validateSweatersSubMenu" time="8.088"/>
  <system-out/>
  <testcase classname="testModules.shopping.ShoppingTests" name="validateSwimsuitsSubMenu" time="7.884"/>
  <system-out/>
  <testcase classname="testModules.shopping.ShoppingTests" name="validateSwimsuitsSubMenu" time="7.829"/>
  <system-out/>
  <testcase classname="testModules.shopping.ShoppingTests" name="validateTopsSubMenu" time="7.986"/>
  <system-out/>
  <testcase classname="testModules.shopping.ShoppingTests" name="validateTopsSubMenu" time="7.999"/>
  <system-out/>
  <testcase classname="testModules.shopping.ShoppingTests" name="validateUnderwareSubMenu" time="9.519"/>
  <system-out/>
  <testcase classname="testModules.shopping.ShoppingTests" name="validateUnderwareSubMenu" time="9.331"/>
  <system-out/>
  <testcase classname="testModules.shopping.ShoppingTests" name="validateHomeMenu" time="5.807"/>
  <system-out/>
  <testcase classname="testModules.shopping.ShoppingTests" name="validateHomeMenu" time="5.884"/>
  <system-out/>
  <testcase classname="testModules.shopping.ShoppingTests" name="validateBathroomSubMenu" time="7.899"/>
  <system-out/>
  <testcase classname="testModules.shopping.ShoppingTests" name="validateBathroomSubMenu" time="7.909"/>
  <system-out/>
  <testcase classname="testModules.shopping.ShoppingTests" name="validateBeddingAndMatressSubMenu" time="8.139"/>
  <system-out/>
  <testcase classname="testModules.shopping.ShoppingTests" name="validateBeddingAndMatressSubMenu" time="8.499"/>
  <system-out/>
  <testcase classname="testModules.shopping.ShoppingTests" name="validateCleaningSubMenu" time="8.191"/>
  <system-out/>
  <testcase classname="testModules.shopping.ShoppingTests" name="validateCleaningSubMenu" time="7.976"/>
  <system-out/>
  <testcase classname="testModules.shopping.ShoppingTests" name="validateKitchenSubMenu" time="6.611"/>
  <system-out/>
  <testcase classname="testModules.shopping.ShoppingTests" name="validateKitchenSubMenu" time="6.666"/>
  <system-out/>
  <testcase classname="testModules.shopping.ShoppingTests" name="validateAppliancesSubMenu" time="7.687"/>
  <system-out/>
  <testcase classname="testModules.shopping.ShoppingTests" name="validateAppliancesSubMenu" time="7.771"/>
  <system-out/>
  <testcase classname="testModules.shopping.ShoppingTests" name="validatToolsSubMenu" time="8.806"/>
  <system-out/>
  <testcase classname="testModules.shopping.ShoppingTests" name="validatToolsSubMenu" time="9.107"/>
  <system-out/>
  <testcase classname="testModules.shopping.ShoppingTests" name="validateDecorSubMenu" time="7.743"/>
  <system-out/>
  <testcase classname="testModules.shopping.ShoppingTests" name="validateDecorSubMenu" time="7.884"/>
  <system-out/>
  <testcase classname="testModules.shopping.ShoppingTests" name="validateFurnitureSubMenu" time="6.772"/>
  <system-out/>
  <testcase classname="testModules.shopping.ShoppingTests" name="validateFurnitureSubMenu" time="6.743"/>
  <system-out/>
  <testcase classname="testModules.shopping.ShoppingTests" name="validateBedroomSubMenu" time="8.040"/>
  <system-out/>
  <testcase classname="testModules.shopping.ShoppingTests" name="validateBedroomSubMenu" time="8.279"/>
  <system-out/>
  <testcase classname="testModules.shopping.ShoppingTests" name="validateKidsRoomSubMenu" time="8.040"/>
  <system-out/>
  <testcase classname="testModules.shopping.ShoppingTests" name="validateKidsRoomSubMenu" time="7.782"/>
  <system-out/>
  <testcase classname="testModules.shopping.ShoppingTests" name="validateKitchenRoomSubMenu" time="7.782"/>
  <system-out/>
  <testcase classname="testModules.shopping.ShoppingTests" name="validateKitchenRoomSubMenu" time="7.840"/>
  <system-out/>
  <testcase classname="testModules.shopping.ShoppingTests" name="validateLivingRoomSubMenu" time="7.710"/>
  <system-out/>
  <testcase classname="testModules.shopping.ShoppingTests" name="validateLivingRoomSubMenu" time="7.782"/>
  <system-out/>
  <testcase classname="testModules.shopping.ShoppingTests" name="validateSecondOfficeSubMenu" time="9.318"/>
  <system-out/>
  <testcase classname="testModules.shopping.ShoppingTests" name="validateSecondOfficeSubMenu" time="9.176"/>
  <system-out/>
  <testcase classname="testModules.shopping.ShoppingTests" name="validateOfficeSubMenu" time="8.080"/>
  <system-out/>
  <testcase classname="testModules.shopping.ShoppingTests" name="validateOfficeSubMenu" time="7.884"/>
  <system-out/>
  <testcase classname="testModules.shopping.ShoppingTests" name="validateOrganizationSubMenu" time="7.995"/>
  <system-out/>
  <testcase classname="testModules.shopping.ShoppingTests" name="validateOrganizationSubMenu" time="8.396"/>
  <system-out/>
  <testcase classname="testModules.shopping.ShoppingTests" name="validateOutdoorSubMenu" time="6.905"/>
  <system-out/>
  <testcase classname="testModules.shopping.ShoppingTests" name="validateOutdoorSubMenu" time="6.655"/>
  <system-out/>
  <testcase classname="testModules.shopping.ShoppingTests" name="validateBackyardSubMenu" time="7.676"/>
  <system-out/>
  <testcase classname="testModules.shopping.ShoppingTests" name="validateBackyardSubMenu" time="7.798"/>
  <system-out/>
  <testcase classname="testModules.shopping.ShoppingTests" name="validateGardenSubMenu" time="8.026"/>
  <system-out/>
  <testcase classname="testModules.shopping.ShoppingTests" name="validateGardenSubMenu" time="7.786"/>
  <system-out/>
  <testcase classname="testModules.shopping.ShoppingTests" name="validateRecreationSubMenu" time="10.442"/>
  <system-out/>
  <testcase classname="testModules.shopping.ShoppingTests" name="validateRecreationSubMenu" time="10.651"/>
  <system-out/>
  <testcase classname="testModules.shopping.ShoppingTests" name="validateKidsMenu" time="8.192"/>
  <system-out/>
  <testcase classname="testModules.shopping.ShoppingTests" name="validateKidsMenu" time="7.782"/>
  <system-out/>
  <testcase classname="testModules.shopping.ShoppingTests" name="validatePetsMenu" time="7.656"/>
  <system-out/>
  <testcase classname="testModules.shopping.ShoppingTests" name="validatePetsMenu" time="7.987"/>
  <system-out/>
  <testcase classname="testModules.shopping.ShoppingTests" name="validateSexToysMenu" time="8.012"/>
  <system-out/>
  <testcase classname="testModules.shopping.ShoppingTests" name="validateSexToysMenu" time="8.192"/>
  <system-out/>
  <testcase classname="testModules.shopping.ShoppingTests" name="validateSportsAndFitnessMenu" time="5.659"/>
  <system-out/>
  <testcase classname="testModules.shopping.ShoppingTests" name="validateSportsAndFitnessMenu" time="5.824"/>
  <system-out/>
  <testcase classname="testModules.shopping.ShoppingTests" name="validateShopAllSportsAndFitnessMenu" time="7.961"/>
  <system-out/>
  <testcase classname="testModules.shopping.ShoppingTests" name="validateShopAllSportsAndFitnessMenu" time="7.795"/>
  <system-out/>
  <testcase classname="testModules.shopping.ShoppingTests" name="validateFitnessAccesoriesMenu" time="7.935"/>
  <system-out/>
  <testcase classname="testModules.shopping.ShoppingTests" name="validateFitnessAccesoriesMenu" time="7.884"/>
  <system-out/>
  <testcase classname="testModules.shopping.ShoppingTests" name="validateMachineryMenu" time="7.883"/>
  <system-out/>
  <testcase classname="testModules.shopping.ShoppingTests" name="validateMachineryMenu" time="8.138"/>
  <system-out/>
  <testcase classname="testModules.shopping.ShoppingTests" name="validatePersonalCareMenu" time="9.216"/>
  <system-out/>
  <testcase classname="testModules.shopping.ShoppingTests" name="validatePersonalCareMenu" time="8.854"/>
  <system-out/>
  <testcase classname="testModules.shopping.ShoppingTests" name="validateStoresMenu" time="5.704"/>
  <system-out/>
  <testcase classname="testModules.shopping.ShoppingTests" name="validateStoresMenu" time="5.789"/>
  <system-out/>
  <testcase classname="testModules.shopping.ShoppingTests" name="validateShopAllStoresMenu" time="8.894"/>
  <system-out/>
  <testcase classname="testModules.shopping.ShoppingTests" name="validateShopAllStoresMenu" time="7.796"/>
  <system-out/>
  <testcase classname="testModules.shopping.ShoppingTests" name="validateAmazonMenu" time="7.870"/>
  <system-out/>
  <testcase classname="testModules.shopping.ShoppingTests" name="validateAmazonMenu" time="8.405"/>
  <system-out/>
  <testcase classname="testModules.shopping.ShoppingTests" name="validateEtsyMenu" time="7.911"/>
  <system-out/>
  <testcase classname="testModules.shopping.ShoppingTests" name="validateEtsyMenu" time="8.090"/>
  <system-out/>
  <testcase classname="testModules.shopping.ShoppingTests" name="validateNordstromMenu" time="7.903"/>
  <system-out/>
  <testcase classname="testModules.shopping.ShoppingTests" name="validateNordstromMenu" time="8.099"/>
  <system-out/>
  <testcase classname="testModules.shopping.ShoppingTests" name="validateSephoraMenu" time="8.024"/>
  <system-out/>
  <testcase classname="testModules.shopping.ShoppingTests" name="validateSephoraMenu" time="7.754"/>
  <system-out/>
  <testcase classname="testModules.shopping.ShoppingTests" name="validateShopSmallMenu" time="7.933"/>
  <system-out/>
  <testcase classname="testModules.shopping.ShoppingTests" name="validateShopSmallMenu" time="7.690"/>
  <system-out/>
  <testcase classname="testModules.shopping.ShoppingTests" name="validateTargetMenu" time="7.871"/>
  <system-out/>
  <testcase classname="testModules.shopping.ShoppingTests" name="validateTargetMenu" time="7.699"/>
  <system-out/>
  <testcase classname="testModules.shopping.ShoppingTests" name="validateWalmartMenu" time="8.171"/>
  <system-out/>
  <testcase classname="testModules.shopping.ShoppingTests" name="validateWalmartMenu" time="7.913"/>
  <system-out/>
  <testcase classname="testModules.shopping.ShoppingTests" name="validateWayfairMenu" time="9.319"/>
  <system-out/>
  <testcase classname="testModules.shopping.ShoppingTests" name="validateWayfairMenu" time="9.318"/>
  <system-out/>
  <testcase classname="testModules.shopping.ShoppingTests" name="validateSubscriptionsMenu" time="7.892"/>
  <system-out/>
  <testcase classname="testModules.shopping.ShoppingTests" name="validateSubscriptionsMenu" time="8.024"/>
  <system-out/>
  <testcase classname="testModules.shopping.ShoppingTests" name="validateTechMenu" time="6.519"/>
  <system-out/>
  <testcase classname="testModules.shopping.ShoppingTests" name="validateTechMenu" time="6.670"/>
  <system-out/>
  <testcase classname="testModules.shopping.ShoppingTests" name="validateShopAllTechMenu" time="7.825"/>
  <system-out/>
  <testcase classname="testModules.shopping.ShoppingTests" name="validateShopAllTechMenu" time="7.807"/>
  <system-out/>
  <testcase classname="testModules.shopping.ShoppingTests" name="validateTechAccessoriesMenu" time="7.679"/>
  <system-out/>
  <testcase classname="testModules.shopping.ShoppingTests" name="validateTechAccessoriesMenu" time="7.783"/>
  <system-out/>
  <testcase classname="testModules.shopping.ShoppingTests" name="validateGadgetsMenu" time="7.983"/>
  <system-out/>
  <testcase classname="testModules.shopping.ShoppingTests" name="validateGadgetsMenu" time="7.987"/>
  <system-out/>
  <testcase classname="testModules.shopping.ShoppingTests" name="validateHomeElectronicsMenu" time="10.550"/>
  <system-out/>
  <testcase classname="testModules.shopping.ShoppingTests" name="validateHomeElectronicsMenu" time="10.392"/>
  <system-out/>
  <testcase classname="testModules.shopping.ShoppingTests" name="validateFeatureStoriesTitle" time="0.837"/>
  <system-out/>
  <testcase classname="testModules.shopping.ShoppingTests" name="validateFeatureStoriesTitle" time="0.931"/>
  <system-out/>
  <testcase classname="testModules.shopping.ShoppingTests" name="validateFeatureStoriesDisplays" time="1.751"/>
  <system-out/>
  <testcase classname="testModules.shopping.ShoppingTests" name="validateFeatureStoriesDisplays" time="1.725"/>
  <system-out/>
</testsuite> <!-- testModules.shopping.ShoppingTests -->
