<?xml version="1.0" encoding="UTF-8"?>
<!-- Generated by org.testng.reporters.JUnitReportReporter -->
<testsuite skipped="0" hostname="Gabrielas-MBP.fibertel.com.ar" name="testModules.quizzes.quizzesTypes.QuizPredetTests" tests="30" failures="0" timestamp="2023-06-15T21:38:21 ART" time="91.744" errors="0">
  <testcase name="testSearchPredetQuiz" time="17.606" classname="testModules.quizzes.quizzesTypes.QuizPredetTests"/>
  <system-out/>
  <testcase name="testSubTextIsPresent" time="0.539" classname="testModules.quizzes.quizzesTypes.QuizPredetTests"/>
  <system-out/>
  <testcase name="testAuthorInfoIsPresent" time="0.529" classname="testModules.quizzes.quizzesTypes.QuizPredetTests"/>
  <system-out/>
  <testcase name="testPlayWithFriendsButton" time="0.957" classname="testModules.quizzes.quizzesTypes.QuizPredetTests"/>
  <system-out/>
  <testcase name="testPlayNowButton" time="2.425" classname="testModules.quizzes.quizzesTypes.QuizPredetTests"/>
  <system-out/>
  <testcase name="testProgressBarFirstQ" time="0.982" classname="testModules.quizzes.quizzesTypes.QuizPredetTests"/>
  <system-out/>
  <testcase name="testSendFirstAnswer" time="1.341" classname="testModules.quizzes.quizzesTypes.QuizPredetTests"/>
  <system-out/>
  <testcase name="testCorrectTextIsPresent" time="0.917" classname="testModules.quizzes.quizzesTypes.QuizPredetTests"/>
  <system-out/>
  <testcase name="testFirstAnswerTextIsPresent" time="0.399" classname="testModules.quizzes.quizzesTypes.QuizPredetTests"/>
  <system-out/>
  <testcase name="testNextButtonGoodAnswerIsPresent" time="0.397" classname="testModules.quizzes.quizzesTypes.QuizPredetTests"/>
  <system-out/>
  <testcase name="testTapNextGoodAnswerButton" time="0.899" classname="testModules.quizzes.quizzesTypes.QuizPredetTests"/>
  <system-out/>
  <testcase name="testProgressBarSecondQ" time="0.945" classname="testModules.quizzes.quizzesTypes.QuizPredetTests"/>
  <system-out/>
  <testcase name="testSendSecondAnswer" time="1.632" classname="testModules.quizzes.quizzesTypes.QuizPredetTests"/>
  <system-out/>
  <testcase name="testWrongTextIsPresent" time="0.838" classname="testModules.quizzes.quizzesTypes.QuizPredetTests"/>
  <system-out/>
  <testcase name="testSecondAnswerTextIsPresent" time="0.394" classname="testModules.quizzes.quizzesTypes.QuizPredetTests"/>
  <system-out/>
  <testcase name="testNextButtonWrongAnswerIsPresent" time="0.383" classname="testModules.quizzes.quizzesTypes.QuizPredetTests"/>
  <system-out/>
  <testcase name="testTapNextWrongAnswerButton" time="0.910" classname="testModules.quizzes.quizzesTypes.QuizPredetTests"/>
  <system-out/>
  <testcase name="testCompletingQuiz" time="4.334" classname="testModules.quizzes.quizzesTypes.QuizPredetTests"/>
  <system-out/>
  <testcase name="testCompletingQuiz" time="4.349" classname="testModules.quizzes.quizzesTypes.QuizPredetTests"/>
  <system-out/>
  <testcase name="testCompletingQuiz" time="4.469" classname="testModules.quizzes.quizzesTypes.QuizPredetTests"/>
  <system-out/>
  <testcase name="testCompletingQuiz" time="4.714" classname="testModules.quizzes.quizzesTypes.QuizPredetTests"/>
  <system-out/>
  <testcase name="testCompletingQuiz" time="4.316" classname="testModules.quizzes.quizzesTypes.QuizPredetTests"/>
  <system-out/>
  <testcase name="testCompletingQuiz" time="4.317" classname="testModules.quizzes.quizzesTypes.QuizPredetTests"/>
  <system-out/>
  <testcase name="testCompletingQuiz" time="4.645" classname="testModules.quizzes.quizzesTypes.QuizPredetTests"/>
  <system-out/>
  <testcase name="testCompletingQuiz" time="4.335" classname="testModules.quizzes.quizzesTypes.QuizPredetTests"/>
  <system-out/>
  <testcase name="testCompletingQuiz" time="4.350" classname="testModules.quizzes.quizzesTypes.QuizPredetTests"/>
  <system-out/>
  <testcase name="testCompletingQuiz" time="4.412" classname="testModules.quizzes.quizzesTypes.QuizPredetTests"/>
  <system-out/>
  <testcase name="testCompletingQuiz" time="4.301" classname="testModules.quizzes.quizzesTypes.QuizPredetTests"/>
  <system-out/>
  <testcase name="testCompletingQuiz" time="4.350" classname="testModules.quizzes.quizzesTypes.QuizPredetTests"/>
  <system-out/>
  <testcase name="testQuizTitleResultScreenIsPresent" time="6.759" classname="testModules.quizzes.quizzesTypes.QuizPredetTests"/>
  <system-out/>
</testsuite> <!-- testModules.quizzes.quizzesTypes.QuizPredetTests -->
