<?xml version="1.0" encoding="UTF-8"?>
<!-- Generated by org.testng.reporters.JUnitReportReporter -->
<testsuite skipped="0" hostname="Gabrielas-MBP.fibertel.com.ar" name="testModules.profile.BookmarksTests6" tests="5" failures="0" timestamp="2023-06-15T20:50:32 ART" time="8.911" errors="0">
  <testcase name="testBookmarksTab" time="0.828" classname="testModules.profile.BookmarksTests6"/>
  <system-out/>
  <testcase name="testAddBookmark" time="0.143" classname="testModules.profile.BookmarksTests6"/>
  <system-out/>
  <testcase name="testBookmarkAdded" time="0.149" classname="testModules.profile.BookmarksTests6"/>
  <system-out/>
  <testcase name="testRemoveBookmark" time="5.287" classname="testModules.profile.BookmarksTests6"/>
  <system-out/>
  <testcase name="testBookmarkRemoved" time="2.504" classname="testModules.profile.BookmarksTests6"/>
  <system-out/>
</testsuite> <!-- testModules.profile.BookmarksTests6 -->
