<?xml version="1.0" encoding="UTF-8"?>
<!-- Generated by org.testng.reporters.JUnitReportReporter -->
<testsuite skipped="0" hostname="Gabrielas-MBP.fibertel.com.ar" name="testModules.signIn.SignInEmailTests" tests="4" failures="0" timestamp="2023-06-15T20:50:32 ART" time="25.153" errors="0">
  <testcase name="testEnterEmail" time="11.021" classname="testModules.signIn.SignInEmailTests"/>
  <system-out/>
  <testcase name="testEnterPassword" time="10.701" classname="testModules.signIn.SignInEmailTests"/>
  <system-out/>
  <testcase name="testUserName" time="3.190" classname="testModules.signIn.SignInEmailTests"/>
  <system-out/>
  <testcase name="testDate" time="0.241" classname="testModules.signIn.SignInEmailTests"/>
  <system-out/>
</testsuite> <!-- testModules.signIn.SignInEmailTests -->
