<?xml version="1.0" encoding="UTF-8"?>
<!-- Generated by org.testng.reporters.JUnitReportReporter -->
<testsuite hostname="Gabrielas-MBP.fibertel.com.ar" failures="0" tests="128" name="testModules.editions.AllEditionsLambda" time="831.215" errors="0" timestamp="2024-09-05T18:27:11 ART" skipped="0">
  <testcase classname="testModules.editions.AllEditionsLambda" name="testAustraliaEditionIsPresent" time="6.330"/>
  <system-out/>
  <testcase classname="testModules.editions.AllEditionsLambda" name="testAustraliaEditionIsPresent" time="6.006"/>
  <system-out/>
  <testcase classname="testModules.editions.AllEditionsLambda" name="testGoingNewsTab" time="4.472"/>
  <system-out/>
  <testcase classname="testModules.editions.AllEditionsLambda" name="testGoingNewsTab" time="4.454"/>
  <system-out/>
  <testcase classname="testModules.editions.AllEditionsLambda" name="testGoingToQuizzesTab" time="4.475"/>
  <system-out/>
  <testcase classname="testModules.editions.AllEditionsLambda" name="testGoingToQuizzesTab" time="4.469"/>
  <system-out/>
  <testcase classname="testModules.editions.AllEditionsLambda" name="testTapOnTrendingCategory" time="8.681"/>
  <system-out/>
  <testcase classname="testModules.editions.AllEditionsLambda" name="testTapOnTrendingCategory" time="8.780"/>
  <system-out/>
  <testcase classname="testModules.editions.AllEditionsLambda" name="testTapOnTriviaCategory" time="9.042"/>
  <system-out/>
  <testcase classname="testModules.editions.AllEditionsLambda" name="testTapOnTriviaCategory" time="8.812"/>
  <system-out/>
  <testcase classname="testModules.editions.AllEditionsLambda" name="testCanWeGuess" time="8.949"/>
  <system-out/>
  <testcase classname="testModules.editions.AllEditionsLambda" name="testCanWeGuess" time="9.363"/>
  <system-out/>
  <testcase classname="testModules.editions.AllEditionsLambda" name="testTapPolls" time="8.723"/>
  <system-out/>
  <testcase classname="testModules.editions.AllEditionsLambda" name="testTapPolls" time="8.833"/>
  <system-out/>
  <testcase classname="testModules.editions.AllEditionsLambda" name="testOnMore" time="4.450"/>
  <system-out/>
  <testcase classname="testModules.editions.AllEditionsLambda" name="testOnMore" time="4.431"/>
  <system-out/>
  <testcase classname="testModules.editions.AllEditionsLambda" name="testTapOnTaylorSwift" time="8.747"/>
  <system-out/>
  <testcase classname="testModules.editions.AllEditionsLambda" name="testTapOnTaylorSwift" time="8.680"/>
  <system-out/>
  <testcase classname="testModules.editions.AllEditionsLambda" name="testTapOnMarvel" time="8.692"/>
  <system-out/>
  <testcase classname="testModules.editions.AllEditionsLambda" name="testTapOnMarvel" time="8.711"/>
  <system-out/>
  <testcase classname="testModules.editions.AllEditionsLambda" name="testTapOnZodiac" time="8.966"/>
  <system-out/>
  <testcase classname="testModules.editions.AllEditionsLambda" name="testTapOnZodiac" time="8.915"/>
  <system-out/>
  <testcase classname="testModules.editions.AllEditionsLambda" name="testTapOnHarryPotter" time="9.201"/>
  <system-out/>
  <testcase classname="testModules.editions.AllEditionsLambda" name="testTapOnHarryPotter" time="10.154"/>
  <system-out/>
  <testcase classname="testModules.editions.AllEditionsLambda" name="testTapOnAnime" time="8.735"/>
  <system-out/>
  <testcase classname="testModules.editions.AllEditionsLambda" name="testTapOnAnime" time="9.005"/>
  <system-out/>
  <testcase classname="testModules.editions.AllEditionsLambda" name="testTapOnKPop" time="8.857"/>
  <system-out/>
  <testcase classname="testModules.editions.AllEditionsLambda" name="testTapOnKPop" time="8.675"/>
  <system-out/>
  <testcase classname="testModules.editions.AllEditionsLambda" name="testTapOnGeography" time="6.704"/>
  <system-out/>
  <testcase classname="testModules.editions.AllEditionsLambda" name="testTapOnGeography" time="6.694"/>
  <system-out/>
  <testcase classname="testModules.editions.AllEditionsLambda" name="testTapOnChecklist" time="8.910"/>
  <system-out/>
  <testcase classname="testModules.editions.AllEditionsLambda" name="testTapOnChecklist" time="9.548"/>
  <system-out/>
  <testcase classname="testModules.editions.AllEditionsLambda" name="tapGamesTab" time="2.480"/>
  <system-out/>
  <testcase classname="testModules.editions.AllEditionsLambda" name="tapGamesTab" time="2.552"/>
  <system-out/>
  <testcase classname="testModules.editions.AllEditionsLambda" name="testCanadaEditionIsPresent" time="8.434"/>
  <system-out/>
  <testcase classname="testModules.editions.AllEditionsLambda" name="testCanadaEditionIsPresent" time="8.471"/>
  <system-out/>
  <testcase classname="testModules.editions.AllEditionsLambda" name="testGoingNewsTabOnCanada" time="2.275"/>
  <system-out/>
  <testcase classname="testModules.editions.AllEditionsLambda" name="testGoingNewsTabOnCanada" time="2.466"/>
  <system-out/>
  <testcase classname="testModules.editions.AllEditionsLambda" name="testGoingToQuizzesTabOnCanada" time="4.453"/>
  <system-out/>
  <testcase classname="testModules.editions.AllEditionsLambda" name="testGoingToQuizzesTabOnCanada" time="4.463"/>
  <system-out/>
  <testcase classname="testModules.editions.AllEditionsLambda" name="testTapOnTrendingCategoryOnCanada" time="8.717"/>
  <system-out/>
  <testcase classname="testModules.editions.AllEditionsLambda" name="testTapOnTrendingCategoryOnCanada" time="8.978"/>
  <system-out/>
  <testcase classname="testModules.editions.AllEditionsLambda" name="testTapOnAIQuizzesOnCanada" time="8.922"/>
  <system-out/>
  <testcase classname="testModules.editions.AllEditionsLambda" name="testTapOnAIQuizzesOnCanada" time="8.776"/>
  <system-out/>
  <testcase classname="testModules.editions.AllEditionsLambda" name="testTapOnTriviaCategoryOnCanada" time="8.975"/>
  <system-out/>
  <testcase classname="testModules.editions.AllEditionsLambda" name="testTapOnTriviaCategoryOnCanada" time="8.815"/>
  <system-out/>
  <testcase classname="testModules.editions.AllEditionsLambda" name="testTapOnCanWeGuessCategory" time="9.121"/>
  <system-out/>
  <testcase classname="testModules.editions.AllEditionsLambda" name="testTapOnCanWeGuessCategory" time="9.790"/>
  <system-out/>
  <testcase classname="testModules.editions.AllEditionsLambda" name="testTapPollsOnCanada" time="8.950"/>
  <system-out/>
  <testcase classname="testModules.editions.AllEditionsLambda" name="testTapPollsOnCanada" time="8.833"/>
  <system-out/>
  <testcase classname="testModules.editions.AllEditionsLambda" name="testOnMoreOnCanada" time="3.437"/>
  <system-out/>
  <testcase classname="testModules.editions.AllEditionsLambda" name="testOnMoreOnCanada" time="3.462"/>
  <system-out/>
  <testcase classname="testModules.editions.AllEditionsLambda" name="testTapOnTaylorSwiftOnCanada" time="8.683"/>
  <system-out/>
  <testcase classname="testModules.editions.AllEditionsLambda" name="testTapOnTaylorSwiftOnCanada" time="8.821"/>
  <system-out/>
  <testcase classname="testModules.editions.AllEditionsLambda" name="testTapOnMarvelOnCanada" time="8.757"/>
  <system-out/>
  <testcase classname="testModules.editions.AllEditionsLambda" name="testTapOnMarvelOnCanada" time="8.774"/>
  <system-out/>
  <testcase classname="testModules.editions.AllEditionsLambda" name="testTapOnZodiacOnCanada" time="8.767"/>
  <system-out/>
  <testcase classname="testModules.editions.AllEditionsLambda" name="testTapOnZodiacOnCanada" time="8.749"/>
  <system-out/>
  <testcase classname="testModules.editions.AllEditionsLambda" name="testTapOnHarryPotterOnCanada" time="8.646"/>
  <system-out/>
  <testcase classname="testModules.editions.AllEditionsLambda" name="testTapOnHarryPotterOnCanada" time="8.951"/>
  <system-out/>
  <testcase classname="testModules.editions.AllEditionsLambda" name="testTapOnAnimeOnCanada" time="8.850"/>
  <system-out/>
  <testcase classname="testModules.editions.AllEditionsLambda" name="testTapOnAnimeOnCanada" time="8.780"/>
  <system-out/>
  <testcase classname="testModules.editions.AllEditionsLambda" name="testTapOnKPopOnCanada" time="8.836"/>
  <system-out/>
  <testcase classname="testModules.editions.AllEditionsLambda" name="testTapOnKPopOnCanada" time="8.789"/>
  <system-out/>
  <testcase classname="testModules.editions.AllEditionsLambda" name="testTapOnGeographyOnCanada" time="8.816"/>
  <system-out/>
  <testcase classname="testModules.editions.AllEditionsLambda" name="testTapOnGeographyOnCanada" time="8.763"/>
  <system-out/>
  <testcase classname="testModules.editions.AllEditionsLambda" name="testTapOnChecklistOnCanada" time="9.224"/>
  <system-out/>
  <testcase classname="testModules.editions.AllEditionsLambda" name="testTapOnChecklistOnCanada" time="9.091"/>
  <system-out/>
  <testcase classname="testModules.editions.AllEditionsLambda" name="tapGamesTabOnCanada" time="3.659"/>
  <system-out/>
  <testcase classname="testModules.editions.AllEditionsLambda" name="tapGamesTabOnCanada" time="5.239"/>
  <system-out/>
  <testcase classname="testModules.editions.AllEditionsLambda" name="testIndiaEditionIsPresent" time="6.517"/>
  <system-out/>
  <testcase classname="testModules.editions.AllEditionsLambda" name="testIndiaEditionIsPresent" time="5.962"/>
  <system-out/>
  <testcase classname="testModules.editions.AllEditionsLambda" name="testGoingNewsTabOnIndia" time="1.382"/>
  <system-out/>
  <testcase classname="testModules.editions.AllEditionsLambda" name="testGoingNewsTabOnIndia" time="1.376"/>
  <system-out/>
  <testcase classname="testModules.editions.AllEditionsLambda" name="testGoingToQuizzesTabOnJapan" time="4.404"/>
  <system-out/>
  <testcase classname="testModules.editions.AllEditionsLambda" name="testGoingToQuizzesTabOnJapan" time="4.405"/>
  <system-out/>
  <testcase classname="testModules.editions.AllEditionsLambda" name="testGoingToQuizzesTabOnIndia" time="1.316"/>
  <system-out/>
  <testcase classname="testModules.editions.AllEditionsLambda" name="testGoingToQuizzesTabOnIndia" time="1.405"/>
  <system-out/>
  <testcase classname="testModules.editions.AllEditionsLambda" name="testTapOnTrendingCategoryOnIndia" time="4.757"/>
  <system-out/>
  <testcase classname="testModules.editions.AllEditionsLambda" name="testTapOnTrendingCategoryOnIndia" time="4.798"/>
  <system-out/>
  <testcase classname="testModules.editions.AllEditionsLambda" name="tapGamesTabOnIndia" time="2.619"/>
  <system-out/>
  <testcase classname="testModules.editions.AllEditionsLambda" name="tapGamesTabOnIndia" time="2.605"/>
  <system-out/>
  <testcase classname="testModules.editions.AllEditionsLambda" name="testUKEditionIsPresent" time="7.382"/>
  <system-out/>
  <testcase classname="testModules.editions.AllEditionsLambda" name="testUKEditionIsPresent" time="7.068"/>
  <system-out/>
  <testcase classname="testModules.editions.AllEditionsLambda" name="testGoingNewsTabOnUK" time="1.867"/>
  <system-out/>
  <testcase classname="testModules.editions.AllEditionsLambda" name="testGoingNewsTabOnUK" time="1.185"/>
  <system-out/>
  <testcase classname="testModules.editions.AllEditionsLambda" name="testGoingToQuizzesTabOnUK" time="1.284"/>
  <system-out/>
  <testcase classname="testModules.editions.AllEditionsLambda" name="testGoingToQuizzesTabOnUK" time="1.288"/>
  <system-out/>
  <testcase classname="testModules.editions.AllEditionsLambda" name="testTapOnTrendingCategoryOnUK" time="4.504"/>
  <system-out/>
  <testcase classname="testModules.editions.AllEditionsLambda" name="testTapOnTrendingCategoryOnUK" time="5.132"/>
  <system-out/>
  <testcase classname="testModules.editions.AllEditionsLambda" name="testTapOnAIQuizzesOnUK" time="4.461"/>
  <system-out/>
  <testcase classname="testModules.editions.AllEditionsLambda" name="testTapOnAIQuizzesOnUK" time="4.786"/>
  <system-out/>
  <testcase classname="testModules.editions.AllEditionsLambda" name="testTapOnTriviaCategoryOnUK" time="4.749"/>
  <system-out/>
  <testcase classname="testModules.editions.AllEditionsLambda" name="testTapOnTriviaCategoryOnUK" time="5.247"/>
  <system-out/>
  <testcase classname="testModules.editions.AllEditionsLambda" name="testTapCanWeGuessOnUK" time="4.914"/>
  <system-out/>
  <testcase classname="testModules.editions.AllEditionsLambda" name="testTapCanWeGuessOnUK" time="4.686"/>
  <system-out/>
  <testcase classname="testModules.editions.AllEditionsLambda" name="testTapPollsOnUK" time="4.657"/>
  <system-out/>
  <testcase classname="testModules.editions.AllEditionsLambda" name="testTapPollsOnUK" time="4.788"/>
  <system-out/>
  <testcase classname="testModules.editions.AllEditionsLambda" name="testOnMoreOnUK" time="3.434"/>
  <system-out/>
  <testcase classname="testModules.editions.AllEditionsLambda" name="testOnMoreOnUK" time="3.540"/>
  <system-out/>
  <testcase classname="testModules.editions.AllEditionsLambda" name="testTapOnTaylorSwiftOnUK" time="6.728"/>
  <system-out/>
  <testcase classname="testModules.editions.AllEditionsLambda" name="testTapOnTaylorSwiftOnUK" time="7.081"/>
  <system-out/>
  <testcase classname="testModules.editions.AllEditionsLambda" name="testTapOnMarvelOnUK" time="4.726"/>
  <system-out/>
  <testcase classname="testModules.editions.AllEditionsLambda" name="testTapOnMarvelOnUK" time="4.740"/>
  <system-out/>
  <testcase classname="testModules.editions.AllEditionsLambda" name="testTapOnZodiacOnUK" time="6.916"/>
  <system-out/>
  <testcase classname="testModules.editions.AllEditionsLambda" name="testTapOnZodiacOnUK" time="7.169"/>
  <system-out/>
  <testcase classname="testModules.editions.AllEditionsLambda" name="testTapOnHarryPotterOnUK" time="7.055"/>
  <system-out/>
  <testcase classname="testModules.editions.AllEditionsLambda" name="testTapOnHarryPotterOnUK" time="6.957"/>
  <system-out/>
  <testcase classname="testModules.editions.AllEditionsLambda" name="testTapOnAnimeOnUK" time="6.812"/>
  <system-out/>
  <testcase classname="testModules.editions.AllEditionsLambda" name="testTapOnAnimeOnUK" time="6.682"/>
  <system-out/>
  <testcase classname="testModules.editions.AllEditionsLambda" name="testTapOnKPopOnUK" time="6.860"/>
  <system-out/>
  <testcase classname="testModules.editions.AllEditionsLambda" name="testTapOnKPopOnUK" time="6.733"/>
  <system-out/>
  <testcase classname="testModules.editions.AllEditionsLambda" name="testTapOnGeographyOnUK" time="6.749"/>
  <system-out/>
  <testcase classname="testModules.editions.AllEditionsLambda" name="testTapOnGeographyOnUK" time="6.716"/>
  <system-out/>
  <testcase classname="testModules.editions.AllEditionsLambda" name="testTapOnChecklistOnUK" time="6.800"/>
  <system-out/>
  <testcase classname="testModules.editions.AllEditionsLambda" name="testTapOnChecklistOnUK" time="6.858"/>
  <system-out/>
  <testcase classname="testModules.editions.AllEditionsLambda" name="tapGamesTabOnUk" time="4.880"/>
  <system-out/>
  <testcase classname="testModules.editions.AllEditionsLambda" name="tapGamesTabOnUk" time="4.753"/>
  <system-out/>
  <testcase classname="testModules.editions.AllEditionsLambda" name="testLatamEditionIsPresent" time="12.079"/>
  <system-out/>
  <testcase classname="testModules.editions.AllEditionsLambda" name="testLatamEditionIsPresent" time="10.497"/>
  <system-out/>
  <testcase classname="testModules.editions.AllEditionsLambda" name="testLoUltimoSubTab" time="0.001"/>
  <system-out/>
  <testcase classname="testModules.editions.AllEditionsLambda" name="testLoUltimoSubTab" time="0.004"/>
  <system-out/>
  <testcase classname="testModules.editions.AllEditionsLambda" name="testTendenciasSubTab" time="6.784"/>
  <system-out/>
  <testcase classname="testModules.editions.AllEditionsLambda" name="testTendenciasSubTab" time="6.724"/>
  <system-out/>
  <testcase classname="testModules.editions.AllEditionsLambda" name="testJapanEditionIsPresent" time="10.107"/>
  <system-out/>
  <testcase classname="testModules.editions.AllEditionsLambda" name="testShoppingTab" time="4.813"/>
  <system-out/>
  <testcase classname="testModules.editions.AllEditionsLambda" name="testJapanEditionIsPresent" time="11.873"/>
  <system-out/>
  <testcase classname="testModules.editions.AllEditionsLambda" name="testShoppingTab" time="4.571"/>
  <system-out/>
</testsuite> <!-- testModules.editions.AllEditionsLambda -->
