<?xml version="1.0" encoding="UTF-8"?>
<!-- Generated by org.testng.reporters.JUnitReportReporter -->
<testsuite skipped="0" hostname="Gabrielas-MBP.fibertel.com.ar" name="testModules.bpage.NatBpageShoppingButtonsTests2" tests="5" failures="0" timestamp="2022-11-29T16:30:41 ART" time="157.743" errors="0">
  <testcase name="testSearchFallbackBpage" time="15.104" classname="testModules.bpage.NatBpageShoppingButtonsTests2"/>
  <system-out/>
  <testcase name="testBuyFromAmazonButtonIsPresent" time="6.600" classname="testModules.bpage.NatBpageShoppingButtonsTests2"/>
  <system-out/>
  <testcase name="testBuyFromAmazonButton" time="51.941" classname="testModules.bpage.NatBpageShoppingButtonsTests2"/>
  <system-out/>
  <testcase name="testBuyNowIsPresent" time="32.354" classname="testModules.bpage.NatBpageShoppingButtonsTests2"/>
  <system-out/>
  <testcase name="testBuyNowButton" time="51.744" classname="testModules.bpage.NatBpageShoppingButtonsTests2"/>
  <system-out/>
</testsuite> <!-- testModules.bpage.NatBpageShoppingButtonsTests2 -->
