<?xml version="1.0" encoding="UTF-8"?>
<!-- Generated by org.testng.reporters.JUnitReportReporter -->
<testsuite skipped="0" hostname="Gabrielas-MacBook-Pro.local" name="testModules.quizzes.quizzesTypes.QuizChecklistTests" tests="13" failures="0" timestamp="2023-07-18T23:14:06 UYT" time="48.816" errors="0">
  <testcase name="testSearchInstantQuiz" time="19.378" classname="testModules.quizzes.quizzesTypes.QuizChecklistTests"/>
  <system-out/>
  <testcase name="testQuizTitleIsPresentAtBeginning" time="5.444" classname="testModules.quizzes.quizzesTypes.QuizChecklistTests"/>
  <system-out/>
  <testcase name="testMainImageIsPresent" time="1.548" classname="testModules.quizzes.quizzesTypes.QuizChecklistTests"/>
  <system-out/>
  <testcase name="testSubTextIsPresent" time="1.445" classname="testModules.quizzes.quizzesTypes.QuizChecklistTests"/>
  <system-out/>
  <testcase name="testAuthorInfoIsPresent" time="0.468" classname="testModules.quizzes.quizzesTypes.QuizChecklistTests"/>
  <system-out/>
  <testcase name="testPlayNowButton" time="0.487" classname="testModules.quizzes.quizzesTypes.QuizChecklistTests"/>
  <system-out/>
  <testcase name="testChoicesAreLoading" time="0.651" classname="testModules.quizzes.quizzesTypes.QuizChecklistTests"/>
  <system-out/>
  <testcase name="testTapChecklistChoice" time="1.548" classname="testModules.quizzes.quizzesTypes.QuizChecklistTests"/>
  <system-out/>
  <testcase name="testTapShowMeResults" time="6.808" classname="testModules.quizzes.quizzesTypes.QuizChecklistTests"/>
  <system-out/>
  <testcase name="testQuizTitleResultScreenIsPresent" time="5.885" classname="testModules.quizzes.quizzesTypes.QuizChecklistTests"/>
  <system-out/>
  <testcase name="testYouCheckedTextResultIsPresent" time="3.356" classname="testModules.quizzes.quizzesTypes.QuizChecklistTests"/>
  <system-out/>
  <testcase name="verifyRetakeQuiz" time="1.298" classname="testModules.quizzes.quizzesTypes.QuizChecklistTests"/>
  <system-out/>
  <testcase name="testResultsSubTab" time="0.500" classname="testModules.quizzes.quizzesTypes.QuizChecklistTests"/>
  <system-out/>
</testsuite> <!-- testModules.quizzes.quizzesTypes.QuizChecklistTests -->
