<?xml version="1.0" encoding="UTF-8"?>
<!-- Generated by org.testng.reporters.JUnitReportReporter -->
<testsuite skipped="0" hostname="Gabrielas-MBP.fibertel.com.ar" name="testModules.search.SuggestedSearchesTests3" tests="6" failures="0" timestamp="2023-08-09T11:08:51 ART" time="69.201" errors="0">
  <testcase name="testSuggestedSearches" time="1.601" classname="testModules.search.SuggestedSearchesTests3"/>
  <system-out/>
  <testcase name="testSearchResults" time="4.499" classname="testModules.search.SuggestedSearchesTests3"/>
  <system-out/>
  <testcase name="testRecentSearches" time="14.939" classname="testModules.search.SuggestedSearchesTests3"/>
  <system-out/>
  <testcase name="validateShoppingSearch" time="5.203" classname="testModules.search.SuggestedSearchesTests3"/>
  <system-out/>
  <testcase name="clickOnAmazonPost" time="10.321" classname="testModules.search.SuggestedSearchesTests3"/>
  <system-out/>
  <testcase name="scrollDownOnPosts" time="32.638" classname="testModules.search.SuggestedSearchesTests3"/>
  <system-out/>
</testsuite> <!-- testModules.search.SuggestedSearchesTests3 -->
