<?xml version="1.0" encoding="UTF-8"?>
<!-- Generated by org.testng.reporters.JUnitReportReporter -->
<testsuite skipped="0" hostname="Gabrielas-MBP.fibertel.com.ar" name="testModules.profile.RecentlyViewedEmptyTests2" tests="2" failures="0" timestamp="2022-09-27T21:58:06 ART" time="3.779" errors="0">
  <testcase name="testRecentlyViewedTab" time="3.497" classname="testModules.profile.RecentlyViewedEmptyTests2"/>
  <system-out/>
  <testcase name="testRecentlyViewedEmpty" time="0.282" classname="testModules.profile.RecentlyViewedEmptyTests2"/>
  <system-out/>
</testsuite> <!-- testModules.profile.RecentlyViewedEmptyTests2 -->
