<?xml version="1.0" encoding="UTF-8"?>
<!-- Generated by org.testng.reporters.JUnitReportReporter -->
<testsuite skipped="0" hostname="Gabrielas-MBP.fibertel.com.ar" name="testModules.bpage.NatBpageEmbedsTests3" tests="12" failures="0" timestamp="2022-11-29T16:30:41 ART" time="123.465" errors="0">
  <testcase name="testSearchIGYTNativeBpage" time="12.533" classname="testModules.bpage.NatBpageEmbedsTests3"/>
  <system-out/>
  <testcase name="testIGEmbedIsPresent" time="6.661" classname="testModules.bpage.NatBpageEmbedsTests3"/>
  <system-out/>
  <testcase name="testTapIGProfileIsPresent" time="2.115" classname="testModules.bpage.NatBpageEmbedsTests3"/>
  <system-out/>
  <testcase name="testSearchYTVideoNativeBpage" time="13.182" classname="testModules.bpage.NatBpageEmbedsTests3"/>
  <system-out/>
  <testcase name="testPlayYTButtonIsPresent" time="3.356" classname="testModules.bpage.NatBpageEmbedsTests3"/>
  <system-out/>
  <testcase name="testSearchTwitterNativeBpage" time="13.696" classname="testModules.bpage.NatBpageEmbedsTests3"/>
  <system-out/>
  <testcase name="testTWEmbedIsPresent" time="6.603" classname="testModules.bpage.NatBpageEmbedsTests3"/>
  <system-out/>
  <testcase name="testSearchIGVideoNativeBpage" time="13.448" classname="testModules.bpage.NatBpageEmbedsTests3"/>
  <system-out/>
  <testcase name="testSearchTikTokVideoNativeBpage" time="13.395" classname="testModules.bpage.NatBpageEmbedsTests3"/>
  <system-out/>
  <testcase name="testTikTokVideoIsPresent" time="20.683" classname="testModules.bpage.NatBpageEmbedsTests3"/>
  <system-out/>
  <testcase name="testSearchTumblrNativeBpage" time="13.377" classname="testModules.bpage.NatBpageEmbedsTests3"/>
  <system-out/>
  <testcase name="testTumblrIsPresent" time="4.416" classname="testModules.bpage.NatBpageEmbedsTests3"/>
  <system-out/>
</testsuite> <!-- testModules.bpage.NatBpageEmbedsTests3 -->
