<?xml version="1.0" encoding="UTF-8"?>
<!-- Generated by org.testng.reporters.JUnitReportReporter -->
<testsuite skipped="0" hostname="Gabrielas-MBP.fibertel.com.ar" name="testModules.bpage.NatBpageCommentsTests7" tests="16" failures="0" timestamp="2023-08-09T11:36:46 ART" time="81.491" errors="0">
  <testcase name="testSearchNativeBpage" time="18.882" classname="testModules.bpage.NatBpageCommentsTests7"/>
  <system-out/>
  <testcase name="verifyCommentsBtnIsPresent" time="3.967" classname="testModules.bpage.NatBpageCommentsTests7"/>
  <system-out/>
  <testcase name="addComment" time="3.435" classname="testModules.bpage.NatBpageCommentsTests7"/>
  <system-out/>
  <testcase name="verifyPostButtonIsPresent" time="0.461" classname="testModules.bpage.NatBpageCommentsTests7"/>
  <system-out/>
  <testcase name="tapPostButton" time="1.332" classname="testModules.bpage.NatBpageCommentsTests7"/>
  <system-out/>
  <testcase name="testEnterEmail" time="2.396" classname="testModules.bpage.NatBpageCommentsTests7"/>
  <system-out/>
  <testcase name="testEnterPassword" time="13.135" classname="testModules.bpage.NatBpageCommentsTests7"/>
  <system-out/>
  <testcase name="verifyMostHeartSectionIsPresent" time="2.588" classname="testModules.bpage.NatBpageCommentsTests7"/>
  <system-out/>
  <testcase name="verifyMostHeartSectionLoads" time="5.043" classname="testModules.bpage.NatBpageCommentsTests7"/>
  <system-out/>
  <testcase name="verifyMostRecentSectionIsPresent" time="1.485" classname="testModules.bpage.NatBpageCommentsTests7"/>
  <system-out/>
  <testcase name="verifyUserIsPresentOnMoreRecentSection" time="4.227" classname="testModules.bpage.NatBpageCommentsTests7"/>
  <system-out/>
  <testcase name="verifyCommentIsPresent" time="1.084" classname="testModules.bpage.NatBpageCommentsTests7"/>
  <system-out/>
  <testcase name="tapLikeCommentButton" time="0.970" classname="testModules.bpage.NatBpageCommentsTests7"/>
  <system-out/>
  <testcase name="verifyReplyButtonIsPresent" time="6.076" classname="testModules.bpage.NatBpageCommentsTests7"/>
  <system-out/>
  <testcase name="replyComment" time="4.197" classname="testModules.bpage.NatBpageCommentsTests7"/>
  <system-out/>
  <testcase name="verifyReplyCommentIsPresent" time="12.213" classname="testModules.bpage.NatBpageCommentsTests7"/>
  <system-out/>
</testsuite> <!-- testModules.bpage.NatBpageCommentsTests7 -->
