<?xml version="1.0" encoding="UTF-8"?>
<!-- Generated by org.testng.reporters.JUnitReportReporter -->
<testsuite skipped="0" hostname="Gabrielas-MBP.fibertel.com.ar" name="testModules.search.SearchTests1" tests="5" failures="0" timestamp="2022-07-26T12:43:07 ART" time="10.440" errors="0">
  <testcase name="testSearchTab" time="1.423" classname="testModules.search.SearchTests1"/>
  <system-out/>
  <testcase name="testSearchField" time="2.660" classname="testModules.search.SearchTests1"/>
  <system-out/>
  <testcase name="testSearchTerm" time="2.057" classname="testModules.search.SearchTests1"/>
  <system-out/>
  <testcase name="testSearchResult" time="2.405" classname="testModules.search.SearchTests1"/>
  <system-out/>
  <testcase name="testClearSearch" time="1.895" classname="testModules.search.SearchTests1"/>
  <system-out/>
</testsuite> <!-- testModules.search.SearchTests1 -->
