<?xml version="1.0" encoding="UTF-8"?>
<!-- Generated by org.testng.reporters.JUnitReportReporter -->
<testsuite hostname="Gabrielas-MBP.fibertel.com.ar" failures="0" tests="52" name="testModules.home.HomeLatestNewNavTests" time="229.676" errors="0" timestamp="2024-09-05T18:02:35 ART" skipped="0">
  <testcase classname="testModules.home.HomeLatestNewNavTests" name="signInOnFstLaunch" time="8.950"/>
  <system-out/>
  <testcase classname="testModules.home.HomeLatestNewNavTests" name="signInOnFstLaunch" time="8.950"/>
  <system-out/>
  <testcase classname="testModules.home.HomeLatestNewNavTests" name="tapItemsShoppingPackage" time="5.108"/>
  <system-out/>
  <testcase classname="testModules.home.HomeLatestNewNavTests" name="tapItemsShoppingPackage" time="5.108"/>
  <system-out/>
  <testcase classname="testModules.home.HomeLatestNewNavTests" name="tapCTALink" time="8.101"/>
  <system-out/>
  <testcase classname="testModules.home.HomeLatestNewNavTests" name="tapCTALink" time="8.175"/>
  <system-out/>
  <testcase classname="testModules.home.HomeLatestNewNavTests" name="tapOnTrending" time="9.137"/>
  <system-out/>
  <testcase classname="testModules.home.HomeLatestNewNavTests" name="tapOnTrending" time="8.897"/>
  <system-out/>
  <testcase classname="testModules.home.HomeLatestNewNavTests" name="tapOnFunnyTweets" time="4.961"/>
  <system-out/>
  <testcase classname="testModules.home.HomeLatestNewNavTests" name="tapOnFunnyTweets" time="4.807"/>
  <system-out/>
  <testcase classname="testModules.home.HomeLatestNewNavTests" name="tapOnGames" time="5.470"/>
  <system-out/>
  <testcase classname="testModules.home.HomeLatestNewNavTests" name="tapOnGames" time="5.305"/>
  <system-out/>
  <testcase classname="testModules.home.HomeLatestNewNavTests" name="tapOnLatest" time="5.389"/>
  <system-out/>
  <testcase classname="testModules.home.HomeLatestNewNavTests" name="tapOnLatest" time="4.840"/>
  <system-out/>
  <testcase classname="testModules.home.HomeLatestNewNavTests" name="tapOnRandom" time="6.604"/>
  <system-out/>
  <testcase classname="testModules.home.HomeLatestNewNavTests" name="tapOnRandom" time="6.631"/>
  <system-out/>
  <testcase classname="testModules.home.HomeLatestNewNavTests" name="tapOnGossip" time="6.514"/>
  <system-out/>
  <testcase classname="testModules.home.HomeLatestNewNavTests" name="tapOnGossip" time="6.962"/>
  <system-out/>
  <testcase classname="testModules.home.HomeLatestNewNavTests" name="tapOnGayStuff" time="4.842"/>
  <system-out/>
  <testcase classname="testModules.home.HomeLatestNewNavTests" name="tapOnGayStuff" time="4.432"/>
  <system-out/>
  <testcase classname="testModules.home.HomeLatestNewNavTests" name="tapOnMore" time="3.876"/>
  <system-out/>
  <testcase classname="testModules.home.HomeLatestNewNavTests" name="tapOnMore" time="4.251"/>
  <system-out/>
  <testcase classname="testModules.home.HomeLatestNewNavTests" name="tapOnVideos" time="3.587"/>
  <system-out/>
  <testcase classname="testModules.home.HomeLatestNewNavTests" name="tapOnVideos" time="3.599"/>
  <system-out/>
  <testcase classname="testModules.home.HomeLatestNewNavTests" name="tapOnEntentainment" time="2.561"/>
  <system-out/>
  <testcase classname="testModules.home.HomeLatestNewNavTests" name="tapOnEntentainment" time="2.658"/>
  <system-out/>
  <testcase classname="testModules.home.HomeLatestNewNavTests" name="tapOnTVAndMovies" time="2.653"/>
  <system-out/>
  <testcase classname="testModules.home.HomeLatestNewNavTests" name="tapOnTVAndMovies" time="2.549"/>
  <system-out/>
  <testcase classname="testModules.home.HomeLatestNewNavTests" name="tapOnAnimals" time="2.662"/>
  <system-out/>
  <testcase classname="testModules.home.HomeLatestNewNavTests" name="tapOnAnimals" time="2.673"/>
  <system-out/>
  <testcase classname="testModules.home.HomeLatestNewNavTests" name="tapOnBooks" time="2.554"/>
  <system-out/>
  <testcase classname="testModules.home.HomeLatestNewNavTests" name="tapOnBooks" time="2.676"/>
  <system-out/>
  <testcase classname="testModules.home.HomeLatestNewNavTests" name="tapOnComunity" time="2.561"/>
  <system-out/>
  <testcase classname="testModules.home.HomeLatestNewNavTests" name="tapOnComunity" time="2.593"/>
  <system-out/>
  <testcase classname="testModules.home.HomeLatestNewNavTests" name="tapOnFood" time="2.555"/>
  <system-out/>
  <testcase classname="testModules.home.HomeLatestNewNavTests" name="tapOnFood" time="2.644"/>
  <system-out/>
  <testcase classname="testModules.home.HomeLatestNewNavTests" name="tapOnMusic" time="2.676"/>
  <system-out/>
  <testcase classname="testModules.home.HomeLatestNewNavTests" name="tapOnMusic" time="2.626"/>
  <system-out/>
  <testcase classname="testModules.home.HomeLatestNewNavTests" name="tapOnNifty" time="2.556"/>
  <system-out/>
  <testcase classname="testModules.home.HomeLatestNewNavTests" name="tapOnNifty" time="2.545"/>
  <system-out/>
  <testcase classname="testModules.home.HomeLatestNewNavTests" name="tapOnParents" time="2.661"/>
  <system-out/>
  <testcase classname="testModules.home.HomeLatestNewNavTests" name="tapOnParents" time="2.765"/>
  <system-out/>
  <testcase classname="testModules.home.HomeLatestNewNavTests" name="tapOnRewind" time="2.586"/>
  <system-out/>
  <testcase classname="testModules.home.HomeLatestNewNavTests" name="tapOnRewind" time="2.656"/>
  <system-out/>
  <testcase classname="testModules.home.HomeLatestNewNavTests" name="tapOnStyle" time="3.584"/>
  <system-out/>
  <testcase classname="testModules.home.HomeLatestNewNavTests" name="tapOnStyle" time="3.656"/>
  <system-out/>
  <testcase classname="testModules.home.HomeLatestNewNavTests" name="tapOnTravel" time="3.683"/>
  <system-out/>
  <testcase classname="testModules.home.HomeLatestNewNavTests" name="tapOnTravel" time="3.889"/>
  <system-out/>
  <testcase classname="testModules.home.HomeLatestNewNavTests" name="moveToNewsTab" time="3.374"/>
  <system-out/>
  <testcase classname="testModules.home.HomeLatestNewNavTests" name="moveToNewsTab" time="3.894"/>
  <system-out/>
  <testcase classname="testModules.home.HomeLatestNewNavTests" name="tapGamesTab" time="5.449"/>
  <system-out/>
  <testcase classname="testModules.home.HomeLatestNewNavTests" name="tapGamesTab" time="5.241"/>
  <system-out/>
</testsuite> <!-- testModules.home.HomeLatestNewNavTests -->
