<?xml version="1.0" encoding="UTF-8"?>
<!-- Generated by org.testng.reporters.JUnitReportReporter -->
<testsuite skipped="0" hostname="Gabrielas-MBP.fibertel.com.ar" name="testModules.signIn.SignInEmailTests" tests="4" failures="0" timestamp="2023-08-09T11:24:53 ART" time="31.090" errors="0">
  <testcase name="testEnterEmail" time="16.953" classname="testModules.signIn.SignInEmailTests"/>
  <system-out/>
  <testcase name="testEnterPassword" time="10.621" classname="testModules.signIn.SignInEmailTests"/>
  <system-out/>
  <testcase name="testUserName" time="3.287" classname="testModules.signIn.SignInEmailTests"/>
  <system-out/>
  <testcase name="testDate" time="0.229" classname="testModules.signIn.SignInEmailTests"/>
  <system-out/>
</testsuite> <!-- testModules.signIn.SignInEmailTests -->
