<?xml version="1.0" encoding="UTF-8"?>
<!-- Generated by org.testng.reporters.JUnitReportReporter -->
<testsuite skipped="0" hostname="Gabrielas-MBP.fibertel.com.ar" name="testModules.quizzes.QuizzesLatestTests" tests="13" failures="0" timestamp="2023-08-09T10:17:20 ART" time="61.197" errors="0">
  <testcase name="tapQuizzesTab" time="0.859" classname="testModules.quizzes.QuizzesLatestTests"/>
  <system-out/>
  <testcase name="verifyQuizzesHeaderIsPresent" time="0.468" classname="testModules.quizzes.QuizzesLatestTests"/>
  <system-out/>
  <testcase name="tapSplash" time="3.547" classname="testModules.quizzes.QuizzesLatestTests"/>
  <system-out/>
  <testcase name="tapFirstCell" time="3.572" classname="testModules.quizzes.QuizzesLatestTests"/>
  <system-out/>
  <testcase name="tapOnAIQuizzes" time="3.217" classname="testModules.quizzes.QuizzesLatestTests"/>
  <system-out/>
  <testcase name="tapOnTrending" time="7.448" classname="testModules.quizzes.QuizzesLatestTests"/>
  <system-out/>
  <testcase name="tapOnTrivia" time="6.422" classname="testModules.quizzes.QuizzesLatestTests"/>
  <system-out/>
  <testcase name="tapOnCanWeGuess" time="6.794" classname="testModules.quizzes.QuizzesLatestTests"/>
  <system-out/>
  <testcase name="tapOnFood" time="7.311" classname="testModules.quizzes.QuizzesLatestTests"/>
  <system-out/>
  <testcase name="tapOnMore" time="1.105" classname="testModules.quizzes.QuizzesLatestTests"/>
  <system-out/>
  <testcase name="tapOnDisney" time="6.146" classname="testModules.quizzes.QuizzesLatestTests"/>
  <system-out/>
  <testcase name="tapOnWhoAreYou" time="5.731" classname="testModules.quizzes.QuizzesLatestTests"/>
  <system-out/>
  <testcase name="tapOnLove" time="8.577" classname="testModules.quizzes.QuizzesLatestTests"/>
  <system-out/>
</testsuite> <!-- testModules.quizzes.QuizzesLatestTests -->
