<?xml version="1.0" encoding="UTF-8"?>
<!-- Generated by org.testng.reporters.JUnitReportReporter -->
<testsuite skipped="0" hostname="Gabrielas-MBP.fibertel.com.ar" name="testModules.quizzes.quizzesTypes.QuizTriviaTests" tests="35" failures="0" timestamp="2023-06-15T21:38:21 ART" time="391.259" errors="0">
  <testcase name="testSearchTriviaQuiz" time="18.502" classname="testModules.quizzes.quizzesTypes.QuizTriviaTests"/>
  <system-out/>
  <testcase name="testQuizTitleIsPresentAtBeginning" time="140.691" classname="testModules.quizzes.quizzesTypes.QuizTriviaTests"/>
  <system-out/>
  <testcase name="testSubTextIsPresent" time="0.390" classname="testModules.quizzes.quizzesTypes.QuizTriviaTests"/>
  <system-out/>
  <testcase name="testAuthorInfoIsPresent" time="0.389" classname="testModules.quizzes.quizzesTypes.QuizTriviaTests"/>
  <system-out/>
  <testcase name="testPlayWithFriendsButton" time="0.751" classname="testModules.quizzes.quizzesTypes.QuizTriviaTests"/>
  <system-out/>
  <testcase name="testPlayNowButton" time="1.485" classname="testModules.quizzes.quizzesTypes.QuizTriviaTests"/>
  <system-out/>
  <testcase name="testProgressBar1" time="0.690" classname="testModules.quizzes.quizzesTypes.QuizTriviaTests"/>
  <system-out/>
  <testcase name="testSendFirstAnswer" time="4.009" classname="testModules.quizzes.quizzesTypes.QuizTriviaTests"/>
  <system-out/>
  <testcase name="testCorrectTextIsPresent" time="0.850" classname="testModules.quizzes.quizzesTypes.QuizTriviaTests"/>
  <system-out/>
  <testcase name="testFirstAnswerTextIsPresent" time="0.403" classname="testModules.quizzes.quizzesTypes.QuizTriviaTests"/>
  <system-out/>
  <testcase name="testNextButtonIsPresent" time="0.361" classname="testModules.quizzes.quizzesTypes.QuizTriviaTests"/>
  <system-out/>
  <testcase name="testTapNextButton" time="0.882" classname="testModules.quizzes.quizzesTypes.QuizTriviaTests"/>
  <system-out/>
  <testcase name="testIntermediateAnswers" time="5.348" classname="testModules.quizzes.quizzesTypes.QuizTriviaTests"/>
  <system-out/>
  <testcase name="testIntermediateAnswers" time="5.885" classname="testModules.quizzes.quizzesTypes.QuizTriviaTests"/>
  <system-out/>
  <testcase name="testIntermediateAnswers" time="5.562" classname="testModules.quizzes.quizzesTypes.QuizTriviaTests"/>
  <system-out/>
  <testcase name="testIntermediateAnswers" time="5.504" classname="testModules.quizzes.quizzesTypes.QuizTriviaTests"/>
  <system-out/>
  <testcase name="testIntermediateAnswers" time="5.516" classname="testModules.quizzes.quizzesTypes.QuizTriviaTests"/>
  <system-out/>
  <testcase name="testIntermediateAnswers" time="5.518" classname="testModules.quizzes.quizzesTypes.QuizTriviaTests"/>
  <system-out/>
  <testcase name="testIntermediateAnswers" time="5.503" classname="testModules.quizzes.quizzesTypes.QuizTriviaTests"/>
  <system-out/>
  <testcase name="testIntermediateAnswers" time="5.433" classname="testModules.quizzes.quizzesTypes.QuizTriviaTests"/>
  <system-out/>
  <testcase name="testIntermediateAnswers" time="5.695" classname="testModules.quizzes.quizzesTypes.QuizTriviaTests"/>
  <system-out/>
  <testcase name="testIntermediateAnswers" time="5.717" classname="testModules.quizzes.quizzesTypes.QuizTriviaTests"/>
  <system-out/>
  <testcase name="testIntermediateAnswers" time="5.868" classname="testModules.quizzes.quizzesTypes.QuizTriviaTests"/>
  <system-out/>
  <testcase name="testIntermediateAnswers" time="5.699" classname="testModules.quizzes.quizzesTypes.QuizTriviaTests"/>
  <system-out/>
  <testcase name="testProgressBar14" time="0.231" classname="testModules.quizzes.quizzesTypes.QuizTriviaTests"/>
  <system-out/>
  <testcase name="testSendLatestAnswer" time="3.206" classname="testModules.quizzes.quizzesTypes.QuizTriviaTests"/>
  <system-out/>
  <testcase name="testIGiveUpButtonIsPresent" time="0.462" classname="testModules.quizzes.quizzesTypes.QuizTriviaTests"/>
  <system-out/>
  <testcase name="testTapIGiveUpButton" time="1.248" classname="testModules.quizzes.quizzesTypes.QuizTriviaTests"/>
  <system-out/>
  <testcase name="testWrongTextIsPresent" time="0.874" classname="testModules.quizzes.quizzesTypes.QuizTriviaTests"/>
  <system-out/>
  <testcase name="testLatestAnswerTextIsPresent" time="1.445" classname="testModules.quizzes.quizzesTypes.QuizTriviaTests"/>
  <system-out/>
  <testcase name="testQuizTitleResultScreenIsPresent" time="0.164" classname="testModules.quizzes.quizzesTypes.QuizTriviaTests"/>
  <system-out/>
  <testcase name="testScoreTextResultScreenIsPresent" time="0.149" classname="testModules.quizzes.quizzesTypes.QuizTriviaTests"/>
  <system-out/>
  <testcase name="testResultsTextIsPresent" time="0.150" classname="testModules.quizzes.quizzesTypes.QuizTriviaTests"/>
  <system-out/>
  <testcase name="testResultsDescriptionTextIsPresent" time="0.299" classname="testModules.quizzes.quizzesTypes.QuizTriviaTests"/>
  <system-out/>
  <testcase name="testResultsSubTab" time="146.380" classname="testModules.quizzes.quizzesTypes.QuizTriviaTests"/>
  <system-out/>
</testsuite> <!-- testModules.quizzes.quizzesTypes.QuizTriviaTests -->
