<?xml version="1.0" encoding="UTF-8"?>
<!-- Generated by org.testng.reporters.JUnitReportReporter -->
<testsuite skipped="0" hostname="Gabrielas-MBP.fibertel.com.ar" name="testModules.home.HomeSubTabsTests" tests="16" failures="0" timestamp="2022-06-06T11:34:04 ART" time="322.914" errors="0">
  <testcase name="trendingTab" time="71.782" classname="testModules.home.HomeSubTabsTests"/>
  <system-out/>
  <testcase name="coronavirusTab" time="12.493" classname="testModules.home.HomeSubTabsTests"/>
  <system-out/>
  <testcase name="tvMoviesTab" time="18.745" classname="testModules.home.HomeSubTabsTests"/>
  <system-out/>
  <testcase name="animalsTab" time="14.152" classname="testModules.home.HomeSubTabsTests"/>
  <system-out/>
  <testcase name="celebrityTab" time="12.807" classname="testModules.home.HomeSubTabsTests"/>
  <system-out/>
  <testcase name="booksTab" time="23.158" classname="testModules.home.HomeSubTabsTests"/>
  <system-out/>
  <testcase name="communityTab" time="10.024" classname="testModules.home.HomeSubTabsTests"/>
  <system-out/>
  <testcase name="foodTab" time="12.459" classname="testModules.home.HomeSubTabsTests"/>
  <system-out/>
  <testcase name="healthTab" time="12.465" classname="testModules.home.HomeSubTabsTests"/>
  <system-out/>
  <testcase name="lgbtqTab" time="23.266" classname="testModules.home.HomeSubTabsTests"/>
  <system-out/>
  <testcase name="musicTab" time="14.442" classname="testModules.home.HomeSubTabsTests"/>
  <system-out/>
  <testcase name="niftyTab" time="11.190" classname="testModules.home.HomeSubTabsTests"/>
  <system-out/>
  <testcase name="parentsTab" time="11.403" classname="testModules.home.HomeSubTabsTests"/>
  <system-out/>
  <testcase name="rewindTab" time="50.854" classname="testModules.home.HomeSubTabsTests"/>
  <system-out/>
  <testcase name="styleTab" time="12.676" classname="testModules.home.HomeSubTabsTests"/>
  <system-out/>
  <testcase name="travelTab" time="10.998" classname="testModules.home.HomeSubTabsTests"/>
  <system-out/>
</testsuite> <!-- testModules.home.HomeSubTabsTests -->
