<?xml version="1.0" encoding="UTF-8"?>
<!-- Generated by org.testng.reporters.JUnitReportReporter -->
<testsuite skipped="0" hostname="Gabrielas-MBP.fibertel.com.ar" name="testModules.quizzes.quizzesTypes.QuizPersonalityTests" tests="22" failures="0" timestamp="2023-08-09T12:11:52 ART" time="54.328" errors="0">
  <testcase name="testSearchInstantQuiz" time="14.859" classname="testModules.quizzes.quizzesTypes.QuizPersonalityTests"/>
  <system-out/>
  <testcase name="testQuizTitleIsPresentAtBeginning" time="4.594" classname="testModules.quizzes.quizzesTypes.QuizPersonalityTests"/>
  <system-out/>
  <testcase name="testMainImageIsPresent" time="1.028" classname="testModules.quizzes.quizzesTypes.QuizPersonalityTests"/>
  <system-out/>
  <testcase name="testSubTextIsPresent" time="0.382" classname="testModules.quizzes.quizzesTypes.QuizPersonalityTests"/>
  <system-out/>
  <testcase name="testAuthorInfoIsPresent" time="0.300" classname="testModules.quizzes.quizzesTypes.QuizPersonalityTests"/>
  <system-out/>
  <testcase name="testPlayWithFriendsButtonIsPresent" time="0.611" classname="testModules.quizzes.quizzesTypes.QuizPersonalityTests"/>
  <system-out/>
  <testcase name="testPlayNowButton" time="1.339" classname="testModules.quizzes.quizzesTypes.QuizPersonalityTests"/>
  <system-out/>
  <testcase name="testQuestion1Countdown" time="0.703" classname="testModules.quizzes.quizzesTypes.QuizPersonalityTests"/>
  <system-out/>
  <testcase name="testQuestion1" time="1.566" classname="testModules.quizzes.quizzesTypes.QuizPersonalityTests"/>
  <system-out/>
  <testcase name="testQuestion2Countdown" time="0.738" classname="testModules.quizzes.quizzesTypes.QuizPersonalityTests"/>
  <system-out/>
  <testcase name="testQuestion2" time="1.402" classname="testModules.quizzes.quizzesTypes.QuizPersonalityTests"/>
  <system-out/>
  <testcase name="testQuestion3Countdown" time="0.795" classname="testModules.quizzes.quizzesTypes.QuizPersonalityTests"/>
  <system-out/>
  <testcase name="testQuestion3" time="1.510" classname="testModules.quizzes.quizzesTypes.QuizPersonalityTests"/>
  <system-out/>
  <testcase name="testQuestion4Countdown" time="0.843" classname="testModules.quizzes.quizzesTypes.QuizPersonalityTests"/>
  <system-out/>
  <testcase name="testQuestion4" time="1.607" classname="testModules.quizzes.quizzesTypes.QuizPersonalityTests"/>
  <system-out/>
  <testcase name="testQuestion5Countdown" time="0.683" classname="testModules.quizzes.quizzesTypes.QuizPersonalityTests"/>
  <system-out/>
  <testcase name="testQuestion5" time="1.501" classname="testModules.quizzes.quizzesTypes.QuizPersonalityTests"/>
  <system-out/>
  <testcase name="testQuestion6Countdown" time="0.698" classname="testModules.quizzes.quizzesTypes.QuizPersonalityTests"/>
  <system-out/>
  <testcase name="testQuestion6" time="1.591" classname="testModules.quizzes.quizzesTypes.QuizPersonalityTests"/>
  <system-out/>
  <testcase name="testQuizTitleResultScreenIsPresent" time="3.533" classname="testModules.quizzes.quizzesTypes.QuizPersonalityTests"/>
  <system-out/>
  <testcase name="verifyRetakeQuiz" time="5.276" classname="testModules.quizzes.quizzesTypes.QuizPersonalityTests"/>
  <system-out/>
  <testcase name="verifyPrevButton" time="8.769" classname="testModules.quizzes.quizzesTypes.QuizPersonalityTests"/>
  <system-out/>
</testsuite> <!-- testModules.quizzes.quizzesTypes.QuizPersonalityTests -->
