<?xml version="1.0" encoding="UTF-8"?>
<!-- Generated by org.testng.reporters.JUnitReportReporter -->
<testsuite skipped="0" hostname="Gabrielas-MBP.fibertel.com.ar" name="testModules.search.SearchTests1" tests="5" failures="0" timestamp="2023-08-09T11:08:51 ART" time="26.594" errors="0">
  <testcase name="testSearchTab" time="11.234" classname="testModules.search.SearchTests1"/>
  <system-out/>
  <testcase name="testSearchField" time="3.287" classname="testModules.search.SearchTests1"/>
  <system-out/>
  <testcase name="testSearchTerm" time="2.525" classname="testModules.search.SearchTests1"/>
  <system-out/>
  <testcase name="testSearchResult" time="6.270" classname="testModules.search.SearchTests1"/>
  <system-out/>
  <testcase name="testClearSearch" time="3.278" classname="testModules.search.SearchTests1"/>
  <system-out/>
</testsuite> <!-- testModules.search.SearchTests1 -->
