<?xml version="1.0" encoding="UTF-8"?>
<!-- Generated by org.testng.reporters.JUnitReportReporter -->
<testsuite skipped="0" hostname="Gabrielas-MBP.fibertel.com.ar" name="testModules.home.ShowsSubTabTests" tests="1" failures="0" timestamp="2023-09-05T18:41:17 ART" time="102.554" errors="0">
  <testcase name="tapShows" time="102.554" classname="testModules.home.ShowsSubTabTests"/>
  <system-out/>
</testsuite> <!-- testModules.home.ShowsSubTabTests -->
