<?xml version="1.0" encoding="UTF-8"?>
<!-- Generated by org.testng.reporters.JUnitReportReporter -->
<testsuite skipped="0" hostname="Gabrielas-MBP.fibertel.com.ar" name="testModules.home.HomeLatestNewNavTests" tests="34" failures="0" timestamp="2023-09-05T18:41:17 ART" time="258.793" errors="0">
  <testcase name="testAllowButton" time="17.453" classname="testModules.home.HomeLatestNewNavTests"/>
  <system-out/>
  <testcase name="enableVisualFeedExp" time="35.851" classname="testModules.home.HomeLatestNewNavTests"/>
  <system-out/>
  <testcase name="validateGamesTab" time="7.595" classname="testModules.home.HomeLatestNewNavTests"/>
  <system-out/>
  <testcase name="verifyBuzzFeedLogo" time="2.379" classname="testModules.home.HomeLatestNewNavTests"/>
  <system-out/>
  <testcase name="tapSplash" time="3.217" classname="testModules.home.HomeLatestNewNavTests"/>
  <system-out/>
  <testcase name="tapFirstBpage" time="8.092" classname="testModules.home.HomeLatestNewNavTests"/>
  <system-out/>
  <testcase name="tapItemsShoppingPackage" time="24.079" classname="testModules.home.HomeLatestNewNavTests"/>
  <system-out/>
  <testcase name="openTrendingModal" time="39.641" classname="testModules.home.HomeLatestNewNavTests"/>
  <system-out/>
  <testcase name="tapOnTrending" time="6.115" classname="testModules.home.HomeLatestNewNavTests"/>
  <system-out/>
  <testcase name="tapOnFunnyTweets" time="2.942" classname="testModules.home.HomeLatestNewNavTests"/>
  <system-out/>
  <testcase name="tapOnGames" time="1.257" classname="testModules.home.HomeLatestNewNavTests"/>
  <system-out/>
  <testcase name="tapOnLatest" time="2.468" classname="testModules.home.HomeLatestNewNavTests"/>
  <system-out/>
  <testcase name="tapOnRandom" time="7.836" classname="testModules.home.HomeLatestNewNavTests"/>
  <system-out/>
  <testcase name="tapOnGossip" time="2.897" classname="testModules.home.HomeLatestNewNavTests"/>
  <system-out/>
  <testcase name="tapOnGayStuff" time="3.210" classname="testModules.home.HomeLatestNewNavTests"/>
  <system-out/>
  <testcase name="tapOnMore" time="1.176" classname="testModules.home.HomeLatestNewNavTests"/>
  <system-out/>
  <testcase name="tapOnVideos" time="2.605" classname="testModules.home.HomeLatestNewNavTests"/>
  <system-out/>
  <testcase name="tapOnShows" time="2.472" classname="testModules.home.HomeLatestNewNavTests"/>
  <system-out/>
  <testcase name="tapOnEntentainment" time="5.432" classname="testModules.home.HomeLatestNewNavTests"/>
  <system-out/>
  <testcase name="tapOnTVAndMovies" time="6.765" classname="testModules.home.HomeLatestNewNavTests"/>
  <system-out/>
  <testcase name="tapOnAnimals" time="5.261" classname="testModules.home.HomeLatestNewNavTests"/>
  <system-out/>
  <testcase name="tapOnBooks" time="5.734" classname="testModules.home.HomeLatestNewNavTests"/>
  <system-out/>
  <testcase name="tapOnComunity" time="5.635" classname="testModules.home.HomeLatestNewNavTests"/>
  <system-out/>
  <testcase name="tapOnFood" time="6.586" classname="testModules.home.HomeLatestNewNavTests"/>
  <system-out/>
  <testcase name="tapOnMusic" time="6.251" classname="testModules.home.HomeLatestNewNavTests"/>
  <system-out/>
  <testcase name="tapOnNifty" time="6.238" classname="testModules.home.HomeLatestNewNavTests"/>
  <system-out/>
  <testcase name="tapOnParents" time="6.704" classname="testModules.home.HomeLatestNewNavTests"/>
  <system-out/>
  <testcase name="tapOnRewind" time="6.173" classname="testModules.home.HomeLatestNewNavTests"/>
  <system-out/>
  <testcase name="tapOnStyle" time="6.429" classname="testModules.home.HomeLatestNewNavTests"/>
  <system-out/>
  <testcase name="tapOnTravel" time="9.830" classname="testModules.home.HomeLatestNewNavTests"/>
  <system-out/>
  <testcase name="moveToNewsTab" time="0.784" classname="testModules.home.HomeLatestNewNavTests"/>
  <system-out/>
  <testcase name="tapNewsSplash" time="4.234" classname="testModules.home.HomeLatestNewNavTests"/>
  <system-out/>
  <testcase name="tapFstNewsCell" time="3.187" classname="testModules.home.HomeLatestNewNavTests"/>
  <system-out/>
  <testcase name="tapGamesTab" time="2.265" classname="testModules.home.HomeLatestNewNavTests"/>
  <system-out/>
</testsuite> <!-- testModules.home.HomeLatestNewNavTests -->
