<?xml version="1.0" encoding="UTF-8"?>
<!-- Generated by org.testng.reporters.JUnitReportReporter -->
<testsuite skipped="0" hostname="Gabrielas-MBP.fibertel.com.ar" name="testModules.profile.WishlistTests3" tests="11" failures="0" timestamp="2023-09-05T20:20:03 ART" time="229.337" errors="0">
  <testcase name="testWishlistTab" time="1.168" classname="testModules.profile.WishlistTests3"/>
  <system-out/>
  <testcase name="testWishlistEmpty" time="3.282" classname="testModules.profile.WishlistTests3"/>
  <system-out/>
  <testcase name="testExploreButton" time="4.354" classname="testModules.profile.WishlistTests3"/>
  <system-out/>
  <testcase name="testAddToWishlist" time="14.773" classname="testModules.profile.WishlistTests3"/>
  <system-out/>
  <testcase name="testAddedToWishlist" time="67.273" classname="testModules.profile.WishlistTests3"/>
  <system-out/>
  <testcase name="testGetItButton" time="3.087" classname="testModules.profile.WishlistTests3"/>
  <system-out/>
  <testcase name="testCancelButton" time="5.381" classname="testModules.profile.WishlistTests3"/>
  <system-out/>
  <testcase name="testRemoveFromWishlist" time="34.182" classname="testModules.profile.WishlistTests3"/>
  <system-out/>
  <testcase name="testWishlistAfterRemoval" time="5.333" classname="testModules.profile.WishlistTests3"/>
  <system-out/>
  <testcase name="testAddingOneItemToWishList" time="16.606" classname="testModules.profile.WishlistTests3"/>
  <system-out/>
  <testcase name="testVerifySingleItemAdded" time="73.898" classname="testModules.profile.WishlistTests3"/>
  <system-out/>
</testsuite> <!-- testModules.profile.WishlistTests3 -->
