<?xml version="1.0" encoding="UTF-8"?>
<!-- Generated by org.testng.reporters.JUnitReportReporter -->
<testsuite skipped="0" hostname="Gabrielas-MBP.fibertel.com.ar" name="testModules.quizzes.quizzesTypes.QuizPersonalityTests" tests="22" failures="0" timestamp="2023-09-05T20:49:56 ART" time="53.783" errors="0">
  <testcase name="testSearchInstantQuiz" time="15.303" classname="testModules.quizzes.quizzesTypes.QuizPersonalityTests"/>
  <system-out/>
  <testcase name="testQuizTitleIsPresentAtBeginning" time="3.902" classname="testModules.quizzes.quizzesTypes.QuizPersonalityTests"/>
  <system-out/>
  <testcase name="testMainImageIsPresent" time="0.811" classname="testModules.quizzes.quizzesTypes.QuizPersonalityTests"/>
  <system-out/>
  <testcase name="testSubTextIsPresent" time="0.318" classname="testModules.quizzes.quizzesTypes.QuizPersonalityTests"/>
  <system-out/>
  <testcase name="testAuthorInfoIsPresent" time="0.324" classname="testModules.quizzes.quizzesTypes.QuizPersonalityTests"/>
  <system-out/>
  <testcase name="testPlayWithFriendsButtonIsPresent" time="0.669" classname="testModules.quizzes.quizzesTypes.QuizPersonalityTests"/>
  <system-out/>
  <testcase name="testPlayNowButton" time="1.310" classname="testModules.quizzes.quizzesTypes.QuizPersonalityTests"/>
  <system-out/>
  <testcase name="testQuestion1Countdown" time="0.697" classname="testModules.quizzes.quizzesTypes.QuizPersonalityTests"/>
  <system-out/>
  <testcase name="testQuestion1" time="1.375" classname="testModules.quizzes.quizzesTypes.QuizPersonalityTests"/>
  <system-out/>
  <testcase name="testQuestion2Countdown" time="0.662" classname="testModules.quizzes.quizzesTypes.QuizPersonalityTests"/>
  <system-out/>
  <testcase name="testQuestion2" time="1.504" classname="testModules.quizzes.quizzesTypes.QuizPersonalityTests"/>
  <system-out/>
  <testcase name="testQuestion3Countdown" time="0.726" classname="testModules.quizzes.quizzesTypes.QuizPersonalityTests"/>
  <system-out/>
  <testcase name="testQuestion3" time="1.418" classname="testModules.quizzes.quizzesTypes.QuizPersonalityTests"/>
  <system-out/>
  <testcase name="testQuestion4Countdown" time="0.679" classname="testModules.quizzes.quizzesTypes.QuizPersonalityTests"/>
  <system-out/>
  <testcase name="testQuestion4" time="1.504" classname="testModules.quizzes.quizzesTypes.QuizPersonalityTests"/>
  <system-out/>
  <testcase name="testQuestion5Countdown" time="0.967" classname="testModules.quizzes.quizzesTypes.QuizPersonalityTests"/>
  <system-out/>
  <testcase name="testQuestion5" time="1.603" classname="testModules.quizzes.quizzesTypes.QuizPersonalityTests"/>
  <system-out/>
  <testcase name="testQuestion6Countdown" time="0.880" classname="testModules.quizzes.quizzesTypes.QuizPersonalityTests"/>
  <system-out/>
  <testcase name="testQuestion6" time="1.718" classname="testModules.quizzes.quizzesTypes.QuizPersonalityTests"/>
  <system-out/>
  <testcase name="testQuizTitleResultScreenIsPresent" time="3.467" classname="testModules.quizzes.quizzesTypes.QuizPersonalityTests"/>
  <system-out/>
  <testcase name="verifyRetakeQuiz" time="5.111" classname="testModules.quizzes.quizzesTypes.QuizPersonalityTests"/>
  <system-out/>
  <testcase name="verifyPrevButton" time="8.835" classname="testModules.quizzes.quizzesTypes.QuizPersonalityTests"/>
  <system-out/>
</testsuite> <!-- testModules.quizzes.quizzesTypes.QuizPersonalityTests -->
