<?xml version="1.0" encoding="UTF-8"?>
<!-- Generated by org.testng.reporters.JUnitReportReporter -->
<testsuite skipped="0" hostname="Gabrielas-MBP.fibertel.com.ar" name="testModules.profile.RecentlyViewedEmptyTests2" tests="2" failures="0" timestamp="2023-09-05T20:20:03 ART" time="3.619" errors="0">
  <testcase name="testRecentlyViewedTab" time="3.426" classname="testModules.profile.RecentlyViewedEmptyTests2"/>
  <system-out/>
  <testcase name="testRecentlyViewedEmpty" time="0.193" classname="testModules.profile.RecentlyViewedEmptyTests2"/>
  <system-out/>
</testsuite> <!-- testModules.profile.RecentlyViewedEmptyTests2 -->
