<?xml version="1.0" encoding="UTF-8"?>
<!-- Generated by org.testng.reporters.JUnitReportReporter -->
<testsuite skipped="0" hostname="Gabrielas-MBP.fibertel.com.ar" name="testModules.bpage.NatBpageEmbedsTests3" tests="9" failures="0" timestamp="2023-08-09T11:36:46 ART" time="138.792" errors="0">
  <testcase name="testSearchIGYTNativeBpage" time="16.603" classname="testModules.bpage.NatBpageEmbedsTests3"/>
  <system-out/>
  <testcase name="testIGEmbedIsPresent" time="10.036" classname="testModules.bpage.NatBpageEmbedsTests3"/>
  <system-out/>
  <testcase name="testSearchYTVideoNativeBpage" time="15.983" classname="testModules.bpage.NatBpageEmbedsTests3"/>
  <system-out/>
  <testcase name="testPlayYTButtonIsPresent" time="6.197" classname="testModules.bpage.NatBpageEmbedsTests3"/>
  <system-out/>
  <testcase name="testSearchTwitterNativeBpage" time="17.100" classname="testModules.bpage.NatBpageEmbedsTests3"/>
  <system-out/>
  <testcase name="testTWEmbedIsPresent" time="6.085" classname="testModules.bpage.NatBpageEmbedsTests3"/>
  <system-out/>
  <testcase name="testSearchIGVideoNativeBpage" time="17.387" classname="testModules.bpage.NatBpageEmbedsTests3"/>
  <system-out/>
  <testcase name="testSearchTikTokVideoNativeBpage" time="16.627" classname="testModules.bpage.NatBpageEmbedsTests3"/>
  <system-out/>
  <testcase name="testTikTokVideoIsPresent" time="32.774" classname="testModules.bpage.NatBpageEmbedsTests3"/>
  <system-out/>
</testsuite> <!-- testModules.bpage.NatBpageEmbedsTests3 -->
