<?xml version="1.0" encoding="UTF-8"?>
<!-- Generated by org.testng.reporters.JUnitReportReporter -->
<testsuite hostname="Gabrielas-MacBook-Pro.local" failures="0" tests="122" name="testModules.editions.AllEditionsLambda" time="621.624" errors="0" timestamp="2025-03-18T20:59:41 ART" skipped="0">
  <testcase classname="testModules.editions.AllEditionsLambda" name="testAustraliaEditionIsPresent" time="0.447"/>
  <system-out/>
  <testcase classname="testModules.editions.AllEditionsLambda" name="testAustraliaEditionIsPresent" time="0.448"/>
  <system-out/>
  <testcase classname="testModules.editions.AllEditionsLambda" name="testGoingNewsTab" time="4.403"/>
  <system-out/>
  <testcase classname="testModules.editions.AllEditionsLambda" name="testGoingNewsTab" time="4.487"/>
  <system-out/>
  <testcase classname="testModules.editions.AllEditionsLambda" name="testGoingToQuizzesTab" time="4.321"/>
  <system-out/>
  <testcase classname="testModules.editions.AllEditionsLambda" name="testGoingToQuizzesTab" time="4.503"/>
  <system-out/>
  <testcase classname="testModules.editions.AllEditionsLambda" name="testTapOnTrendingCategory" time="8.907"/>
  <system-out/>
  <testcase classname="testModules.editions.AllEditionsLambda" name="testTapOnTrendingCategory" time="8.680"/>
  <system-out/>
  <testcase classname="testModules.editions.AllEditionsLambda" name="testTapOnTriviaCategory" time="8.774"/>
  <system-out/>
  <testcase classname="testModules.editions.AllEditionsLambda" name="testTapOnTriviaCategory" time="8.634"/>
  <system-out/>
  <testcase classname="testModules.editions.AllEditionsLambda" name="testCanWeGuess" time="8.569"/>
  <system-out/>
  <testcase classname="testModules.editions.AllEditionsLambda" name="testCanWeGuess" time="8.744"/>
  <system-out/>
  <testcase classname="testModules.editions.AllEditionsLambda" name="testOnMore" time="4.288"/>
  <system-out/>
  <testcase classname="testModules.editions.AllEditionsLambda" name="testOnMore" time="4.400"/>
  <system-out/>
  <testcase classname="testModules.editions.AllEditionsLambda" name="testTapOnTaylorSwift" time="8.707"/>
  <system-out/>
  <testcase classname="testModules.editions.AllEditionsLambda" name="testTapOnTaylorSwift" time="8.703"/>
  <system-out/>
  <testcase classname="testModules.editions.AllEditionsLambda" name="testTapOnMarvel" time="8.672"/>
  <system-out/>
  <testcase classname="testModules.editions.AllEditionsLambda" name="testTapOnMarvel" time="8.737"/>
  <system-out/>
  <testcase classname="testModules.editions.AllEditionsLambda" name="testTapOnZodiac" time="8.664"/>
  <system-out/>
  <testcase classname="testModules.editions.AllEditionsLambda" name="testTapOnZodiac" time="8.869"/>
  <system-out/>
  <testcase classname="testModules.editions.AllEditionsLambda" name="testTapOnHarryPotter" time="8.671"/>
  <system-out/>
  <testcase classname="testModules.editions.AllEditionsLambda" name="testTapOnHarryPotter" time="8.571"/>
  <system-out/>
  <testcase classname="testModules.editions.AllEditionsLambda" name="testTapOnAnime" time="8.565"/>
  <system-out/>
  <testcase classname="testModules.editions.AllEditionsLambda" name="testTapOnAnime" time="8.843"/>
  <system-out/>
  <testcase classname="testModules.editions.AllEditionsLambda" name="testTapOnKPop" time="8.553"/>
  <system-out/>
  <testcase classname="testModules.editions.AllEditionsLambda" name="testTapOnKPop" time="8.523"/>
  <system-out/>
  <testcase classname="testModules.editions.AllEditionsLambda" name="testTapOnGeography" time="6.652"/>
  <system-out/>
  <testcase classname="testModules.editions.AllEditionsLambda" name="testTapOnGeography" time="6.576"/>
  <system-out/>
  <testcase classname="testModules.editions.AllEditionsLambda" name="testTapOnChecklist" time="8.632"/>
  <system-out/>
  <testcase classname="testModules.editions.AllEditionsLambda" name="testTapOnChecklist" time="8.527"/>
  <system-out/>
  <testcase classname="testModules.editions.AllEditionsLambda" name="tapGamesTab" time="2.544"/>
  <system-out/>
  <testcase classname="testModules.editions.AllEditionsLambda" name="tapGamesTab" time="2.807"/>
  <system-out/>
  <testcase classname="testModules.editions.AllEditionsLambda" name="testCanadaEditionIsPresent" time="0.439"/>
  <system-out/>
  <testcase classname="testModules.editions.AllEditionsLambda" name="testCanadaEditionIsPresent" time="0.440"/>
  <system-out/>
  <testcase classname="testModules.editions.AllEditionsLambda" name="testGoingNewsTabOnCanada" time="2.272"/>
  <system-out/>
  <testcase classname="testModules.editions.AllEditionsLambda" name="testGoingNewsTabOnCanada" time="2.210"/>
  <system-out/>
  <testcase classname="testModules.editions.AllEditionsLambda" name="testGoingToQuizzesTabOnCanada" time="4.331"/>
  <system-out/>
  <testcase classname="testModules.editions.AllEditionsLambda" name="testGoingToQuizzesTabOnCanada" time="4.286"/>
  <system-out/>
  <testcase classname="testModules.editions.AllEditionsLambda" name="testTapOnTrendingCategoryOnCanada" time="3.517"/>
  <system-out/>
  <testcase classname="testModules.editions.AllEditionsLambda" name="testTapOnTrendingCategoryOnCanada" time="3.432"/>
  <system-out/>
  <testcase classname="testModules.editions.AllEditionsLambda" name="testTapOnShowdownOnCanada" time="3.410"/>
  <system-out/>
  <testcase classname="testModules.editions.AllEditionsLambda" name="testTapOnShowdownOnCanada" time="3.440"/>
  <system-out/>
  <testcase classname="testModules.editions.AllEditionsLambda" name="testTapOnTriviaCategoryOnCanada" time="3.587"/>
  <system-out/>
  <testcase classname="testModules.editions.AllEditionsLambda" name="testTapOnTriviaCategoryOnCanada" time="3.510"/>
  <system-out/>
  <testcase classname="testModules.editions.AllEditionsLambda" name="testTapOnCanWeGuessCategory" time="3.420"/>
  <system-out/>
  <testcase classname="testModules.editions.AllEditionsLambda" name="testTapOnCanWeGuessCategory" time="3.729"/>
  <system-out/>
  <testcase classname="testModules.editions.AllEditionsLambda" name="testOnMoreOnCanada" time="3.288"/>
  <system-out/>
  <testcase classname="testModules.editions.AllEditionsLambda" name="testOnMoreOnCanada" time="3.348"/>
  <system-out/>
  <testcase classname="testModules.editions.AllEditionsLambda" name="testTapOnTaylorSwiftOnCanada" time="8.659"/>
  <system-out/>
  <testcase classname="testModules.editions.AllEditionsLambda" name="testTapOnTaylorSwiftOnCanada" time="8.525"/>
  <system-out/>
  <testcase classname="testModules.editions.AllEditionsLambda" name="testTapOnMarvelOnCanada" time="8.636"/>
  <system-out/>
  <testcase classname="testModules.editions.AllEditionsLambda" name="testTapOnMarvelOnCanada" time="9.408"/>
  <system-out/>
  <testcase classname="testModules.editions.AllEditionsLambda" name="testTapOnZodiacOnCanada" time="8.624"/>
  <system-out/>
  <testcase classname="testModules.editions.AllEditionsLambda" name="testTapOnZodiacOnCanada" time="8.576"/>
  <system-out/>
  <testcase classname="testModules.editions.AllEditionsLambda" name="testTapOnHarryPotterOnCanada" time="8.690"/>
  <system-out/>
  <testcase classname="testModules.editions.AllEditionsLambda" name="testTapOnHarryPotterOnCanada" time="8.566"/>
  <system-out/>
  <testcase classname="testModules.editions.AllEditionsLambda" name="testTapOnAnimeOnCanada" time="8.615"/>
  <system-out/>
  <testcase classname="testModules.editions.AllEditionsLambda" name="testTapOnAnimeOnCanada" time="8.528"/>
  <system-out/>
  <testcase classname="testModules.editions.AllEditionsLambda" name="testTapOnKPopOnCanada" time="8.756"/>
  <system-out/>
  <testcase classname="testModules.editions.AllEditionsLambda" name="testTapOnKPopOnCanada" time="8.571"/>
  <system-out/>
  <testcase classname="testModules.editions.AllEditionsLambda" name="testTapOnGeographyOnCanada" time="8.704"/>
  <system-out/>
  <testcase classname="testModules.editions.AllEditionsLambda" name="testTapOnGeographyOnCanada" time="8.557"/>
  <system-out/>
  <testcase classname="testModules.editions.AllEditionsLambda" name="testTapOnChecklistOnCanada" time="8.524"/>
  <system-out/>
  <testcase classname="testModules.editions.AllEditionsLambda" name="testTapOnChecklistOnCanada" time="8.516"/>
  <system-out/>
  <testcase classname="testModules.editions.AllEditionsLambda" name="tapGamesTabOnCanada" time="2.504"/>
  <system-out/>
  <testcase classname="testModules.editions.AllEditionsLambda" name="tapGamesTabOnCanada" time="2.639"/>
  <system-out/>
  <testcase classname="testModules.editions.AllEditionsLambda" name="testIndiaEditionIsPresent" time="0.420"/>
  <system-out/>
  <testcase classname="testModules.editions.AllEditionsLambda" name="testIndiaEditionIsPresent" time="0.438"/>
  <system-out/>
  <testcase classname="testModules.editions.AllEditionsLambda" name="testGoingNewsTabOnIndia" time="1.298"/>
  <system-out/>
  <testcase classname="testModules.editions.AllEditionsLambda" name="testGoingNewsTabOnIndia" time="1.269"/>
  <system-out/>
  <testcase classname="testModules.editions.AllEditionsLambda" name="testGoingToQuizzesTabOnJapan" time="4.256"/>
  <system-out/>
  <testcase classname="testModules.editions.AllEditionsLambda" name="testGoingToQuizzesTabOnJapan" time="4.381"/>
  <system-out/>
  <testcase classname="testModules.editions.AllEditionsLambda" name="testGoingToQuizzesTabOnIndia" time="1.377"/>
  <system-out/>
  <testcase classname="testModules.editions.AllEditionsLambda" name="testGoingToQuizzesTabOnIndia" time="1.279"/>
  <system-out/>
  <testcase classname="testModules.editions.AllEditionsLambda" name="testTapOnTrendingCategoryOnIndia" time="5.148"/>
  <system-out/>
  <testcase classname="testModules.editions.AllEditionsLambda" name="testTapOnTrendingCategoryOnIndia" time="4.612"/>
  <system-out/>
  <testcase classname="testModules.editions.AllEditionsLambda" name="tapGamesTabOnIndia" time="2.612"/>
  <system-out/>
  <testcase classname="testModules.editions.AllEditionsLambda" name="tapGamesTabOnIndia" time="2.506"/>
  <system-out/>
  <testcase classname="testModules.editions.AllEditionsLambda" name="testUKEditionIsPresent" time="0.448"/>
  <system-out/>
  <testcase classname="testModules.editions.AllEditionsLambda" name="testUKEditionIsPresent" time="0.433"/>
  <system-out/>
  <testcase classname="testModules.editions.AllEditionsLambda" name="testGoingNewsTabOnUK" time="1.312"/>
  <system-out/>
  <testcase classname="testModules.editions.AllEditionsLambda" name="testGoingNewsTabOnUK" time="1.315"/>
  <system-out/>
  <testcase classname="testModules.editions.AllEditionsLambda" name="testGoingToQuizzesTabOnUK" time="1.336"/>
  <system-out/>
  <testcase classname="testModules.editions.AllEditionsLambda" name="testGoingToQuizzesTabOnUK" time="1.333"/>
  <system-out/>
  <testcase classname="testModules.editions.AllEditionsLambda" name="testTapOnTrendingCategoryOnUK" time="4.812"/>
  <system-out/>
  <testcase classname="testModules.editions.AllEditionsLambda" name="testTapOnTrendingCategoryOnUK" time="4.631"/>
  <system-out/>
  <testcase classname="testModules.editions.AllEditionsLambda" name="testTapOnAIQuizzesOnUK" time="4.557"/>
  <system-out/>
  <testcase classname="testModules.editions.AllEditionsLambda" name="testTapOnAIQuizzesOnUK" time="4.570"/>
  <system-out/>
  <testcase classname="testModules.editions.AllEditionsLambda" name="testTapOnTriviaCategoryOnUK" time="4.760"/>
  <system-out/>
  <testcase classname="testModules.editions.AllEditionsLambda" name="testTapOnTriviaCategoryOnUK" time="4.591"/>
  <system-out/>
  <testcase classname="testModules.editions.AllEditionsLambda" name="testTapCanWeGuessOnUK" time="4.627"/>
  <system-out/>
  <testcase classname="testModules.editions.AllEditionsLambda" name="testTapCanWeGuessOnUK" time="4.671"/>
  <system-out/>
  <testcase classname="testModules.editions.AllEditionsLambda" name="testOnMoreOnUK" time="3.413"/>
  <system-out/>
  <testcase classname="testModules.editions.AllEditionsLambda" name="testOnMoreOnUK" time="3.938"/>
  <system-out/>
  <testcase classname="testModules.editions.AllEditionsLambda" name="testTapOnTaylorSwiftOnUK" time="6.779"/>
  <system-out/>
  <testcase classname="testModules.editions.AllEditionsLambda" name="testTapOnTaylorSwiftOnUK" time="6.768"/>
  <system-out/>
  <testcase classname="testModules.editions.AllEditionsLambda" name="testTapOnMarvelOnUK" time="4.554"/>
  <system-out/>
  <testcase classname="testModules.editions.AllEditionsLambda" name="testTapOnMarvelOnUK" time="4.633"/>
  <system-out/>
  <testcase classname="testModules.editions.AllEditionsLambda" name="testTapOnZodiacOnUK" time="6.754"/>
  <system-out/>
  <testcase classname="testModules.editions.AllEditionsLambda" name="testTapOnZodiacOnUK" time="6.646"/>
  <system-out/>
  <testcase classname="testModules.editions.AllEditionsLambda" name="testTapOnHarryPotterOnUK" time="6.737"/>
  <system-out/>
  <testcase classname="testModules.editions.AllEditionsLambda" name="testTapOnHarryPotterOnUK" time="8.112"/>
  <system-out/>
  <testcase classname="testModules.editions.AllEditionsLambda" name="testTapOnAnimeOnUK" time="6.535"/>
  <system-out/>
  <testcase classname="testModules.editions.AllEditionsLambda" name="testTapOnAnimeOnUK" time="6.690"/>
  <system-out/>
  <testcase classname="testModules.editions.AllEditionsLambda" name="testTapOnKPopOnUK" time="6.598"/>
  <system-out/>
  <testcase classname="testModules.editions.AllEditionsLambda" name="testTapOnKPopOnUK" time="6.623"/>
  <system-out/>
  <testcase classname="testModules.editions.AllEditionsLambda" name="testTapOnGeographyOnUK" time="6.683"/>
  <system-out/>
  <testcase classname="testModules.editions.AllEditionsLambda" name="testTapOnGeographyOnUK" time="6.623"/>
  <system-out/>
  <testcase classname="testModules.editions.AllEditionsLambda" name="testTapOnChecklistOnUK" time="6.816"/>
  <system-out/>
  <testcase classname="testModules.editions.AllEditionsLambda" name="testTapOnChecklistOnUK" time="6.653"/>
  <system-out/>
  <testcase classname="testModules.editions.AllEditionsLambda" name="tapGamesTabOnUk" time="4.791"/>
  <system-out/>
  <testcase classname="testModules.editions.AllEditionsLambda" name="tapGamesTabOnUk" time="4.546"/>
  <system-out/>
  <testcase classname="testModules.editions.AllEditionsLambda" name="testLatamEditionIsPresent" time="3.647"/>
  <system-out/>
  <testcase classname="testModules.editions.AllEditionsLambda" name="testLatamEditionIsPresent" time="3.636"/>
  <system-out/>
  <testcase classname="testModules.editions.AllEditionsLambda" name="testLoUltimoSubTab" time="0.001"/>
  <system-out/>
  <testcase classname="testModules.editions.AllEditionsLambda" name="testLoUltimoSubTab" time="0.000"/>
  <system-out/>
  <testcase classname="testModules.editions.AllEditionsLambda" name="testTendenciasSubTab" time="0.429"/>
  <system-out/>
  <testcase classname="testModules.editions.AllEditionsLambda" name="testTendenciasSubTab" time="0.431"/>
  <system-out/>
  <testcase classname="testModules.editions.AllEditionsLambda" name="testJapanEditionIsPresent" time="3.459"/>
  <system-out/>
  <testcase classname="testModules.editions.AllEditionsLambda" name="testShoppingTab" time="0.438"/>
  <system-out/>
  <testcase classname="testModules.editions.AllEditionsLambda" name="testJapanEditionIsPresent" time="3.586"/>
  <system-out/>
  <testcase classname="testModules.editions.AllEditionsLambda" name="testShoppingTab" time="0.435"/>
  <system-out/>
</testsuite> <!-- testModules.editions.AllEditionsLambda -->
