<?xml version="1.0" encoding="UTF-8"?>
<!-- Generated by org.testng.reporters.JUnitReportReporter -->
<testsuite skipped="0" hostname="Gabrielas-MBP.fibertel.com.ar" name="testModules.bpage.NatBpageShoppingButtonsTests2" tests="5" failures="0" timestamp="2023-09-05T21:56:40 ART" time="67.578" errors="0">
  <testcase name="testSearchFallbackBpage" time="16.095" classname="testModules.bpage.NatBpageShoppingButtonsTests2"/>
  <system-out/>
  <testcase name="testBuyFromAmazonButtonIsPresent" time="7.729" classname="testModules.bpage.NatBpageShoppingButtonsTests2"/>
  <system-out/>
  <testcase name="testBuyFromAmazonButton" time="3.004" classname="testModules.bpage.NatBpageShoppingButtonsTests2"/>
  <system-out/>
  <testcase name="testBuyNowIsPresent" time="37.014" classname="testModules.bpage.NatBpageShoppingButtonsTests2"/>
  <system-out/>
  <testcase name="testBuyNowButton" time="3.736" classname="testModules.bpage.NatBpageShoppingButtonsTests2"/>
  <system-out/>
</testsuite> <!-- testModules.bpage.NatBpageShoppingButtonsTests2 -->
