<?xml version="1.0" encoding="UTF-8"?>
<!-- Generated by org.testng.reporters.JUnitReportReporter -->
<testsuite skipped="0" hostname="Gabrielas-MBP.fibertel.com.ar" name="testModules.quizzes.quizzesTypes.QuizTriviaTests" tests="34" failures="0" timestamp="2023-08-09T12:11:52 ART" time="112.751" errors="0">
  <testcase name="testSearchTriviaQuiz" time="14.836" classname="testModules.quizzes.quizzesTypes.QuizTriviaTests"/>
  <system-out/>
  <testcase name="testQuizTitleIsPresentAtBeginning" time="4.631" classname="testModules.quizzes.quizzesTypes.QuizTriviaTests"/>
  <system-out/>
  <testcase name="testSubTextIsPresent" time="0.312" classname="testModules.quizzes.quizzesTypes.QuizTriviaTests"/>
  <system-out/>
  <testcase name="testAuthorInfoIsPresent" time="0.329" classname="testModules.quizzes.quizzesTypes.QuizTriviaTests"/>
  <system-out/>
  <testcase name="testPlayWithFriendsButton" time="0.684" classname="testModules.quizzes.quizzesTypes.QuizTriviaTests"/>
  <system-out/>
  <testcase name="testPlayNowButton" time="1.311" classname="testModules.quizzes.quizzesTypes.QuizTriviaTests"/>
  <system-out/>
  <testcase name="testProgressBar1" time="0.595" classname="testModules.quizzes.quizzesTypes.QuizTriviaTests"/>
  <system-out/>
  <testcase name="testSendFirstAnswer" time="3.492" classname="testModules.quizzes.quizzesTypes.QuizTriviaTests"/>
  <system-out/>
  <testcase name="testCorrectTextIsPresent" time="0.610" classname="testModules.quizzes.quizzesTypes.QuizTriviaTests"/>
  <system-out/>
  <testcase name="testFirstAnswerTextIsPresent" time="0.309" classname="testModules.quizzes.quizzesTypes.QuizTriviaTests"/>
  <system-out/>
  <testcase name="testNextButtonIsPresent" time="0.281" classname="testModules.quizzes.quizzesTypes.QuizTriviaTests"/>
  <system-out/>
  <testcase name="testTapNextButton" time="0.796" classname="testModules.quizzes.quizzesTypes.QuizTriviaTests"/>
  <system-out/>
  <testcase name="testIntermediateAnswers" time="5.118" classname="testModules.quizzes.quizzesTypes.QuizTriviaTests"/>
  <system-out/>
  <testcase name="testIntermediateAnswers" time="5.066" classname="testModules.quizzes.quizzesTypes.QuizTriviaTests"/>
  <system-out/>
  <testcase name="testIntermediateAnswers" time="5.351" classname="testModules.quizzes.quizzesTypes.QuizTriviaTests"/>
  <system-out/>
  <testcase name="testIntermediateAnswers" time="5.141" classname="testModules.quizzes.quizzesTypes.QuizTriviaTests"/>
  <system-out/>
  <testcase name="testIntermediateAnswers" time="5.297" classname="testModules.quizzes.quizzesTypes.QuizTriviaTests"/>
  <system-out/>
  <testcase name="testIntermediateAnswers" time="5.152" classname="testModules.quizzes.quizzesTypes.QuizTriviaTests"/>
  <system-out/>
  <testcase name="testIntermediateAnswers" time="5.083" classname="testModules.quizzes.quizzesTypes.QuizTriviaTests"/>
  <system-out/>
  <testcase name="testIntermediateAnswers" time="5.207" classname="testModules.quizzes.quizzesTypes.QuizTriviaTests"/>
  <system-out/>
  <testcase name="testIntermediateAnswers" time="5.151" classname="testModules.quizzes.quizzesTypes.QuizTriviaTests"/>
  <system-out/>
  <testcase name="testIntermediateAnswers" time="5.034" classname="testModules.quizzes.quizzesTypes.QuizTriviaTests"/>
  <system-out/>
  <testcase name="testIntermediateAnswers" time="5.282" classname="testModules.quizzes.quizzesTypes.QuizTriviaTests"/>
  <system-out/>
  <testcase name="testIntermediateAnswers" time="5.365" classname="testModules.quizzes.quizzesTypes.QuizTriviaTests"/>
  <system-out/>
  <testcase name="testProgressBar14" time="3.810" classname="testModules.quizzes.quizzesTypes.QuizTriviaTests"/>
  <system-out/>
  <testcase name="testSendLatestAnswer" time="3.003" classname="testModules.quizzes.quizzesTypes.QuizTriviaTests"/>
  <system-out/>
  <testcase name="testIGiveUpButtonIsPresent" time="0.535" classname="testModules.quizzes.quizzesTypes.QuizTriviaTests"/>
  <system-out/>
  <testcase name="testTapIGiveUpButton" time="1.133" classname="testModules.quizzes.quizzesTypes.QuizTriviaTests"/>
  <system-out/>
  <testcase name="testWrongTextIsPresent" time="0.638" classname="testModules.quizzes.quizzesTypes.QuizTriviaTests"/>
  <system-out/>
  <testcase name="testLatestAnswerTextIsPresent" time="1.045" classname="testModules.quizzes.quizzesTypes.QuizTriviaTests"/>
  <system-out/>
  <testcase name="testQuizTitleResultScreenIsPresent" time="4.639" classname="testModules.quizzes.quizzesTypes.QuizTriviaTests"/>
  <system-out/>
  <testcase name="testScoreTextResultScreenIsPresent" time="3.534" classname="testModules.quizzes.quizzesTypes.QuizTriviaTests"/>
  <system-out/>
  <testcase name="testResultsTextIsPresent" time="3.526" classname="testModules.quizzes.quizzesTypes.QuizTriviaTests"/>
  <system-out/>
  <testcase name="testResultsDescriptionTextIsPresent" time="0.455" classname="testModules.quizzes.quizzesTypes.QuizTriviaTests"/>
  <system-out/>
</testsuite> <!-- testModules.quizzes.quizzesTypes.QuizTriviaTests -->
